routes: [ 8 11  9  3  7  5 10 24 22 25 14 17 23 19  4  2 13  6 16 12  1 18 20 21
 15]
t_charge: [33.85846621 34.74731042  1.91208315  4.53243867  6.22868375  2.45205051
  4.29650445  0.74530967  1.14893538  1.20674694  1.26641684 34.68546221
 39.68465206  0.5787327   1.76507757 33.98284119  3.94155844  0.62051758
 11.40286753  6.04238312  2.662361    1.35795963 35.80028331  7.1383152
  2.95097344]
T: 949.9492974512194, energy used: 2049.9850213757873
=================================
Node ~8 ~
Init energy: 10643.4524, Charge rate: 0.234821400003
Time arrive: 20.415680248279752, time_travel to 8: 20.415680248279752
t_charge: 33.85846621111238
e_remain: 10638.658361382086, e_depot: 10589.6763070962, er: 53.77609290379951
Energy after charge: 10800.0
-----------------------
Node ~11 ~
Init energy: 10643.4524, Charge rate: 0.234821400003
Time arrive: 64.32402208051302, time_travel to 11: 10.04987562112089
t_charge: 34.74731041525543
e_remain: 10628.34774308123, e_depot: 10594.120528116917, er: 49.331871883083295
Energy after charge: 10793.924883079459
-----------------------
Node ~9 ~
Init energy: 10769.572, Charge rate: 0.0456420000009
Time arrive: 113.93201888637638, time_travel to 9: 14.860686390607938
t_charge: 1.9120831547024757
e_remain: 10764.371914793886, e_depot: 10735.77482993839, er: 33.797170061610814
Energy after charge: 10773.84505926805
-----------------------
Node ~3 ~
Init energy: 10769.08, Charge rate: 0.046380000001349994
Time arrive: 123.88400253797556, time_travel to 3: 8.039900496896712
t_charge: 4.532438674364461
e_remain: 10763.334259962121, e_depot: 10747.68354495475, er: 21.39645504524924
Energy after charge: 10785.786238828221
-----------------------
Node ~7 ~
Init energy: 10756.456, Charge rate: 0.0653160000009
Time arrive: 134.1470607250978, time_travel to 7: 5.730619512757761
t_charge: 6.228683754314975
e_remain: 10747.694050581558, e_depot: 10725.552530458397, er: 30.903469541603044
Energy after charge: 10778.430636645031
-----------------------
Node ~5 ~
Init energy: 10758.408, Charge rate: 0.062388000000299995
Time arrive: 154.6977555113873, time_travel to 5: 14.322011031974526
t_charge: 2.4520505122735194
e_remain: 10748.756716429109, e_depot: 10711.402815791695, er: 47.005184208304854
Energy after charge: 10760.863990463116
-----------------------
Node ~10 ~
Init energy: 10758.408, Charge rate: 0.062388000000299995
Time arrive: 172.03201016148932, time_travel to 10: 14.88220413782851
t_charge: 4.296504449824067
e_remain: 10747.675266949993, e_depot: 10720.625085479447, er: 37.78291452055237
Energy after charge: 10768.889738879496
-----------------------
Node ~24 ~
Init energy: 10775.586, Charge rate: 0.0366209999997
Time arrive: 236.8690795244359, time_travel to 24: 60.54056491312251
t_charge: 0.7453096697622483
e_remain: 10766.911617438805, e_depot: 10744.524455127135, er: 31.061544872864033
Energy after charge: 10770.6108718022
-----------------------
Node ~22 ~
Init energy: 10794.08, Charge rate: 0.008880000000255
Time arrive: 256.24339882971015, time_travel to 22: 18.629009635512027
t_charge: 1.148935377523171
e_remain: 10791.804558618327, e_depot: 10791.389127126007, er: 2.690872873992703
Energy after charge: 10797.53903295979
-----------------------
Node ~25 ~
Init energy: 10782.93856, Charge rate: 0.0255921600003
Time arrive: 263.5274788673045, time_travel to 25: 6.1351446600711865
t_charge: 1.2067469360404885
e_remain: 10776.194322596353, e_depot: 10764.66104026766, er: 18.277519732340807
Energy after charge: 10782.197174015888
-----------------------
Node ~14 ~
Init energy: 10793.48, Charge rate: 0.00978000000027
Time arrive: 308.4725385280032, time_travel to 14: 43.73831272465823
t_charge: 1.266416842272528
e_remain: 10790.463138573112, e_depot: 10790.521580082033, er: 2.958419917966239
Energy after charge: 10796.782837227756
-----------------------
Node ~17 ~
Init energy: 10643.4524, Charge rate: 0.234821400003
Time arrive: 354.02213502124476, time_travel to 17: 44.28317965096905
t_charge: 34.68546220615782
e_remain: 10560.32042662226, e_depot: 10593.811287071429, er: 49.6411129285716
Energy after charge: 10725.602848858049
-----------------------
Node ~23 ~
Init energy: 10643.4524, Charge rate: 0.234821400003
Time arrive: 416.8508024464248, time_travel to 23: 28.143205219022228
t_charge: 39.68465205789963
e_remain: 10545.566910977157, e_depot: 10618.807236330138, er: 24.645163669862086
Energy after charge: 10734.671365711787
-----------------------
Node ~19 ~
Init energy: 10785.92328, Charge rate: 0.021115079999999998
Time arrive: 486.1334274078866, time_travel to 19: 29.597972903562162
t_charge: 0.5787327018377516
e_remain: 10775.658533789609, e_depot: 10768.758688097563, er: 17.164591902437678
Energy after charge: 10778.539977311499
-----------------------
Node ~4 ~
Init energy: 10794.12, Charge rate: 0.00882000000024
Time arrive: 491.99231162270195, time_travel to 4: 5.280151512977634
t_charge: 1.7650775744215959
e_remain: 10789.780627811371, e_depot: 10794.56683506836, er: 0
Energy after charge: 10798.590447699273
-----------------------
Node ~2 ~
Init energy: 10643.4524, Charge rate: 0.234821400003
Time arrive: 520.7522035139511, time_travel to 2: 26.994814316827593
t_charge: 33.98284119132975
e_remain: 10521.168638516207, e_depot: 10590.298181997288, er: 53.15421800271179
Energy after charge: 10683.102946128227
-----------------------
Node ~13 ~
Init energy: 10776.23044, Charge rate: 0.03565434000045
Time arrive: 569.0360936178607, time_travel to 13: 14.301048912579805
t_charge: 3.941558440207669
e_remain: 10755.94183364562, e_depot: 10762.068416966522, er: 14.162023033477453
Energy after charge: 10775.5090921819
-----------------------
Node ~6 ~
Init energy: 10793.74, Charge rate: 0.009390000000255
Time arrive: 610.9270921066383, time_travel to 6: 37.94944004856988
t_charge: 0.6205175796874643
e_remain: 10788.003394604963, e_depot: 10787.922563995127, er: 5.817436004872434
Energy after charge: 10791.100155843327
-----------------------
Node ~16 ~
Init energy: 10762.4728, Charge rate: 0.056290800000300005
Time arrive: 648.5432851092721, time_travel to 16: 36.9956754229464
t_charge: 11.402867528329688
e_remain: 10725.965779646376, e_depot: 10766.013731728397, er: 0
Energy after charge: 10782.338240752557
-----------------------
Node ~12 ~
Init energy: 10758.408, Charge rate: 0.062388000000299995
Time arrive: 705.7409121631196, time_travel to 12: 45.79475952551776
t_charge: 6.04238311846731
e_remain: 10714.378235971755, e_depot: 10729.354478822665, er: 29.053521177334915
Energy after charge: 10744.213179366096
-----------------------
Node ~1 ~
Init energy: 10753.38004, Charge rate: 0.0699299400009
Time arrive: 740.0654451291498, time_travel to 1: 28.282149847562863
t_charge: 2.6623610046928676
e_remain: 10701.62730782538, e_depot: 10700.261947648803, er: 53.11809235119654
Energy after charge: 10714.752934103526
-----------------------
Node ~18 ~
Init energy: 10758.408, Charge rate: 0.062388000000299995
Time arrive: 760.1748689238942, time_travel to 18: 17.44706279005151
t_charge: 1.3579596342956057
e_remain: 10710.982210277347, e_depot: 10705.932361401805, er: 52.475638598194564
Energy after charge: 10717.68728806316
-----------------------
Node ~20 ~
Init energy: 10643.4524, Charge rate: 0.234821400003
Time arrive: 801.7571992804274, time_travel to 20: 40.22437072223754
t_charge: 35.80028330864115
e_remain: 10455.182652002486, e_depot: 10599.385392583845, er: 44.06700741615532
Energy after charge: 10625.777395898653
-----------------------
Node ~21 ~
Init energy: 10762.788, Charge rate: 0.0558180000015
Time arrive: 875.8035281362882, time_travel to 21: 38.24604554721965
t_charge: 7.138315198110462
e_remain: 10713.902398665175, e_depot: 10745.455306103995, er: 17.332693896005367
Energy after charge: 10749.195528177988
-----------------------
Node ~15 ~
Init energy: 10758.408, Charge rate: 0.062388000000299995
Time arrive: 905.7672677554253, time_travel to 15: 22.825424421026653
t_charge: 2.9509734396175413
e_remain: 10701.898991699003, e_depot: 10713.897430428415, er: 44.51056957158471
Energy after charge: 10716.46975356614
-----------------------
==============================================
Fitness: 0.0010482669182027193, num_deaths: 0, max_er: 53.77609290379951
