routes: [ 57  70  71  74  55  76  79  46   4   9   8  53  60  73  90  49  62  48
  65  96  30  31  11  25   6  54  52  92  98   2  61  86  29  32   3  51
  27  22  36  75   1  89  93  59  72   5  34  14  83  84  23  35  18  21
  41  10  81  80  45  68  87  94  78  63  39  20  47  28  85  40  67  17
  24  12  37  66  88  33  26  16  56  43  19  91  64  38  82  95  13  99
  97  69  50  58  42  77 100  15  44   7]
t_charge: [3.75092848e+00 1.12099321e+01 5.81353491e+01 4.21241415e+00
 1.38264882e+00 7.87532128e+00 2.01160908e+00 6.57671862e+00
 4.07496191e+00 6.77189900e+00 6.74156465e+00 7.23854790e+00
 6.56297575e+00 5.11189019e+01 5.49785649e+00 1.84958379e+01
 4.37863301e+00 1.76141574e+00 6.66209695e+00 8.63936490e+00
 1.65636581e+01 1.10560331e+00 1.37267302e+01 1.32257108e+01
 6.27024821e-02 6.12742524e+00 1.03157282e+01 1.98825501e-01
 1.99248212e+00 8.93065445e+00 3.99835872e+00 0.00000000e+00
 1.05742869e+01 1.76079086e+01 3.69344249e+01 1.96898783e+01
 2.41211502e+01 1.05114094e+01 3.22373550e+00 2.66309037e+01
 3.62879270e+01 3.69643063e+00 3.63773257e+01 7.33173307e+00
 1.07589731e+01 7.36303536e+00 1.02322058e+00 8.55292690e+00
 0.00000000e+00 3.78546244e+01 4.05543435e+00 2.81584604e+01
 7.42327955e+00 2.08219347e+01 5.08672421e+00 3.03714603e+01
 9.78777112e+00 2.67291688e+00 1.11253886e+01 1.97679310e+01
 1.03704300e+01 2.45297060e+01 7.21438841e+00 1.32254020e+01
 5.33261368e+00 5.64654448e+01 1.89265867e+01 2.27090082e+01
 2.34534509e+01 1.85594576e+01 2.22746397e+01 4.65396624e+01
 3.37273156e+01 5.79912858e+00 2.80573965e+01 1.00833393e+01
 6.23278788e+00 1.63996671e+01 1.87792948e+01 4.58710245e+00
 2.38124068e+01 1.24364023e+01 2.74291862e+01 3.38683946e+00
 2.04513206e+01 2.29353726e+01 1.36844448e+01 2.61152989e+01
 1.40759103e+01 3.31256572e+01 2.56035961e+01 1.87760503e+01
 1.95071472e+02 1.74535179e+01 3.27198356e+00 6.22776332e+00
 2.27712537e+01 1.53710456e+01 4.67501499e+01 1.49131304e+01]
T: 6144.276046752844, energy used: 12920.626752761602
=================================
Node ~57 ~
Init energy: 10743.68, Charge rate: 0.0844800000024
Time arrive: 12.244182292011173, time_travel to 57: 12.244182292011173
t_charge: 3.7509284838874275
e_remain: 10742.645611479942, e_depot: 10243.36620197501, er: 500.3137980249903
Energy after charge: 10761.083375461052
-----------------------
Node ~70 ~
Init energy: 10699.931, Charge rate: 0.150103500003
Time arrive: 31.47929625657533, time_travel to 70: 15.484185480676729
t_charge: 11.20993212307078
e_remain: 10695.205847454257, e_depot: 9833.703321013156, er: 866.2276789868447
Energy after charge: 10749.572858023143
-----------------------
Node ~71 ~
Init energy: 10550.18772, Charge rate: 0.3747184200015
Time arrive: 50.9184446242225, time_travel to 71: 8.229216244576394
t_charge: 58.13534905232953
e_remain: 10531.107640881477, e_depot: 8538.491052969359, er: 2011.696667030641
Energy after charge: 10800.0
-----------------------
Node ~74 ~
Init energy: 10729.55932, Charge rate: 0.10566102000225
Time arrive: 123.90370950122929, time_travel to 74: 14.849915824677257
t_charge: 4.212414146356854
e_remain: 10716.467527672037, e_depot: 10101.410916456487, er: 628.1484035435133
Energy after charge: 10737.084510428445
-----------------------
Node ~55 ~
Init energy: 10772.5152, Charge rate: 0.0412272000006
Time arrive: 158.39615006765388, time_travel to 55: 30.280026420067735
t_charge: 1.3826488244439428
e_remain: 10765.984970241836, e_depot: 10526.117146683844, er: 246.3980533161557
Energy after charge: 10772.84121162444
-----------------------
Node ~76 ~
Init energy: 10731.46, Charge rate: 0.10281000000285
Time arrive: 186.97070945388072, time_travel to 76: 27.19191056178289
t_charge: 7.875321276440443
e_remain: 10712.237541360513, e_depot: 10139.14358599803, er: 592.316414001969
Energy after charge: 10750.804485962262
-----------------------
Node ~79 ~
Init energy: 10780.14, Charge rate: 0.029790000000449998
Time arrive: 218.09597696681814, time_travel to 79: 23.249946236496978
t_charge: 2.0116090753636664
e_remain: 10773.64292084606, e_depot: 10607.160061941286, er: 172.97993805871374
Energy after charge: 10783.641040388522
-----------------------
Node ~46 ~
Init energy: 10760.5686, Charge rate: 0.05914710000119999
Time arrive: 284.6614395290187, time_travel to 46: 64.55385348683686
t_charge: 6.576718615821797
e_remain: 10743.731701369692, e_depot: 10430.03608330684, er: 330.5325166931598
Energy after charge: 10776.226300615152
-----------------------
Node ~4 ~
Init energy: 10709.7608, Charge rate: 0.13535880000195
Time arrive: 302.51113468167404, time_travel to 4: 11.272976536833562
t_charge: 4.074961909163043
e_remain: 10668.81325582226, e_depot: 9898.453776976627, er: 811.3070230233734
Energy after charge: 10688.636483413999
-----------------------
Node ~9 ~
Init energy: 10764.98556, Charge rate: 0.052521660000749995
Time arrive: 341.12187514004603, time_travel to 9: 34.535778549208935
t_charge: 6.771898995659114
e_remain: 10747.069272855075, e_depot: 10476.137477499991, er: 288.8480825000079
Energy after charge: 10780.573096456761
-----------------------
Node ~8 ~
Init energy: 10756.832, Charge rate: 0.06475200000089999
Time arrive: 365.9437048834947, time_travel to 8: 18.04993074778959
t_charge: 6.741564647627707
e_remain: 10733.136413221055, e_depot: 10392.68566065327, er: 364.1463393467311
Energy after charge: 10766.407706665124
-----------------------
Node ~53 ~
Init energy: 10769.5452, Charge rate: 0.04568220000105
Time arrive: 428.4232278719156, time_travel to 53: 55.73795834079321
t_charge: 7.238547903097931
e_remain: 10749.97388441926, e_depot: 10525.053892286065, er: 244.49130771393538
Energy after charge: 10785.835951141722
-----------------------
Node ~60 ~
Init energy: 10780.5448, Charge rate: 0.029182800000750003
Time arrive: 454.4106424074263, time_travel to 60: 18.748866632412746
t_charge: 6.562975754193253
e_remain: 10767.283825104412, e_depot: 10634.05249974918, er: 146.49230025082034
Energy after charge: 10799.907177866535
-----------------------
Node ~73 ~
Init energy: 10589.944, Charge rate: 0.3150840000015
Time arrive: 498.0648570193336, time_travel to 73: 37.091238857714096
t_charge: 51.118901851135554
e_remain: 10433.011732590172, e_depot: 8909.575435331388, er: 1680.3685646686117
Energy after charge: 10672.49949377491
-----------------------
Node ~90 ~
Init energy: 10780.9, Charge rate: 0.02865000000075
Time arrive: 561.5012261425994, time_travel to 90: 12.317467272130257
t_charge: 5.497856487462242
e_remain: 10764.812989870594, e_depot: 10632.355773693233, er: 148.5442263067671
Energy after charge: 10792.144758719534
-----------------------
Node ~49 ~
Init energy: 10729.16, Charge rate: 0.10626000000225
Time arrive: 602.0213612538178, time_travel to 49: 35.02227862375605
t_charge: 18.495837939820287
e_remain: 10665.189210151815, e_depot: 10168.748416957318, er: 560.4115830426817
Energy after charge: 10755.703032111389
-----------------------
Node ~62 ~
Init energy: 10779.44472, Charge rate: 0.030832920000600002
Time arrive: 662.6052022348848, time_travel to 62: 42.0880030412468
t_charge: 4.378633006979968
e_remain: 10759.01466680751, e_depot: 10611.891913223766, er: 167.5528067762334
Energy after charge: 10780.772825801194
-----------------------
Node ~48 ~
Init energy: 10704.2906, Charge rate: 0.14356410000255
Time arrive: 690.287053903672, time_travel to 48: 23.303218661807215
t_charge: 1.7614157375276218
e_remain: 10605.190160362909, e_depot: 9831.00021786834, er: 873.2903821316595
Energy after charge: 10613.744362985459
-----------------------
Node ~65 ~
Init energy: 10780.4, Charge rate: 0.02940000000075
Time arrive: 712.9577977030958, time_travel to 65: 20.9093280618962
t_charge: 6.662096952506475
e_remain: 10759.439040746995, e_depot: 10633.06876898339, er: 147.3312310166093
Energy after charge: 10792.553659859119
-----------------------
Node ~96 ~
Init energy: 10744.8388, Charge rate: 0.0827418000006
Time arrive: 763.8524618431395, time_travel to 96: 44.232567187537285
t_charge: 8.639364896669647
e_remain: 10681.636272372209, e_depot: 10279.647164674447, er: 465.19163532555285
Energy after charge: 10724.118260253144
-----------------------
Node ~30 ~
Init energy: 10747.94848, Charge rate: 0.0780772800018
Time arrive: 838.3941787463955, time_travel to 30: 65.90235200658623
t_charge: 16.563658132080974
e_remain: 10682.488942954138, e_depot: 10351.03840934973, er: 396.9100706502686
Energy after charge: 10764.013988240711
-----------------------
Node ~31 ~
Init energy: 10780.68, Charge rate: 0.02898000000075
Time arrive: 860.0686098141487, time_travel to 31: 5.110772935672255
t_charge: 1.1056033061567165
e_remain: 10755.755211686941, e_depot: 10608.146896691278, er: 172.53310330872227
Energy after charge: 10761.251187833912
-----------------------
Node ~11 ~
Init energy: 10748.0744, Charge rate: 0.07788840000104999
Time arrive: 876.6066464993937, time_travel to 11: 15.43243337908834
t_charge: 13.726730197702487
e_remain: 10679.796910873876, e_depot: 10338.140220542156, er: 409.93417945784313
Energy after charge: 10747.361408810044
-----------------------
Node ~25 ~
Init energy: 10725.72504, Charge rate: 0.11141244000195
Time arrive: 910.642980336754, time_travel to 25: 20.309603639657766
t_charge: 13.225710840673091
e_remain: 10624.268083590034, e_depot: 10107.304807789094, er: 618.4202322109049
Energy after charge: 10688.923129077879
-----------------------
Node ~6 ~
Init energy: 10787.12, Charge rate: 0.0193200000006
Time arrive: 932.8062523660288, time_travel to 6: 8.937561188601732
t_charge: 0.06270248214491846
e_remain: 10769.098183203729, e_depot: 10668.726099183774, er: 118.39390081622696
Energy after charge: 10769.410484202499
-----------------------
Node ~54 ~
Init energy: 10743.17772, Charge rate: 0.0852334200009
Time arrive: 974.3346032815457, time_travel to 54: 41.465648433371925
t_charge: 6.127425239840887
e_remain: 10660.131849537094, e_depot: 10250.117185304849, er: 493.06053469515064
Energy after charge: 10690.246714327308
-----------------------
Node ~52 ~
Init energy: 10777.138, Charge rate: 0.0342930000003
Time arrive: 996.1515154473508, time_travel to 52: 15.68948692596415
t_charge: 10.31572815992394
e_remain: 10742.976976080467, e_depot: 10618.010982326483, er: 159.1270176735179
Energy after charge: 10794.201859614295
-----------------------
Node ~92 ~
Init energy: 10782.47232, Charge rate: 0.02629152000045
Time arrive: 1052.5180850762426, time_travel to 92: 46.050841468967754
t_charge: 0.1988255007144475
e_remain: 10754.800019715383, e_depot: 10621.924090932085, er: 160.5482290679156
Energy after charge: 10755.788919794328
-----------------------
Node ~98 ~
Init energy: 10771.544, Charge rate: 0.04268400000045
Time arrive: 1094.8884649708848, time_travel to 98: 42.17155439392767
t_charge: 1.9924821236623875
e_remain: 10724.80978076069, e_depot: 10519.244131835949, er: 252.29986816405108
Energy after charge: 10734.687144272035
-----------------------
Node ~2 ~
Init energy: 10751.559, Charge rate: 0.07266150000089999
Time arrive: 1173.3704234948991, time_travel to 2: 76.48947640035196
t_charge: 8.930654453036366
e_remain: 10666.300144972169, e_depot: 10349.759958288518, er: 401.79904171148155
Energy after charge: 10710.304502488803
-----------------------
Node ~61 ~
Init energy: 10773.374, Charge rate: 0.0399390000006
Time arrive: 1205.2183203649454, time_travel to 61: 22.91724241700995
t_charge: 3.99835871590197
e_remain: 10725.23878550222, e_depot: 10547.96955254456, er: 225.40444745543937
Energy after charge: 10745.070888632974
-----------------------
Node ~86 ~
Init energy: 10800.0, Charge rate: 0.0
Time arrive: 1238.5887746819446, time_travel to 86: 29.37209560109731
t_charge: 0.0
e_remain: 10800.0, e_depot: 10800.0, er: 0
Energy after charge: 10800.0
-----------------------
Node ~29 ~
Init energy: 10751.0, Charge rate: 0.0735000000021
Time arrive: 1293.0817100038742, time_travel to 29: 54.49293532192958
t_charge: 10.57428690694968
e_remain: 10655.958494311999, e_depot: 10352.267145085512, er: 398.7328549144877
Energy after charge: 10708.052718759065
-----------------------
Node ~32 ~
Init energy: 10668.03936, Charge rate: 0.197940960003
Time arrive: 1308.27335546307, time_travel to 32: 4.6173585522460785
t_charge: 17.607908644004063
e_remain: 10409.078476073295, e_depot: 9539.875004002326, er: 1128.1643559976746
Energy after charge: 10493.632692952677
-----------------------
Node ~3 ~
Init energy: 10562.22304, Charge rate: 0.35666544000149997
Time arrive: 1334.1420146782993, time_travel to 3: 8.260750571225353
t_charge: 36.93442486373325
e_remain: 10086.380691310278, e_depot: 8555.444244612887, er: 2006.7787953871139
Energy after charge: 10257.879582733718
-----------------------
Node ~51 ~
Init energy: 10722.235, Charge rate: 0.11664750000255
Time arrive: 1396.077239529233, time_travel to 51: 25.00079998720041
t_charge: 19.689878260664965
e_remain: 10559.386080198454, e_depot: 10103.969951124056, er: 618.2650488759446
Energy after charge: 10655.538696427317
-----------------------
Node ~27 ~
Init energy: 10708.3944, Charge rate: 0.137408400003
Time arrive: 1448.0124275263543, time_travel to 27: 32.24530973645624
t_charge: 24.12115024195004
e_remain: 10509.425329149142, e_depot: 9984.725010448683, er: 723.6693895513163
Energy after charge: 10626.716631697915
-----------------------
Node ~22 ~
Init energy: 10770.94232, Charge rate: 0.0435865200003
Time arrive: 1493.1345301276617, time_travel to 22: 21.00095235935742
t_charge: 10.511409445713864
e_remain: 10705.861781939453, e_depot: 10555.691756429413, er: 215.25056357058747
Energy after charge: 10757.960673409985
-----------------------
Node ~36 ~
Init energy: 10793.31432, Charge rate: 0.010028520000164999
Time arrive: 1568.8471665556954, time_travel to 36: 65.2012269823199
t_charge: 3.2237354981538786
e_remain: 10777.581104812993, e_depot: 10747.815002269374, er: 45.49931773062599
Energy after charge: 10793.667453007844
-----------------------
Node ~75 ~
Init energy: 10740.736, Charge rate: 0.08889600000165
Time arrive: 1617.0864549217192, time_travel to 75: 45.015552867870014
t_charge: 26.630903653312906
e_remain: 10596.983482500611, e_depot: 10327.688954804287, er: 413.0470451957135
Energy after charge: 10727.770619955967
-----------------------
Node ~1 ~
Init energy: 10599.0008, Charge rate: 0.3014988000045
Time arrive: 1687.9625843061774, time_travel to 1: 44.245225731145275
t_charge: 36.28792698889328
e_remain: 10090.082106379192, e_depot: 8927.948579952092, er: 1671.0522200479081
Energy after charge: 10260.580974881856
-----------------------
Node ~89 ~
Init energy: 10793.88, Charge rate: 0.009180000000255
Time arrive: 1774.9121338510056, time_travel to 89: 50.661622555934784
t_charge: 3.696430625659841
e_remain: 10777.586306610794, e_depot: 10755.957699017541, er: 37.92230098245818
Energy after charge: 10796.03452650595
-----------------------
Node ~93 ~
Init energy: 10705.5082, Charge rate: 0.1417377000009
Time arrive: 1795.4323571525158, time_travel to 93: 16.823792675850473
t_charge: 36.377325663603465
e_remain: 10451.027747190008, e_depot: 10016.519273280648, er: 688.9889267193521
Energy after charge: 10627.758337036283
-----------------------
Node ~59 ~
Init energy: 10787.5, Charge rate: 0.01875000000045
Time arrive: 1872.8023650899104, time_travel to 59: 40.99268227379126
t_charge: 7.331733074150885
e_remain: 10752.38495565372, e_depot: 10708.953489491374, er: 78.54651050862594
Energy after charge: 10788.906151029332
-----------------------
Node ~72 ~
Init energy: 10698.62108, Charge rate: 0.152068380003
Time arrive: 1915.9491787866145, time_travel to 72: 35.815080622553396
t_charge: 10.758973057937144
e_remain: 10407.265792213842, e_depot: 9818.065840568743, er: 880.5552394312581
Energy after charge: 10459.42455790011
-----------------------
Node ~5 ~
Init energy: 10780.48, Charge rate: 0.029280000000749998
Time arrive: 1970.1086126715982, time_travel to 5: 43.40046082704653
t_charge: 7.36303536381119
e_remain: 10722.795219819498, e_depot: 10637.390774165524, er: 143.08922583447566
Energy after charge: 10759.394806963097
-----------------------
Node ~34 ~
Init energy: 10793.74, Charge rate: 0.009390000000255
Time arrive: 2040.8801648135204, time_travel to 34: 63.40851677811113
t_charge: 1.0232205771527223
e_remain: 10774.57613525188, e_depot: 10741.161350805189, er: 52.57864919481108
Energy after charge: 10779.682630096424
-----------------------
Node ~14 ~
Init energy: 10724.65128, Charge rate: 0.11302308000135
Time arrive: 2055.680177470109, time_travel to 14: 13.77679207943562
t_charge: 8.552926899543394
e_remain: 10492.311974844606, e_depot: 10072.970911315191, er: 651.6803686848089
Energy after charge: 10534.10993120111
-----------------------
Node ~83 ~
Init energy: 10800.0, Charge rate: 0.0
Time arrive: 2163.6314946986713, time_travel to 83: 99.39839032901891
t_charge: 0.0
e_remain: 10800.0, e_depot: 10800.0, er: 0
Energy after charge: 10800.0
-----------------------
Node ~84 ~
Init energy: 10723.10896, Charge rate: 0.11533655999985001
Time arrive: 2173.9018403598457, time_travel to 84: 10.270345661174215
t_charge: 37.854624431100675
e_remain: 10472.378599955551, e_depot: 10203.722419233553, er: 519.3865407664471
Energy after charge: 10657.285699949085
-----------------------
Node ~23 ~
Init energy: 10780.7, Charge rate: 0.02895000000075
Time arrive: 2270.6234334575934, time_travel to 23: 58.866968666647004
t_charge: 4.055434346959994
e_remain: 10714.9654515997, e_depot: 10623.100380176698, er: 157.59961982330242
Energy after charge: 10735.125218510153
-----------------------
Node ~35 ~
Init energy: 10696.9184, Charge rate: 0.15462240000150002
Time arrive: 2329.0880582047052, time_travel to 35: 54.40919040015207
t_charge: 28.158460364054072
e_remain: 10336.789214625556, e_depot: 9887.667993199619, er: 809.2504068003818
Energy after charge: 10473.22758772399
-----------------------
Node ~18 ~
Init energy: 10781.34, Charge rate: 0.02799000000075
Time arrive: 2389.0911413487515, time_travel to 18: 31.84462277999223
t_charge: 7.423279548496259
e_remain: 10714.469338951856, e_depot: 10646.478111189263, er: 134.86188881073758
Energy after charge: 10751.37795909977
-----------------------
Node ~21 ~
Init energy: 10768.289, Charge rate: 0.04756650000045
Time arrive: 2481.6026104419784, time_travel to 21: 85.08818954473058
t_charge: 20.82193467576024
e_remain: 10650.247849429295, e_depot: 10580.136966798169, er: 188.15203320183173
Energy after charge: 10753.367096252332
-----------------------
Node ~41 ~
Init energy: 10793.28, Charge rate: 0.010080000000270001
Time arrive: 2530.0252697459073, time_travel to 41: 27.600724628168734
t_charge: 5.086724211983359
e_remain: 10767.77734528028, e_depot: 10756.779318506991, er: 36.500681493009324
Energy after charge: 10793.159692160138
-----------------------
Node ~10 ~
Init energy: 10711.912, Charge rate: 0.13213199999955
Time arrive: 2591.5247584708977, time_travel to 10: 56.41276451300716
t_charge: 30.37146034287344
e_remain: 10369.48865061489, e_depot: 10051.913819107587, er: 659.9981808924131
Energy after charge: 10517.332910531246
-----------------------
Node ~81 ~
Init energy: 10747.21896, Charge rate: 0.07917156000105
Time arrive: 2677.760697688992, time_travel to 81: 55.86447887522088
t_charge: 9.787771123154762
e_remain: 10535.216468254463, e_depot: 10309.705895917266, er: 437.51306408273376
Energy after charge: 10583.380410761483
-----------------------
Node ~80 ~
Init energy: 10784.7888, Charge rate: 0.022816799999999998
Time arrive: 2701.663708803022, time_travel to 80: 14.11523999087511
t_charge: 2.6729168804505594
e_remain: 10723.145479488983, e_depot: 10657.960666698702, er: 126.8281333012983
Energy after charge: 10736.449076481358
-----------------------
Node ~45 ~
Init energy: 10608.32248, Charge rate: 0.2875162800045
Time arrive: 2765.4087142346266, time_travel to 45: 61.07208855115404
t_charge: 11.125388590787583
e_remain: 9813.222453791233, e_depot: 8897.370030670805, er: 1710.9524493291956
Energy after charge: 9865.650666403944
-----------------------
Node ~68 ~
Init energy: 10772.0108, Charge rate: 0.041983800000900004
Time arrive: 2799.5584377778077, time_travel to 68: 23.024334952393303
t_charge: 19.767930971943855
e_remain: 10654.474698457505, e_depot: 10612.890398162528, er: 159.12040183747195
Energy after charge: 10752.484420456867
-----------------------
Node ~87 ~
Init energy: 10768.8364, Charge rate: 0.04674540000105
Time arrive: 2838.1359407810337, time_travel to 87: 18.80957203128237
t_charge: 10.370429998634132
e_remain: 10636.166600190834, e_depot: 10533.471908470838, er: 235.36449152916248
Energy after charge: 10687.533980285536
-----------------------
Node ~94 ~
Init energy: 10749.8884, Charge rate: 0.0751674000006
Time arrive: 2892.3068273982926, time_travel to 94: 43.80045661862442
t_charge: 24.529705998678594
e_remain: 10532.481215780486, e_depot: 10410.687674673018, er: 339.20072532698214
Energy after charge: 10653.28591155118
-----------------------
Node ~78 ~
Init energy: 10774.3664, Charge rate: 0.03845040000015
Time arrive: 2950.55299821759, time_travel to 78: 33.71646482061843
t_charge: 7.214388413564874
e_remain: 10660.916456996893, e_depot: 10574.188470358838, er: 200.17792964116234
Energy after charge: 10696.71100294446
-----------------------
Node ~63 ~
Init energy: 10781.46, Charge rate: 0.02781000000075
Time arrive: 3041.4078074813633, time_travel to 63: 83.64042085020854
t_charge: 13.22540198480318
e_remain: 10696.878448871661, e_depot: 10676.71469305921, er: 104.7453069407893
Energy after charge: 10762.63766036647
-----------------------
Node ~39 ~
Init energy: 10781.46, Charge rate: 0.02781000000075
Time arrive: 3136.042054194488, time_travel to 39: 81.40884472832175
t_charge: 5.332613682115397
e_remain: 10694.246670470498, e_depot: 10637.250751545771, er: 144.20924845422815
Energy after charge: 10720.761438894571
-----------------------
Node ~20 ~
Init energy: 10734.72532, Charge rate: 0.09791202000089999
Time arrive: 3168.193318103638, time_travel to 20: 26.81865022703417
t_charge: 56.46544481845558
e_remain: 10424.521112471119, e_depot: 10415.454064911562, er: 319.2712550884371
Energy after charge: 10701.319690800972
-----------------------
Node ~47 ~
Init energy: 10726.03504, Charge rate: 0.110947440003
Time arrive: 3291.3403945757955, time_travel to 47: 66.68163165370206
t_charge: 18.926586726930758
e_remain: 10360.869249043353, e_depot: 10138.976275575673, er: 587.0587644243278
Energy after charge: 10453.40232633266
-----------------------
Node ~28 ~
Init energy: 10745.1208, Charge rate: 0.08231880000104999
Time arrive: 3325.6513889936323, time_travel to 28: 15.38440769090575
t_charge: 22.709008169628174
e_remain: 10471.35716843622, e_depot: 10352.876409804252, er: 392.24439019574857
Energy after charge: 10583.032830982622
-----------------------
Node ~85 ~
Init energy: 10775.4, Charge rate: 0.036900000001049996
Time arrive: 3403.5781479323746, time_travel to 85: 55.21775076911409
t_charge: 23.45345089526621
e_remain: 10649.807966337721, e_depot: 10665.9434683447, er: 109.45653165529984
Energy after charge: 10766.209788475991
-----------------------
Node ~40 ~
Init energy: 10763.70664, Charge rate: 0.054440039999999995
Time arrive: 3511.922587748727, time_travel to 40: 84.89098892108632
t_charge: 18.559457558556822
e_remain: 10572.517433846057, e_depot: 10522.009294036518, er: 241.6973459634828
Energy after charge: 10664.304344026974
-----------------------
Node ~67 ~
Init energy: 10761.6162, Charge rate: 0.057575700000300004
Time arrive: 3601.799364381966, time_travel to 67: 71.31731907468199
t_charge: 22.274639692187154
e_remain: 10554.240080335074, e_depot: 10519.228404074065, er: 242.38779592593528
Energy after charge: 10664.330800823478
-----------------------
Node ~17 ~
Init energy: 10757.402, Charge rate: 0.06389700000029999
Time arrive: 3713.4328312822136, time_travel to 17: 89.35882720806043
t_charge: 46.53966242424744
e_remain: 10520.124782378447, e_depot: 10597.499505560028, er: 159.90249443997163
Energy after charge: 10749.849349689748
-----------------------
Node ~24 ~
Init energy: 10749.66616, Charge rate: 0.07550076000059999
Time arrive: 3842.370551936009, time_travel to 24: 82.3980582295481
t_charge: 33.72731557619076
e_remain: 10459.564263124907, e_depot: 10454.405226697632, er: 295.26093330236836
Energy after charge: 10625.654403047078
-----------------------
Node ~12 ~
Init energy: 10696.9184, Charge rate: 0.15462240000150002
Time arrive: 3919.798668420193, time_travel to 12: 43.70080090799252
t_charge: 5.799128575814068
e_remain: 10090.829722366187, e_depot: 9775.871334258418, er: 921.0470657415826
Energy after charge: 10118.928690066947
-----------------------
Node ~37 ~
Init energy: 10772.28516, Charge rate: 0.041572260000150005
Time arrive: 3971.122295894951, time_travel to 37: 45.524498898944515
t_charge: 28.05739648577442
e_remain: 10607.196631422661, e_depot: 10657.140701100569, er: 115.1444588994309
Energy after charge: 10746.317204469899
-----------------------
Node ~66 ~
Init energy: 10779.55952, Charge rate: 0.030660720000899998
Time arrive: 4068.351362882456, time_travel to 66: 69.17167050173069
t_charge: 10.083339321166362
e_remain: 10654.820937997381, e_depot: 10641.588289128105, er: 137.9712308718954
Energy after charge: 10704.928472159612
-----------------------
Node ~88 ~
Init energy: 10767.818, Charge rate: 0.04827300000015
Time arrive: 4101.835556888868, time_travel to 88: 23.400854685246006
t_charge: 6.232787879280838
e_remain: 10569.810092161688, e_depot: 10502.379301790581, er: 265.43869820941836
Energy after charge: 10600.673156188795
-----------------------
Node ~33 ~
Init energy: 10708.048, Charge rate: 0.13792800000254998
Time arrive: 4174.0683447681495, time_travel to 33: 66.0
t_charge: 16.399667072419557
e_remain: 10132.327101332176, e_depot: 9942.578628769905, er: 765.4693712300959
Energy after charge: 10212.063463414266
-----------------------
Node ~26 ~
Init energy: 10694.0108, Charge rate: 0.1589838000015
Time arrive: 4196.880499657321, time_travel to 26: 6.412487816752559
t_charge: 18.779294827629812
e_remain: 10026.774790012285, e_depot: 9811.066919967188, er: 882.9438800328116
Energy after charge: 10117.68566049739
-----------------------
Node ~16 ~
Init energy: 10762.90884, Charge rate: 0.055636740000599996
Time arrive: 4256.303121120452, time_travel to 16: 40.64332663550069
t_charge: 4.587102447964021
e_remain: 10526.10200988648, e_depot: 10443.996863334716, er: 318.9119766652839
Energy after charge: 10548.782310700046
-----------------------
Node ~56 ~
Init energy: 10781.94, Charge rate: 0.02709000000075
Time arrive: 4303.696765124584, time_travel to 56: 42.806541556168725
t_charge: 23.812406789512767
e_remain: 10665.352854629547, e_depot: 10734.553595836422, er: 47.386404163578845
Energy after charge: 10783.769810477166
-----------------------
Node ~43 ~
Init energy: 10743.53088, Charge rate: 0.08470368000045
Time arrive: 4390.463123338927, time_travel to 43: 62.95395142483115
t_charge: 12.436402313988788
e_remain: 10371.642496546923, e_depot: 10285.270099471361, er: 458.26078052863886
Energy after charge: 10432.771099074906
-----------------------
Node ~19 ~
Init energy: 10758.6446, Charge rate: 0.062033100000750005
Time arrive: 4499.589132126414, time_travel to 19: 96.68960647349849
t_charge: 27.429186180025983
e_remain: 10479.521137404514, e_depot: 10514.642040459697, er: 244.00255954030217
Energy after charge: 10614.965550855399
-----------------------
Node ~91 ~
Init energy: 10793.88, Charge rate: 0.009180000000255
Time arrive: 4621.630368278946, time_travel to 91: 94.61204997250614
t_charge: 3.3868394635901056
e_remain: 10751.45343321802, e_depot: 10754.409743207192, er: 39.47025679280705
Energy after charge: 10768.356539349694
-----------------------
Node ~64 ~
Init energy: 10774.018, Charge rate: 0.0389730000009
Time arrive: 4674.891048581196, time_travel to 64: 49.8738408386601
t_charge: 20.451320591343837
e_remain: 10591.823471159438, e_depot: 10636.813732581091, er: 137.20426741890878
Energy after charge: 10693.283024798731
-----------------------
Node ~38 ~
Init energy: 10775.12804, Charge rate: 0.0373079400009
Time arrive: 4784.294491125869, time_travel to 38: 88.95212195332948
t_charge: 22.935372642339324
e_remain: 10596.635868178439, e_depot: 10660.574621110474, er: 114.55341888952535
Energy after charge: 10710.457059883696
-----------------------
Node ~82 ~
Init energy: 10762.57792, Charge rate: 0.056133120000449996
Time arrive: 4903.8811958852575, time_travel to 82: 96.65133211704844
t_charge: 13.684444806346718
e_remain: 10487.307768363422, e_depot: 10486.102759383466, er: 276.4751606165337
Energy after charge: 10554.961841812701
-----------------------
Node ~95 ~
Init energy: 10696.9184, Charge rate: 0.15462240000150002
Time arrive: 4984.201967120963, time_travel to 95: 66.63632642935833
t_charge: 26.115298910522775
e_remain: 9926.249129751559, e_depot: 9877.452185931961, er: 819.4662140680393
Energy after charge: 10052.787614109871
-----------------------
Node ~13 ~
Init energy: 10781.1, Charge rate: 0.028350000000749997
Time arrive: 5081.372455848979, time_travel to 13: 71.05518981749327
t_charge: 14.075910294172079
e_remain: 10637.04309087287, e_depot: 10677.289325540809, er: 103.81067445919143
Energy after charge: 10707.02359028688
-----------------------
Node ~99 ~
Init energy: 10753.74024, Charge rate: 0.06938964000045
Time arrive: 5178.8759395227, time_travel to 99: 83.4275733795488
t_charge: 33.12565718162811
e_remain: 10394.379902949528, e_depot: 10493.019422960571, er: 260.72081703942786
Energy after charge: 10557.709611431057
-----------------------
Node ~97 ~
Init energy: 10780.481, Charge rate: 0.0292785000009
Time arrive: 5220.684914042765, time_travel to 97: 8.683317338436964
t_charge: 25.603596129033185
e_remain: 10627.6271767395, e_depot: 10728.603794404782, er: 51.877205595217674
Energy after charge: 10754.895522495379
-----------------------
Node ~69 ~
Init energy: 10744.01728, Charge rate: 0.08397408000075
Time arrive: 5292.764740655778, time_travel to 69: 46.476230483979656
t_charge: 18.776050301983755
e_remain: 10299.562230243024, e_depot: 10321.937603213204, er: 422.07967678679597
Energy after charge: 10391.865780202786
-----------------------
Node ~50 ~
Init energy: 10476.1136, Charge rate: 0.48582960000000003
Time arrive: 5328.959172053604, time_travel to 50: 17.418381095842403
t_charge: 195.07147176228372
e_remain: 7887.147497024867, e_depot: 8466.399784727902, er: 2009.7138152720981
Energy after charge: 8767.733360738604
-----------------------
Node ~58 ~
Init energy: 10776.15, Charge rate: 0.03577500000015
Time arrive: 5572.4310570372645, time_travel to 58: 48.400413221376525
t_charge: 17.453517947704732
e_remain: 10576.796278933656, e_depot: 10643.606114165019, er: 132.54388583498076
Energy after charge: 10663.439469067598
-----------------------
Node ~42 ~
Init energy: 10742.6944, Charge rate: 0.08595840000075
Time arrive: 5676.429129984113, time_travel to 42: 86.54455499914481
t_charge: 3.2719835568974585
e_remain: 10254.757634268917, e_depot: 10230.90217964268, er: 511.7922203573198
Energy after charge: 10270.836297582026
-----------------------
Node ~77 ~
Init energy: 10782.02, Charge rate: 0.026970000000749998
Time arrive: 5767.424542566557, time_travel to 77: 87.72342902554597
t_charge: 6.227763318016869
e_remain: 10626.472560082655, e_depot: 10647.447691604553, er: 134.57230839544718
Energy after charge: 10657.443413896048
-----------------------
Node ~100 ~
Init energy: 10780.54, Charge rate: 0.02919000000075
Time arrive: 5792.069688977727, time_travel to 100: 18.41738309315414
t_charge: 22.771253739564575
e_remain: 10611.469485774396, e_depot: 10715.044850888498, er: 65.49514911150254
Energy after charge: 10724.661061575543
-----------------------
Node ~15 ~
Init energy: 10773.235, Charge rate: 0.04014750000075
Time arrive: 5892.58719664634, time_travel to 15: 77.74625392904792
t_charge: 15.3710456099502
e_remain: 10536.662355518221, e_depot: 10603.412905458134, er: 169.82209454186705
Energy after charge: 10612.900474514336
-----------------------
Node ~44 ~
Init energy: 10742.3104, Charge rate: 0.0865344000003
Time arrive: 5984.489281710879, time_travel to 44: 76.53103945458993
t_charge: 46.750149882697606
e_remain: 10224.446210698923, e_depot: 10444.369908271516, er: 297.94049172848463
Energy after charge: 10454.151463942388
-----------------------
Node ~7 ~
Init energy: 10765.72448, Charge rate: 0.051413280000600005
Time arrive: 6081.012114864625, time_travel to 7: 49.772683271047384
t_charge: 14.91313044708357
e_remain: 10453.079701451425, e_depot: 10524.392747442735, er: 241.33173255726615
Energy after charge: 10526.87862073548
-----------------------
==============================================
Fitness: 0.039214359981104105, num_deaths: 0, max_er: 2011.696667030641
