routes: [24 26 10 34 42  7  5  9 47 39 52 68 67 70 22  8 23 12 55 75 56 45 59 44
 21 30 29 41 54 33 53 46 16 69 48  3 20 50 36 11 32 19 17 72 27 38 35 40
 25 43 57 37  2 31 13 15  4 58 63 14 66 65 28 71  6 73 51 60 74  1 62 18
 49 64 61]
t_charge: [6.44766577e+00 0.00000000e+00 9.10644507e+00 5.97806264e+00
 6.31699007e-01 8.89376714e-01 2.78962875e+00 4.64521273e+00
 1.46978333e+01 5.20873801e+00 2.81440173e+00 4.21324296e+00
 3.76706305e-01 2.56553857e+00 3.98495328e+01 2.28525207e+01
 1.09660367e+01 6.54529877e+00 5.85259544e+00 2.09812821e+00
 4.47917364e+00 2.86518250e+00 1.67593415e-02 4.57571392e+00
 7.94396971e-01 2.86252490e+00 5.22007903e+01 1.04099161e+00
 2.78394655e+00 3.66219883e+01 1.12127362e+02 1.05721841e+01
 1.64616792e+00 6.67339329e+00 1.15867462e+02 2.71730254e+01
 1.91871363e+01 9.56532241e-01 1.13490413e+02 2.41303946e+01
 1.53603575e+02 3.92290316e+00 2.13945903e+01 1.11426637e+01
 2.71318883e+01 1.55773142e+01 7.56518049e+01 2.37776000e+00
 6.61838964e+01 7.19897462e+00 2.51686429e+01 1.08847454e+01
 1.20219159e+02 2.85581882e+01 5.91164843e+00 2.33944212e+00
 6.14666834e+00 1.70006105e+01 2.42510049e+00 9.36335312e+00
 1.65777122e+01 1.48995830e+01 2.12853032e+01 1.06358236e+01
 6.14868844e+00 1.78833501e+01 2.22854776e+00 6.58076010e+00
 4.99608360e-01 8.25727389e+00 1.13396929e+02 5.00837935e+00
 1.58322946e+01 4.30768937e+00 4.06613857e+00]
T: 4616.589970478342, energy used: 10810.210821621093
=================================
Node ~24 ~
Init energy: 10742.21848, Charge rate: 0.0866722800018
Time arrive: 20.51828452868319, time_travel to 24: 20.51828452868319
t_charge: 6.447665773130223
e_remain: 10740.440113498173, e_depot: 10374.32643029085, er: 367.89204970914943
Energy after charge: 10772.119608470577
-----------------------
Node ~26 ~
Init energy: 10726.67756, Charge rate: 0.10998366000195
Time arrive: 52.185783766767145, time_travel to 26: 25.21983346495373
t_charge: 0.0
e_remain: 10720.93797650126, e_depot: 10218.928098318498, er: 507.749461681502
Energy after charge: 10720.93797650126
-----------------------
Node ~10 ~
Init energy: 10736.58508, Charge rate: 0.09512238000105
Time arrive: 74.60006492856218, time_travel to 10: 22.41428116179504
t_charge: 9.106445071102325
e_remain: 10729.488944275763, e_depot: 10342.976279874634, er: 393.60880012536654
Energy after charge: 10774.154942902762
-----------------------
Node ~34 ~
Init energy: 10765.0772, Charge rate: 0.052384200000299995
Time arrive: 94.0021401406515, time_travel to 34: 10.295630140987
t_charge: 5.978062639611051
e_remain: 10760.152973090415, e_depot: 10553.131140865138, er: 211.94605913486157
Energy after charge: 10789.730130259542
-----------------------
Node ~42 ~
Init energy: 10793.42, Charge rate: 0.00987000000027
Time arrive: 134.39415343984246, time_travel to 42: 34.4139506595799
t_charge: 0.6316990070409172
e_remain: 10792.093529705513, e_depot: 10751.012752025337, er: 42.40724797466282
Energy after charge: 10795.245789871518
-----------------------
Node ~7 ~
Init energy: 10794.5, Charge rate: 0.00825000000024
Time arrive: 173.71073321443905, time_travel to 7: 38.68488076755569
t_charge: 0.8893767135426446
e_remain: 10793.066886450939, e_depot: 10760.860016310158, er: 33.639983689841756
Energy after charge: 10797.506432660764
-----------------------
Node ~5 ~
Init energy: 10788.04, Charge rate: 0.01794000000045
Time arrive: 199.656845549367, time_travel to 5: 25.05673562138532
t_charge: 2.7896287521532597
e_remain: 10784.458156190756, e_depot: 10719.166519688308, er: 68.87348031169313
Energy after charge: 10798.356254011707
-----------------------
Node ~9 ~
Init energy: 10768.769, Charge rate: 0.0468465000003
Time arrive: 225.79170936137777, time_travel to 9: 23.345235059857504
t_charge: 4.645212725701539
e_remain: 10758.191448687334, e_depot: 10575.723981575109, er: 193.04501842489117
Energy after charge: 10781.199900357886
-----------------------
Node ~47 ~
Init energy: 10705.969, Charge rate: 0.1410465000021
Time arrive: 252.76627496619338, time_travel to 47: 22.329352879114076
t_charge: 14.69783332640032
e_remain: 10670.317201597449, e_depot: 10128.304309351233, er: 577.6646906487658
Energy after charge: 10741.733290281147
-----------------------
Node ~39 ~
Init energy: 10780.47392, Charge rate: 0.02928912000075
Time arrive: 305.98942464431235, time_travel to 39: 38.525316351718644
t_charge: 5.208738014178042
e_remain: 10771.511759022633, e_depot: 10671.30175243129, er: 109.17216756870948
Energy after charge: 10797.402889740773
-----------------------
Node ~52 ~
Init energy: 10787.78392, Charge rate: 0.01832412000045
Time arrive: 332.810196343454, time_travel to 52: 21.61203368496357
t_charge: 2.8144017278036655
e_remain: 10781.685466024828, e_depot: 10717.260980027098, er: 70.52293997290144
Energy after charge: 10795.705903228856
-----------------------
Node ~68 ~
Init energy: 10786.27204, Charge rate: 0.02059194000045
Time arrive: 352.1521508241609, time_travel to 68: 16.527552752903254
t_charge: 4.213242961413729
e_remain: 10779.0205440392, e_depot: 10712.273711128299, er: 73.99832887170123
Energy after charge: 10800.0
-----------------------
Node ~67 ~
Init energy: 10777.997, Charge rate: 0.0330045000006
Time arrive: 360.3352804338305, time_travel to 67: 3.9698866482558417
t_charge: 0.3767063045604121
e_remain: 10766.104314236705, e_depot: 10627.51228783938, er: 150.4847121606199
Energy after charge: 10767.975412756277
-----------------------
Node ~70 ~
Init energy: 10787.44, Charge rate: 0.01884000000045
Time arrive: 382.6436989378522, time_travel to 70: 21.93171219946131
t_charge: 2.5655385661395775
e_remain: 10780.230992711839, e_depot: 10713.29113778481, er: 74.14886221519009
Energy after charge: 10793.010350795948
-----------------------
Node ~22 ~
Init energy: 10661.99916, Charge rate: 0.207001260003
Time arrive: 445.0343158574716, time_travel to 22: 59.82507835347982
t_charge: 39.849532828859424
e_remain: 10569.87649587293, e_depot: 9905.606883338067, er: 756.3922766619326
Energy after charge: 10760.875256511123
-----------------------
Node ~8 ~
Init energy: 10720.59564, Charge rate: 0.11910654000105
Time arrive: 503.43971029392014, time_travel to 8: 18.555861607589122
t_charge: 22.85252072613605
e_remain: 10660.63267800776, e_depot: 10284.992185643456, er: 435.6034543565438
Energy after charge: 10772.173396964448
-----------------------
Node ~23 ~
Init energy: 10731.96048, Charge rate: 0.1020592800015
Time arrive: 543.4968815541414, time_travel to 23: 17.204650534085253
t_charge: 10.966036698411848
e_remain: 10676.491579585523, e_depot: 10315.624815042893, er: 416.3356649571069
Energy after charge: 10730.202577267672
-----------------------
Node ~12 ~
Init energy: 10750.97372, Charge rate: 0.07353942000105
Time arrive: 587.9848513710355, time_travel to 12: 33.521933118482295
t_charge: 6.545298766347638
e_remain: 10707.73365506077, e_depot: 10444.198865020096, er: 306.77485497990347
Energy after charge: 10739.978811417497
-----------------------
Node ~55 ~
Init energy: 10779.8368, Charge rate: 0.0302448000003
Time arrive: 653.33865292397, time_travel to 55: 58.80850278658691
t_charge: 5.852595438159451
e_remain: 10760.076703109848, e_depot: 10669.471936850288, er: 110.3648631497108
Energy after charge: 10789.162669722135
-----------------------
Node ~75 ~
Init energy: 10787.66, Charge rate: 0.01851000000045
Time arrive: 680.6584326208999, time_travel to 75: 21.46718425877041
t_charge: 2.0981282126615635
e_remain: 10775.061012411881, e_depot: 10712.697560707677, er: 74.96243929232332
Energy after charge: 10785.512817121971
-----------------------
Node ~56 ~
Init energy: 10787.4, Charge rate: 0.01890000000045
Time arrive: 705.668566420153, time_travel to 56: 22.912005586591498
t_charge: 4.4791736351343125
e_remain: 10774.062864094341, e_depot: 10722.542317731553, er: 64.8576822684463
Energy after charge: 10796.374075888307
-----------------------
Node ~45 ~
Init energy: 10777.5864, Charge rate: 0.033620399999999995
Time arrive: 740.0729802381162, time_travel to 45: 29.92524018282894
t_charge: 2.86518250013073
e_remain: 10752.704850375203, e_depot: 10636.700711057183, er: 140.88568894281707
Energy after charge: 10766.93443429413
-----------------------
Node ~59 ~
Init energy: 10793.06, Charge rate: 0.010410000000285
Time arrive: 761.0235159280521, time_travel to 59: 18.085353189805282
t_charge: 0.01675934152707133
e_remain: 10785.137745198972, e_depot: 10745.08509511364, er: 47.97490488635958
Energy after charge: 10785.221367441862
-----------------------
Node ~44 ~
Init energy: 10787.42, Charge rate: 0.01887000000045
Time arrive: 780.5430955784474, time_travel to 44: 19.502820308868152
t_charge: 4.57571391839017
e_remain: 10772.691151786083, e_depot: 10723.183516846946, er: 64.236483153054
Energy after charge: 10795.483377656392
-----------------------
Node ~21 ~
Init energy: 10781.52, Charge rate: 0.02772000000075
Time arrive: 840.5343307882591, time_travel to 21: 55.41552129142159
t_charge: 0.7943969714960984
e_remain: 10758.220388349919, e_depot: 10657.52011087236, er: 123.99988912764093
Energy after charge: 10762.170352523348
-----------------------
Node ~30 ~
Init energy: 10763.95704, Charge rate: 0.05406444000105
Time arrive: 892.8841348476641, time_travel to 30: 51.555407087908826
t_charge: 2.8625249005826943
e_remain: 10715.683759263638, e_depot: 10528.676313034539, er: 235.28072696546042
Energy after charge: 10729.841622960812
-----------------------
Node ~29 ~
Init energy: 10656.5648, Charge rate: 0.215152800003
Time arrive: 899.6093013314123, time_travel to 29: 3.862641583165593
t_charge: 52.20079033460994
e_remain: 10463.011339909805, e_depot: 9924.296493058868, er: 732.2683069411323
Energy after charge: 10712.784145379994
-----------------------
Node ~41 ~
Init energy: 10788.77452, Charge rate: 0.01683822000015
Time arrive: 969.2835000341684, time_travel to 41: 17.473408368146153
t_charge: 1.0409916138610158
e_remain: 10772.45351118391, e_depot: 10716.244320495905, er: 72.53019950409544
Energy after charge: 10777.640940807403
-----------------------
Node ~54 ~
Init energy: 10793.78, Charge rate: 0.009330000000255
Time arrive: 1002.6131893610063, time_travel to 54: 32.288697712976905
t_charge: 2.7839465466503204
e_remain: 10784.425618943007, e_depot: 10764.626948307512, er: 29.15305169248859
Energy after charge: 10798.319377454978
-----------------------
Node ~33 ~
Init energy: 10700.6506, Charge rate: 0.14902410000315
Time arrive: 1052.4804662911374, time_travel to 33: 47.083330383480735
t_charge: 36.621988271827114
e_remain: 10543.805645740069, e_depot: 10195.777375925034, er: 504.87322407496686
Energy after charge: 10721.45802825667
-----------------------
Node ~53 ~
Init energy: 10605.1656, Charge rate: 0.29225160000149997
Time arrive: 1139.542121492872, time_travel to 53: 50.43966692990746
t_charge: 112.12736183513192
e_remain: 10272.132591724605, e_depot: 9816.596603752487, er: 788.5689962475135
Energy after charge: 10800.0
-----------------------
Node ~46 ~
Init energy: 10777.26728, Charge rate: 0.03409908000015
Time arrive: 1272.8704267032408, time_travel to 46: 21.200943375236868
t_charge: 10.572184064847212
e_remain: 10733.86356949002, e_depot: 10672.706729593005, er: 104.56055040699539
Energy after charge: 10786.363988064053
-----------------------
Node ~16 ~
Init energy: 10787.84, Charge rate: 0.01824000000045
Time arrive: 1352.8172459022637, time_travel to 16: 69.37463513417566
t_charge: 1.646167916476298
e_remain: 10763.164613434134, e_depot: 10711.86423851878, er: 75.97576148122062
Energy after charge: 10771.365426913719
-----------------------
Node ~69 ~
Init energy: 10787.48, Charge rate: 0.01878000000045
Time arrive: 1432.8381546476576, time_travel to 69: 78.37474082891757
t_charge: 6.673393286494863
e_remain: 10760.571299455072, e_depot: 10734.147406784812, er: 53.332593215187444
Energy after charge: 10793.812939561623
-----------------------
Node ~48 ~
Init energy: 10605.1656, Charge rate: 0.29225160000149997
Time arrive: 1481.4123832480218, time_travel to 48: 41.90083531386934
t_charge: 115.86746172291028
e_remain: 10172.22046073373, e_depot: 9835.297103191378, er: 769.8684968086218
Energy after charge: 10717.695318271648
-----------------------
Node ~3 ~
Init energy: 10731.28, Charge rate: 0.10308000000285
Time arrive: 1652.3626916657063, time_travel to 3: 55.08284669477423
t_charge: 27.173025434982435
e_remain: 10560.95445373839, e_depot: 10391.267033004848, er: 340.01296699515296
Energy after charge: 10694.018585451387
-----------------------
Node ~20 ~
Init energy: 10756.3648, Charge rate: 0.06545280000105
Time arrive: 1715.523492803002, time_travel to 20: 35.98777570231314
t_charge: 19.18713627949552
e_remain: 10644.078983928463, e_depot: 10550.131741372905, er: 206.23305862709458
Energy after charge: 10738.758813532446
-----------------------
Node ~50 ~
Init energy: 10781.75072, Charge rate: 0.0273739200003
Time arrive: 1783.1440885913948, time_travel to 50: 48.43345950889736
t_charge: 0.9565322408822203
e_remain: 10732.939076369892, e_depot: 10660.15921667835, er: 121.59150332164972
Energy after charge: 10737.695553537264
-----------------------
Node ~36 ~
Init energy: 10605.1656, Charge rate: 0.29225160000149997
Time arrive: 1803.213966954817, time_travel to 36: 19.11334612253961
t_charge: 113.49041344469036
e_remain: 10078.173433012404, e_depot: 9823.41186180028, er: 781.7537381997208
Energy after charge: 10612.457745321813
-----------------------
Node ~11 ~
Init energy: 10675.47728, Charge rate: 0.186784080003
Time arrive: 1970.307738503268, time_travel to 11: 53.60335810376063
t_charge: 24.13039463258549
e_remain: 10307.455161740874, e_depot: 9933.823742776052, er: 741.6535372239468
Energy after charge: 10423.599961342245
-----------------------
Node ~32 ~
Init energy: 10581.66268, Charge rate: 0.32750598
Time arrive: 2012.4803059540036, time_travel to 32: 18.042172818150256
t_charge: 153.60357455729522
e_remain: 9922.563345167833, e_depot: 9837.719730246796, er: 743.9429497532037
Energy after charge: 10640.27512873742
-----------------------
Node ~19 ~
Init energy: 10751.71728, Charge rate: 0.0724240800006
Time arrive: 2198.882051191994, time_travel to 19: 32.79817068069498
t_charge: 3.922903161309879
e_remain: 10592.46527041259, e_depot: 10436.97951445466, er: 314.73776554534015
Energy after charge: 10611.795673566749
-----------------------
Node ~17 ~
Init energy: 10755.37848, Charge rate: 0.06693228000075
Time arrive: 2205.473287166129, time_travel to 17: 2.668332812825267
t_charge: 21.394590280551576
e_remain: 10607.761124409222, e_depot: 10553.352538850047, er: 202.0259411499519
Energy after charge: 10713.302087104821
-----------------------
Node ~72 ~
Init energy: 10785.17584, Charge rate: 0.022236240000450002
Time arrive: 2302.1478880736727, time_travel to 72: 75.28001062699181
t_charge: 11.142663652908354
e_remain: 10733.984727044264, e_depot: 10738.233555697314, er: 46.94228430268595
Energy after charge: 10789.450274365576
-----------------------
Node ~27 ~
Init energy: 10745.66, Charge rate: 0.08151000000225
Time arrive: 2370.125752086921, time_travel to 27: 56.83520036034007
t_charge: 27.13188834932095
e_remain: 10552.471049942062, e_depot: 10505.021193242526, er: 240.6388067574735
Energy after charge: 10685.918971469253
-----------------------
Node ~38 ~
Init energy: 10778.516, Charge rate: 0.0322260000006
Time arrive: 2428.229240330338, time_travel to 38: 30.971599894096528
t_charge: 15.57731415803376
e_remain: 10700.263884499656, e_depot: 10707.628342398764, er: 70.88765760123533
Energy after charge: 10777.64846076376
-----------------------
Node ~35 ~
Init energy: 10644.322, Charge rate: 0.23351700000449999
Time arrive: 2473.1745642949627, time_travel to 35: 29.36800980659057
t_charge: 75.65180485366255
e_remain: 10066.793695258404, e_depot: 9944.528784111348, er: 699.7932158886524
Energy after charge: 10427.386737012364
-----------------------
Node ~40 ~
Init energy: 10793.42, Charge rate: 0.00987000000027
Time arrive: 2574.2287312435174, time_travel to 40: 25.402362094891885
t_charge: 2.377760000446727
e_remain: 10768.012362421932, e_depot: 10759.743056992367, er: 33.67694300763287
Energy after charge: 10779.87769393296
-----------------------
Node ~25 ~
Init energy: 10655.2288, Charge rate: 0.217156800003
Time arrive: 2599.7529812586513, time_travel to 25: 23.146490014686893
t_charge: 66.18389638585683
e_remain: 10090.674761791613, e_depot: 9983.624377014265, er: 671.6044229857362
Energy after charge: 10407.221960570016
-----------------------
Node ~43 ~
Init energy: 10790.57496, Charge rate: 0.014137559999715
Time arrive: 2697.392878661802, time_travel to 43: 31.456001017293982
t_charge: 7.198974619769193
e_remain: 10752.440406335114, e_depot: 10761.302515397125, er: 29.27244460287511
Energy after charge: 10788.333503498336
-----------------------
Node ~57 ~
Init energy: 10771.682, Charge rate: 0.042477000001049994
Time arrive: 2726.087899429642, time_travel to 57: 21.496046148071045
t_charge: 25.16864289716059
e_remain: 10655.885964293066, e_depot: 10701.426322304947, er: 70.25567769505324
Energy after charge: 10780.660090334499
-----------------------
Node ~37 ~
Init energy: 10774.8726, Charge rate: 0.03769110000045
Time arrive: 2777.562435202735, time_travel to 37: 26.30589287593181
t_charge: 10.88474541156747
e_remain: 10670.18321649728, e_depot: 10655.291972819465, er: 119.58062718053588
Energy after charge: 10724.196685527331
-----------------------
Node ~2 ~
Init energy: 10605.1656, Charge rate: 0.29225160000149997
Time arrive: 2825.3128828319464, time_travel to 2: 36.86570221764397
t_charge: 120.219158685184
e_remain: 9779.463389487513, e_depot: 9857.055588002748, er: 748.1100119972525
Energy after charge: 10345.424941436853
-----------------------
Node ~31 ~
Init energy: 10754.8732, Charge rate: 0.0676902000018
Time arrive: 2948.317719172567, time_travel to 31: 2.7856776554368237
t_charge: 28.558188215375786
e_remain: 10555.300983920359, e_depot: 10585.166242648897, er: 169.70695735110348
Energy after charge: 10696.15881552525
-----------------------
Node ~13 ~
Init energy: 10778.86, Charge rate: 0.03170999999985
Time arrive: 3014.69759428845, time_travel to 13: 37.82168690050723
t_charge: 5.911648428820822
e_remain: 10683.263939285565, e_depot: 10662.02617418093, er: 116.83382581907063
Energy after charge: 10712.634723057992
-----------------------
Node ~15 ~
Init energy: 10787.9, Charge rate: 0.01815000000045
Time arrive: 3027.680310529136, time_travel to 15: 7.0710678118654755
t_charge: 2.3394421211248235
e_remain: 10732.947602362534, e_depot: 10715.806102639364, er: 72.09389736063531
Energy after charge: 10744.602352093658
-----------------------
Node ~4 ~
Init energy: 10773.66408, Charge rate: 0.03950387999985
Time arrive: 3086.0486737535625, time_travel to 4: 56.02892110330164
t_charge: 6.146668342387925
e_remain: 10651.753183518344, e_depot: 10622.024205509651, er: 151.63987449034903
Energy after charge: 10682.243707981686
-----------------------
Node ~58 ~
Init energy: 10771.94852, Charge rate: 0.042077220000150004
Time arrive: 3178.186969595376, time_travel to 58: 85.99162749942579
t_charge: 17.000610510976372
e_remain: 10638.219247678726, e_depot: 10662.69830071658, er: 109.25021928341994
Energy after charge: 10722.506961805
-----------------------
Node ~63 ~
Init energy: 10793.763, Charge rate: 0.009355500000225
Time arrive: 3280.9318510519965, time_travel to 63: 85.74427094564393
t_charge: 2.4251004875906
e_remain: 10763.068242066745, e_depot: 10762.697994968104, er: 31.065005031896362
Energy after charge: 10775.171056477086
-----------------------
Node ~14 ~
Init energy: 10788.58296, Charge rate: 0.01712555999985
Time arrive: 3395.5897453210837, time_travel to 14: 112.23279378149687
t_charge: 9.363353118714839
e_remain: 10730.431584081629, e_depot: 10756.33803705944, er: 32.24492294055926
Energy after charge: 10777.087997009568
-----------------------
Node ~66 ~
Init energy: 10779.27648, Charge rate: 0.031085280000449998
Time arrive: 3506.9385876036986, time_travel to 66: 101.98548916390017
t_charge: 16.57771219776173
e_remain: 10670.262312059956, e_depot: 10718.65704910922, er: 60.61943089077977
Energy after charge: 10752.635550223331
-----------------------
Node ~65 ~
Init energy: 10772.93808, Charge rate: 0.04059288000045
Time arrive: 3526.123980763541, time_travel to 65: 2.6076809620810595
t_charge: 14.89958295340776
e_remain: 10629.802552382156, e_depot: 10660.03531208413, er: 112.90276791586984
Energy after charge: 10703.69565016631
-----------------------
Node ~28 ~
Init energy: 10761.46184, Charge rate: 0.0578072400012
Time arrive: 3624.6783304669675, time_travel to 28: 83.6547667500185
t_charge: 21.28530319448749
e_remain: 10551.929189823548, e_depot: 10601.016031561863, er: 160.44580843813674
Energy after charge: 10657.125261165724
-----------------------
Node ~71 ~
Init energy: 10777.52, Charge rate: 0.03372
Time arrive: 3706.5976175318883, time_travel to 71: 60.63398387043359
t_charge: 10.635823615497383
e_remain: 10652.533528336826, e_depot: 10675.027704272958, er: 102.4922957270428
Energy after charge: 10705.354006441998
-----------------------
Node ~6 ~
Init energy: 10778.8906, Charge rate: 0.03166410000045
Time arrive: 3808.0882704081355, time_travel to 6: 90.85482926074981
t_charge: 6.148688437568058
e_remain: 10658.310912195257, e_depot: 10663.45387570154, er: 115.43672429846083
Energy after charge: 10688.859661697537
-----------------------
Node ~73 ~
Init energy: 10770.031, Charge rate: 0.04495349999985
Time arrive: 3914.951406667255, time_travel to 73: 100.7144478215514
t_charge: 17.883350088263906
e_remain: 10594.040231940971, e_depot: 10651.915873204114, er: 118.11512679588668
Energy after charge: 10682.653063204101
-----------------------
Node ~51 ~
Init energy: 10781.62, Charge rate: 0.02757000000075
Time arrive: 3997.7346797138707, time_travel to 51: 64.89992295835181
t_charge: 2.2285477609646533
e_remain: 10671.40245487729, e_depot: 10665.483353315274, er: 116.13664668472666
Energy after charge: 10682.483752620343
-----------------------
Node ~60 ~
Init energy: 10793.06, Charge rate: 0.010410000000285
Time arrive: 4055.8792359160684, time_travel to 60: 55.91600844123265
t_charge: 6.580760100048543
e_remain: 10750.838297152957, e_depot: 10777.905098906247, er: 15.154901093752414
Energy after charge: 10783.673591940556
-----------------------
Node ~74 ~
Init energy: 10775.5544, Charge rate: 0.0366684000006
Time arrive: 4081.8630885531325, time_travel to 74: 19.403092537015844
t_charge: 0.4996083601514913
e_remain: 10625.87901152125, e_depot: 10608.769474124501, er: 166.78492587549954
Energy after charge: 10628.358733482813
-----------------------
Node ~1 ~
Init energy: 10722.4964, Charge rate: 0.11625540000045001
Time arrive: 4150.370049456961, time_travel to 1: 68.00735254367721
t_charge: 8.257273887542008
e_remain: 10239.993469750494, e_depot: 10227.079255781684, er: 495.417144218316
Energy after charge: 10280.319886509495
-----------------------
Node ~62 ~
Init energy: 10605.1656, Charge rate: 0.29225160000149997
Time arrive: 4224.467432700428, time_travel to 62: 65.84010935592377
t_charge: 113.3969289360058
e_remain: 9370.55823363907, e_depot: 9822.944439256857, er: 782.2211607431436
Energy after charge: 9904.402444402296
-----------------------
Node ~18 ~
Init energy: 10707.103, Charge rate: 0.13934550000180002
Time arrive: 4430.899623768595, time_travel to 18: 93.03526213216148
t_charge: 5.0083793542848785
e_remain: 10089.677076468177, e_depot: 10088.843859031824, er: 618.2591409681754
Energy after charge: 10114.02107811428
-----------------------
Node ~49 ~
Init energy: 10779.92016, Charge rate: 0.030119760000450004
Time arrive: 4504.774250298111, time_travel to 49: 68.86624717523091
t_charge: 15.832294574880157
e_remain: 10644.237440724813, e_depot: 10720.031050943107, er: 59.889109056892266
Energy after charge: 10722.922048686363
-----------------------
Node ~64 ~
Init energy: 10787.34, Charge rate: 0.01899000000045
Time arrive: 4540.806544872991, time_travel to 64: 20.2
t_charge: 4.307689372807607
e_remain: 10701.110083710819, e_depot: 10721.209403322577, er: 66.13059667742345
Energy after charge: 10722.566727553665
-----------------------
Node ~61 ~
Init energy: 10794.06, Charge rate: 0.008910000000255
Time arrive: 4559.349401965218, time_travel to 61: 14.235167719419398
t_charge: 4.066138567898512
e_remain: 10753.436196827326, e_depot: 10773.256876201352, er: 20.803123798646993
Energy after charge: 10773.730660372177
-----------------------
==============================================
Fitness: 0.015371715326462249, num_deaths: 0, max_er: 788.5689962475135
