routes: [ 7  6 11  5 10  1 13  2 22  3  8 19  4 14 18 24 16 12 17 23  9 25 15 20
 21]
t_charge: [ 9.91053837  0.3206328   4.07265209  3.40215607 18.04263651 55.02021934
  3.98999345 67.32116821 28.19861778 30.16927347  2.10736213  7.27515644
 28.82459514 10.34773917 12.45664177  4.36146152  5.18946203  4.20469597
  4.65983116  7.71170309 14.13022859  5.0099475  11.21379071  2.89905514
 11.54066165]
T: 1102.7300604159802, energy used: 2512.2509408025
=================================
Node ~7 ~
Init energy: 10723.30976, Charge rate: 0.11503536000314998
Time arrive: 2.0396078054371136, time_travel to 7: 2.0396078054371136
t_charge: 9.91053836754195
e_remain: 10723.075132981836, e_depot: 10646.009502351462, er: 77.30025764853781
Energy after charge: 10771.48776247061
-----------------------
Node ~6 ~
Init energy: 10749.70892, Charge rate: 0.07543662000105
Time arrive: 29.179191416404482, time_travel to 6: 17.229045243425418
t_charge: 0.3206328009104752
e_remain: 10747.507740425182, e_depot: 10668.125855473218, er: 81.58306452678153
Energy after charge: 10749.086716974973
-----------------------
Node ~11 ~
Init energy: 10770.2104, Charge rate: 0.04468440000135
Time arrive: 35.63496887738614, time_travel to 11: 6.1351446600711865
t_charge: 4.072652091654844
e_remain: 10768.618072796648, e_depot: 10741.298829345134, er: 28.9115706548655
Energy after charge: 10788.799349239793
-----------------------
Node ~5 ~
Init energy: 10781.54, Charge rate: 0.02769000000075
Time arrive: 43.757312315304304, time_travel to 5: 4.049691346263318
t_charge: 3.4021560718201846
e_remain: 10780.328360021957, e_depot: 10768.016184985358, er: 13.523815014643333
Energy after charge: 10797.244934679426
-----------------------
Node ~10 ~
Init energy: 10707.90384, Charge rate: 0.13814424000225
Time arrive: 69.12125337833137, time_travel to 10: 21.961784991206887
t_charge: 18.042636509942998
e_remain: 10698.355136984048, e_depot: 10645.781216425914, er: 62.1226235740869
Energy after charge: 10786.07583322546
-----------------------
Node ~1 ~
Init energy: 10577.10032, Charge rate: 0.33434952000600004
Time arrive: 101.10806429911706, time_travel to 1: 13.944174410842686
t_charge: 55.02021933873534
e_remain: 10543.294887232854, e_depot: 10483.504150297407, er: 93.5961697025923
Energy after charge: 10800.0
-----------------------
Node ~13 ~
Init energy: 10730.97024, Charge rate: 0.10354464000285
Time arrive: 169.1712894263967, time_travel to 13: 13.043005788544296
t_charge: 3.9899934524720955
e_remain: 10713.453459737526, e_depot: 10636.738420136267, er: 94.23181986373311
Energy after charge: 10732.990284564237
-----------------------
Node ~2 ~
Init energy: 10544.21556, Charge rate: 0.38367666
Time arrive: 181.51592230855098, time_travel to 2: 8.35463942968217
t_charge: 67.32116821115125
e_remain: 10474.572137191837, e_depot: 10457.729614593754, er: 86.48594540624617
Energy after charge: 10785.34841728104
-----------------------
Node ~22 ~
Init energy: 10662.2628, Charge rate: 0.206605800003
Time arrive: 263.3491544666396, time_travel to 22: 14.512063946937388
t_charge: 28.198617782285204
e_remain: 10607.853337261307, e_depot: 10575.425462591826, er: 86.83733740817479
Energy after charge: 10743.020428186846
-----------------------
Node ~3 ~
Init energy: 10662.21536, Charge rate: 0.206676960003
Time arrive: 300.75646379550193, time_travel to 3: 9.20869154657707
t_charge: 30.16927346500519
e_remain: 10600.055928361493, e_depot: 10585.152830734327, er: 77.06252926567322
Energy after charge: 10744.667001961272
-----------------------
Node ~8 ~
Init energy: 10768.3766, Charge rate: 0.04743510000105
Time arrive: 358.7437170577533, time_travel to 8: 27.817979797246238
t_charge: 2.1073621282863257
e_remain: 10751.359555906616, e_depot: 10726.605299951436, er: 41.77130004856372
Energy after charge: 10761.796403614753
-----------------------
Node ~19 ~
Init energy: 10744.2796, Charge rate: 0.08358060000090001
Time arrive: 405.31274807059685, time_travel to 19: 44.46166888455718
t_charge: 7.275156436405218
e_remain: 10710.403317328246, e_depot: 10688.48854209343, er: 55.79105790657013
Energy after charge: 10746.171037570217
-----------------------
Node ~4 ~
Init energy: 10662.21536, Charge rate: 0.206676960003
Time arrive: 429.78906725839767, time_travel to 4: 17.201162751395618
t_charge: 28.824595139496875
e_remain: 10573.38786213651, e_depot: 10578.429439106785, er: 83.785920893215
Energy after charge: 10711.553458137245
-----------------------
Node ~14 ~
Init energy: 10712.66464, Charge rate: 0.13100304000105
Time arrive: 464.2705166473869, time_travel to 14: 5.656854249492381
t_charge: 10.347739168629433
e_remain: 10651.843790936335, e_depot: 10619.942345628113, er: 92.72229437188798
Energy after charge: 10702.226901491253
-----------------------
Node ~18 ~
Init energy: 10754.69344, Charge rate: 0.0679598400006
Time arrive: 505.1685422303857, time_travel to 18: 30.550286414369346
t_charge: 12.456641773824426
e_remain: 10720.362266696686, e_depot: 10742.0352903994, er: 12.658149600598335
Energy after charge: 10781.798924183913
-----------------------
Node ~24 ~
Init energy: 10745.5088, Charge rate: 0.08173680000104999
Time arrive: 544.4617262554019, time_travel to 24: 26.83654225119175
t_charge: 4.361461518998971
e_remain: 10701.006240772835, e_depot: 10677.182481191627, er: 68.32631880837289
Energy after charge: 10722.457056459938
-----------------------
Node ~16 ~
Init energy: 10754.69344, Charge rate: 0.0679598400006
Time arrive: 598.8295873648533, time_travel to 16: 50.00639959045242
t_charge: 5.189462030432708
e_remain: 10713.997077055059, e_depot: 10705.699391682441, er: 48.99404831755783
Energy after charge: 10739.591712197946
-----------------------
Node ~12 ~
Init energy: 10770.2104, Charge rate: 0.04468440000135
Time arrive: 646.4360271282645, time_travel to 12: 42.41697773297857
t_charge: 4.204695973831261
e_remain: 10741.324793988517, e_depot: 10741.959048756016, er: 28.251351243983663
Energy after charge: 10762.160389540895
-----------------------
Node ~17 ~
Init energy: 10754.69344, Charge rate: 0.0679598400006
Time arrive: 668.4586915609297, time_travel to 17: 17.81796845883391
t_charge: 4.65983116432634
e_remain: 10709.265094274508, e_depot: 10703.051237351909, er: 51.64220264809046
Energy after charge: 10732.247568715782
-----------------------
Node ~23 ~
Init energy: 10745.5088, Charge rate: 0.08173680000104999
Time arrive: 702.817007535091, time_travel to 23: 29.698484809834998
t_charge: 7.711703088314198
e_remain: 10688.062786817767, e_depot: 10693.933689038204, er: 51.57511096179587
Energy after charge: 10725.99097232634
-----------------------
Node ~9 ~
Init energy: 10707.90384, Charge rate: 0.13814424000225
Time arrive: 774.742416325537, time_travel to 9: 64.21370570213185
t_charge: 14.130228589176301
e_remain: 10600.877637699203, e_depot: 10626.219176822082, er: 81.68466317791899
Energy after charge: 10669.576770955575
-----------------------
Node ~25 ~
Init energy: 10745.5088, Charge rate: 0.08173680000104999
Time arrive: 852.7506536501146, time_travel to 25: 63.87800873540126
t_charge: 5.009947497190197
e_remain: 10675.807690371836, e_depot: 10680.424911082584, er: 65.0838889174156
Energy after charge: 10700.447930781193
-----------------------
Node ~15 ~
Init energy: 10712.66464, Charge rate: 0.13100304000105
Time arrive: 938.3308189700214, time_travel to 15: 80.5702178227166
t_charge: 11.213790709293475
e_remain: 10589.740450188254, e_depot: 10624.272603331434, er: 88.39203666856702
Energy after charge: 10644.340363061869
-----------------------
Node ~20 ~
Init energy: 10745.5088, Charge rate: 0.08173680000104999
Time arrive: 1003.7859223477966, time_travel to 20: 54.24131266848176
t_charge: 2.899055135853697
e_remain: 10663.462550821188, e_depot: 10669.8704492759, er: 75.63835072409893
Energy after charge: 10677.720867010625
-----------------------
Node ~21 ~
Init energy: 10745.5088, Charge rate: 0.08173680000104999
Time arrive: 1062.7296025604585, time_travel to 21: 56.04462507680821
t_charge: 11.540661651050955
e_remain: 10658.64468302032, e_depot: 10713.078481851888, er: 32.43031814811184
Energy after charge: 10715.404694522324
-----------------------
==============================================
Fitness: 0.0018368775801897287, num_deaths: 0, max_er: 94.23181986373311
