routes: [36 35 49  1 24 59 38 53 70  3 37  5 68 56  4 33 72 71 69  7 60 55  9 44
 29 25 65 34 57 48  8 20 43 14 47 19 27 45 54 50 13 11 23 17 46 52 10 75
 63 40 42 58 41  6 15 21 18 32 31 39 22 28 26 30 12 74 73 67 62 16 61  2
 64 66 51]
t_charge: [ 2.20151573  2.47367762  4.14667527 13.11509238  6.31974101  0.65027608
  3.50979915  0.47978735  1.08840222 73.50559964 12.43342327  1.64454258
  0.79228022  7.50685388  7.37002999 12.44038256  4.64113771  1.52766637
  3.25395091  1.79622005  3.12602241 10.39694465  7.4942432   0.96621093
  1.7196541   2.33770428  4.65301799  5.59086085  3.80108735  1.00317381
  5.98096569  4.12547053  6.93412711  1.72542564 11.23134476  0.64224416
  6.21938762 12.40781167  6.27385671 21.34510849 11.8535234   2.19793171
 18.74501189 12.37543343  2.30737439  4.4846718  17.01231006  9.49065346
 19.18322016 10.5674572  13.21636355 13.15767461  3.53693748  4.15447557
  6.30789618 11.59029724  2.15781107 11.60984239 13.10162479  7.33169446
 10.03754599 11.39308708  8.04334801 11.83360199  6.27180782  8.88483159
  9.92299641  8.03876261  3.06518273 23.34433348  4.59430648  0.
 14.75870778  5.22812872  3.80538507]
T: 3150.7115822698297, energy used: 5560.615368464945
=================================
Node ~36 ~
Init energy: 10769.78624, Charge rate: 0.045320640000449997
Time arrive: 22.214409737825584, time_travel to 36: 22.214409737825584
t_charge: 2.2015157293904277
e_remain: 10768.779468733448, e_depot: 10638.001553281652, er: 131.78468671834707
Energy after charge: 10779.687273278572
-----------------------
Node ~35 ~
Init energy: 10782.04, Charge rate: 0.02694000000075
Time arrive: 30.828413283968573, time_travel to 35: 6.412487816752559
t_charge: 2.4736776247643006
e_remain: 10781.209482546108, e_depot: 10709.528218095109, er: 72.5117819048919
Energy after charge: 10793.511229794716
-----------------------
Node ~49 ~
Init energy: 10777.28664, Charge rate: 0.034070040000300006
Time arrive: 52.78541711346496, time_travel to 49: 19.483326204732087
t_charge: 4.146675267168684
e_remain: 10775.488238727512, e_depot: 10690.675146698502, er: 86.61149330149783
Energy after charge: 10796.080337671136
-----------------------
Node ~1 ~
Init energy: 10659.2458, Charge rate: 0.21113130000450003
Time arrive: 101.94320212034124, time_travel to 1: 45.0111097397076
t_charge: 13.115092376578279
e_remain: 10637.722399209712, e_depot: 10059.607429579028, er: 599.6383704209729
Energy after charge: 10700.528854589456
-----------------------
Node ~24 ~
Init energy: 10705.7394, Charge rate: 0.1413909000024
Time arrive: 119.13751010779374, time_travel to 24: 4.079215610874227
t_charge: 6.319741006785165
e_remain: 10688.894440221815, e_depot: 10291.85615876881, er: 413.8832412311913
Energy after charge: 10719.59959138701
-----------------------
Node ~59 ~
Init energy: 10781.6054, Charge rate: 0.02759190000045
Time arrive: 181.49045555623118, time_travel to 59: 56.03320444165227
t_charge: 0.6502760778397066
e_remain: 10776.597733499257, e_depot: 10697.92266148095, er: 83.68273851904996
Energy after charge: 10779.831171535943
-----------------------
Node ~38 ~
Init energy: 10703.1268, Charge rate: 0.14530980000315
Time arrive: 226.6221884447465, time_travel to 38: 44.48145681067562
t_charge: 3.509799149863488
e_remain: 10670.196375120817, e_depot: 10262.84652586208, er: 440.28027413792006
Energy after charge: 10687.235362657617
-----------------------
Node ~53 ~
Init energy: 10785.333, Charge rate: 0.0220005000003
Time arrive: 244.50139955195885, time_travel to 53: 14.369411957348845
t_charge: 0.4797873505395362
e_remain: 10779.953846959084, e_depot: 10718.414706586025, er: 66.91829341397533
Energy after charge: 10782.342228150177
-----------------------
Node ~70 ~
Init energy: 10787.56, Charge rate: 0.018660000000449997
Time arrive: 269.836769776372, time_travel to 70: 24.855582873873626
t_charge: 1.0884022213610167
e_remain: 10782.52484587585, e_depot: 10734.209732980231, er: 53.35026701976858
Energy after charge: 10787.946547397205
-----------------------
Node ~3 ~
Init energy: 10413.72208, Charge rate: 0.579416880006
Time arrive: 313.42364255844853, time_travel to 3: 42.498470560715475
t_charge: 73.50559963745363
e_remain: 10232.119130908668, e_depot: 8955.674603389716, er: 1458.0474766102834
Energy after charge: 10557.056743891033
-----------------------
Node ~37 ~
Init energy: 10679.292, Charge rate: 0.1810620000045
Time arrive: 393.4068960921828, time_travel to 37: 6.477653896280659
t_charge: 12.433423272112286
e_remain: 10608.060960577986, e_depot: 10170.984975837442, er: 508.30702416255735
Energy after charge: 10667.976856453997
-----------------------
Node ~5 ~
Init energy: 10778.828, Charge rate: 0.031758000000449996
Time arrive: 417.85697447293495, time_travel to 5: 12.016655108639842
t_charge: 1.6445425768770148
e_remain: 10765.5576982045, e_depot: 10686.990414453241, er: 91.83758554675842
Energy after charge: 10773.728183705729
-----------------------
Node ~68 ~
Init energy: 10783.3978, Charge rate: 0.024903300000000003
Time arrive: 460.23479582773507, time_travel to 68: 40.7332787779231
t_charge: 0.7922802167871933
e_remain: 10771.936434809064, e_depot: 10708.896085337195, er: 74.50171466280517
Energy after charge: 10775.878105501077
-----------------------
Node ~56 ~
Init energy: 10750.09608, Charge rate: 0.07485588000105001
Time arrive: 490.7471029624105, time_travel to 56: 29.720026917888212
t_charge: 7.506853879134941
e_remain: 10713.360773749782, e_depot: 10551.781061275366, er: 198.31501872463377
Energy after charge: 10750.333110992295
-----------------------
Node ~4 ~
Init energy: 10568.23464, Charge rate: 0.347648040006
Time arrive: 532.1538093485992, time_travel to 4: 33.89985250705377
t_charge: 7.370029988850784
e_remain: 10383.232411198234, e_depot: 9509.746083743945, er: 1058.4885562560557
Energy after charge: 10417.520384662079
-----------------------
Node ~33 ~
Init energy: 10505.2088, Charge rate: 0.44218680000599997
Time arrive: 548.1817836662153, time_travel to 33: 8.657944328765344
t_charge: 12.44038256314302
e_remain: 10262.810051259055, e_depot: 9174.20764050998, er: 1331.0011594900207
Energy after charge: 10319.510991118324
-----------------------
Node ~72 ~
Init energy: 10767.36736, Charge rate: 0.04894896000045
Time arrive: 613.2643546337171, time_travel to 72: 52.64218840435873
t_charge: 4.641137712563345
e_remain: 10737.348707635332, e_depot: 10636.348993349337, er: 131.01836665066367
Energy after charge: 10760.3272173339
-----------------------
Node ~71 ~
Init energy: 10774.8128, Charge rate: 0.0377808000003
Time arrive: 622.9094907475592, time_travel to 71: 5.0039984012787215
t_charge: 1.527666368999156
e_remain: 10751.278781111778, e_depot: 10663.41472769663, er: 111.39807230336919
Energy after charge: 10758.85939649922
-----------------------
Node ~69 ~
Init energy: 10786.82, Charge rate: 0.019770000000600002
Time arrive: 647.7171914807941, time_travel to 69: 23.280034364235807
t_charge: 3.2539509100692707
e_remain: 10774.014631124035, e_depot: 10740.800186566981, er: 46.0198134330185
Energy after charge: 10790.220055064887
-----------------------
Node ~7 ~
Init energy: 10793.54, Charge rate: 0.00969000000027
Time arrive: 678.0547167487653, time_travel to 7: 27.083574357901874
t_charge: 1.7962200545656128
e_remain: 10786.969649794522, e_depot: 10771.990705039783, er: 21.549294960217594
Energy after charge: 10795.93334469502
-----------------------
Node ~60 ~
Init energy: 10787.0, Charge rate: 0.019500000000600003
Time arrive: 735.9116182119617, time_travel to 60: 56.06068140863077
t_charge: 3.1260224091121627
e_remain: 10772.649723444425, e_depot: 10741.191236189408, er: 45.8087638105917
Energy after charge: 10788.218878053007
-----------------------
Node ~55 ~
Init energy: 10768.46176, Charge rate: 0.0473073600003
Time arrive: 755.0388905722496, time_travel to 55: 16.001249951175687
t_charge: 10.396944645402842
e_remain: 10732.742863389472, e_depot: 10671.394636147461, er: 97.06712385253923
Energy after charge: 10784.235734613243
-----------------------
Node ~9 ~
Init energy: 10729.596, Charge rate: 0.1056059999997
Time arrive: 829.1878547935058, time_travel to 9: 63.75201957585343
t_charge: 7.494243197535547
e_remain: 10642.028787406925, e_depot: 10434.333168631436, er: 295.26283136856364
Energy after charge: 10678.708566347486
-----------------------
Node ~44 ~
Init energy: 10793.66, Charge rate: 0.009510000000254999
Time arrive: 887.0789232878792, time_travel to 44: 50.396825296837896
t_charge: 0.9662109342550749
e_remain: 10785.223879439305, e_depot: 10768.527787523086, er: 25.132212476913992
Energy after charge: 10790.045745444595
-----------------------
Node ~29 ~
Init energy: 10793.98, Charge rate: 0.009030000000254999
Time arrive: 905.5596995892794, time_travel to 29: 17.514565367145142
t_charge: 1.719654095581243
e_remain: 10785.802795912477, e_depot: 10774.127344889204, er: 19.85265511079524
Energy after charge: 10794.3855379139
-----------------------
Node ~25 ~
Init energy: 10780.49892, Charge rate: 0.029251620000300002
Time arrive: 921.1962498905525, time_travel to 25: 13.916896205691842
t_charge: 2.337704275268948
e_remain: 10753.5524373525, e_depot: 10700.024023441245, er: 80.47489655875506
Energy after charge: 10765.172577091713
-----------------------
Node ~65 ~
Init energy: 10787.5, Charge rate: 0.01875000000045
Time arrive: 996.9383137093799, time_travel to 65: 73.40435954355846
t_charge: 4.653017990496573
e_remain: 10768.807406617501, e_depot: 10751.689247783506, er: 35.81075221649371
Energy after charge: 10791.98525248266
-----------------------
Node ~34 ~
Init energy: 10783.13248, Charge rate: 0.025301280000000002
Time arrive: 1039.2678495856896, time_travel to 34: 37.67651788581317
t_charge: 5.590860852179549
e_remain: 10756.837673142634, e_depot: 10731.369748318646, er: 51.762731681354126
Energy after charge: 10784.65052146767
-----------------------
Node ~57 ~
Init energy: 10659.2458, Charge rate: 0.21113130000450003
Time arrive: 1088.4077632404274, time_travel to 57: 43.54905280255817
t_charge: 3.8010873525163404
e_remain: 10429.448854012058, e_depot: 10013.037404458719, er: 646.2083955412818
Energy after charge: 10447.651762260473
-----------------------
Node ~48 ~
Init energy: 10787.14, Charge rate: 0.0192900000006
Time arrive: 1103.782959629928, time_travel to 48: 11.574109036984229
t_charge: 1.0031738097148974
e_remain: 10765.848026708076, e_depot: 10731.378642624699, er: 55.76135737530058
Energy after charge: 10770.84454453386
-----------------------
Node ~8 ~
Init energy: 10787.6, Charge rate: 0.01860000000045
Time arrive: 1152.6601347347091, time_travel to 8: 47.8740012950662
t_charge: 5.980965686732746
e_remain: 10766.160521493415, e_depot: 10758.901593002029, er: 28.698406997971688
Energy after charge: 10795.954103965303
-----------------------
Node ~20 ~
Init energy: 10782.12, Charge rate: 0.0268199999997
Time arrive: 1178.778627578469, time_travel to 20: 20.137527157027
t_charge: 4.125470532792538
e_remain: 10750.5051572087, e_depot: 10718.245268028433, er: 63.8747319715676
Energy after charge: 10771.021864752975
-----------------------
Node ~43 ~
Init energy: 10589.02424, Charge rate: 0.31646364000750005
Time arrive: 1212.2904895195309, time_travel to 43: 29.386391408269237
t_charge: 6.934127114605982
e_remain: 10205.378378940175, e_depot: 9626.60921963413, er: 962.4150203658701
Energy after charge: 10237.854615406242
-----------------------
Node ~14 ~
Init energy: 10659.2458, Charge rate: 0.21113130000450003
Time arrive: 1262.6467308157378, time_travel to 14: 43.42211418160106
t_charge: 1.7254256384102502
e_remain: 10392.661554276441, e_depot: 10002.659095888188, er: 656.5867041118127
Energy after charge: 10400.924391110393
-----------------------
Node ~47 ~
Init energy: 10769.81536, Charge rate: 0.045276960000600004
Time arrive: 1338.4253805568164, time_travel to 47: 74.05322410266821
t_charge: 11.23134476009301
e_remain: 10709.215527580742, e_depot: 10683.317441516607, er: 86.49791848339373
Energy after charge: 10764.863730233752
-----------------------
Node ~19 ~
Init energy: 10787.74, Charge rate: 0.018390000000449998
Time arrive: 1367.6356018112847, time_travel to 19: 17.97887649437528
t_charge: 0.6422441576333828
e_remain: 10762.589181282076, e_depot: 10733.009634788807, er: 54.7303652111932
Energy after charge: 10765.788591200184
-----------------------
Node ~27 ~
Init energy: 10779.8808, Charge rate: 0.03017879999985
Time arrive: 1404.676747051231, time_travel to 27: 36.39890108231291
t_charge: 6.219387622765148
e_remain: 10737.489341386301, e_depot: 10715.893043415294, er: 63.98775658470731
Energy after charge: 10768.398585844938
-----------------------
Node ~45 ~
Init energy: 10773.91724, Charge rate: 0.0391241400003
Time arrive: 1441.4699797053297, time_travel to 45: 30.573845031333565
t_charge: 12.407811669954835
e_remain: 10717.52096670778, e_depot: 10712.687417304483, er: 61.229822695517214
Energy after charge: 10779.074580096682
-----------------------
Node ~54 ~
Init energy: 10782.1212, Charge rate: 0.0268182
Time arrive: 1492.4451350743261, time_travel to 54: 38.56734369904155
t_charge: 6.2738567075263285
e_remain: 10742.096507878548, e_depot: 10728.994070182001, er: 53.12712981799814
Energy after charge: 10773.297537872226
-----------------------
Node ~50 ~
Init energy: 10659.2458, Charge rate: 0.21113130000450003
Time arrive: 1528.4161296910854, time_travel to 50: 29.697137909232936
t_charge: 21.34510848776346
e_remain: 10336.549315590475, e_depot: 10100.757510134954, er: 558.4882898650467
Energy after charge: 10438.768237525534
-----------------------
Node ~13 ~
Init energy: 10659.2458, Charge rate: 0.21113130000450003
Time arrive: 1642.9666028313193, time_travel to 13: 93.20536465247052
t_charge: 11.853523398342318
e_remain: 10312.364125280246, e_depot: 10053.29958468785, er: 605.9462153121513
Energy after charge: 10369.129092467232
-----------------------
Node ~11 ~
Init energy: 10763.168, Charge rate: 0.05524800000015
Time arrive: 1678.4116501312665, time_travel to 11: 23.591523901605
t_charge: 2.197931711736064
e_remain: 10670.439113153296, e_depot: 10600.087145060965, er: 163.0808549390349
Energy after charge: 10681.307340380765
-----------------------
Node ~23 ~
Init energy: 10692.43104, Charge rate: 0.161353440003
Time arrive: 1708.2906222858762, time_travel to 23: 27.68104044287353
t_charge: 18.745011893437145
e_remain: 10416.792471569308, e_depot: 10277.777947210654, er: 414.65309278934546
Energy after charge: 10507.49295888459
-----------------------
Node ~17 ~
Init energy: 10760.26688, Charge rate: 0.059599679999999995
Time arrive: 1764.7678485325685, time_travel to 17: 37.73221435325523
t_charge: 12.375433426157027
e_remain: 10655.08728095317, e_depot: 10634.36264505521, er: 125.90423494479
Energy after charge: 10716.226876211895
-----------------------
Node ~46 ~
Init energy: 10793.98, Charge rate: 0.009030000000254999
Time arrive: 1789.7369311518705, time_travel to 46: 12.593649193144932
t_charge: 2.3073743938810667
e_remain: 10777.818675511242, e_depot: 10777.065946380704, er: 16.914053619295373
Energy after charge: 10789.33471188987
-----------------------
Node ~52 ~
Init energy: 10788.06, Charge rate: 0.01791000000045
Time arrive: 1851.1929319034277, time_travel to 52: 59.1486263576763
t_charge: 4.484671798213564
e_remain: 10754.905134588776, e_depot: 10754.054114551196, er: 34.00588544880338
Energy after charge: 10777.248173107937
-----------------------
Node ~10 ~
Init energy: 10768.1442, Charge rate: 0.0477837000009
Time arrive: 1913.4952480673537, time_travel to 10: 57.81764436571244
t_charge: 17.012310060746398
e_remain: 10676.710317113202, e_depot: 10702.65309326719, er: 65.4911067328103
Energy after charge: 10760.958956296668
-----------------------
Node ~75 ~
Init energy: 10786.76, Charge rate: 0.0198600000006
Time arrive: 2012.292642342766, time_travel to 75: 81.78508421466594
t_charge: 9.490653461805744
e_remain: 10746.795868121866, e_depot: 10771.64013528326, er: 15.119864716740267
Energy after charge: 10794.060651053138
-----------------------
Node ~63 ~
Init energy: 10659.2458, Charge rate: 0.21113130000450003
Time arrive: 2107.476702785506, time_travel to 63: 85.69340698093407
t_charge: 19.1832201638513
e_remain: 10214.291504011699, e_depot: 10089.948068515394, er: 569.2977314846066
Energy after charge: 10306.15742661949
-----------------------
Node ~40 ~
Init energy: 10671.8382, Charge rate: 0.1922427000045
Time arrive: 2201.3652105801534, time_travel to 40: 74.70528763079626
t_charge: 10.567457197829663
e_remain: 10248.641808222097, e_depot: 10118.974184478146, er: 552.8640155218545
Energy after charge: 10299.447577707353
-----------------------
Node ~42 ~
Init energy: 10763.99472, Charge rate: 0.0540079200009
Time arrive: 2212.952471680702, time_travel to 42: 1.0198039027185568
t_charge: 13.216363554450641
e_remain: 10644.477759943675, e_depot: 10659.913158691117, er: 104.08156130888347
Energy after charge: 10709.845789410376
-----------------------
Node ~58 ~
Init energy: 10784.43864, Charge rate: 0.02334204000015
Time arrive: 2256.466689944686, time_travel to 58: 30.297854709533475
t_charge: 13.157674614214535
e_remain: 10731.768104264305, e_depot: 10776.682977288794, er: 7.7556627112062415
Energy after charge: 10797.249350368224
-----------------------
Node ~41 ~
Init energy: 10603.33128, Charge rate: 0.2950030800075
Time arrive: 2301.4098958585346, time_travel to 41: 31.7855312996338
t_charge: 3.5369374826189235
e_remain: 9924.408272361992, e_depot: 9691.546346428193, er: 911.7849335718074
Energy after charge: 9941.04955232392
-----------------------
Node ~6 ~
Init energy: 10512.1106, Charge rate: 0.431834100006
Time arrive: 2312.9318192522246, time_travel to 6: 7.9849859110708525
t_charge: 4.15447557153484
e_remain: 9513.307769457975, e_depot: 9172.298277349702, er: 1339.8123226502976
Energy after charge: 9532.28610309622
-----------------------
Node ~15 ~
Init energy: 10721.58088, Charge rate: 0.11762868000134999
Time arrive: 2345.6590090805466, time_travel to 15: 28.572714256787016
t_charge: 6.307896176362218
e_remain: 10445.66410702858, e_depot: 10382.506316394445, er: 339.07456360555443
Energy after charge: 10476.46159840958
-----------------------
Node ~21 ~
Init energy: 10786.6188, Charge rate: 0.02007179999985
Time arrive: 2368.4119653054463, time_travel to 21: 16.44506004853737
t_charge: 11.590297240281886
e_remain: 10739.080508715138, e_depot: 10781.329833464879, er: 5.28896653512129
Energy after charge: 10796.799356788402
-----------------------
Node ~18 ~
Init energy: 10616.73, Charge rate: 0.274905000003
Time arrive: 2403.4330115734483, time_travel to 18: 23.430749027719962
t_charge: 2.1578110743147887
e_remain: 9956.01424794619, e_depot: 9761.372687838233, er: 855.3573121617665
Energy after charge: 9966.210110264374
-----------------------
Node ~32 ~
Init energy: 10781.3, Charge rate: 0.028050000000750003
Time arrive: 2427.131481876301, time_travel to 32: 21.540659228538015
t_charge: 11.60984238700239
e_remain: 10713.218961931549, e_depot: 10750.971752049978, er: 30.32824795002125
Energy after charge: 10770.942517787596
-----------------------
Node ~31 ~
Init energy: 10630.19712, Charge rate: 0.2547043200045
Time arrive: 2476.2315896664722, time_travel to 31: 37.49026540316832
t_charge: 13.10162478661925
e_remain: 9999.49023678034, e_depot: 9893.205392840757, er: 736.991727159244
Energy after charge: 10061.661320281208
-----------------------
Node ~39 ~
Init energy: 10673.532, Charge rate: 0.1897020000045
Time arrive: 2503.8452784000287, time_travel to 39: 14.512063946937388
t_charge: 7.331694464189872
e_remain: 10198.547542985689, e_depot: 10112.494183727018, er: 561.0378162729812
Energy after charge: 10233.81517820336
-----------------------
Node ~22 ~
Init energy: 10734.7084, Charge rate: 0.09793740000194999
Time arrive: 2531.2129405224077, time_travel to 22: 20.03596765818911
t_charge: 10.037545989930042
e_remain: 10486.807985753945, e_depot: 10476.323629426113, er: 258.38477057388627
Energy after charge: 10536.01266454694
-----------------------
Node ~28 ~
Init energy: 10713.68928, Charge rate: 0.12946608000165
Time arrive: 2550.952032780846, time_travel to 28: 9.701546268507922
t_charge: 11.393087080088929
e_remain: 10383.427520043624, e_depot: 10362.744437628175, er: 350.94484237182587
Energy after charge: 10438.917937120692
-----------------------
Node ~26 ~
Init energy: 10787.88, Charge rate: 0.01818000000045
Time arrive: 2574.346786411877, time_travel to 26: 12.001666550941998
t_charge: 8.043348009336949
e_remain: 10741.078375421874, e_depot: 10770.8168034796, er: 17.063196520399288
Energy after charge: 10781.148887401745
-----------------------
Node ~30 ~
Init energy: 10775.619, Charge rate: 0.03657149999985
Time arrive: 2604.526078042393, time_travel to 30: 22.135943621178654
t_charge: 11.833601990997014
e_remain: 10680.367574537264, e_depot: 10719.560761324477, er: 56.05823867552317
Energy after charge: 10739.102811917037
-----------------------
Node ~12 ~
Init energy: 10775.12, Charge rate: 0.03732000000105
Time arrive: 2636.7685016554237, time_travel to 12: 20.408821622033937
t_charge: 6.271807821260062
e_remain: 10676.715799515452, e_depot: 10688.894482852684, er: 86.22551714731708
Energy after charge: 10707.840774753857
-----------------------
Node ~74 ~
Init energy: 10785.428, Charge rate: 0.02185799999985
Time arrive: 2720.1181921668563, time_travel to 74: 77.07788269017254
t_charge: 8.884831586596466
e_remain: 10725.971656556025, e_depot: 10760.9839041682, er: 24.44409583179913
Energy after charge: 10770.20160984019
-----------------------
Node ~73 ~
Init energy: 10784.16748, Charge rate: 0.023748779999999997
Time arrive: 2733.3893661933453, time_travel to 73: 4.386342439892262
t_charge: 9.9229964110645
e_remain: 10719.252817287936, e_depot: 10758.956905844543, er: 25.210574155456925
Energy after charge: 10768.632140284551
-----------------------
Node ~67 ~
Init energy: 10789.62432, Charge rate: 0.01556352
Time arrive: 2778.8493855523157, time_travel to 67: 35.53702294790604
t_charge: 8.03876261149723
e_remain: 10746.37564201097, e_depot: 10780.781970332599, er: 8.842349667402232
Energy after charge: 10786.444343625777
-----------------------
Node ~62 ~
Init energy: 10659.2458, Charge rate: 0.21113130000450003
Time arrive: 2827.547710384771, time_travel to 62: 40.659562220958556
t_charge: 3.065182727392882
e_remain: 10062.261976081716, e_depot: 10009.357881333102, er: 649.8879186668983
Energy after charge: 10076.940733704694
-----------------------
Node ~16 ~
Init energy: 10756.42448, Charge rate: 0.0653632800006
Time arrive: 2928.2008021993042, time_travel to 16: 97.5879090871405
t_charge: 23.344333484876874
e_remain: 10565.027671067865, e_depot: 10667.205304071347, er: 89.21917592865248
Energy after charge: 10680.22347628625
-----------------------
Node ~61 ~
Init energy: 10758.16788, Charge rate: 0.0627481800006
Time arrive: 2971.2976038843835, time_travel to 61: 19.752468200202223
t_charge: 4.594306482844835
e_remain: 10571.724363116113, e_depot: 10583.437994919981, er: 174.7298850800198
Energy after charge: 10594.407611160173
-----------------------
Node ~2 ~
Init energy: 10491.54092, Charge rate: 0.46268862000600003
Time arrive: 3013.7590465145527, time_travel to 2: 37.86713614732437
t_charge: 0.0
e_remain: 9097.108905737583, e_depot: 9033.74252596265, er: 1457.7983940373488
Energy after charge: 9097.108905737583
-----------------------
Node ~64 ~
Init energy: 10772.9142, Charge rate: 0.04062870000015
Time arrive: 3072.350854815714, time_travel to 64: 58.59180830116101
t_charge: 14.758707776191072
e_remain: 10648.088578824487, e_depot: 10718.698423217915, er: 54.215776782084504
Energy after charge: 10721.282490594813
-----------------------
Node ~66 ~
Init energy: 10779.7, Charge rate: 0.030450000000149996
Time arrive: 3090.797380374822, time_travel to 66: 3.687817782917155
t_charge: 5.228128724287288
e_remain: 10685.585219767123, e_depot: 10709.90147594085, er: 69.79852405915153
Energy after charge: 10711.566666868905
-----------------------
Node ~51 ~
Init energy: 10659.2458, Charge rate: 0.21113130000450003
Time arrive: 3115.22655073752, time_travel to 51: 19.201041638411183
t_charge: 3.8053850696374125
e_remain: 10001.523968534253, e_depot: 10013.058893044325, er: 646.186906955676
Energy after charge: 10019.74745798567
-----------------------
==============================================
Fitness: 0.028421978101564972, num_deaths: 0, max_er: 1458.0474766102834
