routes: [12  7  1  3 14 13 15 10 23  2 24 11 21 17  4 25 20 18  6  8 22  9  5 16
 19]
t_charge: [ 0.76617461 12.67376055 47.4719148   9.49530542  7.67877874  6.39027759
  8.96677841 35.79444975  4.55199434  0.27485526  6.94659777  4.03093585
  4.9824928   6.15295294  3.925734   33.58758786  9.82431384 47.3961377
  1.1101772  49.40249891  0.6342865  35.31319153 12.21063795  5.81381785
  4.65776228]
T: 1170.080338859907, energy used: 2610.2939966414688
=================================
Node ~12 ~
Init energy: 10794.24, Charge rate: 0.00864000000024
Time arrive: 19.601020381602588, time_travel to 12: 19.601020381602588
t_charge: 0.766174608823444
e_remain: 10794.070647183898, e_depot: 10787.961378916087, er: 6.2786210839130945
Energy after charge: 10797.894900479396
-----------------------
Node ~7 ~
Init energy: 10736.20624, Charge rate: 0.09569064000060001
Time arrive: 40.81517777602129, time_travel to 7: 20.447982785595258
t_charge: 12.673760549406756
e_remain: 10732.300609516873, e_depot: 10687.60930626941, er: 48.59693373058872
Energy after charge: 10794.45665200572
-----------------------
Node ~1 ~
Init energy: 10590.5216, Charge rate: 0.314217600003
Time arrive: 73.33837156670725, time_travel to 1: 19.849433241279208
t_charge: 47.47191480266407
e_remain: 10567.477392898181, e_depot: 10460.221338126064, er: 130.3002618739356
Energy after charge: 10789.920455774662
-----------------------
Node ~3 ~
Init energy: 10722.03488, Charge rate: 0.1169476800009
Time arrive: 136.28413527647908, time_travel to 3: 15.47384890710776
t_charge: 9.49530541806523
e_remain: 10706.096766558487, e_depot: 10632.673226045992, er: 89.36165395400712
Energy after charge: 10752.462839709271
-----------------------
Node ~14 ~
Init energy: 10758.92384, Charge rate: 0.06161424000014999
Time arrive: 154.60893671640196, time_travel to 14: 8.829496021857647
t_charge: 7.678778738910942
e_remain: 10749.397727866986, e_depot: 10725.224122876583, er: 33.69971712341612
Energy after charge: 10787.318499445413
-----------------------
Node ~13 ~
Init energy: 10750.73024, Charge rate: 0.07390464000194999
Time arrive: 181.6918387284732, time_travel to 13: 19.40412327316027
t_charge: 6.390277589154088
e_remain: 10737.30237006748, e_depot: 10696.20726172897, er: 54.5229782710303
Energy after charge: 10768.781486848511
-----------------------
Node ~15 ~
Init energy: 10712.09824, Charge rate: 0.1318526400024
Time arrive: 217.15100002512455, time_travel to 15: 29.068883707497264
t_charge: 8.966778410910756
e_remain: 10683.466307367526, e_depot: 10602.653950360971, er: 109.44428963902828
Energy after charge: 10727.117906016285
-----------------------
Node ~10 ~
Init energy: 10636.4048, Charge rate: 0.24539280000450003
Time arrive: 250.64042103425462, time_travel to 10: 24.522642598219303
t_charge: 35.79444974947697
e_remain: 10574.899445288098, e_depot: 10528.247758164338, er: 108.15704183566231
Energy after charge: 10745.087993786838
-----------------------
Node ~23 ~
Init energy: 10712.6216, Charge rate: 0.1310676000021
Time arrive: 294.0768600535487, time_travel to 23: 7.6419892698171195
t_charge: 4.551994335516326
e_remain: 10674.077651736628, e_depot: 10582.02194985357, er: 130.59965014643058
Energy after charge: 10696.24100444143
-----------------------
Node ~2 ~
Init energy: 10794.24, Charge rate: 0.00864000000024
Time arrive: 322.7369443175517, time_travel to 2: 24.10808992848666
t_charge: 0.2748552628069829
e_remain: 10791.451552801018, e_depot: 10785.504782186004, er: 8.735217813995405
Energy after charge: 10792.823454365582
-----------------------
Node ~24 ~
Init energy: 10712.09824, Charge rate: 0.1318526400024
Time arrive: 345.7889811443714, time_travel to 24: 22.7771815640127
t_charge: 6.94659776789058
e_remain: 10666.505049952373, e_depot: 10592.55304714587, er: 119.54519285412971
Energy after charge: 10700.322111537094
-----------------------
Node ~11 ~
Init energy: 10754.7698, Charge rate: 0.06784530000075001
Time arrive: 364.19856281698765, time_travel to 11: 11.462983904725679
t_charge: 4.0309358476420245
e_remain: 10730.06063924584, e_depot: 10695.540027623281, er: 59.229772376718756
Energy after charge: 10749.941838432182
-----------------------
Node ~21 ~
Init energy: 10712.09824, Charge rate: 0.1318526400024
Time arrive: 435.4904828976901, time_travel to 21: 67.2609842330604
t_charge: 4.982492801277323
e_remain: 10654.677670134019, e_depot: 10582.732522312805, er: 129.36571768719477
Energy after charge: 10678.933179310763
-----------------------
Node ~17 ~
Init energy: 10712.09824, Charge rate: 0.1318526400024
Time arrive: 470.62260256233003, time_travel to 17: 30.14962686336267
t_charge: 6.152952941602109
e_remain: 10650.045407407355, e_depot: 10588.584823014427, er: 123.5134169855719
Energy after charge: 10679.998889026205
-----------------------
Node ~4 ~
Init energy: 10774.41408, Charge rate: 0.0383788800003
Time arrive: 487.29791265430487, time_travel to 4: 10.522357150372724
t_charge: 3.9257339953620582
e_remain: 10755.712131885844, e_depot: 10749.136377060995, er: 25.277702939005394
Energy after charge: 10775.190136588733
-----------------------
Node ~25 ~
Init energy: 10636.4048, Charge rate: 0.24539280000450003
Time arrive: 556.6899738721406, time_travel to 25: 65.4663272224737
t_charge: 33.58758786031052
e_remain: 10499.797088577083, e_depot: 10517.213448718507, er: 119.19135128149355
Energy after charge: 10659.492875648197
-----------------------
Node ~20 ~
Init energy: 10712.09824, Charge rate: 0.1318526400024
Time arrive: 609.5285357337842, time_travel to 20: 19.250974001333024
t_charge: 9.824313839631408
e_remain: 10631.730293406703, e_depot: 10606.941627504575, er: 105.15661249542427
Energy after charge: 10679.556500888892
-----------------------
Node ~18 ~
Init energy: 10590.5216, Charge rate: 0.314217600003
Time arrive: 658.9533546207, time_travel to 18: 39.600505047284436
t_charge: 47.39613769827062
e_remain: 10383.466858397158, e_depot: 10459.842452604096, er: 130.67914739590378
Energy after charge: 10605.554846251549
-----------------------
Node ~6 ~
Init energy: 10794.22, Charge rate: 0.00867000000024
Time arrive: 728.0833368937347, time_travel to 6: 21.73384457476403
t_charge: 1.1101771958143358
e_remain: 10787.907517468955, e_depot: 10789.626289440876, er: 4.593710559123792
Energy after charge: 10793.44877821174
-----------------------
Node ~8 ~
Init energy: 10590.5216, Charge rate: 0.314217600003
Time arrive: 771.0049957662368, time_travel to 8: 41.811481676687805
t_charge: 49.4024989095782
e_remain: 10348.25826064001, e_depot: 10469.874258660635, er: 120.64734133936508
Energy after charge: 10579.747620546383
-----------------------
Node ~22 ~
Init energy: 10793.82, Charge rate: 0.009270000000255
Time arrive: 878.8475494328051, time_travel to 22: 58.440054756990094
t_charge: 0.634286503825571
e_remain: 10785.673083216534, e_depot: 10786.144787777597, er: 7.675212222402479
Energy after charge: 10788.83863589977
-----------------------
Node ~9 ~
Init energy: 10636.4048, Charge rate: 0.24539280000450003
Time arrive: 950.9605040831483, time_travel to 9: 71.47866814651766
t_charge: 35.31319153059724
e_remain: 10403.045939209345, e_depot: 10525.84146706994, er: 110.56333293005991
Energy after charge: 10570.946293915544
-----------------------
Node ~5 ~
Init energy: 10718.27908, Charge rate: 0.12258138000225
Time arrive: 1021.2736956137455, time_travel to 5: 35.0
t_charge: 12.210637952377352
e_remain: 10593.089941031669, e_depot: 10635.90220711094, er: 82.3768728890609
Energy after charge: 10652.646333942645
-----------------------
Node ~16 ~
Init energy: 10780.7184, Charge rate: 0.02892240000045
Time arrive: 1074.6537396828012, time_travel to 16: 41.16940611667844
t_charge: 5.813817851988487
e_remain: 10749.636834678915, e_depot: 10775.945957666774, er: 4.7724423332256265
Energy after charge: 10778.537774373412
-----------------------
Node ~19 ~
Init energy: 10786.85628, Charge rate: 0.01971558000045
Time arrive: 1139.116683700488, time_travel to 19: 58.64912616569833
t_charge: 4.657762283487074
e_remain: 10764.397933892657, e_depot: 10787.076278889688, er: 0
Energy after charge: 10787.59491482517
-----------------------
==============================================
Fitness: 0.0025473518010897416, num_deaths: 0, max_er: 130.67914739590378
