routes: [  2  47  15  77  73  33  30  46  49   7  25  51   9  78  59  56  16  20
  53  10  43   6  45  96  92  84  19  39  44  34   4  62  36  29   3  69
  97  14  98  72  93 100  88  41  27  68  63  81  86  38  82  17  22  80
  74  54  50  28  31  18  94  64  70  66  87  67  23  79  61  55  89   5
  24  48  71  35  65  85  52  12  76  95  58  99   1  57  26   8  75  60
  21  42  40  11  90  83  13  32  91  37]
t_charge: [9.26823301e+01 3.92298696e-02 8.31513054e+00 2.90224273e+00
 2.14690706e+01 3.00591707e+01 2.18188569e-01 6.84827680e-01
 1.31669476e+00 3.20556990e+00 1.52746725e+02 1.26586715e+02
 4.55167498e+00 2.73832559e+00 3.37800639e-01 1.41435277e+01
 1.33050066e+02 5.74428728e-01 5.36823916e+00 1.16041268e+02
 8.33915853e+00 1.93972763e+02 1.94006199e-06 1.98435258e+01
 4.92710935e+00 3.62024023e-01 3.11155759e+01 3.06380789e-02
 4.21591822e+02 2.42222096e+02 1.63727918e+02 2.17162749e+02
 1.95857858e+02 9.56528917e+01 1.52198303e+01 2.14956516e+01
 4.55047484e+00 3.51770673e+00 4.50839007e+00 9.32549180e+00
 1.42672760e+01 3.16096834e-02 2.03818620e-01 2.00077024e+01
 5.57672464e+00 2.86132579e-03 2.28807481e+02 3.27716508e+00
 0.00000000e+00 7.40972426e-01 5.42803002e+01 6.87549129e+00
 1.84384683e+02 0.00000000e+00 3.03768139e+01 1.09587698e+00
 9.03458933e+01 0.00000000e+00 2.39343857e+02 0.00000000e+00
 0.00000000e+00 2.64488251e+01 6.68748471e+00 8.10659701e-01
 9.19790524e-03 0.00000000e+00 6.02978159e-01 1.33097499e-02
 7.23403717e+01 3.81210426e+00 2.05435101e-01 0.00000000e+00
 2.18607067e+02 1.68704841e-02 6.16729248e-01 6.38376838e+01
 1.94916037e+01 3.56883796e-01 4.77623578e+01 0.00000000e+00
 7.74466782e+01 0.00000000e+00 1.93697541e+00 5.46894712e-01
 1.20594014e+02 8.46766227e-01 0.00000000e+00 1.47685250e+02
 3.24915402e+01 2.63903526e+00 4.58065330e+01 0.00000000e+00
 7.73613347e+00 3.82594255e+01 0.00000000e+00 1.16100957e-01
 4.91783142e+02 1.87650901e-02 1.62515863e+01 5.82478353e+01]
T: 7974.993027307638, energy used: 26991.39169539784
=================================
Node ~2 ~
Init energy: 10245.439, Charge rate: 0.8318415000089999
Time arrive: 3.605551275463989, time_travel to 2: 3.605551275463989
t_charge: 92.68233010212708
e_remain: 10242.439752818658, e_depot: 4074.9204881137352, er: 6170.518511886265
Energy after charge: 10628.754394832811
-----------------------
Node ~47 ~
Init energy: 10769.3466, Charge rate: 0.0459801000006
Time arrive: 118.29606167492597, time_travel to 47: 22.008180297334896
t_charge: 0.03922986957784359
e_remain: 10763.907335254511, e_depot: 10402.851772448197, er: 366.4948275518036
Energy after charge: 10764.101680809074
-----------------------
Node ~15 ~
Init energy: 10733.0988, Charge rate: 0.10035180000225
Time arrive: 160.94045555076013, time_travel to 15: 42.60516400625633
t_charge: 8.315130540367191
e_remain: 10716.948135592298, e_depot: 9974.369547406122, er: 758.7292525938774
Energy after charge: 10757.689349977154
-----------------------
Node ~77 ~
Init energy: 10727.926, Charge rate: 0.10811100000044999
Time arrive: 191.68770591962326, time_travel to 77: 22.432119828495924
t_charge: 2.902242729466469
e_remain: 10707.202450425237, e_depot: 9880.252742468487, er: 847.6732575315127
Energy after charge: 10721.399899708842
-----------------------
Node ~73 ~
Init energy: 10679.5844, Charge rate: 0.18062340000299998
Time arrive: 210.6024437700882, time_travel to 73: 16.012495120998476
t_charge: 21.469070577058005
e_remain: 10641.544670557305, e_depot: 9346.459397292767, er: 1333.1250027072329
Energy after charge: 10745.012206920062
-----------------------
Node ~33 ~
Init energy: 10559.86, Charge rate: 0.360210000009
Time arrive: 272.9420416253696, time_travel to 33: 40.87052727822336
t_charge: 30.059170667544652
e_remain: 10461.54354718367, e_depot: 7837.483614899465, er: 2722.376385100536
Energy after charge: 10601.011786654966
-----------------------
Node ~30 ~
Init energy: 10008.3808, Charge rate: 1.187428800015
Time arrive: 321.0522510441884, time_travel to 30: 18.05103875127412
t_charge: 0.21818856861637648
e_remain: 9627.154110800486, e_depot: 539.7353422991832, er: 0
Energy after charge: 9627.985970253358
-----------------------
!!!!!!!!!!!! DEATH !!!!!!!!!!!!!!
Node ~46 ~
Init energy: 10775.22736, Charge rate: 0.03715896000075
Time arrive: 347.33037054133945, time_travel to 46: 26.05993092853471
t_charge: 0.6848276795385376
e_remain: 10762.32092465401, e_depot: 10482.309051489709, er: 292.91830851029226
Energy after charge: 10765.719615567352
-----------------------
Node ~49 ~
Init energy: 10539.86608, Charge rate: 0.39020088001049996
Time arrive: 363.435963441839, time_travel to 49: 15.420765220960988
t_charge: 1.3166947617250717
e_remain: 10398.05304723753, e_depot: 7434.600256475584, er: 3105.265823524416
Energy after charge: 10404.122745591425
-----------------------
Node ~7 ~
Init energy: 10526.25672, Charge rate: 0.410614920009
Time arrive: 380.33983241828304, time_travel to 7: 15.58717421471897
t_charge: 3.205569895353255
e_remain: 10370.08351013533, e_depot: 7267.633445496507, er: 3258.623274503492
Energy after charge: 10384.795104785931
-----------------------
Node ~25 ~
Init energy: 10290.5448, Charge rate: 0.764182800018
Time arrive: 390.48802429672025, time_travel to 25: 6.942621983083913
t_charge: 152.74672452682933
e_remain: 9992.140568219434, e_depot: 4959.925920902169, er: 5330.61887909783
Energy after charge: 10639.14777121109
-----------------------
Node ~51 ~
Init energy: 10467.1584, Charge rate: 0.4992624000135
Time arrive: 552.7426402827533, time_travel to 51: 9.50789145920377
t_charge: 126.58671482625108
e_remain: 10191.194782822635, e_depot: 7118.477815226716, er: 3348.680584773284
Energy after charge: 10760.928369899912
-----------------------
Node ~9 ~
Init energy: 10733.84, Charge rate: 0.0992400000027
Time arrive: 698.2576408211337, time_travel to 9: 18.928285712129348
t_charge: 4.551674980509065
e_remain: 10664.544911723026, e_depot: 9965.160066851004, er: 768.6799331489965
Energy after charge: 10686.851578400492
-----------------------
Node ~78 ~
Init energy: 10778.35912, Charge rate: 0.0324613200006
Time arrive: 740.9275529067346, time_travel to 78: 38.118237105091836
t_charge: 2.738325588824797
e_remain: 10754.307633607832, e_depot: 10533.171947282137, er: 245.18717271786227
Energy after charge: 10767.91037188875
-----------------------
Node ~59 ~
Init energy: 10788.22, Charge rate: 0.01767000000045
Time arrive: 759.8708160147231, time_travel to 59: 16.204937519163717
t_charge: 0.33780063888536344
e_remain: 10774.793082680677, e_depot: 10648.990876398313, er: 139.2291236016863
Energy after charge: 10776.476116937814
-----------------------
Node ~56 ~
Init energy: 10675.88832, Charge rate: 0.1861675200015
Time arrive: 781.7492758821465, time_travel to 56: 21.540659228538015
t_charge: 14.143527702948141
e_remain: 10530.351996046053, e_depot: 9261.921284591624, er: 1413.9670354083755
Energy after charge: 10598.436569084262
-----------------------
Node ~16 ~
Init energy: 10332.32112, Charge rate: 0.7015183200135
Time arrive: 808.8202936740486, time_travel to 16: 12.92749008895385
t_charge: 133.05006637729403
e_remain: 9764.918866388956, e_depot: 5402.96774125024, er: 4929.353378749761
Energy after charge: 10336.832139232742
-----------------------
Node ~20 ~
Init energy: 10671.208, Charge rate: 0.1931880000045
Time arrive: 953.8736929218416, time_travel to 20: 12.003332870498927
t_charge: 0.5744287279305814
e_remain: 10486.931049007524, e_depot: 9133.407190644259, er: 1537.8008093557419
Energy after charge: 10489.692219910083
-----------------------
Node ~53 ~
Init energy: 10744.692, Charge rate: 0.08296200000165
Time arrive: 959.1171686617437, time_travel to 53: 4.669047011971501
t_charge: 5.368239155622846
e_remain: 10665.1217214519, e_depot: 10109.911824233457, er: 634.780175766542
Energy after charge: 10691.517557373178
-----------------------
Node ~10 ~
Init energy: 10565.903, Charge rate: 0.35114550000300004
Time arrive: 990.1018088136033, time_travel to 10: 25.61640099623677
t_charge: 116.04126750782463
e_remain: 10218.233205290273, e_depot: 8345.726423444743, er: 2220.1765765552573
Energy after charge: 10757.69217392938
-----------------------
Node ~43 ~
Init energy: 10692.42496, Charge rate: 0.16136256000299998
Time arrive: 1149.5444587878887, time_travel to 43: 43.401382466460674
t_charge: 8.339158525603976
e_remain: 10506.931523292724, e_depot: 9447.255461735584, er: 1245.1694982644167
Energy after charge: 10547.281687952782
-----------------------
Node ~6 ~
Init energy: 10399.532, Charge rate: 0.6007020000165
Time arrive: 1186.8394457423256, time_travel to 6: 28.955828428832767
t_charge: 193.97276298124316
e_remain: 9686.59517124411, e_depot: 6578.801553284875, er: 3820.7304467151243
Energy after charge: 10539.939159478767
-----------------------
Node ~45 ~
Init energy: 10781.66, Charge rate: 0.027510000000750004
Time arrive: 1405.619465726309, time_travel to 45: 24.807257002740148
t_charge: 1.9400619890496534e-06
e_remain: 10742.991408496815, e_depot: 10562.267951513095, er: 219.39204848690497
Energy after charge: 10742.991418143754
-----------------------
Node ~96 ~
Init energy: 10679.96468, Charge rate: 0.1800529800015
Time arrive: 1457.2942197218963, time_travel to 96: 51.67475205552514
t_charge: 19.843525805013343
e_remain: 10417.57451300011, e_depot: 9343.26104896714, er: 1336.7036310328585
Energy after charge: 10513.219256070248
-----------------------
Node ~92 ~
Init energy: 10775.1508, Charge rate: 0.03727380000015
Time arrive: 1501.181871628725, time_travel to 92: 24.044126101815387
t_charge: 4.927109352222438
e_remain: 10719.19604715306, e_depot: 10502.528051658655, er: 272.62274834134405
Energy after charge: 10743.647941825599
-----------------------
Node ~84 ~
Init energy: 10750.9608, Charge rate: 0.07355880000119999
Time arrive: 1539.3144022250758, time_travel to 84: 33.205421244128196
t_charge: 0.36202402341344064
e_remain: 10637.73067974776, e_depot: 10166.14000301038, er: 584.8207969896212
Energy after charge: 10639.514169812093
-----------------------
Node ~19 ~
Init energy: 10517.28, Charge rate: 0.42408000001049995
Time arrive: 1613.3516595362094, time_travel to 19: 73.67523328772023
t_charge: 31.1155758524119
e_remain: 9833.089828206945, e_depot: 7290.822836157699, er: 3226.4571638423013
Energy after charge: 9975.472214061187
-----------------------
Node ~39 ~
Init energy: 10732.3192, Charge rate: 0.1015212000015
Time arrive: 1684.3520695991328, time_travel to 39: 39.88483421051164
t_charge: 0.030638078917208784
e_remain: 10561.321756669286, e_depot: 9922.841528258718, er: 809.4776717412824
Energy after charge: 10561.471836649334
-----------------------
Node ~44 ~
Init energy: 10092.926, Charge rate: 1.0606110000089999
Time arrive: 1717.1735600609939, time_travel to 44: 32.79085238294363
t_charge: 421.5918221256517
e_remain: 8271.672833274693, e_depot: 3742.519780870703, er: 6350.406219129296
Energy after charge: 9932.487019842649
-----------------------
Node ~34 ~
Init energy: 10536.10244, Charge rate: 0.395846340006
Time arrive: 2150.6582371845006, time_travel to 34: 11.892854997854805
t_charge: 242.22209642644575
e_remain: 9684.77224820676, e_depot: 8590.34112069913, er: 1945.761319300871
Energy after charge: 10800.0
-----------------------
Node ~4 ~
Init energy: 9938.15507999, Charge rate: 1.292767380018
Time arrive: 2413.760946628767, time_travel to 4: 20.880613017821098
t_charge: 163.7279180638712
e_remain: 6817.723665026961, e_depot: 446.9838287350419, er: 0
Energy after charge: 7424.701143675084
-----------------------
!!!!!!!!!!!! DEATH !!!!!!!!!!!!!!
Node ~62 ~
Init energy: 10490.535, Charge rate: 0.4641975000045
Time arrive: 2600.9059524705835, time_travel to 62: 23.417087777945405
t_charge: 217.16274853971134
e_remain: 9283.200959116331, e_depot: 7874.376916869031, er: 2616.1580831309684
Energy after charge: 10268.208296848648
-----------------------
Node ~36 ~
Init energy: 10594.4808, Charge rate: 0.3082788000075
Time arrive: 2825.8352961458736, time_travel to 36: 7.76659513557904
t_charge: 195.8578577965223
e_remain: 9723.335685885311, e_depot: 9115.248808456032, er: 1479.2319915439675
Energy after charge: 10642.246149494371
-----------------------
Node ~29 ~
Init energy: 10625.03172, Charge rate: 0.262452420006
Time arrive: 3045.681484438702, time_travel to 29: 23.988330496305906
t_charge: 95.65289168497708
e_remain: 9825.685243841597, e_depot: 9010.23995887702, er: 1614.7917611229805
Energy after charge: 10278.84536936319
-----------------------
Node ~3 ~
Init energy: 10676.7998, Charge rate: 0.18480030000449998
Time arrive: 3160.9812588280674, time_travel to 3: 19.6468827043885
t_charge: 15.219830271795662
e_remain: 10092.649515059971, e_depot: 9279.117847378731, er: 1397.6819526212694
Energy after charge: 10165.936037218704
-----------------------
Node ~69 ~
Init energy: 10637.3408, Charge rate: 0.24398880000599998
Time arrive: 3203.331146232129, time_travel to 69: 27.130057132265684
t_charge: 21.495651602735407
e_remain: 9855.763877608979, e_depot: 8799.010079224669, er: 1838.3307207753314
Energy after charge: 9957.997437382757
-----------------------
Node ~97 ~
Init energy: 10693.13656, Charge rate: 0.16029516
Time arrive: 3266.504129803214, time_travel to 97: 41.677331968349414
t_charge: 4.550474844387355
e_remain: 10169.531757872533, e_depot: 9437.536150910775, er: 1255.6004090892256
Energy after charge: 10191.554713001213
-----------------------
Node ~14 ~
Init energy: 10756.22, Charge rate: 0.0656700000018
Time arrive: 3303.5827463098603, time_travel to 14: 32.52814166225916
t_charge: 3.5177067318729818
e_remain: 10539.273721043885, e_depot: 10250.090741541717, er: 506.1292584582825
Energy after charge: 10556.631246902161
-----------------------
Node ~98 ~
Init energy: 10767.10768, Charge rate: 0.0493384800003
Time arrive: 3342.4642763644456, time_travel to 98: 35.36382332271215
t_charge: 4.508390072972464
e_remain: 10602.195573148874, e_depot: 10396.175596384512, er: 370.9320836154875
Energy after charge: 10624.515086400288
-----------------------
Node ~72 ~
Init energy: 10703.35904, Charge rate: 0.14496144000345002
Time arrive: 3383.5294715494624, time_travel to 72: 36.55680511204446
t_charge: 9.32549179781598
e_remain: 10212.877735510077, e_depot: 9593.92002573309, er: 1109.439014266909
Energy after charge: 10258.153357779405
-----------------------
Node ~93 ~
Init energy: 10745.56, Charge rate: 0.0816600000009
Time arrive: 3412.2673305393546, time_travel to 93: 19.412367192076292
t_charge: 14.267276004352082
e_remain: 10466.914249785084, e_depot: 10165.658449404642, er: 579.9015505953575
Energy after charge: 10537.085564048317
-----------------------
Node ~100 ~
Init energy: 10768.306, Charge rate: 0.047541000001499994
Time arrive: 3454.2546354037204, time_travel to 100: 27.720028860013837
t_charge: 0.03160968337409531
e_remain: 10604.08728037309, e_depot: 10389.324904893676, er: 378.9810951063246
Energy after charge: 10604.243826034004
-----------------------
Node ~88 ~
Init energy: 10763.904, Charge rate: 0.05414400000105
Time arrive: 3517.4533251209223, time_travel to 88: 63.167080033827745
t_charge: 0.2038186197863145
e_remain: 10573.45500716096, e_depot: 10333.125070620014, er: 430.77892937998695
Energy after charge: 10574.463064704541
-----------------------
Node ~41 ~
Init energy: 10657.81624, Charge rate: 0.21327564000599997
Time arrive: 3563.181642639653, time_travel to 41: 45.524498898944515
t_charge: 20.007702379737374
e_remain: 9897.876394708397, e_depot: 9056.983009956264, er: 1600.833230043736
Energy after charge: 9993.647751076996
-----------------------
Node ~27 ~
Init energy: 10672.756, Charge rate: 0.19086600000450002
Time arrive: 3611.4346986195847, time_travel to 27: 28.245353600194143
t_charge: 5.5767246394534435
e_remain: 9983.455904797022, e_depot: 9178.484604011279, er: 1494.2713959887205
Energy after charge: 10010.27512086923
-----------------------
Node ~68 ~
Init energy: 10775.62, Charge rate: 0.03657000000105
Time arrive: 3669.804225798778, time_travel to 68: 52.79280253974021
t_charge: 0.0028613257873872826
e_remain: 10641.415259458687, e_depot: 10483.988811611924, er: 291.63118838807713
Energy after charge: 10641.429461448939
-----------------------
Node ~63 ~
Init energy: 10490.3576, Charge rate: 0.4644636000135
Time arrive: 3703.7317094511295, time_travel to 63: 33.924622326563934
t_charge: 228.8074809076886
e_remain: 8770.109036744174, e_depot: 7930.301032992576, er: 2560.056567007423
Energy after charge: 9807.873694990212
-----------------------
Node ~81 ~
Init energy: 10724.62728, Charge rate: 0.11305908000195
Time arrive: 3955.940045044064, time_travel to 81: 23.400854685246006
t_charge: 3.277165079452229
e_remain: 10277.372337964445, e_depot: 9839.367730707894, er: 885.2595492921064
Energy after charge: 10293.387650092809
-----------------------
Node ~86 ~
Init energy: 10765.00896, Charge rate: 0.052486560001350005
Time arrive: 4020.9702667280276, time_travel to 86: 61.75305660451149
t_charge: 0.0
e_remain: 10553.962062831733, e_depot: 10346.429009961868, er: 418.57995003813085
Energy after charge: 10553.962062831733
-----------------------
Node ~38 ~
Init energy: 10745.5458, Charge rate: 0.0816813000012
Time arrive: 4108.069520456173, time_travel to 38: 87.09925372814625
t_charge: 0.7409724262496032
e_remain: 10409.993341073834, e_depot: 10097.842864160255, er: 647.7029358397449
Energy after charge: 10413.637679614041
-----------------------
Node ~82 ~
Init energy: 10608.00032, Charge rate: 0.287999520006
Time arrive: 4121.765800674984, time_travel to 82: 12.955307792561317
t_charge: 54.280300235717085
e_remain: 9420.933747828458, e_depot: 8582.607657262788, er: 2025.3926627372111
Energy after charge: 9676.702548593375
-----------------------
Node ~17 ~
Init energy: 10698.50832, Charge rate: 0.1522375200015
Time arrive: 4209.661573538644, time_travel to 17: 33.61547262794322
t_charge: 6.875491290324006
e_remain: 10057.639881998866, e_depot: 9518.792615945053, er: 1179.7157040549482
Energy after charge: 10090.970630707656
-----------------------
Node ~22 ~
Init energy: 10639.00928, Charge rate: 0.24148608000299998
Time arrive: 4255.831848197757, time_travel to 22: 39.29478336878828
t_charge: 184.38468279594562
e_remain: 9611.285129826801, e_depot: 9635.08288976395, er: 1003.9263902360508
Energy after charge: 10488.68220954554
-----------------------
Node ~80 ~
Init energy: 10793.94, Charge rate: 0.009090000000255
Time arrive: 4468.789245250489, time_travel to 80: 28.572714256787016
t_charge: 0.0
e_remain: 10753.318705759533, e_depot: 10721.44731337974, er: 72.49268662026043
Energy after charge: 10753.318705759533
-----------------------
Node ~74 ~
Init energy: 10681.392, Charge rate: 0.1779120000045
Time arrive: 4485.461377687583, time_travel to 74: 16.672132437093943
t_charge: 30.37681390091668
e_remain: 9883.374595352661, e_depot: 9414.42910999434, er: 1266.9628900056596
Energy after charge: 10029.854265142369
-----------------------
Node ~54 ~
Init energy: 10724.184, Charge rate: 0.11372400000180001
Time arrive: 4532.336676367412, time_travel to 54: 16.498484778912275
t_charge: 1.0958769815409182
e_remain: 10208.748543808633, e_depot: 9822.715277855816, er: 901.4687221441836
Energy after charge: 10214.103301202487
-----------------------
Node ~50 ~
Init energy: 10516.52096, Charge rate: 0.425218560012
Time arrive: 4557.1517438916335, time_travel to 50: 23.719190542680835
t_charge: 90.34589333935294
e_remain: 8578.735457706225, e_depot: 7577.13537551927, er: 2939.3855844807294
Energy after charge: 8992.048173734232
-----------------------
Node ~28 ~
Init energy: 10800.0, Charge rate: 0.0
Time arrive: 4671.739749350189, time_travel to 28: 24.242112119202815
t_charge: 0.0
e_remain: 10800.0, e_depot: 10800.0, er: 0
Energy after charge: 10800.0
-----------------------
Node ~31 ~
Init energy: 10460.4834, Charge rate: 0.509274900012
Time arrive: 4698.254650820872, time_travel to 31: 26.51490147068248
t_charge: 239.34385714337037
e_remain: 8067.780232472285, e_depot: 7595.738909138357, er: 2864.7444908616426
Energy after charge: 9142.60769927396
-----------------------
Node ~18 ~
Init energy: 10269.88984, Charge rate: 0.795165240015
Time arrive: 4957.632479113268, time_travel to 18: 20.033971149025845
t_charge: 0.0
e_remain: 6327.752819839739, e_depot: 3928.4525953229704, er: 6341.437244677029
Energy after charge: 6327.752819839739
-----------------------
Node ~94 ~
Init energy: 10732.15684, Charge rate: 0.1017647400018
Time arrive: 4993.143040922398, time_travel to 94: 35.510561809129406
t_charge: 0.0
e_remain: 10224.030936648734, e_depot: 9920.58374805987, er: 811.5730919401303
Energy after charge: 10224.030936648734
-----------------------
Node ~64 ~
Init energy: 10617.496, Charge rate: 0.273756000006
Time arrive: 5026.895077897964, time_travel to 64: 33.752036975566384
t_charge: 26.448825081016146
e_remain: 9241.353311024803, e_depot: 8566.5379341736, er: 2050.9580658263985
Energy after charge: 9366.356911870846
-----------------------
Node ~70 ~
Init energy: 10676.36, Charge rate: 0.1854600000045
Time arrive: 5076.8326236763705, time_travel to 70: 23.488720697390058
t_charge: 6.687484713772415
e_remain: 9734.810621590135, e_depot: 9230.755216688502, er: 1445.604783311499
Energy after charge: 9767.007784243951
-----------------------
Node ~66 ~
Init energy: 10787.3436, Charge rate: 0.01898460000045
Time arrive: 5102.53589130855, time_travel to 66: 19.01578291840754
t_charge: 0.8106597012515601
e_remain: 10690.473997115567, e_depot: 10639.994845876445, er: 147.3487541235554
Energy after charge: 10694.51190557166
-----------------------
Node ~87 ~
Init energy: 10709.85024, Charge rate: 0.13522464000075
Time arrive: 5118.810056433865, time_travel to 87: 15.463505424062166
t_charge: 0.009197905236823532
e_remain: 10017.660992886511, e_depot: 9631.480668400018, er: 1078.369571599982
Energy after charge: 10017.70573862927
-----------------------
Node ~67 ~
Init energy: 10775.82, Charge rate: 0.03627000000045
Time arrive: 5130.063808576598, time_travel to 67: 11.244554237496477
t_charge: 0.0
e_remain: 10589.752585660617, e_depot: 10486.567002895963, er: 289.2529971040367
Energy after charge: 10589.752585660617
-----------------------
Node ~23 ~
Init energy: 10673.748, Charge rate: 0.18937800000299998
Time arrive: 5176.818487486841, time_travel to 23: 46.75467891024384
t_charge: 0.6029781593020315
e_remain: 9693.372468461186, e_depot: 9166.474661247119, er: 1507.2733387528806
Energy after charge: 9696.273168459842
-----------------------
Node ~79 ~
Init energy: 10779.85056, Charge rate: 0.030224160000300003
Time arrive: 5191.479915062776, time_travel to 79: 14.058449416631978
t_charge: 0.013309749904516084
e_remain: 10622.9424404088, e_depot: 10538.8796434909, er: 240.9709165091008
Energy after charge: 10623.008586882312
-----------------------
Node ~61 ~
Init energy: 10750.9608, Charge rate: 0.07355880000119999
Time arrive: 5207.338728906902, time_travel to 61: 15.845504094221806
t_charge: 72.34037170074483
e_remain: 10367.915211901834, e_depot: 10526.031741397037, er: 224.92905860296378
Energy after charge: 10724.29579947161
-----------------------
Node ~55 ~
Init energy: 10732.9326, Charge rate: 0.1006011000012
Time arrive: 5312.723313414128, time_travel to 55: 33.04421280648096
t_charge: 3.8121042639684632
e_remain: 10198.466790668519, e_depot: 9949.700050270792, er: 783.2325497292077
Energy after charge: 10217.143810106087
-----------------------
Node ~89 ~
Init energy: 10784.5292, Charge rate: 0.0232062
Time arrive: 5358.339723676402, time_travel to 89: 41.80430599830596
t_charge: 0.20543510071801752
e_remain: 10660.182496704421, e_depot: 10600.487092313284, er: 184.04210768671692
Energy after charge: 10661.204904839977
-----------------------
Node ~5 ~
Init energy: 10265.11664, Charge rate: 0.8023250400090001
Time arrive: 5383.148410594716, time_travel to 5: 24.60325181759517
t_charge: 0.0
e_remain: 5946.08187609521, e_depot: 3866.580040293903, er: 6398.536599706097
Energy after charge: 5946.08187609521
-----------------------
Node ~24 ~
Init energy: 10539.3084, Charge rate: 0.39103740000599996
Time arrive: 5420.2105206263905, time_travel to 24: 37.0621100316752
t_charge: 218.60706730024108
e_remain: 8419.803370529089, e_depot: 8513.823198036847, er: 2025.4852019631526
Energy after charge: 9427.355167810272
-----------------------
Node ~48 ~
Init energy: 10774.46288, Charge rate: 0.0383056800006
Time arrive: 5677.189452619398, time_travel to 48: 38.371864692766756
t_charge: 0.01687048414193779
e_remain: 10556.994277525178, e_depot: 10469.059701509646, er: 305.40317849035273
Energy after charge: 10557.077983710522
-----------------------
Node ~71 ~
Init energy: 10760.115, Charge rate: 0.059827500000299995
Time arrive: 5705.292618694094, time_travel to 71: 28.08629559055448
t_charge: 0.6167292478747128
e_remain: 10418.781605853368, e_depot: 10286.074750895732, er: 474.0402491042678
Energy after charge: 10421.828354723664
-----------------------
Node ~35 ~
Init energy: 10476.2, Charge rate: 0.48570000000749997
Time arrive: 5753.8910111061405, time_travel to 35: 47.98166316417137
t_charge: 63.837683812900266
e_remain: 7681.535135862594, e_depot: 6921.934305641371, er: 3554.26569435863
Energy after charge: 7969.71759189869
-----------------------
Node ~65 ~
Init energy: 10788.42, Charge rate: 0.017370000000449998
Time arrive: 5869.064842028071, time_travel to 65: 51.3361471090303
t_charge: 19.49160368943872
e_remain: 10686.474343691332, e_depot: 10747.352389559272, er: 41.06761044072846
Energy after charge: 10783.593792982432
-----------------------
Node ~85 ~
Init energy: 10692.658, Charge rate: 0.16101300000000002
Time arrive: 5912.777098062152, time_travel to 85: 24.220652344641753
t_charge: 0.3568837955435296
e_remain: 9740.624021109717, e_depot: 9410.36486667183, er: 1282.2931333281686
Energy after charge: 9742.350977156862
-----------------------
Node ~52 ~
Init energy: 10630.5984, Charge rate: 0.2541024000075
Time arrive: 5955.801533931842, time_travel to 52: 42.66755207414646
t_charge: 47.762357827197526
e_remain: 9117.21493625957, e_depot: 8842.94532085404, er: 1787.6530791459609
Energy after charge: 9343.89019564165
-----------------------
Node ~12 ~
Init energy: 10774.64, Charge rate: 0.03804000000105
Time arrive: 6052.525100894436, time_travel to 12: 48.96120913539615
t_charge: 0.0
e_remain: 10544.40194515562, e_depot: 10471.271265232843, er: 303.36873476715664
Energy after charge: 10544.40194515562
-----------------------
Node ~76 ~
Init energy: 10587.88952, Charge rate: 0.3181657200075
Time arrive: 6076.581700820444, time_travel to 76: 24.05659992600783
t_charge: 77.44667823664311
e_remain: 8654.529527974066, e_depot: 8437.753512595089, er: 2150.1360074049117
Energy after charge: 9017.12204101393
-----------------------
Node ~95 ~
Init energy: 10740.7508, Charge rate: 0.08887380000134999
Time arrive: 6180.2771885539005, time_travel to 95: 26.248809496813372
t_charge: 0.0
e_remain: 10191.486081191555, e_depot: 10031.9828646789, er: 708.7679353211006
Energy after charge: 10191.486081191555
-----------------------
Node ~58 ~
Init energy: 10775.068, Charge rate: 0.0373980000006
Time arrive: 6226.891349492396, time_travel to 58: 46.614160938495935
t_charge: 1.9369754055856094
e_remain: 10542.194717307946, e_depot: 10486.504087787891, er: 288.56391221210833
Energy after charge: 10551.807155329654
-----------------------
Node ~99 ~
Init energy: 10757.2224, Charge rate: 0.06416640000149999
Time arrive: 6264.829435991947, time_travel to 99: 36.001111093964866
t_charge: 0.5468947115498678
e_remain: 10355.23084846897, e_depot: 10248.230280958354, er: 508.9921190416462
Energy after charge: 10357.930229761898
-----------------------
Node ~1 ~
Init energy: 10478.319, Charge rate: 0.482521500006
Time arrive: 6319.52427618622, time_travel to 1: 54.147945482723536
t_charge: 120.5940141162432
e_remain: 7429.012666930294, e_depot: 7233.183472507342, er: 3245.1355274926573
Energy after charge: 7973.7935329283955
-----------------------
Node ~57 ~
Init energy: 10759.8312, Charge rate: 0.060253200000299996
Time arrive: 6477.031702499115, time_travel to 57: 36.91341219665286
t_charge: 0.8467662272653649
e_remain: 10369.569313421038, e_depot: 10283.546181260963, er: 476.2850187390377
Energy after charge: 10373.75212418252
-----------------------
Node ~26 ~
Init energy: 10800.0, Charge rate: 0.0
Time arrive: 6545.202758548108, time_travel to 26: 67.32428982172779
t_charge: 0.0
e_remain: 10800.0, e_depot: 10800.0, er: 0
Energy after charge: 10800.0
-----------------------
Node ~8 ~
Init energy: 10537.6926, Charge rate: 0.39346110001049994
Time arrive: 6578.8913322786775, time_travel to 8: 33.688573730569246
t_charge: 147.68524977298065
e_remain: 7949.154779552088, e_depot: 8138.269319764373, er: 2399.4232802356273
Energy after charge: 8629.472627585988
-----------------------
Node ~75 ~
Init energy: 10684.30892, Charge rate: 0.17353662000450001
Time arrive: 6770.3857135198805, time_travel to 75: 43.80913146822247
t_charge: 32.491540219474665
e_remain: 9509.399067149005, e_depot: 9462.81328657895, er: 1221.4956334210492
Energy after charge: 9666.21829617795
-----------------------
Node ~60 ~
Init energy: 10774.46, Charge rate: 0.03831000000105
Time arrive: 6836.440328687876, time_travel to 60: 33.56307494852044
t_charge: 2.6390352557519026
e_remain: 10512.55597100079, e_depot: 10482.13319339423, er: 292.3268066057699
Energy after charge: 10525.650045838898
-----------------------
Node ~21 ~
Init energy: 10670.82, Charge rate: 0.1937700000045
Time arrive: 6850.013713489897, time_travel to 21: 10.934349546269315
t_charge: 45.80653299903018
e_remain: 9343.492842706237, e_depot: 9354.538266057862, er: 1316.281733942138
Energy after charge: 9563.64957580196
-----------------------
Node ~42 ~
Init energy: 10337.16172, Charge rate: 0.694257420015
Time arrive: 6926.236689410479, time_travel to 42: 30.416442921551493
t_charge: 0.0
e_remain: 5528.570505596646, e_depot: 4800.463636223785, er: 5536.698083776215
Energy after charge: 5528.570505596646
-----------------------
Node ~40 ~
Init energy: 10662.31244, Charge rate: 0.206531340003
Time arrive: 6963.3036558361255, time_travel to 40: 37.066966425646434
t_charge: 7.736133465062828
e_remain: 9224.172005112376, e_depot: 9053.907110880886, er: 1608.405329119114
Energy after charge: 9261.254918426708
-----------------------
Node ~11 ~
Init energy: 10619.67136, Charge rate: 0.270492960006
Time arrive: 7021.100951892563, time_travel to 11: 50.06116259137416
t_charge: 38.25942547315386
e_remain: 8720.512981021637, e_depot: 8653.789017382116, er: 1965.8823426178842
Energy after charge: 8901.461203143044
-----------------------
Node ~90 ~
Init energy: 10786.78, Charge rate: 0.0198300000006
Time arrive: 7076.565027899802, time_travel to 90: 17.204650534085253
t_charge: 0.0
e_remain: 10646.451715492502, e_depot: 10628.635888263705, er: 158.1441117362956
Energy after charge: 10646.451715492502
-----------------------
Node ~83 ~
Init energy: 10700.0564, Charge rate: 0.1499154000024
Time arrive: 7137.690799878567, time_travel to 83: 61.12577197876523
t_charge: 0.11610095682545944
e_remain: 9630.006628642754, e_depot: 9505.062635078952, er: 1194.9937649210478
Energy after charge: 9630.569728105498
-----------------------
Node ~13 ~
Init energy: 10466.71132, Charge rate: 0.49993302000600004
Time arrive: 7177.566679506809, time_travel to 13: 39.759778671416164
t_charge: 491.7831423251545
e_remain: 6878.4087336197235, e_depot: 8938.664682957073, er: 1528.0466370429276
Energy after charge: 9091.46581371484
-----------------------
Node ~32 ~
Init energy: 10750.9608, Charge rate: 0.07355880000119999
Time arrive: 7708.280529505983, time_travel to 32: 38.930707674020006
t_charge: 0.018765090100907125
e_remain: 10183.948934176926, e_depot: 10164.423708343818, er: 586.5370916561824
Energy after charge: 10184.04137928992
-----------------------
Node ~91 ~
Init energy: 10750.9608, Charge rate: 0.07355880000119999
Time arrive: 7773.3020637678665, time_travel to 91: 65.0027691717822
t_charge: 16.251586269488804
e_remain: 10179.166028142385, e_depot: 10245.587814240756, er: 505.37298575924433
Energy after charge: 10259.22851230573
-----------------------
Node ~37 ~
Init energy: 10722.42344, Charge rate: 0.11636484000209998
Time arrive: 7870.993689330076, time_travel to 37: 81.44003929272137
t_charge: 58.24783526999786
e_remain: 9806.516518683567, e_depot: 10085.653828709474, er: 636.7696112905269
Energy after charge: 10090.977695001895
-----------------------
==============================================
Fitness: 0.14072780896113246, num_deaths: 2, max_er: 6398.536599706097
