routes: [26 18 16 23 43 29  2 27 41 36 38 40 21 19 20  9 31 25 24  6 10 35 13  3
  1 28 39 22 17 30  4 48 45 14  8 49 50 47 12  7 44  5 11 15 33 32 46 34
 37 42]
t_charge: [ 4.81420146 27.63794894  0.87737085  0.45076882  1.32858572  0.46534451
  2.80671141  5.55461227 15.21112824 14.89630565  1.46314846  1.41316365
  4.44675515 10.67402914  0.98646652  4.53658565  8.59101393  4.41193588
  3.84432818  7.65376241 15.59588169 15.17030655  2.16444157  1.59073532
  4.40287514  0.03423672  1.49253287  5.96696686  0.36562918  2.99209081
  0.18719547  1.19200411  1.26608929  3.68158085  0.22741548 12.10186903
 18.75315344  2.26707583 16.25117382  5.56222833  0.26115347  9.08818156
  0.82220962  1.47851477 16.9535485  33.12830087  0.53594753 16.62812806
 14.40347823 13.88506076]
T: 2079.1448553201726, energy used: 3441.2015457442703
=================================
Node ~26 ~
Init energy: 10771.58224, Charge rate: 0.042626640000899996
Time arrive: 2.668332812825267, time_travel to 26: 2.668332812825267
t_charge: 4.814201463532076
e_remain: 10771.468497937785, e_depot: 10707.026288060202, er: 64.55595193979752
Energy after charge: 10795.334292022768
-----------------------
Node ~18 ~
Init energy: 10673.7656, Charge rate: 0.189351600003
Time arrive: 35.50038572860114, time_travel to 18: 28.017851452243796
t_charge: 27.637948938134034
e_remain: 10667.043545161567, e_depot: 10418.265939697789, er: 255.49966030221185
Energy after charge: 10800.0
-----------------------
Node ~16 ~
Init energy: 10793.58, Charge rate: 0.009630000000269999
Time arrive: 82.13938726915697, time_travel to 16: 19.001052602421794
t_charge: 0.8773708543341415
e_remain: 10792.788997700576, e_depot: 10777.944689314376, er: 15.635310685624063
Energy after charge: 10797.16740289092
-----------------------
Node ~23 ~
Init energy: 10793.82, Charge rate: 0.009270000000255
Time arrive: 111.33636264050371, time_travel to 23: 28.31960451701259
t_charge: 0.4507688248582304
e_remain: 10792.787911918294, e_depot: 10776.800171314942, er: 17.01982868505729
Energy after charge: 10795.037577415578
-----------------------
Node ~43 ~
Init energy: 10793.92, Charge rate: 0.009120000000255
Time arrive: 148.0423379880119, time_travel to 43: 36.25520652264996
t_charge: 1.32858571786858
e_remain: 10792.569853877512, e_depot: 10781.601127508293, er: 12.318872491707225
Energy after charge: 10799.200665765107
-----------------------
Node ~29 ~
Init energy: 10793.88, Charge rate: 0.009180000000255
Time arrive: 222.49574849199536, time_travel to 29: 73.12482478611487
t_charge: 0.4653445119101239
e_remain: 10791.837489028785, e_depot: 10777.12017278718, er: 16.7598272128198
Energy after charge: 10794.159939725716
-----------------------
Node ~2 ~
Init energy: 10773.72, Charge rate: 0.039420000001050004
Time arrive: 240.88649397571083, time_travel to 2: 17.925400971805345
t_charge: 2.80671141457479
e_remain: 10764.224254407223, e_depot: 10705.79366687397, er: 67.92633312602993
Energy after charge: 10778.147170916132
-----------------------
Node ~27 ~
Init energy: 10760.455, Charge rate: 0.0593175000006
Time arrive: 252.80144341967417, time_travel to 27: 9.108238029388561
t_charge: 5.554612269092151
e_remain: 10745.459450379802, e_depot: 10664.898386388759, er: 95.55661361124112
Energy after charge: 10772.903026011987
-----------------------
Node ~41 ~
Init energy: 10696.14952, Charge rate: 0.155775720003
Time arrive: 275.4440631794014, time_travel to 41: 17.08800749063506
t_charge: 15.211128243035564
e_remain: 10653.242022737677, e_depot: 10448.324874387146, er: 247.8246456128545
Energy after charge: 10726.928139498737
-----------------------
Node ~36 ~
Init energy: 10695.9536, Charge rate: 0.156069600003
Time arrive: 334.3271503892614, time_travel to 36: 43.67195896682447
t_charge: 14.896305654903156
e_remain: 10643.775295368607, e_depot: 10445.943822356403, er: 250.00977764359777
Energy after charge: 10715.93196317804
-----------------------
Node ~38 ~
Init energy: 10760.10816, Charge rate: 0.059837760000599996
Time arrive: 364.4023888129728, time_travel to 38: 15.17893276880822
t_charge: 1.4631484581800882
e_remain: 10738.303137314564, e_depot: 10643.01253143177, er: 117.09562856822959
Energy after charge: 10745.531328079178
-----------------------
Node ~40 ~
Init energy: 10793.62, Charge rate: 0.009570000000270001
Time arrive: 390.46635026584886, time_travel to 40: 24.60081299469593
t_charge: 1.413163652514306
e_remain: 10789.88323702785, e_depot: 10780.788401996597, er: 12.831598003403997
Energy after charge: 10796.935531314268
-----------------------
Node ~21 ~
Init energy: 10732.16752, Charge rate: 0.10174872000044999
Time arrive: 414.400615134778, time_travel to 21: 22.521101216414795
t_charge: 4.446755154818501
e_remain: 10690.002787842639, e_depot: 10542.850968049746, er: 189.3165519502545
Energy after charge: 10711.784111971574
-----------------------
Node ~19 ~
Init energy: 10754.705, Charge rate: 0.0679425000003
Time arrive: 458.43019484773026, time_travel to 19: 39.582824558133794
t_charge: 10.674029141613474
e_remain: 10723.55810648642, e_depot: 10666.812846374853, er: 87.89215362514733
Energy after charge: 10776.20303196953
-----------------------
Node ~20 ~
Init energy: 10787.36, Charge rate: 0.01896000000045
Time arrive: 473.5223683962186, time_travel to 20: 4.418144406874904
t_charge: 0.9864665160477926
e_remain: 10778.382015894995, e_depot: 10752.871746122435, er: 34.48825387756551
Energy after charge: 10783.29564507009
-----------------------
Node ~9 ~
Init energy: 10749.66, Charge rate: 0.07551000000210001
Time arrive: 499.39417196041586, time_travel to 9: 24.88533704814946
t_charge: 4.536585650509278
e_remain: 10711.95074607422, e_depot: 10615.346700222954, er: 134.31329977704627
Energy after charge: 10734.291116744287
-----------------------
Node ~31 ~
Init energy: 10764.12656, Charge rate: 0.05381016000105
Time arrive: 530.5578115223138, time_travel to 31: 26.627053911388696
t_charge: 8.591013926078361
e_remain: 10735.577159272178, e_depot: 10695.202512300255, er: 68.92404769974564
Energy after charge: 10778.069945068635
-----------------------
Node ~25 ~
Init energy: 10775.45952, Charge rate: 0.0368107200006
Time arrive: 582.4089687676185, time_travel to 25: 43.2601433192263
t_charge: 4.411935876041195
e_remain: 10754.020626524858, e_depot: 10720.984380270327, er: 54.475139729673174
Energy after charge: 10775.917899368871
-----------------------
Node ~24 ~
Init energy: 10772.15292, Charge rate: 0.041770620000449996
Time arrive: 610.8625352040023, time_travel to 24: 24.041630560342618
t_charge: 3.8443281833542993
e_remain: 10746.636813169482, e_depot: 10704.527391239304, er: 67.6255287606964
Energy after charge: 10765.697874114549
-----------------------
Node ~6 ~
Init energy: 10720.06712, Charge rate: 0.11989932000254999
Time arrive: 666.0508016858548, time_travel to 6: 51.34393829849829
t_charge: 7.653762405251568
e_remain: 10640.208081790712, e_depot: 10509.047877686568, er: 211.0192423134322
Energy after charge: 10677.559212909118
-----------------------
Node ~10 ~
Init energy: 10697.4008, Charge rate: 0.1538988000015
Time arrive: 680.4986791916916, time_travel to 10: 6.794115100585212
t_charge: 15.595881691191009
e_remain: 10592.672869869792, e_depot: 10455.402310192887, er: 241.9984898071125
Energy after charge: 10668.252090848508
-----------------------
Node ~35 ~
Init energy: 10707.27088, Charge rate: 0.13909368000315
Time arrive: 730.0191832094466, time_travel to 35: 33.924622326563934
t_charge: 15.170306553707052
e_remain: 10605.729825334505, e_depot: 10493.926503582436, er: 213.3443764175645
Energy after charge: 10679.47126433771
-----------------------
Node ~13 ~
Init energy: 10793.36, Charge rate: 0.00996000000027
Time arrive: 787.2869956275158, time_travel to 13: 42.097505864362084
t_charge: 2.1644415706201445
e_remain: 10785.518621523337, e_depot: 10783.47392509355, er: 9.886074906449721
Energy after charge: 10796.319271538394
-----------------------
Node ~3 ~
Init energy: 10763.218, Charge rate: 0.05517300000104999
Time arrive: 834.4269861108507, time_travel to 3: 44.975548912714785
t_charge: 1.5907353215224163
e_remain: 10717.180159894431, e_depot: 10656.45901750285, er: 106.75898249715101
Energy after charge: 10725.046070862147
-----------------------
Node ~1 ~
Init energy: 10764.6544, Charge rate: 0.05301840000015
Time arrive: 862.4192365404119, time_travel to 1: 26.40151510803878
t_charge: 4.402875144982055
e_remain: 10718.930311949276, e_depot: 10676.43584212729, er: 88.21855787270943
Energy after charge: 10740.711254278598
-----------------------
Node ~28 ~
Init energy: 10761.3368, Charge rate: 0.057994800000600005
Time arrive: 881.0558743643205, time_travel to 28: 14.233762678926468
t_charge: 0.034236724361911476
e_remain: 10710.240140776887, e_depot: 10640.928393565238, er: 120.40840643476076
Energy after charge: 10710.409338846714
-----------------------
Node ~39 ~
Init energy: 10793.24996, Charge rate: 0.010125060000059999
Time arrive: 907.2717840680777, time_travel to 39: 26.18167297939534
t_charge: 1.4925328721890623
e_remain: 10784.063778749949, e_depot: 10779.66115795201, er: 13.588802047988793
Energy after charge: 10791.511331126012
-----------------------
Node ~22 ~
Init energy: 10721.825, Charge rate: 0.11726250000180001
Time arrive: 960.6410940182619, time_travel to 22: 51.87677707799512
t_charge: 5.966966856212434
e_remain: 10609.177823710956, e_depot: 10507.854110680339, er: 213.9708893196621
Energy after charge: 10638.31295654103
-----------------------
Node ~17 ~
Init energy: 10725.6048, Charge rate: 0.11159280000165
Time arrive: 976.6738445002037, time_travel to 17: 10.065783625729296
t_charge: 0.36562917691577207
e_remain: 10616.615031003845, e_depot: 10495.415349870374, er: 230.18945012962467
Energy after charge: 10618.40237530481
-----------------------
Node ~30 ~
Init energy: 10791.04032, Charge rate: 0.01343952000027
Time arrive: 1003.1591980248227, time_travel to 30: 26.119724347703215
t_charge: 2.9920908149385683
e_remain: 10777.55834189469, e_depot: 10778.058065208159, er: 12.982254791841115
Energy after charge: 10792.478583705033
-----------------------
Node ~4 ~
Init energy: 10768.12, Charge rate: 0.047820000001350005
Time arrive: 1031.438439727119, time_travel to 4: 25.287150887357793
t_charge: 0.18719546944170723
e_remain: 10718.796613810857, e_depot: 10669.631270362992, er: 98.48872963700887
Energy after charge: 10719.723639470716
-----------------------
Node ~48 ~
Init energy: 10793.64, Charge rate: 0.009540000000270001
Time arrive: 1068.422374182509, time_travel to 48: 36.796738985948195
t_charge: 1.1920041143387214
e_remain: 10783.447250550009, e_depot: 10779.764978651378, er: 13.875021348621885
Energy after charge: 10789.39589940245
-----------------------
Node ~45 ~
Init energy: 10793.76, Charge rate: 0.009360000000255001
Time arrive: 1090.42975722686, time_travel to 45: 20.8153789300123
t_charge: 1.2660892949096827
e_remain: 10783.55357747208, e_depot: 10780.629650628221, er: 13.13034937177872
Energy after charge: 10789.872173350826
-----------------------
Node ~14 ~
Init energy: 10791.1024, Charge rate: 0.013346399999759999
Time arrive: 1155.4368851075976, time_travel to 14: 63.741038585827894
t_charge: 3.681580847755516
e_remain: 10775.681477156877, e_depot: 10781.761205342233, er: 9.341194657767119
Energy after charge: 10794.04024554503
-----------------------
Node ~8 ~
Init energy: 10793.68, Charge rate: 0.009480000000255
Time arrive: 1204.9516417126579, time_travel to 8: 45.833175757304886
t_charge: 0.22741547758965175
e_remain: 10782.257058436257, e_depot: 10775.106784158983, er: 18.573215841017372
Energy after charge: 10783.391979925476
-----------------------
Node ~49 ~
Init energy: 10707.27088, Charge rate: 0.13909368000315
Time arrive: 1224.0851408672017, time_travel to 49: 18.90608367695436
t_charge: 12.10186902922257
e_remain: 10537.008373119606, e_depot: 10478.584315960014, er: 228.68656403998648
Energy after charge: 10595.834424767529
-----------------------
Node ~50 ~
Init energy: 10695.9536, Charge rate: 0.156069600003
Time arrive: 1327.702691612729, time_travel to 50: 91.51568171630478
t_charge: 18.753153439880172
e_remain: 10488.739571997095, e_depot: 10465.228061281287, er: 230.72553871871423
Energy after charge: 10579.578542040339
-----------------------
Node ~47 ~
Init energy: 10792.20264, Charge rate: 0.01169604000048
Time arrive: 1367.0558450526091, time_travel to 47: 20.6
t_charge: 2.2670758308923
e_remain: 10776.213500153373, e_depot: 10779.220257759844, er: 12.982382240155857
Energy after charge: 10787.522363498232
-----------------------
Node ~12 ~
Init energy: 10760.43384, Charge rate: 0.0593492400009
Time arrive: 1408.0217580753344, time_travel to 12: 38.698837191833036
t_charge: 16.25117381844464
e_remain: 10676.868818753497, e_depot: 10718.29404207719, er: 42.13979792280952
Energy after charge: 10757.160193030473
-----------------------
Node ~7 ~
Init energy: 10788.09312, Charge rate: 0.01786031999985
Time arrive: 1470.9415509005592, time_travel to 7: 46.66861900678013
t_charge: 5.56222833172754
e_remain: 10761.82163319984, e_depot: 10778.770069216578, er: 9.323050783421422
Energy after charge: 10789.53343168056
-----------------------
Node ~44 ~
Init energy: 10793.03232, Charge rate: 0.010451519999625
Time arrive: 1570.2404316154393, time_travel to 44: 93.73665238315266
t_charge: 0.26115347355540974
e_remain: 10776.620920724752, e_depot: 10772.607863330282, er: 20.424456669717983
Energy after charge: 10777.923958641777
-----------------------
Node ~5 ~
Init energy: 10757.39808, Charge rate: 0.0639028800006
Time arrive: 1616.2980915059693, time_travel to 5: 45.79650641697465
t_charge: 9.08818155552371
e_remain: 10654.111977013295, e_depot: 10669.975643584228, er: 87.42243641577261
Energy after charge: 10698.972123815547
-----------------------
Node ~11 ~
Init energy: 10793.68, Charge rate: 0.009480000000255
Time arrive: 1673.3883563496172, time_travel to 11: 48.00208328812407
t_charge: 0.8222096195180694
e_remain: 10777.816278381379, e_depot: 10778.080754868624, er: 15.599245131375937
Energy after charge: 10781.919531931775
-----------------------
Node ~15 ~
Init energy: 10792.43724, Charge rate: 0.011344139999955
Time arrive: 1704.2698407441528, time_travel to 15: 30.059274775017446
t_charge: 1.4785147692757963
e_remain: 10773.103764328896, e_depot: 10776.24370352744, er: 16.193536472559572
Energy after charge: 10780.47956569674
-----------------------
Node ~33 ~
Init energy: 10695.9536, Charge rate: 0.156069600003
Time arrive: 1749.8505096558285, time_travel to 33: 44.1021541423999
t_charge: 16.953548499885915
e_remain: 10422.85513089297, e_depot: 10456.230036581315, er: 239.72356341868544
Energy after charge: 10504.97693985939
-----------------------
Node ~32 ~
Init energy: 10665.5176, Charge rate: 0.20172360000300002
Time arrive: 1792.7640273390552, time_travel to 32: 25.959969183340725
t_charge: 33.12830086532324
e_remain: 10303.874786449289, e_depot: 10411.746519183715, er: 253.77108081628467
Energy after charge: 10462.833530663369
-----------------------
Node ~46 ~
Init energy: 10791.9504, Charge rate: 0.01207439999979
Time arrive: 1888.4424680923114, time_travel to 46: 62.550139887933106
t_charge: 0.5359475302263002
e_remain: 10769.148590263663, e_depot: 10769.52571101049, er: 22.424688989509377
Energy after charge: 10771.821856669936
-----------------------
Node ~34 ~
Init energy: 10695.9536, Charge rate: 0.156069600003
Time arrive: 1913.587357086973, time_travel to 34: 24.60894146443524
t_charge: 16.628128061313873
e_remain: 10397.30078660864, e_depot: 10454.602934388455, er: 241.350665611546
Energy after charge: 10477.84628161988
-----------------------
Node ~37 ~
Init energy: 10695.9536, Charge rate: 0.156069600003
Time arrive: 1973.415485148287, time_travel to 37: 43.2
t_charge: 14.403478229197434
e_remain: 10387.96343459318, e_depot: 10443.479685227874, er: 252.4739147721266
Energy after charge: 10457.732880653286
-----------------------
Node ~42 ~
Init energy: 10707.27088, Charge rate: 0.13909368000315
Time arrive: 2031.6353986501078, time_travel to 42: 43.816435272623444
t_charge: 13.88506076471016
e_remain: 10424.68323597709, e_depot: 10487.500274637452, er: 219.77060536254794
Energy after charge: 10492.17721560181
-----------------------
==============================================
Fitness: 0.0049805002008228415, num_deaths: 0, max_er: 255.49966030221185
