routes: [24 14  9 20 18  5  8  3 13 11  7  6 16 15 10 22 17 12  1 23 25 21  4  2
 19]
t_charge: [ 4.3353283  26.46503533  4.22700108 26.81083019  7.03800563  8.71189021
  3.21940577  2.04303727  1.03705045  5.24062651  4.92437726 10.30520296
  2.75429261  4.61991807  7.76660599 27.7039047   9.98442413  5.92137344
  4.81718766 27.25093912 27.39127719  9.59685203 26.98220251  5.27809524
  1.26720122]
T: 1096.9836264809987, energy used: 2159.7518859149404
=================================
Node ~24 ~
Init energy: 10768.504, Charge rate: 0.04724400000075
Time arrive: 44.90345198311595, time_travel to 24: 44.90345198311595
t_charge: 4.335328301414115
e_remain: 10766.382581314478, e_depot: 10738.354747056781, er: 30.149252943219835
Energy after charge: 10787.854404571273
-----------------------
Node ~14 ~
Init energy: 10687.3888, Charge rate: 0.1689168000015
Time arrive: 90.24317029340594, time_travel to 14: 41.00439000887588
t_charge: 26.465035325409477
e_remain: 10672.145212452047, e_depot: 10634.415012787837, er: 52.9737872121641
Energy after charge: 10800.0
-----------------------
Node ~9 ~
Init energy: 10778.7466, Charge rate: 0.031880099999999995
Time arrive: 136.15865548507816, time_travel to 9: 19.450449866262733
t_charge: 4.227001075652548
e_remain: 10774.40584844727, e_depot: 10764.909657667686, er: 13.83694233231472
Energy after charge: 10795.40609660854
-----------------------
Node ~20 ~
Init energy: 10687.3888, Charge rate: 0.1689168000015
Time arrive: 184.92822047436277, time_travel to 20: 44.542563913632094
t_charge: 26.81083018501587
e_remain: 10656.1513167675, e_depot: 10636.143987085869, er: 51.244812914132126
Energy after charge: 10785.676668052343
-----------------------
Node ~18 ~
Init energy: 10759.42528, Charge rate: 0.06086208000104999
Time arrive: 251.3895235443267, time_travel to 18: 39.650472884948044
t_charge: 7.038005634949871
e_remain: 10744.125190706618, e_depot: 10727.85060294002, er: 31.574677059979877
Energy after charge: 10778.886871219365
-----------------------
Node ~5 ~
Init energy: 10743.11, Charge rate: 0.0853350000009
Time arrive: 307.0851082394805, time_travel to 5: 48.65757906020397
t_charge: 8.711890209516213
e_remain: 10716.904892288108, e_depot: 10693.058353280838, er: 50.05164671916282
Energy after charge: 10759.720914184652
-----------------------
Node ~8 ~
Init energy: 10778.7466, Charge rate: 0.031880099999999995
Time arrive: 339.4883470809341, time_travel to 8: 23.691348631937355
t_charge: 3.219405770987468
e_remain: 10767.923677546225, e_depot: 10759.871681144361, er: 18.874918855639407
Energy after charge: 10783.918071423243
-----------------------
Node ~3 ~
Init energy: 10769.68, Charge rate: 0.0454800000012
Time arrive: 355.58874660240525, time_travel to 3: 12.880993750483693
t_charge: 2.0430372662857614
e_remain: 10753.507823804097, e_depot: 10730.004370997756, er: 39.67562900224402
Energy after charge: 10763.630092800653
-----------------------
Node ~13 ~
Init energy: 10793.049, Charge rate: 0.01042650000027
Time arrive: 373.94496872021523, time_travel to 13: 16.31318485152424
t_charge: 1.037050450971537
e_remain: 10789.15006278354, e_depot: 10786.796552473059, er: 6.252447526941978
Energy after charge: 10794.32450223187
-----------------------
Node ~11 ~
Init energy: 10759.42528, Charge rate: 0.06086208000104999
Time arrive: 424.39659192052864, time_travel to 11: 49.41457274934187
t_charge: 5.240626506083748
e_remain: 10733.59562067036, e_depot: 10718.863707295688, er: 40.5615727043114
Energy after charge: 10759.47979777111
-----------------------
Node ~7 ~
Init energy: 10757.1912, Charge rate: 0.06421320000104999
Time arrive: 448.49775924600567, time_travel to 7: 18.860540819393275
t_charge: 4.924377256556993
e_remain: 10728.391723685512, e_depot: 10711.372257277682, er: 45.81894272231693
Energy after charge: 10752.69739994664
-----------------------
Node ~6 ~
Init energy: 10743.11, Charge rate: 0.0853350000009
Time arrive: 469.6825178019049, time_travel to 6: 16.260381299342278
t_charge: 10.305202963558115
e_remain: 10703.029642342952, e_depot: 10701.024917051049, er: 42.08508294895182
Energy after charge: 10753.676262665838
-----------------------
Node ~16 ~
Init energy: 10759.42528, Charge rate: 0.06086208000104999
Time arrive: 491.40349931972725, time_travel to 16: 11.415778554264268
t_charge: 2.754292609596483
e_remain: 10729.517440911606, e_depot: 10706.432037813252, er: 52.99324218674701
Energy after charge: 10743.121271982436
-----------------------
Node ~15 ~
Init energy: 10759.42528, Charge rate: 0.06086208000104999
Time arrive: 569.8479498099888, time_travel to 15: 75.69015788066504
t_charge: 4.619918065006198
e_remain: 10724.74314849023, e_depot: 10715.760165090302, er: 43.66511490969788
Energy after charge: 10747.56156099239
-----------------------
Node ~10 ~
Init energy: 10759.42528, Charge rate: 0.06086208000104999
Time arrive: 627.7692749858772, time_travel to 10: 53.30140711088217
t_charge: 7.7666059912969825
e_remain: 10721.217936163608, e_depot: 10731.493604721754, er: 27.931675278245166
Energy after charge: 10759.578274324915
-----------------------
Node ~22 ~
Init energy: 10687.3888, Charge rate: 0.1689168000015
Time arrive: 694.6618481997068, time_travel to 22: 59.12596722253261
t_charge: 27.703904704395534
e_remain: 10570.048743518979, e_depot: 10640.609359682767, er: 46.77944031723382
Energy after charge: 10703.888612110744
-----------------------
Node ~17 ~
Init energy: 10759.42528, Charge rate: 0.06086208000104999
Time arrive: 741.5699191187548, time_travel to 17: 19.204166214652485
t_charge: 9.984424130518292
e_remain: 10714.291792256221, e_depot: 10742.582695417861, er: 16.842584582138443
Energy after charge: 10763.606240088617
-----------------------
Node ~12 ~
Init energy: 10759.42528, Charge rate: 0.06086208000104999
Time arrive: 771.1798368736384, time_travel to 12: 19.625493624365223
t_charge: 5.921373435262523
e_remain: 10712.489671072999, e_depot: 10722.267441941583, er: 37.15783805841602
Energy after charge: 10741.736151145578
-----------------------
Node ~1 ~
Init energy: 10768.504, Charge rate: 0.04724400000075
Time arrive: 787.3851784146468, time_travel to 1: 10.283968105745952
t_charge: 4.817187662478627
e_remain: 10731.30477463039, e_depot: 10740.764043862104, er: 27.739956137897025
Energy after charge: 10755.163129728853
-----------------------
Node ~23 ~
Init energy: 10687.3888, Charge rate: 0.1689168000015
Time arrive: 832.1127657243352, time_travel to 23: 39.91039964720975
t_charge: 27.250939123580405
e_remain: 10546.830974373448, e_depot: 10638.34453177869, er: 49.04426822131063
Energy after charge: 10678.482528557559
-----------------------
Node ~25 ~
Init energy: 10687.3888, Charge rate: 0.1689168000015
Time arrive: 896.4026033196575, time_travel to 25: 37.03889847174184
t_charge: 27.391277193265495
e_remain: 10535.97134073423, e_depot: 10639.046222127115, er: 48.34257787288516
Energy after charge: 10668.300879809116
-----------------------
Node ~21 ~
Init energy: 10768.504, Charge rate: 0.04724400000075
Time arrive: 966.1608487783063, time_travel to 21: 42.36696826538335
t_charge: 9.596852027944992
e_remain: 10722.858696859594, e_depot: 10764.662365689435, er: 3.841634310565496
Energy after charge: 10770.389563322104
-----------------------
Node ~4 ~
Init energy: 10687.3888, Charge rate: 0.1689168000015
Time arrive: 1025.1819863347241, time_travel to 4: 49.42428552847274
t_charge: 26.982202509460205
e_remain: 10514.218339449157, e_depot: 10637.00084870809, er: 50.38795129191021
Energy after charge: 10644.571604691568
-----------------------
Node ~2 ~
Init energy: 10768.504, Charge rate: 0.04724400000075
Time arrive: 1058.8484988310117, time_travel to 2: 6.684309986827361
t_charge: 5.278095238662889
e_remain: 10718.479761520435, e_depot: 10743.068581743024, er: 25.435418256976845
Energy after charge: 10744.62087938229
-----------------------
Node ~19 ~
Init energy: 10793.54, Charge rate: 0.00969000000027
Time arrive: 1079.9468342701268, time_travel to 19: 15.82024020045208
t_charge: 1.2672012206151098
e_remain: 10783.075315175633, e_depot: 10789.24623476218, er: 4.29376523782048
Energy after charge: 10789.39904209888
-----------------------
==============================================
Fitness: 0.001033006670306959, num_deaths: 0, max_er: 52.99324218674701
