routes: [ 51  27  25  66  55  18  80  75  96  70   1   6  67  64  47  46  43  85
  90  19  52  50  33  29  14  15  13  72  17  26  74  95  73  35   4  16
   8  53  56  34  24   9  62  22  48 100  58  44  40  36  10  76  61  28
  78  54  60  38  99  49   3  21  30  12  31  32  68  86  92  87  81  83
  45  69   2  57  11  79  89  23  84   5  63  77  65  88  93  91  39  20
  42  98  71  37  82   7  41  59  97  94]
t_charge: [2.48942315e+01 1.54491817e+00 3.67758136e+00 2.39336693e+01
 2.48500641e+00 3.01537633e+02 1.51350241e-03 0.00000000e+00
 0.00000000e+00 3.18155749e-03 1.65741692e+02 1.28051526e+02
 3.51517916e+01 1.25587709e-01 2.30403028e+01 6.38819581e-01
 5.88199303e-02 1.76206859e-02 1.64311207e+02 4.00868269e+01
 6.96347489e-01 0.00000000e+00 0.00000000e+00 0.00000000e+00
 2.92621564e+00 1.21527646e+02 5.12629955e+01 3.12554099e+02
 3.04191803e+02 0.00000000e+00 0.00000000e+00 9.19395560e-01
 5.22274826e-01 3.02751105e-03 7.98824614e+01 4.19176300e+02
 2.60720796e+02 0.00000000e+00 0.00000000e+00 0.00000000e+00
 0.00000000e+00 0.00000000e+00 7.82969473e+01 1.06622037e+01
 1.51365665e+01 0.00000000e+00 0.00000000e+00 4.20246372e-01
 0.00000000e+00 0.00000000e+00 3.03940415e+02 0.00000000e+00
 0.00000000e+00 0.00000000e+00 0.00000000e+00 1.76600482e+01
 0.00000000e+00 1.08466782e+00 1.01464866e+00 1.98302327e+02
 1.74034399e+02 0.00000000e+00 2.54134836e+00 2.63425313e+02
 0.00000000e+00 0.00000000e+00 1.78965801e+02 1.02180634e-01
 7.69411703e+01 2.98148238e-02 5.70275439e-03 1.42980253e+01
 4.96756957e+00 4.36215211e+01 0.00000000e+00 1.69747155e-02
 2.36426762e+00 4.08159633e+00 4.33979877e+00 6.69712008e-02
 4.82449989e+01 1.74375874e+01 2.89172001e+01 3.42352548e+01
 4.72821007e+02 7.91315712e+01 1.23522335e+01 5.59507118e+00
 0.00000000e+00 0.00000000e+00 2.86447129e-01 8.54153724e-01
 7.73597896e+01 1.17590362e+01 3.46762694e+01 0.00000000e+00
 7.64022585e+01 3.62679832e+00 1.56991814e-01 3.97427280e+00]
T: 8360.181963673906, energy used: 27455.528993839474
=================================
Node ~51 ~
Init energy: 10672.293, Charge rate: 0.1915605000045
Time arrive: 5.458937625582473, time_travel to 51: 5.458937625582473
t_charge: 24.894231518922737
e_remain: 10671.24728317895, e_depot: 9195.283520504636, er: 1477.0094794953638
Energy after charge: 10790.94968933657
-----------------------
Node ~27 ~
Init energy: 10787.82, Charge rate: 0.01827000000045
Time arrive: 52.57027966770332, time_travel to 27: 22.217110523198105
t_charge: 1.5449181730164836
e_remain: 10786.859540990446, e_depot: 10642.804066384997, er: 145.01593361500272
Energy after charge: 10794.555906200507
-----------------------
Node ~25 ~
Init energy: 10764.0424, Charge rate: 0.0539364000003
Time arrive: 59.529992388992156, time_travel to 25: 5.414794548272353
t_charge: 3.677581360986617
e_remain: 10760.831566518493, e_depot: 10331.512188336925, er: 432.53021166307553
Energy after charge: 10779.021117824106
-----------------------
Node ~66 ~
Init energy: 10624.8016, Charge rate: 0.2627976000045
Time arrive: 99.62130742286652, time_travel to 66: 36.41373367288776
t_charge: 23.933669345059986
e_remain: 10598.62135949996, e_depot: 8547.434191070892, er: 2077.367408929109
Energy after charge: 10711.999995362077
-----------------------
Node ~55 ~
Init energy: 10786.84, Charge rate: 0.0197400000006
Time arrive: 165.1549767679265, time_travel to 55: 41.6
t_charge: 2.485006413679117
e_remain: 10783.579840758503, e_depot: 10634.235040100457, er: 152.60495989954325
Energy after charge: 10795.95581880029
-----------------------
Node ~18 ~
Init energy: 9781.37199999, Charge rate: 1.5279420000150001
Time arrive: 193.08482548805353, time_travel to 18: 25.44484230644788
t_charge: 301.5376327661496
e_remain: 9486.349585561236, e_depot: -1484.8129862444907, er: 0
Energy after charge: 10533.305735703485
-----------------------
!!!!!!!!!!!! DEATH !!!!!!!!!!!!!!
Node ~80 ~
Init energy: 10696.9184, Charge rate: 0.15462240000150002
Time arrive: 539.0769293454218, time_travel to 80: 44.45447109121871
t_charge: 0.0015135024053905789
e_remain: 10613.565031399172, e_depot: 9404.254567839514, er: 1292.663832160486
Energy after charge: 10613.572364889824
-----------------------
Node ~75 ~
Init energy: 10769.26, Charge rate: 0.04611000000135
Time arrive: 553.9445115951457, time_travel to 75: 14.866068747318504
t_charge: 0.0
e_remain: 10743.7176185696, e_depot: 10383.77200964371, er: 385.48799035629054
Energy after charge: 10743.7176185696
-----------------------
Node ~96 ~
Init energy: 10704.0838, Charge rate: 0.1438743000009
Time arrive: 563.2418230344813, time_travel to 96: 9.297311439335568
t_charge: 0.0
e_remain: 10623.047776979683, e_depot: 9501.268472096268, er: 1202.8153279037324
Energy after charge: 10623.047776979683
-----------------------
Node ~70 ~
Init energy: 10479.19632, Charge rate: 0.4812055200105
Time arrive: 592.4787859410487, time_travel to 70: 29.23696290656743
t_charge: 0.0031815574906931122
e_remain: 10194.092257716047, e_depot: 6456.246518575347, er: 4022.949801424652
Energy after charge: 10194.106634520474
-----------------------
Node ~1 ~
Init energy: 10239.927, Charge rate: 0.8401095000225001
Time arrive: 610.4919647223038, time_travel to 1: 18.009997223764362
t_charge: 165.7416918573163
e_remain: 9727.046900749392, e_depot: 4045.1671696873736, er: 6194.759830312626
Energy after charge: 10416.51419015684
-----------------------
Node ~6 ~
Init energy: 10464.55144, Charge rate: 0.5031728400134999
Time arrive: 785.3022838186239, time_travel to 6: 9.068627239003707
t_charge: 128.051525814582
e_remain: 10069.408659581895, e_depot: 6898.192567381472, er: 3566.358872618527
Energy after charge: 10645.23423874262
-----------------------
Node ~67 ~
Init energy: 10639.272, Charge rate: 0.241092000003
Time arrive: 939.754567198094, time_travel to 67: 26.40075756488817
t_charge: 35.151791617492066
e_remain: 10412.704691882258, e_depot: 8799.457968076313, er: 1839.8140319236882
Energy after charge: 10579.988834224969
-----------------------
Node ~64 ~
Init energy: 10708.1022, Charge rate: 0.13784670000195
Time arrive: 994.1988443993569, time_travel to 64: 19.29248558377069
t_charge: 0.125587709112964
e_remain: 10571.055170153795, e_depot: 9556.306643437294, er: 1151.7955565627053
Energy after charge: 10571.665796848098
-----------------------
Node ~47 ~
Init energy: 10662.0368, Charge rate: 0.2069448000045
Time arrive: 1027.4430069570349, time_travel to 47: 33.11857484856496
t_charge: 23.04030283526785
e_remain: 10449.412812409255, e_depot: 9047.142129702614, er: 1614.8946702973863
Energy after charge: 10559.846255723307
-----------------------
Node ~46 ~
Init energy: 10741.0882, Charge rate: 0.08836770000195
Time arrive: 1050.9305233878026, time_travel to 46: 0.447213595499958
t_charge: 0.6388195810541228
e_remain: 10648.219886786375, e_depot: 10005.512246177623, er: 735.5759538223774
Energy after charge: 10651.357533674553
-----------------------
Node ~43 ~
Init energy: 10758.6188, Charge rate: 0.0620718000015
Time arrive: 1074.3236832141813, time_travel to 43: 22.754340245324627
t_charge: 0.05881993033951183
e_remain: 10691.933595198654, e_depot: 10239.981356826383, er: 518.6374431736167
Energy after charge: 10692.224043791399
-----------------------
Node ~85 ~
Init energy: 10768.65424, Charge rate: 0.0470186400006
Time arrive: 1127.1101050243713, time_travel to 85: 52.72760187985036
t_charge: 0.01762068592327777
e_remain: 10715.659055730821, e_depot: 10375.657957340123, er: 392.99628265987667
Energy after charge: 10715.74633065975
-----------------------
Node ~90 ~
Init energy: 10515.87272, Charge rate: 0.42619092000450004
Time arrive: 1138.777618413663, time_travel to 90: 11.64989270336856
t_charge: 164.31120718771427
e_remain: 10030.536039127746, e_depot: 7774.395113435361, er: 2741.4776065646383
Energy after charge: 10782.064130507935
-----------------------
Node ~19 ~
Init energy: 10304.89, Charge rate: 0.7426650000105
Time arrive: 1327.6440694405248, time_travel to 19: 24.55524383914768
t_charge: 40.08682686457183
e_remain: 9318.895217155012, e_depot: 4296.509596183196, er: 6008.380403816804
Energy after charge: 9489.558268204073
-----------------------
Node ~52 ~
Init energy: 10768.3248, Charge rate: 0.04751280000105
Time arrive: 1387.0109377988279, time_travel to 52: 19.280041493731282
t_charge: 0.6963474891787822
e_remain: 10702.424026713095, e_depot: 10374.59088383347, er: 393.7339161665295
Energy after charge: 10705.872678740005
-----------------------
Node ~50 ~
Init energy: 10769.76704, Charge rate: 0.0453494400003
Time arrive: 1392.5405036774446, time_travel to 50: 4.833218389437829
t_charge: 0.0
e_remain: 10706.616107980493, e_depot: 10390.637469646781, er: 379.1295703532196
Energy after charge: 10706.616107980493
-----------------------
Node ~33 ~
Init energy: 10780.62, Charge rate: 0.029070000000750003
Time arrive: 1408.8536885289689, time_travel to 33: 16.31318485152424
t_charge: 0.0
e_remain: 10739.664623273407, e_depot: 10537.58951030973, er: 243.03048969027077
Energy after charge: 10739.664623273407
-----------------------
Node ~29 ~
Init energy: 10773.06672, Charge rate: 0.0403999200003
Time arrive: 1423.5029205907529, time_travel to 29: 14.64923206178399
t_charge: 0.0
e_remain: 10715.557315887942, e_depot: 10435.316037479624, er: 337.75068252037636
Energy after charge: 10715.557315887942
-----------------------
Node ~14 ~
Init energy: 10702.70952, Charge rate: 0.1459357200009
Time arrive: 1463.7526410866767, time_travel to 14: 40.24972049592394
t_charge: 2.9262156359334544
e_remain: 10489.095724419798, e_depot: 9497.291423972378, er: 1205.4180960276226
Energy after charge: 10503.299763213758
-----------------------
Node ~15 ~
Init energy: 10446.7874, Charge rate: 0.529818900003
Time arrive: 1483.8614060096047, time_travel to 15: 17.18254928699464
t_charge: 121.52764633243014
e_remain: 9660.609582111085, e_depot: 6625.043219843521, er: 3821.7441801564783
Energy after charge: 10203.860169873435
-----------------------
Node ~13 ~
Init energy: 10486.96056, Charge rate: 0.469559160012
Time arrive: 1628.823215437823, time_travel to 13: 23.434163095788165
t_charge: 51.26299546870702
e_remain: 9722.13169915097, e_depot: 6817.675516933344, er: 3669.285043066656
Energy after charge: 9954.37566740252
-----------------------
Node ~72 ~
Init energy: 10410.40032, Charge rate: 0.584399520012
Time arrive: 1694.9266960738012, time_travel to 72: 14.84048516727132
t_charge: 312.55409856391816
e_remain: 9419.885972358947, e_depot: 7087.4844860355815, er: 3322.915833964419
Energy after charge: 10800.0
-----------------------
Node ~17 ~
Init energy: 10456.44308, Charge rate: 0.515335380012
Time arrive: 2010.487453913394, time_travel to 17: 3.006659275674582
t_charge: 304.1918028805726
e_remain: 9420.367763928181, e_depot: 7669.104545183502, er: 2787.3385348164975
Energy after charge: 10784.565979997049
-----------------------
Node ~26 ~
Init energy: 10793.84, Charge rate: 0.009240000000254999
Time arrive: 2353.00679258744, time_travel to 26: 38.3275357934736
t_charge: 0.0
e_remain: 10772.098217235893, e_depot: 10716.591918653521, er: 77.24808134647901
Energy after charge: 10772.098217235893
-----------------------
Node ~74 ~
Init energy: 10761.29696, Charge rate: 0.058054560001200003
Time arrive: 2405.409082613736, time_travel to 74: 52.40229002629561
t_charge: 0.0
e_remain: 10621.651994085969, e_depot: 10275.950274568942, er: 485.34668543105727
Energy after charge: 10621.651994085969
-----------------------
Node ~95 ~
Init energy: 10781.18, Charge rate: 0.02823000000075
Time arrive: 2418.690648786443, time_travel to 95: 13.281566172707192
t_charge: 0.9193955599241672
e_remain: 10712.900362982946, e_depot: 10549.769040958838, er: 231.41095904116264
Energy after charge: 10717.471386245908
-----------------------
Node ~73 ~
Init energy: 10774.51648, Charge rate: 0.03822528000105
Time arrive: 2435.430284546819, time_travel to 73: 15.82024020045208
t_charge: 0.5222748257417729
e_remain: 10681.42147545016, e_depot: 10457.557557707545, er: 316.9589222924551
Energy after charge: 10684.012885477418
-----------------------
Node ~35 ~
Init energy: 10749.86152, Charge rate: 0.07520772000105
Time arrive: 2475.8027789453563, time_travel to 35: 39.850219572795325
t_charge: 0.003027511048012263
e_remain: 10563.662037823256, e_depot: 10121.126433273424, er: 628.7350867265759
Energy after charge: 10563.676947686294
-----------------------
Node ~4 ~
Init energy: 10649.5322, Charge rate: 0.22570170000450002
Time arrive: 2522.792187461968, time_travel to 4: 46.98638100556373
t_charge: 79.88246137904777
e_remain: 10080.133714531763, e_depot: 9162.03722534708, er: 1487.49497465292
Energy after charge: 10461.516414093207
-----------------------
Node ~16 ~
Init energy: 10149.3412, Charge rate: 0.9759882000164999
Time arrive: 2610.835531146257, time_travel to 16: 8.160882305241266
t_charge: 419.1762999060013
e_remain: 7601.196529417442, e_depot: 4085.783752993504, er: 6063.557447006497
Energy after charge: 9287.966906512615
-----------------------
Node ~8 ~
Init energy: 10520.803, Charge rate: 0.4187955000105
Time arrive: 3039.1529469578795, time_travel to 8: 9.141115905621152
t_charge: 260.7207957817174
e_remain: 9248.01942197039, e_depot: 8323.20039325301, er: 2197.60260674699
Energy after charge: 10442.434704846437
-----------------------
Node ~53 ~
Init energy: 10786.84, Charge rate: 0.0197400000006
Time arrive: 3331.4338441336035, time_travel to 53: 31.56010139400696
t_charge: 0.0
e_remain: 10721.077495914804, e_depot: 10621.810008032062, er: 165.02999196793826
Energy after charge: 10721.077495914804
-----------------------
Node ~56 ~
Init energy: 10767.75976, Charge rate: 0.04836036000105
Time arrive: 3341.0940718741904, time_travel to 56: 9.660227740586658
t_charge: 0.0
e_remain: 10606.183247886791, e_depot: 10363.458350562445, er: 404.3014094375558
Energy after charge: 10606.183247886791
-----------------------
Node ~34 ~
Init energy: 10761.14388, Charge rate: 0.05828418000044999
Time arrive: 3353.300627489924, time_travel to 34: 12.206555615733702
t_charge: 0.0
e_remain: 10565.699502631755, e_depot: 10273.877529592713, er: 487.26635040728615
Energy after charge: 10565.699502631755
-----------------------
Node ~24 ~
Init energy: 10791.5848, Charge rate: 0.012622799999775
Time arrive: 3417.879571426783, time_travel to 24: 64.57894393685918
t_charge: 0.0
e_remain: 10748.441589746564, e_depot: 10686.055895110818, er: 105.52890488918274
Energy after charge: 10748.441589746564
-----------------------
Node ~9 ~
Init energy: 10706.1864, Charge rate: 0.1407204000033
Time arrive: 3485.9319042302955, time_travel to 9: 68.05233280351233
t_charge: 0.0
e_remain: 10215.644668052448, e_depot: 9529.738249971435, er: 1176.4481500285656
Energy after charge: 10215.644668052448
-----------------------
Node ~62 ~
Init energy: 10610.4708, Charge rate: 0.284293800003
Time arrive: 3518.9197807912383, time_travel to 62: 32.98787656094281
t_charge: 78.29694732169456
e_remain: 9610.063723613135, e_depot: 8625.207637439074, er: 1985.2631625609247
Energy after charge: 9979.289123538889
-----------------------
Node ~22 ~
Init energy: 10696.9184, Charge rate: 0.15462240000150002
Time arrive: 3634.806620371358, time_travel to 22: 37.589892258425
t_charge: 10.66220372176983
e_remain: 10134.89587681684, e_depot: 9457.558018936337, er: 1239.3603810636632
Energy after charge: 10186.558279896924
-----------------------
Node ~48 ~
Init energy: 10656.2392, Charge rate: 0.21564120000300002
Time arrive: 3668.838034606108, time_travel to 48: 23.369210512980537
t_charge: 15.136566520755816
e_remain: 9865.086563600891, e_depot: 8929.1223617137, er: 1727.1168382862998
Energy after charge: 9937.505328836209
-----------------------
Node ~100 ~
Init energy: 10753.46368, Charge rate: 0.06980448000105
Time arrive: 3753.2941510388478, time_travel to 100: 69.3195499119837
t_charge: 0.0
e_remain: 10491.46693349575, e_depot: 10169.885525311587, er: 583.5781546884136
Energy after charge: 10491.46693349575
-----------------------
Node ~58 ~
Init energy: 10765.26548, Charge rate: 0.052101780000299996
Time arrive: 3796.227587891725, time_travel to 58: 42.93343685287727
t_charge: 0.0
e_remain: 10567.475265384595, e_depot: 10329.685118566185, er: 435.5803614338147
Energy after charge: 10567.475265384595
-----------------------
Node ~44 ~
Init energy: 10697.132, Charge rate: 0.15430200000150002
Time arrive: 3882.84236723105, time_travel to 44: 86.61477933932522
t_charge: 0.42024637201345433
e_remain: 10098.00165704569, e_depot: 9409.240434488716, er: 1287.8915655112833
Energy after charge: 10100.038044050063
-----------------------
Node ~40 ~
Init energy: 10785.01704, Charge rate: 0.0224744400003
Time arrive: 3964.7218058406497, time_travel to 40: 81.45919223758605
t_charge: 0.0
e_remain: 10695.912137656755, e_depot: 10597.126632065821, er: 187.89040793417917
Energy after charge: 10695.912137656755
-----------------------
Node ~36 ~
Init energy: 10770.33056, Charge rate: 0.04450416000075
Time arrive: 3980.6177172646608, time_travel to 36: 15.895911424010894
t_charge: 0.0
e_remain: 10593.176512209033, e_depot: 10398.267684253273, er: 372.0628757467275
Energy after charge: 10593.176512209033
-----------------------
Node ~10 ~
Init energy: 10430.01884, Charge rate: 0.554971740012
Time arrive: 4023.2195951575422, time_travel to 10: 42.60187789288167
t_charge: 303.9404151305759
e_remain: 8197.245660825045, e_depot: 7310.056184455834, er: 3119.9626555441664
Energy after charge: 9548.269395432939
-----------------------
Node ~76 ~
Init energy: 10768.687, Charge rate: 0.046969500001199996
Time arrive: 4351.583769212575, time_travel to 76: 24.423758924457143
t_charge: 0.0
e_remain: 10564.295286146747, e_depot: 10376.013433247186, er: 392.6735667528137
Energy after charge: 10564.295286146747
-----------------------
Node ~61 ~
Init energy: 10778.3106, Charge rate: 0.0325341000006
Time arrive: 4414.6221702075245, time_travel to 61: 63.0384009949491
t_charge: 0.0
e_remain: 10634.684840849603, e_depot: 10506.319603970622, er: 271.99099602937895
Energy after charge: 10634.684840849603
-----------------------
Node ~28 ~
Init energy: 10772.01148, Charge rate: 0.04198278
Time arrive: 4471.726986116518, time_travel to 28: 57.10481590899318
t_charge: 0.0
e_remain: 10584.275949721807, e_depot: 10421.02779985911, er: 350.9836801408892
Energy after charge: 10584.275949721807
-----------------------
Node ~78 ~
Init energy: 10788.06, Charge rate: 0.01791000000045
Time arrive: 4541.352556132138, time_travel to 78: 69.62557001561999
t_charge: 0.0
e_remain: 10706.72437571763, e_depot: 10638.329141026838, er: 149.73085897316196
Energy after charge: 10706.72437571763
-----------------------
Node ~54 ~
Init energy: 10727.6484, Charge rate: 0.1085274000009
Time arrive: 4568.01338882731, time_travel to 54: 26.660832695172893
t_charge: 17.660048190660913
e_remain: 10231.893783741272, e_depot: 9908.639828901356, er: 819.0085710986441
Energy after charge: 10318.277425580554
-----------------------
Node ~60 ~
Init energy: 10793.62, Charge rate: 0.009570000000270001
Time arrive: 4604.5138191797005, time_travel to 60: 18.8403821617291
t_charge: 0.0
e_remain: 10749.554802749208, e_depot: 10713.613058605384, er: 80.00694139461666
Energy after charge: 10749.554802749208
-----------------------
Node ~38 ~
Init energy: 10760.50504, Charge rate: 0.05924244000000001
Time arrive: 4625.0057688185225, time_travel to 38: 20.491949638821584
t_charge: 1.0846678168130899
e_remain: 10486.508413241114, e_depot: 10270.650800712032, er: 489.8542392879681
Energy after charge: 10491.867493957121
-----------------------
Node ~99 ~
Init energy: 10786.48, Charge rate: 0.0202800000006
Time arrive: 4685.573879709858, time_travel to 99: 59.483443074522846
t_charge: 1.0146486614317414
e_remain: 10691.456561716672, e_depot: 10622.008753078835, er: 164.4712469211645
Energy after charge: 10696.509227948976
-----------------------
Node ~49 ~
Init energy: 10599.9976, Charge rate: 0.3000036000075
Time arrive: 4736.680443886671, time_travel to 49: 50.09191551538032
t_charge: 198.3023266648077
e_remain: 9178.976414748877, e_depot: 9083.424547504097, er: 1516.5730524959035
Energy after charge: 10110.99663618361
-----------------------
Node ~3 ~
Init energy: 10230.452, Charge rate: 0.8543220000134999
Time arrive: 4949.216533230406, time_travel to 3: 14.233762678926468
t_charge: 174.03439936987306
e_remain: 6002.2274328307185, e_depot: 3958.3366211666844, er: 6272.115378833315
Energy after charge: 6723.7180135392655
-----------------------
Node ~21 ~
Init energy: 10774.7, Charge rate: 0.03795000000105
Time arrive: 5156.613186720767, time_travel to 21: 33.36225412048772
t_charge: 0.0
e_remain: 10579.006529558534, e_depot: 10457.431094469797, er: 317.2689055302035
Energy after charge: 10579.006529558534
-----------------------
Node ~30 ~
Init energy: 10774.24016, Charge rate: 0.0386397600006
Time arrive: 5200.569983692339, time_travel to 30: 43.95679697157199
t_charge: 2.5413483594967685
e_remain: 10573.291383963804, e_depot: 10463.911477159778, er: 310.3286828402215
Energy after charge: 10585.899928670598
-----------------------
Node ~12 ~
Init energy: 10444.3072, Charge rate: 0.5335392000104999
Time arrive: 5229.417224927767, time_travel to 12: 26.30589287593181
t_charge: 263.4253132130371
e_remain: 7654.208117290909, e_depot: 7300.948969224399, er: 3143.3582307756005
Energy after charge: 8830.786952481896
-----------------------
Node ~31 ~
Init energy: 10781.78, Charge rate: 0.027330000000749997
Time arrive: 5514.670959980232, time_travel to 31: 21.828421839427605
t_charge: 0.0
e_remain: 10631.064042659606, e_depot: 10553.296226926523, er: 228.483773073478
Energy after charge: 10631.064042659606
-----------------------
Node ~32 ~
Init energy: 10775.3112, Charge rate: 0.0370332000009
Time arrive: 5519.231661680628, time_travel to 32: 4.560701700396551
t_charge: 0.0
e_remain: 10570.91639002168, e_depot: 10465.706909295348, er: 309.60429070465216
Energy after charge: 10570.91639002168
-----------------------
Node ~68 ~
Init energy: 10512.88536, Charge rate: 0.4306719600105
Time arrive: 5564.089659852638, time_travel to 68: 44.85799817200942
t_charge: 178.96580134873025
e_remain: 8116.5879605171085, e_depot: 7807.218414403779, er: 2705.666945596221
Energy after charge: 8934.341414819053
-----------------------
Node ~86 ~
Init energy: 10788.02, Charge rate: 0.01797000000045
Time arrive: 5763.081444323303, time_travel to 86: 20.025983121934363
t_charge: 0.10218063381520233
e_remain: 10684.457426442917, e_depot: 10638.298433278094, er: 149.72156672190613
Energy after charge: 10684.966493426004
-----------------------
Node ~92 ~
Init energy: 10727.116, Charge rate: 0.10932600000225
Time arrive: 5784.5190415220695, time_travel to 92: 21.335416564951338
t_charge: 76.94117030257084
e_remain: 10094.717671253544, e_depot: 10197.83659813343, er: 529.27940186657
Energy after charge: 10471.011852381725
-----------------------
Node ~87 ~
Init energy: 10767.082, Charge rate: 0.049377000000000004
Time arrive: 5892.102013338259, time_travel to 87: 30.641801513618617
t_charge: 0.02981482379881484
e_remain: 10476.147678887397, e_depot: 10354.430369298667, er: 412.6516307013335
Energy after charge: 10476.295280839837
-----------------------
Node ~81 ~
Init energy: 10775.13348, Charge rate: 0.03729978000075
Time arrive: 5905.768543309043, time_travel to 81: 13.636715146984628
t_charge: 0.005702754389221161
e_remain: 10554.849612599224, e_depot: 10463.32904576067, er: 311.80443423932957
Energy after charge: 10554.877913659686
-----------------------
Node ~83 ~
Init energy: 10696.9184, Charge rate: 0.15462240000150002
Time arrive: 5912.304177150358, time_travel to 83: 6.529931086925804
t_charge: 14.298025260701172
e_remain: 9782.743738590118, e_depot: 9475.737126630995, er: 1221.1812733690058
Energy after charge: 9852.023069912531
-----------------------
Node ~45 ~
Init energy: 10743.70988, Charge rate: 0.08443518000225
Time arrive: 5977.506426204375, time_travel to 45: 50.90422379331601
t_charge: 4.9675695664643245
e_remain: 10238.998048938827, e_depot: 10062.654258877952, er: 681.0556211220483
Energy after charge: 10263.416459140632
-----------------------
Node ~69 ~
Init energy: 10635.35756, Charge rate: 0.246963660006
Time arrive: 6015.710722444807, time_travel to 69: 33.23672667396716
t_charge: 43.62152113967217
e_remain: 9149.695622447693, e_depot: 8788.804029633304, er: 1846.5535303666966
Energy after charge: 9357.03029763037
-----------------------
Node ~2 ~
Init energy: 10042.26016, Charge rate: 1.136609760012
Time arrive: 6070.942583803439, time_travel to 2: 11.610340218959994
t_charge: 0.0
e_remain: 3141.9675667765414, e_depot: 539.9957446119515, er: 0
Energy after charge: 3141.9675667765414
-----------------------
!!!!!!!!!!!! DEATH !!!!!!!!!!!!!!
Node ~57 ~
Init energy: 10787.94, Charge rate: 0.01809000000045
Time arrive: 6117.937477143036, time_travel to 57: 46.99489333959595
t_charge: 0.01697471545145149
e_remain: 10677.26651103573, e_depot: 10636.789181850636, er: 151.15081814936457
Energy after charge: 10677.351077540385
-----------------------
Node ~11 ~
Init energy: 10706.86592, Charge rate: 0.139701120003
Time arrive: 6183.366683130627, time_travel to 11: 65.41223127214053
t_charge: 2.3642676180762545
e_remain: 9843.042668977416, e_depot: 9550.760474336257, er: 1156.105445663743
Energy after charge: 9854.533716233565
-----------------------
Node ~79 ~
Init energy: 10762.9, Charge rate: 0.055650000000149996
Time arrive: 6257.953384936427, time_travel to 79: 72.22243418772314
t_charge: 4.081596329643943
e_remain: 10414.644894127348, e_depot: 10318.063855368511, er: 444.8361446314884
Energy after charge: 10434.825734939823
-----------------------
Node ~89 ~
Init energy: 10670.58576, Charge rate: 0.1941213600015
Time arrive: 6320.020496698806, time_travel to 89: 57.98551543273544
t_charge: 4.33979877438319
e_remain: 9443.734785943472, e_depot: 9069.394861223527, er: 1601.1908987764727
Energy after charge: 9464.591332175172
-----------------------
Node ~23 ~
Init energy: 10793.72, Charge rate: 0.009420000000255
Time arrive: 6398.418920899266, time_travel to 23: 74.05862542607714
t_charge: 0.06697120077272531
e_remain: 10733.446893763497, e_depot: 10715.301941903923, er: 78.41805809607649
Energy after charge: 10733.781118898649
-----------------------
Node ~84 ~
Init energy: 10768.9, Charge rate: 0.04665000000135
Time arrive: 6457.1496799081915, time_travel to 84: 58.663787808152996
t_charge: 48.24499886673956
e_remain: 10467.673967423565, e_depot: 10620.122505717023, er: 148.77749428297648
Energy after charge: 10706.648332560064
-----------------------
Node ~5 ~
Init energy: 10633.91252, Charge rate: 0.24913122000600002
Time arrive: 6527.75267510734, time_travel to 5: 22.357996332408682
t_charge: 17.43758739067548
e_remain: 9007.645532153078, e_depot: 8638.31812487114, er: 1995.594395128859
Energy after charge: 9090.489221685855
-----------------------
Node ~63 ~
Init energy: 10702.16224, Charge rate: 0.14675664000119998
Time arrive: 6571.705163968698, time_travel to 63: 26.51490147068248
t_charge: 28.917200052597767
e_remain: 9737.720871057418, e_depot: 9619.836025475572, er: 1082.326214524428
Energy after charge: 9878.063080202444
-----------------------
Node ~77 ~
Init energy: 10779.0902, Charge rate: 0.031364700000449997
Time arrive: 6678.465796628036, time_travel to 77: 77.84343260673953
t_charge: 34.235254810868035
e_remain: 10569.622123825497, e_depot: 10688.051874814535, er: 91.03832518546551
Energy after charge: 10739.724619383254
-----------------------
Node ~65 ~
Init energy: 10514.43528, Charge rate: 0.428347080006
Time arrive: 6768.459458876707, time_travel to 65: 55.7584074378026
t_charge: 472.82100712712725
e_remain: 7615.185434651172, e_depot: 9297.480783177092, er: 1216.9544968229075
Energy after charge: 9776.758972518408
-----------------------
Node ~88 ~
Init energy: 10723.31872, Charge rate: 0.11502192000165
Time arrive: 7259.498039936715, time_travel to 88: 18.217573932881404
t_charge: 79.13157116818685
e_remain: 9888.317317198263, e_depot: 10157.372394815997, er: 565.9463251840025
Energy after charge: 10274.873307790685
-----------------------
Node ~93 ~
Init energy: 10758.0274, Charge rate: 0.0629589000009
Time arrive: 7381.297163179049, time_travel to 93: 42.66755207414646
t_charge: 12.352233533051093
e_remain: 10293.309050026484, e_depot: 10293.440707424983, er: 464.5866925750179
Energy after charge: 10354.292534655944
-----------------------
Node ~91 ~
Init energy: 10704.5992, Charge rate: 0.14310120000255
Time arrive: 7419.1280151989795, time_travel to 91: 25.47861848688033
t_charge: 5.595071177314982
e_remain: 9642.91307805249, e_depot: 9536.222484645165, er: 1168.376715354836
Energy after charge: 9670.087772539491
-----------------------
Node ~39 ~
Init energy: 10775.10184, Charge rate: 0.0373472400003
Time arrive: 7493.85744831014, time_travel to 39: 69.1343619338459
t_charge: 0.0
e_remain: 10495.226947349925, e_depot: 10462.872117756491, er: 312.22972224350815
Energy after charge: 10495.226947349925
-----------------------
Node ~20 ~
Init energy: 10749.02936, Charge rate: 0.0764559600012
Time arrive: 7561.533145572895, time_travel to 20: 67.67569726275453
t_charge: 0.0
e_remain: 10170.90508427433, e_depot: 10109.843622182594, er: 639.1857378174063
Energy after charge: 10170.90508427433
-----------------------
Node ~42 ~
Init energy: 10730.018, Charge rate: 0.1049730000012
Time arrive: 7581.781602304211, time_travel to 42: 20.248456731316587
t_charge: 0.28644712886001333
e_remain: 9934.135639852222, e_depot: 9853.856854361527, er: 876.1611456384726
Energy after charge: 9935.537806282064
-----------------------
Node ~98 ~
Init energy: 10769.55276, Charge rate: 0.04567086000015
Time arrive: 7680.895171216517, time_travel to 98: 98.82712178344566
t_charge: 0.8541537242758916
e_remain: 10418.759671959542, e_depot: 10392.006828582651, er: 377.5459314173495
Energy after charge: 10422.991430645761
-----------------------
Node ~71 ~
Init energy: 10531.82124, Charge rate: 0.40226814001050004
Time arrive: 7735.611742264935, time_travel to 71: 53.8624173241417
t_charge: 77.35978963789724
e_remain: 7420.0310925957, e_depot: 7555.585339513053, er: 2976.235900486946
Energy after charge: 7775.710662095946
-----------------------
Node ~37 ~
Init energy: 10781.06, Charge rate: 0.028410000000750002
Time arrive: 7867.476210601087, time_travel to 37: 54.504678698254885
t_charge: 11.759036165663543
e_remain: 10557.545000850921, e_depot: 10602.34241123407, er: 178.71758876592867
Energy after charge: 10616.006107461764
-----------------------
Node ~82 ~
Init energy: 10726.4, Charge rate: 0.11040000000045
Time arrive: 7972.481158205269, time_travel to 82: 93.2459114385183
t_charge: 34.676269427992125
e_remain: 9846.23808013055, e_depot: 9976.817258346598, er: 749.5827416534012
Energy after charge: 10015.791167125644
-----------------------
Node ~7 ~
Init energy: 10273.1596, Charge rate: 0.790260600021
Time arrive: 8044.702067730084, time_travel to 7: 37.54464009682341
t_charge: 0.0
e_remain: 3915.7485169654456, e_depot: 3666.437185102319, er: 6606.722414897682
Energy after charge: 3915.7485169654456
-----------------------
Node ~41 ~
Init energy: 10754.4602, Charge rate: 0.06830970000135
Time arrive: 8082.153369443109, time_travel to 41: 37.45130171302461
t_charge: 76.40225852914128
e_remain: 10202.37072796844, e_depot: 10565.389970750444, er: 189.07022924955527
Energy after charge: 10579.163005254595
-----------------------
Node ~59 ~
Init energy: 10783.52096, Charge rate: 0.0247185600003
Time arrive: 8244.059312103403, time_travel to 59: 85.5036841311531
t_charge: 3.626798318513729
e_remain: 10579.73968524774, e_depot: 10595.00329211007, er: 188.51766788992973
Energy after charge: 10597.784027608463
-----------------------
Node ~97 ~
Init energy: 10774.377, Charge rate: 0.03843450000045
Time arrive: 8291.270052418942, time_travel to 97: 43.583941997024546
t_charge: 0.15699181366139986
e_remain: 10455.706181166574, e_depot: 10453.842545381722, er: 320.5344546182787
Energy after charge: 10456.485106333019
-----------------------
Node ~94 ~
Init energy: 10759.076, Charge rate: 0.0613860000009
Time arrive: 8307.636917766966, time_travel to 94: 16.209873534361705
t_charge: 3.9742728021220386
e_remain: 10249.10340015848, e_depot: 10265.749233981, er: 493.3267660189995
Energy after charge: 10268.730799458855
-----------------------
==============================================
Fitness: 0.14478601198630958, num_deaths: 2, max_er: 6606.722414897682
