routes: [ 14  32  31  11  15  94  93  96  35  33  45  72  76  88  52  90  89  68
  34   7  23  51   8  67  70  75  49  21  29  44   1  16  71  74  40  55
  39  41   3  79  48  50  85  66  13   5  43  63  46  58  12   6  57  98
  77  61  62  54  37  78  26  17  92  73  60  22  91  65  86  84  10  25
  27  59  97  28  20  53  24  36   4  30   9  19   2  80  64  87  82  69
  95  56  83  18  81  99  42  38 100  47]
t_charge: [3.47017088e+01 3.12545480e-01 1.09476168e+02 1.95832463e+01
 1.24928346e+01 7.12316895e+00 3.40813908e+00 1.94098798e+01
 3.40510399e+01 1.18203765e+02 3.57939618e+00 1.14344909e+01
 1.79998874e+01 7.64127632e+00 2.44769699e+01 3.54264618e+01
 2.42472732e+01 1.91969275e+01 7.33821014e+01 7.36697514e+01
 4.35319342e+01 5.46291198e+01 1.71452645e+01 7.58486187e+00
 7.53279205e+01 5.09392396e+01 1.03459211e+02 4.16073394e+01
 2.14063222e+02 1.29883404e+02 6.43635765e+02 3.16414677e+01
 2.06357794e+02 4.28302969e+01 1.70547371e+01 1.80356306e+01
 5.50178760e+01 9.05673162e+01 4.89724405e+01 4.45143947e+01
 2.48973908e+01 1.07609281e+02 4.81511585e+01 1.22455796e+01
 5.36189390e+01 4.76974014e+01 3.07521160e+02 4.74804585e+01
 1.65445071e+00 1.60057993e+01 3.67582979e+01 1.13966550e+02
 4.13992571e+01 1.30840335e+01 6.11632205e+01 5.07155581e+01
 1.99173974e+02 1.92486611e+02 1.85176479e+01 3.66753473e+01
 3.89172026e+02 1.38957445e+03 1.27489401e+02 9.60419675e+01
 4.66858966e+00 1.39554421e+01 6.72576836e+01 1.17956205e+02
 4.95990815e+01 3.56515987e+01 5.86261985e+02 1.48557333e+02
 2.73569131e+01 3.33458912e+02 4.05673936e+02 1.07595932e+02
 1.46309814e+02 9.78520349e+01 1.15366936e+02 2.67092243e+02
 9.23687588e+01 6.64367061e+02 5.20705117e+02 2.45132348e+02
 2.11538745e+02 1.14494630e+02 2.67725700e+02 8.02396036e+01
 1.60378214e+02 5.61977260e+01 6.94394376e+01 1.40474416e+02
 2.60893617e+01 4.92761189e+02 2.34347598e+02 1.15349239e+02
 1.39714142e+02 1.21323692e+02 7.72804118e+01 5.64066283e+01]
T: 16020.3125044458, energy used: 65742.97204227354
=================================
Node ~14 ~
Init energy: 10640.51624, Charge rate: 0.23922564000449997
Time arrive: 23.9240464804765, time_travel to 14: 23.9240464804765
t_charge: 34.70170876381234
e_remain: 10634.792994669211, e_depot: 6981.555271870922, er: 3658.9609681290785
Energy after charge: 10800.0
-----------------------
Node ~32 ~
Init energy: 10389.877, Charge rate: 0.6151845000075
Time arrive: 77.47781083512561, time_travel to 32: 18.852055590836773
t_charge: 0.3125454797825312
e_remain: 10342.213851679719, e_depot: 535.9917893875232, er: 0
Energy after charge: 10343.584305943921
-----------------------
!!!!!!!!!!!! DEATH !!!!!!!!!!!!!!
Node ~31 ~
Init energy: 10358.40644, Charge rate: 0.662390340009
Time arrive: 81.71973285578584, time_travel to 31: 3.9293765408777
t_charge: 109.47616799403184
e_remain: 10304.276078368212, e_depot: 294.0870330998731, er: 0
Energy after charge: 10779.140962197922
-----------------------
!!!!!!!!!!!! DEATH !!!!!!!!!!!!!!
Node ~11 ~
Init energy: 10726.63704, Charge rate: 0.11004444000255001
Time arrive: 210.3468799370602, time_travel to 11: 19.15097908724251
t_charge: 19.583246342117228
e_remain: 10703.489535391041, e_depot: 9061.606953492997, er: 1665.0300865070021
Energy after charge: 10799.250739724477
-----------------------
Node ~15 ~
Init energy: 10740.90508, Charge rate: 0.08864238000105
Time arrive: 245.77941648410462, time_travel to 15: 15.849290204927161
t_charge: 12.492834551472052
e_remain: 10719.11860756758, e_depot: 9383.290624002702, er: 1357.6144559972981
Energy after charge: 10780.475385737338
-----------------------
Node ~94 ~
Init energy: 10775.48, Charge rate: 0.03678000000105
Time arrive: 331.5184113444966, time_travel to 94: 73.24616030891994
t_charge: 7.123168950638515
e_remain: 10763.286752830401, e_depot: 10221.868750822854, er: 553.6112491771455
Energy after charge: 10798.640607429583
-----------------------
Node ~93 ~
Init energy: 10752.00592, Charge rate: 0.0719911200003
Time arrive: 348.26239107177963, time_travel to 93: 9.620810776644555
t_charge: 3.4081390801348914
e_remain: 10726.93412041276, e_depot: 9615.72637545081, er: 1136.2795445491902
Energy after charge: 10743.729460063938
-----------------------
Node ~96 ~
Init energy: 10737.9096, Charge rate: 0.09313560000045
Time arrive: 355.9460418172009, time_travel to 96: 4.275511665286389
t_charge: 19.409879794607182
e_remain: 10704.758351827571, e_depot: 9342.897581676765, er: 1395.0120183232357
Energy after charge: 10800.0
-----------------------
Node ~35 ~
Init energy: 10644.63692, Charge rate: 0.2330446200045
Time arrive: 430.3410104996148, time_travel to 35: 54.98508888780666
t_charge: 34.05103987126589
e_remain: 10544.348262735766, e_depot: 7081.444479404419, er: 3563.1924405955815
Energy after charge: 10706.668050444538
-----------------------
Node ~33 ~
Init energy: 10484.97104, Charge rate: 0.4725434400045
Time arrive: 465.8480723487368, time_travel to 33: 1.4560219778561037
t_charge: 118.20376485902038
e_remain: 10264.837589372863, e_depot: 3505.6962834971773, er: 6979.274756502823
Energy after charge: 10800.0
-----------------------
Node ~45 ~
Init energy: 10781.26, Charge rate: 0.02811000000075
Time arrive: 617.861303337822, time_travel to 45: 33.80946613006482
t_charge: 3.5793961796151508
e_remain: 10763.89191876271, e_depot: 10348.82599638609, er: 432.43400361391105
Energy after charge: 10781.688282834175
-----------------------
Node ~72 ~
Init energy: 10751.46068, Charge rate: 0.0728089800009
Time arrive: 645.6563969057017, time_travel to 72: 24.215697388264495
t_charge: 11.434490901645653
e_remain: 10704.45109631024, e_depot: 9642.210521763867, er: 1109.2501582361328
Energy after charge: 10760.79101719909
-----------------------
Node ~76 ~
Init energy: 10747.623, Charge rate: 0.07856550000195
Time arrive: 683.64573670543, time_travel to 76: 26.55484889808262
t_charge: 17.999887427488602
e_remain: 10693.912030871536, e_depot: 9578.978575038167, er: 1168.6444249618326
Energy after charge: 10782.497297853259
-----------------------
Node ~88 ~
Init energy: 10770.98476, Charge rate: 0.04352286000015
Time arrive: 750.3142998905349, time_travel to 88: 48.66867575761641
t_charge: 7.641276317270469
e_remain: 10738.328935769752, e_depot: 10111.941323296705, er: 659.043436703294
Energy after charge: 10776.202747156725
-----------------------
Node ~52 ~
Init energy: 10723.7648, Charge rate: 0.11435280000315001
Time arrive: 801.9964662987197, time_travel to 52: 44.040890090914374
t_charge: 24.476969917777634
e_remain: 10632.05425848611, e_depot: 9014.182057780035, er: 1709.5827422199654
Energy after charge: 10751.640098029307
-----------------------
Node ~90 ~
Init energy: 10639.74904, Charge rate: 0.2403764400015
Time arrive: 859.6734362164974, time_travel to 90: 33.2
t_charge: 35.4264617765444
e_remain: 10433.103799838422, e_depot: 6965.975661352527, er: 3673.7733786474737
Energy after charge: 10601.720421957449
-----------------------
Node ~89 ~
Init energy: 10735.12592, Charge rate: 0.09731112000150001
Time arrive: 903.0396712895536, time_travel to 89: 7.939773296511683
t_charge: 24.247273166675363
e_remain: 10647.250118181028, e_depot: 9297.40773325172, er: 1437.7181867482795
Energy after charge: 10766.126954705573
-----------------------
Node ~68 ~
Init energy: 10761.25652, Charge rate: 0.05811522000075
Time arrive: 965.762910980801, time_travel to 68: 38.47596652457219
t_charge: 19.19692754152535
e_remain: 10705.130995959787, e_depot: 9926.217172030994, er: 835.0393479690065
Energy after charge: 10800.0
-----------------------
Node ~34 ~
Init energy: 10655.02156, Charge rate: 0.21746766000450002
Time arrive: 1035.5918442104285, time_travel to 34: 50.63200568810207
t_charge: 73.38210135618174
e_remain: 10429.813824919813, e_depot: 7538.032193898249, er: 3116.9893661017504
Energy after charge: 10780.76609783258
-----------------------
Node ~7 ~
Init energy: 10576.29072, Charge rate: 0.33556392000449997
Time arrive: 1124.0643398623204, time_travel to 7: 15.090394295710103
t_charge: 73.66975140520258
e_remain: 10199.09528377853, e_depot: 5568.800613337074, er: 5007.490106662927
Energy after charge: 10542.723130237257
-----------------------
Node ~23 ~
Init energy: 10717.74, Charge rate: 0.12339000000224999
Time arrive: 1229.9638911427937, time_travel to 23: 32.229799875270714
t_charge: 43.531934174247304
e_remain: 10565.974755469124, e_depot: 8958.653310911624, er: 1759.0866890883754
Energy after charge: 10778.263020982502
-----------------------
Node ~51 ~
Init energy: 10610.4822, Charge rate: 0.2842767000075
Time arrive: 1313.4723184098573, time_travel to 51: 39.97649309281643
t_charge: 54.62911982734776
e_remain: 10237.092623771247, e_depot: 6329.426227284, er: 4281.055972716001
Energy after charge: 10494.708436999153
-----------------------
Node ~8 ~
Init energy: 10745.9446, Charge rate: 0.08108310000105
Time arrive: 1378.101438237205, time_travel to 8: 10.0
t_charge: 17.14526446790404
e_remain: 10634.203863271823, e_depot: 9532.69432149347, er: 1213.2502785065299
Energy after charge: 10718.539994417948
-----------------------
Node ~67 ~
Init energy: 10781.06, Charge rate: 0.028410000000750002
Time arrive: 1420.6711004364222, time_travel to 67: 25.424397731313128
t_charge: 7.584861873682224
e_remain: 10740.698734035535, e_depot: 10363.84723110509, er: 417.21276889490946
Energy after charge: 10778.407557478109
-----------------------
Node ~70 ~
Init energy: 10681.18072, Charge rate: 0.178228920003
Time arrive: 1452.4955992710823, time_travel to 70: 24.239636960977776
t_charge: 75.32792047092659
e_remain: 10422.303998032805, e_depot: 8202.537326576703, er: 2478.6433934232973
Energy after charge: 10785.517986475832
-----------------------
Node ~75 ~
Init energy: 10639.44456, Charge rate: 0.24083316
Time arrive: 1541.92741991182, time_travel to 75: 14.103900169811187
t_charge: 50.939239621058505
e_remain: 10268.09730697199, e_depot: 7035.918273472097, er: 3603.526286527903
Energy after charge: 10510.525647031345
-----------------------
Node ~49 ~
Init energy: 10503.4148, Charge rate: 0.4448778000075
Time arrive: 1624.476784493087, time_travel to 49: 31.610124960208555
t_charge: 103.45921084164154
e_remain: 9780.721141951459, e_depot: 3893.6294717977185, er: 6609.7853282022825
Energy after charge: 10251.990490049924
-----------------------
Node ~21 ~
Init energy: 10730.91248, Charge rate: 0.1036312800021
Time arrive: 1762.3464588596507, time_travel to 21: 34.41046352492218
t_charge: 41.60733942029658
e_remain: 10548.278260661207, e_depot: 9278.743686232117, er: 1452.1687937678835
Energy after charge: 10752.003135921083
-----------------------
Node ~29 ~
Init energy: 10511.3544, Charge rate: 0.432968400006
Time arrive: 1816.232234662484, time_travel to 29: 12.278436382536663
t_charge: 214.06322227110283
e_remain: 9724.983235318863, e_depot: 4645.381438709502, er: 5865.9729612904985
Energy after charge: 10702.616735827529
-----------------------
Node ~44 ~
Init energy: 10640.9384, Charge rate: 0.2385924000045
Time arrive: 2039.748498772064, time_travel to 44: 9.45304183847718
t_charge: 129.88340405239637
e_remain: 10154.269910272396, e_depot: 7468.030611004156, er: 3172.9077889958435
Energy after charge: 10772.697737440763
-----------------------
Node ~1 ~
Init energy: 10081.5742, Charge rate: 1.077638700012
Time arrive: 2190.068145140503, time_travel to 1: 20.43624231604235
t_charge: 643.6357646760432
e_remain: 7721.472011133095, e_depot: -3964.3557176967424, er: 0
Energy after charge: 10246.04402578659
-----------------------
!!!!!!!!!!!! DEATH !!!!!!!!!!!!!!
Node ~16 ~
Init energy: 10745.66, Charge rate: 0.08151000000059999
Time arrive: 2867.098520160133, time_travel to 16: 33.39461034358688
t_charge: 31.64146766219714
e_remain: 10511.962799620027, e_depot: 9598.051666063997, er: 1147.608333936003
Energy after charge: 10667.591041901847
-----------------------
Node ~71 ~
Init energy: 10620.18896, Charge rate: 0.2697165600015
Time arrive: 2960.658967142083, time_travel to 71: 61.918979319753
t_charge: 206.35779443063723
e_remain: 9821.650208044843, e_depot: 7331.034353305049, er: 3289.1546066949504
Energy after charge: 10797.781065754702
-----------------------
Node ~74 ~
Init energy: 10751.0196, Charge rate: 0.0734706000021
Time arrive: 3187.05372741089, time_travel to 74: 20.03696583817021
t_charge: 42.83029692538083
e_remain: 10516.864850408192, e_depot: 9788.149112704124, er: 962.8704872958751
Energy after charge: 10727.86956742172
-----------------------
Node ~40 ~
Init energy: 10767.88912, Charge rate: 0.048166320000600005
Time arrive: 3278.7335893292166, time_travel to 40: 48.84956499294543
t_charge: 17.054737135479936
e_remain: 10609.964588739653, e_depot: 10081.523307078649, er: 686.3658129213509
Energy after charge: 10694.416810490658
-----------------------
Node ~55 ~
Init energy: 10618.495, Charge rate: 0.27225750000300003
Time arrive: 3325.9193735756085, time_travel to 55: 30.13104711091203
t_charge: 18.03563062517786
e_remain: 9712.988506138761, e_depot: 6347.022921398677, er: 4271.472078601324
Energy after charge: 9798.256323559663
-----------------------
Node ~39 ~
Init energy: 10694.75952, Charge rate: 0.157860720003
Time arrive: 3362.7953863625153, time_travel to 39: 18.8403821617291
t_charge: 55.0178759874572
e_remain: 10163.906219086046, e_depot: 8440.870833312407, er: 2253.888686687593
Energy after charge: 10430.310437506916
-----------------------
Node ~41 ~
Init energy: 10726.7, Charge rate: 0.10995000000300001
Time arrive: 3444.4252897060383, time_travel to 41: 26.6120273560659
t_charge: 90.56731621037817
e_remain: 10347.985439386488, e_depot: 9418.103221140016, er: 1308.5967788599846
Energy after charge: 10790.864144020776
-----------------------
Node ~3 ~
Init energy: 10754.2278, Charge rate: 0.06865830000119999
Time arrive: 3547.1004546105487, time_travel to 3: 12.107848694132247
t_charge: 48.97244053100718
e_remain: 10510.689912852957, e_depot: 9899.16258061182, er: 855.0652193881797
Energy after charge: 10752.189750994225
-----------------------
Node ~79 ~
Init energy: 10763.08952, Charge rate: 0.0553657200009
Time arrive: 3635.346805056409, time_travel to 79: 39.27390991485314
t_charge: 44.51439472723779
e_remain: 10561.81592668508, e_depot: 10098.685357188126, er: 664.4041628118739
Energy after charge: 10781.923328806792
-----------------------
Node ~48 ~
Init energy: 10763.202, Charge rate: 0.05519700000105
Time arrive: 3741.083417972797, time_travel to 48: 61.22221818915091
t_charge: 24.89739079694151
e_remain: 10556.705418574227, e_depot: 10003.41576465999, er: 759.7862353400087
Energy after charge: 10679.81811127909
-----------------------
Node ~50 ~
Init energy: 10712.5316, Charge rate: 0.13120260000345
Time arrive: 3780.8293777243553, time_travel to 50: 14.848568954616468
t_charge: 107.60928109024896
e_remain: 10216.47695547314, e_depot: 9148.671352000176, er: 1563.8602479998244
Energy after charge: 10740.404743460842
-----------------------
Node ~85 ~
Init energy: 10744.30056, Charge rate: 0.08354916000105
Time arrive: 3930.1179102474216, time_travel to 85: 41.67925143281727
t_charge: 48.15115851141216
e_remain: 10415.942509893746, e_depot: 9646.572699856295, er: 1097.7278601437047
Energy after charge: 10652.6753136041
-----------------------
Node ~66 ~
Init energy: 10763.24924, Charge rate: 0.055126140001050004
Time arrive: 4000.5347373991417, time_travel to 66: 22.26566864030811
t_charge: 12.245579601267464
e_remain: 10542.71520198707, e_depot: 9941.339148025685, er: 821.9100919743141
Energy after charge: 10603.268048457914
-----------------------
Node ~13 ~
Init energy: 10730.08312, Charge rate: 0.10487532000165
Time arrive: 4046.352924882431, time_travel to 13: 33.57260788202191
t_charge: 53.61893897429926
e_remain: 10305.720562163342, e_depot: 9318.042414441306, er: 1412.040705558693
Energy after charge: 10568.19195365176
-----------------------
Node ~5 ~
Init energy: 10758.78088, Charge rate: 0.06182868000135
Time arrive: 4111.015414010553, time_travel to 5: 11.043550153822817
t_charge: 47.69740140402643
e_remain: 10504.602223486525, e_depot: 10006.753111661128, er: 752.0277683388722
Energy after charge: 10740.140163138352
-----------------------
Node ~43 ~
Init energy: 10564.5624, Charge rate: 0.3531564000075
Time arrive: 4180.833394068855, time_travel to 43: 22.120578654275754
t_charge: 307.52116029070606
e_remain: 9088.074329519506, e_depot: 6444.492310388317, er: 4120.070089611684
Energy after charge: 10517.077065078642
-----------------------
Node ~63 ~
Init energy: 10769.88, Charge rate: 0.045180000001199996
Time arrive: 4540.441020931983, time_travel to 63: 52.08646657242167
t_charge: 47.48045848915061
e_remain: 10564.742874668844, e_depot: 10283.484573475667, er: 486.3954265243319
Energy after charge: 10800.0
-----------------------
Node ~46 ~
Init energy: 10766.1994, Charge rate: 0.05070090000045001
Time arrive: 4608.638622081259, time_travel to 46: 20.717142660125695
t_charge: 1.6544507068460221
e_remain: 10532.537274083646, e_depot: 9962.227391270366, er: 803.9720087296337
Energy after charge: 10540.725645478033
-----------------------
Node ~58 ~
Init energy: 10778.22076, Charge rate: 0.0326688600006
Time arrive: 4667.935071365531, time_travel to 58: 57.64199857742617
t_charge: 16.005799344205055
e_remain: 10625.72464266167, e_depot: 10334.884410347424, er: 443.33634965257625
Energy after charge: 10705.23074816472
-----------------------
Node ~12 ~
Init energy: 10722.838, Charge rate: 0.115743000003
Time arrive: 4739.10172639563, time_travel to 12: 55.16085568589377
t_charge: 36.75829785765219
e_remain: 10174.320148867573, e_depot: 9052.39045903813, er: 1670.44754096187
Energy after charge: 10353.857122486785
-----------------------
Node ~6 ~
Init energy: 10718.18, Charge rate: 0.12273000000345
Time arrive: 4804.662801897113, time_travel to 6: 28.802777643831508
t_charge: 113.9665498214894
e_remain: 10128.503734306592, e_depot: 9321.839795381544, er: 1396.3402046184565
Energy after charge: 10684.349368754054
-----------------------
Node ~57 ~
Init energy: 10761.868, Charge rate: 0.0571980000009
Time arrive: 4946.964488916082, time_travel to 57: 28.335137197479742
t_charge: 41.39925707430699
e_remain: 10478.911525158526, e_depot: 10052.534450727826, er: 709.3335492721744
Energy after charge: 10683.539855823889
-----------------------
Node ~98 ~
Init energy: 10763.0776, Charge rate: 0.0553836000009
Time arrive: 5038.334137223598, time_travel to 98: 49.97039123320929
t_charge: 13.084033451585505
e_remain: 10484.036517473129, e_depot: 9941.235187622286, er: 821.8424123777149
Energy after charge: 10548.732043855975
-----------------------
Node ~77 ~
Init energy: 10763.44, Charge rate: 0.0548400000015
Time arrive: 5076.024673880637, time_travel to 77: 24.606503205453635
t_charge: 61.16322052357525
e_remain: 10485.070806876773, e_depot: 10190.70216485004, er: 572.737835149961
Energy after charge: 10787.532718481045
-----------------------
Node ~61 ~
Init energy: 10717.75744, Charge rate: 0.12336384000195
Time arrive: 5211.906031425956, time_travel to 61: 74.71813702174326
t_charge: 50.71555814263237
e_remain: 10074.79669823397, e_depot: 8995.00796213347, er: 1722.7494778665296
Energy after charge: 10322.118022946814
-----------------------
Node ~62 ~
Init energy: 10690.04976, Charge rate: 0.1649253600015
Time arrive: 5283.8423341361095, time_travel to 62: 21.220744567521656
t_charge: 199.17397366997955
e_remain: 9818.610160851436, e_depot: 9043.763821217643, er: 1646.2859387823573
Energy after charge: 10781.631189890883
-----------------------
Node ~54 ~
Init energy: 10671.20656, Charge rate: 0.19319016000149997
Time arrive: 5506.493956751416, time_travel to 54: 23.477648945326703
t_charge: 192.4866113870064
e_remain: 9607.406111447901, e_depot: 8538.672880927117, er: 2132.5336790728834
Energy after charge: 10532.65264913093
-----------------------
Node ~37 ~
Init energy: 10744.138, Charge rate: 0.08379300000090001
Time arrive: 5725.551228649595, time_travel to 37: 26.570660511172843
t_charge: 18.51764791240744
e_remain: 10264.376885892612, e_depot: 9494.336193862593, er: 1249.8018061374078
Energy after charge: 10355.413476183108
-----------------------
Node ~78 ~
Init energy: 10761.07232, Charge rate: 0.05839152000165
Time arrive: 5783.481564874271, time_travel to 78: 39.41268831226817
t_charge: 36.675347332439955
e_remain: 10423.366040525469, e_depot: 10008.998658626168, er: 752.0736613738318
Energy after charge: 10604.60124791034
-----------------------
Node ~26 ~
Init energy: 10613.1492, Charge rate: 0.280276200003
Time arrive: 5886.813344754515, time_travel to 26: 66.65643254780441
t_charge: 389.17202620965105
e_remain: 8963.215525605254, e_depot: 8068.897019441642, er: 2544.2521805583574
Energy after charge: 10800.0
-----------------------
Node ~17 ~
Init energy: 10244.688, Charge rate: 0.8329680000075
Time arrive: 6284.862307372636, time_travel to 17: 8.87693640846886
t_charge: 1389.5744468737287
e_remain: 5009.598813505294, e_depot: 3848.1525680452824, er: 6396.535431954718
Energy after charge: 10800.0
-----------------------
Node ~92 ~
Init energy: 10738.8068, Charge rate: 0.09178980000180001
Time arrive: 7734.941630082944, time_travel to 92: 60.50487583658031
t_charge: 127.4894006380862
e_remain: 10028.81805474909, e_depot: 9905.752522441016, er: 833.0542775589838
Energy after charge: 10654.562831352601
-----------------------
Node ~73 ~
Init energy: 10725.72416, Charge rate: 0.1114137600015
Time arrive: 7889.868231744459, time_travel to 73: 27.437201023428024
t_charge: 96.04196750722095
e_remain: 9846.684274384963, e_depot: 9421.05074501675, er: 1304.67341498325
Energy after charge: 10316.193715203146
-----------------------
Node ~60 ~
Init energy: 10787.74, Charge rate: 0.018390000000449998
Time arrive: 8012.275327736101, time_travel to 60: 26.365128484420477
t_charge: 4.668589662353618
e_remain: 10640.394256719328, e_depot: 10516.469401347802, er: 271.2705986521978
Energy after charge: 10663.651349667203
-----------------------
Node ~22 ~
Init energy: 10787.76, Charge rate: 0.018360000000450002
Time arrive: 8048.607145281916, time_travel to 22: 31.663227883461282
t_charge: 13.955442064132592
e_remain: 10639.987572809003, e_depot: 10563.404272731828, er: 224.3557272681719
Energy after charge: 10709.508561213363
-----------------------
Node ~91 ~
Init energy: 10751.644, Charge rate: 0.0725340000021
Time arrive: 8135.261418148201, time_travel to 91: 72.69883080215251
t_charge: 67.25768362840569
e_remain: 10161.560948278955, e_depot: 9925.915070910914, er: 825.7289290890858
Energy after charge: 10492.970897596539
-----------------------
Node ~65 ~
Init energy: 10750.86832, Charge rate: 0.07369752000045
Time arrive: 8238.297307433124, time_travel to 65: 35.77820565651665
t_charge: 117.9562047584182
e_remain: 10143.726239415793, e_depot: 10159.992042582237, er: 590.876277417763
Energy after charge: 10724.814183448523
-----------------------
Node ~86 ~
Init energy: 10781.08, Charge rate: 0.02838000000075
Time arrive: 8371.561026686064, time_travel to 86: 15.307514494521962
t_charge: 49.599081509912686
e_remain: 10543.49509805637, e_depot: 10574.418938661376, er: 206.66106133862377
Energy after charge: 10790.082883672645
-----------------------
Node ~84 ~
Init energy: 10779.83228, Charge rate: 0.030251580000749997
Time arrive: 8437.141347196755, time_travel to 84: 15.981239000778382
t_charge: 35.65159870244648
e_remain: 10524.595423557643, e_depot: 10473.450508146974, er: 306.3817718530263
Energy after charge: 10701.774899879574
-----------------------
Node ~10 ~
Init energy: 10551.8852, Charge rate: 0.3721722000045
Time arrive: 8558.22385365512, time_travel to 10: 85.430907755917
t_charge: 586.2619848076847
e_remain: 7366.752200254185, e_depot: 7520.88017449923, er: 3031.005025500771
Energy after charge: 10079.871711627728
-----------------------
Node ~25 ~
Init energy: 10728.886, Charge rate: 0.1066710000012
Time arrive: 9170.69499716735, time_travel to 25: 26.209158704544485
t_charge: 148.55733294476062
e_remain: 9750.638793946157, e_depot: 9762.769909542842, er: 966.1160904571589
Energy after charge: 10477.578699407231
-----------------------
Node ~27 ~
Init energy: 10768.75248, Charge rate: 0.04687128000045
Time arrive: 9325.455555079818, time_travel to 27: 6.203224967708329
t_charge: 27.356913059433012
e_remain: 10331.656441546102, e_depot: 10154.644492206575, er: 614.1079877934244
Energy after charge: 10467.15875331131
-----------------------
Node ~59 ~
Init energy: 10681.18072, Charge rate: 0.178228920003
Time arrive: 9425.01357616399, time_travel to 59: 72.20110802473879
t_charge: 333.45891246674654
e_remain: 9001.37072930668, e_depot: 9493.192286555803, er: 1187.9884334441977
Energy after charge: 10609.233269806089
-----------------------
Node ~97 ~
Init energy: 10670.95, Charge rate: 0.19357500000150002
Time arrive: 9791.366257037535, time_travel to 97: 32.89376840679706
t_charge: 405.6739356216246
e_remain: 8775.586276779273, e_depot: 9598.187685035997, er: 1072.762314964004
Energy after charge: 10725.427622798832
-----------------------
Node ~28 ~
Init energy: 10746.8292, Charge rate: 0.07975620000135
Time arrive: 10274.804194613791, time_travel to 28: 77.76400195463194
t_charge: 107.59593249499883
e_remain: 9927.349861679673, e_depot: 10007.089614286288, er: 739.7395857137126
Energy after charge: 10456.748081443264
-----------------------
Node ~20 ~
Init energy: 10681.18072, Charge rate: 0.178228920003
Time arrive: 10441.266756025349, time_travel to 20: 58.86662891656018
t_charge: 146.3098144891559
e_remain: 8820.245022610376, e_depot: 8557.44679666785, er: 2123.733923332151
Energy after charge: 9525.717454833914
-----------------------
Node ~53 ~
Init energy: 10727.08728, Charge rate: 0.10936908000270001
Time arrive: 10630.85150552312, time_travel to 53: 43.27493500861671
t_charge: 97.85203488002988
e_remain: 9564.400831195617, e_depot: 9464.220614433161, er: 1262.8666655668385
Energy after charge: 10042.959018564545
-----------------------
Node ~24 ~
Init energy: 10766.7, Charge rate: 0.0499500000006
Time arrive: 10766.208206779484, time_travel to 24: 37.50466637633242
t_charge: 115.36693567442016
e_remain: 10228.927900064906, e_depot: 10543.320068765423, er: 223.37993123457818
Energy after charge: 10800.0
-----------------------
Node ~36 ~
Init energy: 10722.77944, Charge rate: 0.1158308400027
Time arrive: 10901.72855407576, time_travel to 36: 20.153411621856982
t_charge: 267.09224315727295
e_remain: 9460.023064099985, e_depot: 10202.59440129065, er: 520.1850387093509
Energy after charge: 10764.546761003237
-----------------------
Node ~4 ~
Init energy: 10711.74, Charge rate: 0.13239000000345
Time arrive: 11205.625688212358, time_travel to 4: 36.804890979325016
t_charge: 92.36875875986318
e_remain: 9228.227215098907, e_depot: 9052.654621280466, er: 1659.0853787195338
Energy after charge: 9677.842308925685
-----------------------
Node ~30 ~
Init energy: 10603.4926, Charge rate: 0.29476110000449995
Time arrive: 11325.41268907488, time_travel to 30: 27.41824210265859
t_charge: 664.3670609581645
e_remain: 7265.201497763366, e_depot: 9203.162968564533, er: 1400.3296314354666
Energy after charge: 10391.207236859404
-----------------------
Node ~9 ~
Init energy: 10599.08576, Charge rate: 0.3013713600075
Time arrive: 11991.838876061242, time_travel to 9: 2.0591260281974
t_charge: 520.7051170881964
e_remain: 6985.088968930613, e_depot: 8374.547978230994, er: 2224.537781769006
Energy after charge: 9431.68894507186
-----------------------
Node ~19 ~
Init energy: 10738.50592, Charge rate: 0.0922411200009
Time arrive: 12523.226689438297, time_travel to 19: 10.682696288858914
t_charge: 245.13234825529202
e_remain: 9583.349464141047, e_depot: 10486.436093101956, er: 252.06982689804317
Energy after charge: 10786.399923065988
-----------------------
Node ~2 ~
Init energy: 10509.2896, Charge rate: 0.43606560000749994
Time arrive: 12786.163531508355, time_travel to 2: 17.804493814764857
t_charge: 211.5387447945408
e_remain: 4933.683527838795, e_depot: 4581.076139413893, er: 5928.213460586107
Energy after charge: 5899.132482137835
-----------------------
Node ~80 ~
Init energy: 10702.5982, Charge rate: 0.1461027000027
Time arrive: 13056.710750270624, time_travel to 80: 59.00847396772772
t_charge: 114.49463039721813
e_remain: 8794.977506231184, e_depot: 8934.460440199542, er: 1768.1377598004583
Energy after charge: 9350.72268358043
-----------------------
Node ~64 ~
Init energy: 10643.472, Charge rate: 0.234792
Time arrive: 13248.40771223885, time_travel to 64: 77.20233157100891
t_charge: 267.7256995114428
e_remain: 7532.851856428016, e_depot: 8220.659284013376, er: 2422.8127159866235
Energy after charge: 8808.62050154554
-----------------------
Node ~87 ~
Init energy: 10738.15016, Charge rate: 0.09277476000075
Time arrive: 13540.940668753032, time_travel to 87: 24.807257002740148
t_charge: 80.23960360284238
e_remain: 9481.892639272042, e_depot: 9653.06753027724, er: 1085.0826297227595
Energy after charge: 9875.646447319445
-----------------------
Node ~82 ~
Init energy: 10753.54272, Charge rate: 0.0696859200012
Time arrive: 13644.787898242439, time_travel to 82: 23.607625886564705
t_charge: 160.37821377127594
e_remain: 9802.693122089735, e_depot: 10439.043573277344, er: 314.4991467226555
Energy after charge: 10593.408087571313
-----------------------
Node ~69 ~
Init energy: 10761.96, Charge rate: 0.05706000000150001
Time arrive: 13848.665077518655, time_travel to 69: 43.49896550494046
t_charge: 56.19772598736264
e_remain: 9971.755170656012, e_depot: 10128.829598409106, er: 633.1304015908936
Energy after charge: 10249.537158347901
-----------------------
Node ~95 ~
Init energy: 10769.78912, Charge rate: 0.0453163200009
Time arrive: 13936.269809093943, time_travel to 95: 31.40700558792576
t_charge: 69.43943760184911
e_remain: 10138.248657712216, e_depot: 10391.00470004336, er: 378.7844199566389
Energy after charge: 10482.299105946415
-----------------------
Node ~56 ~
Init energy: 10733.28, Charge rate: 0.10008000000285
Time arrive: 14044.42565148756, time_travel to 56: 38.71640479176753
t_charge: 140.474416353599
e_remain: 9327.7138807591, e_depot: 9832.339206277402, er: 900.9407937225988
Energy after charge: 10016.027282938026
-----------------------
Node ~83 ~
Init energy: 10623.828, Charge rate: 0.26425800000300004
Time arrive: 14246.44614813877, time_travel to 83: 61.54608029761115
t_charge: 26.089361662641434
e_remain: 6859.090633742404, e_depot: 6520.779066465307, er: 4103.048933534693
Energy after charge: 6982.643119521286
-----------------------
Node ~18 ~
Init energy: 10681.18072, Charge rate: 0.178228920003
Time arrive: 14348.243633539885, time_travel to 18: 75.7081237384734
t_charge: 492.7611893741715
e_remain: 8123.908753254266, e_depot: 10289.703671092928, er: 391.47704890707246
Energy after charge: 10499.890405523573
-----------------------
Node ~81 ~
Init energy: 10709.88872, Charge rate: 0.13516692000164998
Time arrive: 14920.004822914058, time_travel to 81: 79.0
t_charge: 234.3475984172847
e_remain: 8693.197621676944, e_depot: 9716.210413396568, er: 993.6783066034332
Energy after charge: 9833.25957067552
-----------------------
Node ~99 ~
Init energy: 10765.2796, Charge rate: 0.0520806000015
Time arrive: 15227.473143428433, time_travel to 99: 73.12072209709092
t_charge: 115.3492386326641
e_remain: 9972.22366218352, e_depot: 10507.67830572025, er: 257.6012942797497
Energy after charge: 10542.962397789135
-----------------------
Node ~42 ~
Init energy: 10754.16, Charge rate: 0.06876000000105001
Time arrive: 15430.845106399758, time_travel to 42: 88.02272433866155
t_charge: 139.7141422796739
e_remain: 9693.13509046775, e_depot: 10351.174023575855, er: 402.9859764241446
Energy after charge: 10382.099057442822
-----------------------
Node ~38 ~
Init energy: 10762.016, Charge rate: 0.056976000001200004
Time arrive: 15617.516250287286, time_travel to 38: 46.95700160785397
t_charge: 121.32369177330908
e_remain: 9872.19239410489, e_depot: 10455.861133594017, er: 306.15486640598283
Energy after charge: 10471.898314308813
-----------------------
Node ~100 ~
Init energy: 10766.0344, Charge rate: 0.05094840000075
Time arrive: 15795.696955700074, time_travel to 100: 56.857013639479874
t_charge: 77.28041183731257
e_remain: 9961.268913210364, e_depot: 10336.227169573041, er: 429.807230426959
Energy after charge: 10343.733659062416
-----------------------
Node ~47 ~
Init energy: 10769.884, Charge rate: 0.04517400000075
Time arrive: 15942.017066262106, time_travel to 47: 69.03969872471924
t_charge: 56.40662825715599
e_remain: 10049.719321036719, e_depot: 10328.21554419793, er: 441.66845580206973
Energy after charge: 10329.204349297568
-----------------------
==============================================
Fitness: 0.16004824086750138, num_deaths: 3, max_er: 6979.274756502823
