routes: [54 11 13 55 58 42  6 39 37 25 72 12 33 31 32 40  4 52 69 38 56 62 61 22
 53 43 36 17 57 18  1 14 35 46  8 10 16 75 68 44  2 19 59 65 20 66 64 24
  7 45 28 26 73 27 29  3 34 74 47 67 41  9 51 21 15 63 60 71 49 70 50 23
 48 30  5]
t_charge: [ 70.89353878   7.62468083   3.06944952   2.86831719   6.8008592
  10.93958727   0.80022697   2.1981995   23.06845242   2.92070683
  16.64591237  19.2871805    1.06506524   3.11211978   9.52845507
  30.68686936   5.21375498  89.60016857   2.99827508  15.83820964
   4.77506831   2.13417873   4.92152055   8.35327764  13.78524515
   1.61751297   9.67601149 118.83697921   1.10197429  16.66536956
 344.91348304  10.88917965  10.84002322   0.95336826  11.44350402
  13.3135393  117.27573982   5.78146572   5.66929541   5.82432263
 223.29737099  43.824659     5.29572938   7.88997969 612.93871578
  13.52221359  16.10864751   3.35564032  38.66831282   3.30272421
   0.99547686   2.86649141   4.94517678  20.2287135    8.485313
  17.80833857  27.87660353   6.96327411  11.7165166   33.62390561
   9.33255133  27.39013326  27.46080044  25.85408653  26.4605579
   8.1236712    6.73887972  28.32764065  20.32642952  31.48691306
  32.88685928   5.36143419   0.83335122   9.41259343  27.62873798]
T: 5054.782781604688, energy used: 14755.860905869446
=================================
Node ~54 ~
Init energy: 10488.185, Charge rate: 0.46772250001050003
Time arrive: 20.298768435548006, time_travel to 54: 20.298768435548006
t_charge: 70.89353878277599
e_remain: 10478.690809280191, e_depot: 8478.417054291705, er: 2009.767945708294
Energy after charge: 10800.0
-----------------------
Node ~11 ~
Init energy: 10631.9716, Charge rate: 0.252042600006
Time arrive: 95.6104516251989, time_travel to 11: 4.418144406874904
t_charge: 7.624680831888572
e_remain: 10607.873693184638, e_depot: 9396.074409418237, er: 1235.8971905817634
Energy after charge: 10644.075352962996
-----------------------
Node ~13 ~
Init energy: 10761.54096, Charge rate: 0.0576885600006
Time arrive: 136.50794418077564, time_travel to 13: 33.27281172368816
t_charge: 3.0694495220712814
e_remain: 10753.66601327157, e_depot: 10485.285067823754, er: 276.25589217624656
Energy after charge: 10768.836188759004
-----------------------
Node ~55 ~
Init energy: 10787.715, Charge rate: 0.018427499999849998
Time arrive: 189.6689099506109, time_travel to 55: 50.09151624776395
t_charge: 2.8683171888608148
e_remain: 10784.219876161913, e_depot: 10708.909576237043, er: 78.8054237629567
Energy after charge: 10798.508606191219
-----------------------
Node ~58 ~
Init energy: 10757.8224, Charge rate: 0.06326640000030001
Time arrive: 209.34198836955173, time_travel to 58: 16.804761230080004
t_charge: 6.800859199929253
e_remain: 10744.578086026953, e_depot: 10472.028786624014, er: 285.79361337598493
Energy after charge: 10778.15211614811
-----------------------
Node ~42 ~
Init energy: 10709.75328, Charge rate: 0.1353700800015
Time arrive: 244.87958364023194, time_travel to 42: 28.736736070750972
t_charge: 10.939587265233515
e_remain: 10676.60391117189, e_depot: 10080.184866790136, er: 629.568413209865
Energy after charge: 10729.820954694778
-----------------------
Node ~6 ~
Init energy: 10768.0282, Charge rate: 0.047957700000000006
Time arrive: 284.20015045163336, time_travel to 6: 28.38097954616789
t_charge: 0.8002269697152292
e_remain: 10754.398614444686, e_depot: 10529.613578643215, er: 238.41462135678557
Energy after charge: 10758.361372248317
-----------------------
Node ~39 ~
Init energy: 10688.4136, Charge rate: 0.16737960000149998
Time arrive: 297.0817680697798, time_travel to 39: 12.081390648431164
t_charge: 2.1981995004960813
e_remain: 10638.688172492743, e_depot: 9853.337077423019, er: 835.076522576981
Energy after charge: 10649.311236242107
-----------------------
Node ~37 ~
Init energy: 10592.48896, Charge rate: 0.311266560006
Time arrive: 304.5411461454622, time_travel to 37: 5.261178575186362
t_charge: 23.06845241917896
e_remain: 10497.695485059017, e_depot: 9134.446374088246, er: 1458.042585911755
Energy after charge: 10605.857309325733
-----------------------
Node ~25 ~
Init energy: 10788.34, Charge rate: 0.01749000000045
Time arrive: 354.7639720613728, time_travel to 25: 27.15437349673161
t_charge: 2.9207068275418098
e_remain: 10782.135178128487, e_depot: 10714.535383285167, er: 73.80461671483317
Energy after charge: 10796.68762910378
-----------------------
Node ~72 ~
Init energy: 10730.74288, Charge rate: 0.10388568000194999
Time arrive: 411.7028239885013, time_travel to 72: 54.018145099586675
t_charge: 16.645912374131775
e_remain: 10687.972852171231, e_depot: 10288.852895341508, er: 441.8899846584918
Energy after charge: 10769.47314211565
-----------------------
Node ~12 ~
Init energy: 10681.5016, Charge rate: 0.177747600003
Time arrive: 433.9200916735067, time_travel to 12: 5.571355310873647
t_charge: 19.287180496114445
e_remain: 10604.373345111951, e_depot: 9879.461994513851, er: 802.0396054861485
Energy after charge: 10697.380997548515
-----------------------
Node ~33 ~
Init energy: 10794.34, Charge rate: 0.00849000000024
Time arrive: 519.2596756081032, time_travel to 33: 66.05240343848209
t_charge: 1.065065240159198
e_remain: 10789.931485353964, e_depot: 10756.75022038376, er: 37.589779616240776
Energy after charge: 10795.24776915087
-----------------------
Node ~31 ~
Init energy: 10788.86112, Charge rate: 0.01670832000015
Time arrive: 524.7247408482624, time_travel to 31: 4.4
t_charge: 3.1121197827146405
e_remain: 10780.09385111791, e_depot: 10719.964790667273, er: 68.89632933272696
Energy after charge: 10795.602451738276
-----------------------
Node ~32 ~
Init energy: 10728.2012, Charge rate: 0.10769820000225
Time arrive: 571.1127199523123, time_travel to 32: 43.27585932133526
t_charge: 9.52845506536624
e_remain: 10666.693388062746, e_depot: 10231.452468345638, er: 496.7487316543611
Energy after charge: 10713.309465930235
-----------------------
Node ~40 ~
Init energy: 10598.6696, Charge rate: 0.301995600003
Time arrive: 592.7242209912731, time_travel to 40: 12.083045973594572
t_charge: 30.686869363337937
e_remain: 10419.669493245428, e_depot: 9225.581787801148, er: 1373.0878121988517
Energy after charge: 10563.836540536524
-----------------------
Node ~4 ~
Init energy: 10562.49024, Charge rate: 0.356264640009
Time arrive: 632.1837752343955, time_travel to 4: 8.772684879784524
t_charge: 5.213754979897435
e_remain: 10337.265514896586, e_depot: 8787.7186468874, er: 1774.7715931125986
Energy after charge: 10361.476813255065
-----------------------
Node ~52 ~
Init energy: 10482.15728, Charge rate: 0.47676408000750004
Time arrive: 657.6805280203373, time_travel to 52: 20.282997806044353
t_charge: 89.6001685732818
e_remain: 10168.598828119537, e_depot: 8520.219260356898, er: 1961.9380196431011
Energy after charge: 10573.881529047589
-----------------------
Node ~69 ~
Init energy: 10787.8598, Charge rate: 0.018210300000599998
Time arrive: 763.3368480627602, time_travel to 69: 16.05615146914104
t_charge: 2.998275075744435
e_remain: 10773.959206995265, e_depot: 10710.802064487834, er: 77.05773551216589
Energy after charge: 10788.895982885373
-----------------------
Node ~38 ~
Init energy: 10719.2884, Charge rate: 0.12106740000315
Time arrive: 807.7694084587561, time_travel to 38: 41.43428532025139
t_charge: 15.838209643954702
e_remain: 10621.493857915815, e_depot: 10186.510039270202, er: 532.778360729797
Energy after charge: 10698.76741527329
-----------------------
Node ~56 ~
Init energy: 10779.64164, Charge rate: 0.030537540000299998
Time arrive: 851.2951604277348, time_travel to 56: 27.687542325024083
t_charge: 4.775068308569984
e_remain: 10753.645179986375, e_depot: 10649.156350156769, er: 130.48528984323093
Energy after charge: 10777.374702689747
-----------------------
Node ~62 ~
Init energy: 10787.12, Charge rate: 0.0193200000006
Time arrive: 913.3572255156787, time_travel to 62: 57.28699677937394
t_charge: 2.1341787309287974
e_remain: 10769.47393840249, e_depot: 10700.132490311009, er: 86.98750968899185
Energy after charge: 10780.103599724052
-----------------------
Node ~61 ~
Init energy: 10785.37376, Charge rate: 0.02193936000015
Time arrive: 917.8237850045457, time_travel to 61: 2.3323807579381204
t_charge: 4.9215205512575615
e_remain: 10765.237293564085, e_depot: 10699.082663588104, er: 86.29109641189643
Energy after charge: 10789.736921309252
-----------------------
Node ~22 ~
Init energy: 10781.69332, Charge rate: 0.027460020000449996
Time arrive: 946.5150342038127, time_travel to 22: 23.769728648009426
t_charge: 8.353277644569689
e_remain: 10755.701998230037, e_depot: 10684.655271942054, er: 97.03804805794607
Energy after charge: 10797.239005281697
-----------------------
Node ~53 ~
Init energy: 10525.15408, Charge rate: 0.4122688800105
Time arrive: 972.0089069372351, time_travel to 53: 17.140595088852663
t_charge: 13.785245152858792
e_remain: 10124.425056576756, e_depot: 8510.150669695768, er: 2015.0034103042326
Energy after charge: 10187.66805476121
-----------------------
Node ~43 ~
Init energy: 10794.22, Charge rate: 0.00867000000024
Time arrive: 1032.0672544282775, time_travel to 43: 46.27310233818346
t_charge: 1.61751297119941
e_remain: 10785.271976903858, e_depot: 10758.482598138271, er: 35.73740186172836
Energy after charge: 10793.345517922395
-----------------------
Node ~36 ~
Init energy: 10767.88656, Charge rate: 0.04817016000075
Time arrive: 1102.0873989278034, time_travel to 36: 68.40263152832645
t_charge: 9.676011490615123
e_remain: 10714.798833658839, e_depot: 10572.776922094143, er: 195.1096379058581
Energy after charge: 10762.712796090242
-----------------------
Node ~17 ~
Init energy: 10459.68736, Charge rate: 0.5104689600015
Time arrive: 1130.7043713232933, time_travel to 17: 18.940960904874917
t_charge: 118.83697921474003
e_remain: 9882.497875501449, e_depot: 8473.562546514466, er: 1986.124813485534
Energy after charge: 10416.02018238568
-----------------------
Node ~57 ~
Init energy: 10787.68, Charge rate: 0.01848000000045
Time arrive: 1305.1471056358648, time_travel to 57: 55.60575509783138
t_charge: 1.1019742921469795
e_remain: 10763.560881487263, e_depot: 10699.777485654407, er: 87.90251434559286
Energy after charge: 10769.050388463078
-----------------------
Node ~18 ~
Init energy: 10699.179, Charge rate: 0.15123150000149999
Time arrive: 1319.131626260162, time_travel to 18: 12.882546332150332
t_charge: 16.665369555352186
e_remain: 10499.684745461258, e_depot: 10018.06346553293, er: 681.1155344670697
Energy after charge: 10580.491264402084
-----------------------
Node ~1 ~
Init energy: 10312.3692, Charge rate: 0.7314462000105
Time arrive: 1346.170037799426, time_travel to 1: 10.373041983911952
t_charge: 344.91348304430517
e_remain: 9327.718241283617, e_depot: 8339.63495773827, er: 1972.7342422617294
Energy after charge: 10800.0
-----------------------
Node ~14 ~
Init energy: 10737.74424, Charge rate: 0.0933836400018
Time arrive: 1702.8172329588292, time_travel to 14: 11.733712115098104
t_charge: 10.889179647680812
e_remain: 10578.728968528512, e_depot: 10320.156122673734, er: 417.588117326266
Energy after charge: 10632.157995534782
-----------------------
Node ~35 ~
Init energy: 10748.11844, Charge rate: 0.0778223400012
Time arrive: 1730.9040868678744, time_travel to 35: 17.19767426136453
t_charge: 10.840023215836588
e_remain: 10613.415433642302, e_depot: 10408.94353181693, er: 339.1749081830694
Energy after charge: 10666.771953749161
-----------------------
Node ~46 ~
Init energy: 10788.18, Charge rate: 0.01773000000045
Time arrive: 1768.512748450277, time_travel to 46: 26.7686383665662
t_charge: 0.9533682633359735
e_remain: 10756.824268969182, e_depot: 10703.325542596554, er: 84.85445740344585
Energy after charge: 10761.574207066553
-----------------------
Node ~8 ~
Init energy: 10558.0488, Charge rate: 0.3629268000075
Time arrive: 1808.5930895073266, time_travel to 8: 39.12697279371355
t_charge: 11.443504024233082
e_remain: 9901.661897509428, e_depot: 8780.750180460365, er: 1777.2986195396352
Energy after charge: 9954.726263334205
-----------------------
Node ~10 ~
Init energy: 10766.655, Charge rate: 0.050017500000750004
Time arrive: 1826.744797464059, time_travel to 10: 6.7082039324993685
t_charge: 13.31353930219234
e_remain: 10675.285792091472, e_depot: 10580.395098728259, er: 186.2599012717419
Energy after charge: 10741.187578650377
-----------------------
Node ~16 ~
Init energy: 10459.68736, Charge rate: 0.5104689600015
Time arrive: 1862.5243110384702, time_travel to 16: 22.465974272218865
t_charge: 117.27573982414586
e_remain: 9508.926511966682, e_depot: 8465.756349561494, er: 1993.9310104385058
Energy after charge: 10035.439586145972
-----------------------
Node ~75 ~
Init energy: 10787.72256, Charge rate: 0.01841616000015
Time arrive: 2016.3776396295098, time_travel to 75: 36.57758876689386
t_charge: 5.781465716068522
e_remain: 10750.588626767858, e_depot: 10723.540200108308, er: 64.18235989169261
Energy after charge: 10779.389482950539
-----------------------
Node ~68 ~
Init energy: 10787.92, Charge rate: 0.01812000000045
Time arrive: 2065.996076043837, time_travel to 68: 43.836970698258796
t_charge: 5.6692954128056074
e_remain: 10750.484151101156, e_depot: 10724.673813059077, er: 63.24618694092351
Energy after charge: 10778.727900532302
-----------------------
Node ~44 ~
Init energy: 10790.87916, Charge rate: 0.013681259999865001
Time arrive: 2133.67246782472, time_travel to 44: 62.0070963680771
t_charge: 5.824322629400269
e_remain: 10761.687832213136, e_depot: 10750.844975669026, er: 40.03418433097431
Energy after charge: 10790.729761287921
-----------------------
Node ~2 ~
Init energy: 10394.5132, Charge rate: 0.6082302000105
Time arrive: 2190.8594227854173, time_travel to 2: 51.362632331297036
t_charge: 223.29737099327832
e_remain: 9061.966335084337, e_depot: 8436.52851270134, er: 1957.98468729866
Energy after charge: 10042.636985429668
-----------------------
Node ~19 ~
Init energy: 10653.17472, Charge rate: 0.22023792000300002
Time arrive: 2436.3963980917224, time_travel to 19: 22.239604313026796
t_charge: 43.82465900394596
e_remain: 10116.587844981479, e_depot: 9759.043169132136, er: 894.1315508678654
Energy after charge: 10326.059288257338
-----------------------
Node ~59 ~
Init energy: 10787.68, Charge rate: 0.01848000000045
Time arrive: 2507.8014849386154, time_travel to 59: 27.580427842946886
t_charge: 5.295729382210051
e_remain: 10741.335828557207, e_depot: 10720.746261104721, er: 66.93373889527902
Energy after charge: 10767.71661038927
-----------------------
Node ~65 ~
Init energy: 10787.3, Charge rate: 0.019050000000450002
Time arrive: 2570.0593069790134, time_travel to 65: 56.96209265818804
t_charge: 7.889979692717805
e_remain: 10738.340370200893, e_depot: 10730.456286471745, er: 56.84371352825474
Energy after charge: 10777.639964551332
-----------------------
Node ~20 ~
Init energy: 10131.9386, Charge rate: 1.002092100012
Time arrive: 2608.6614992263485, time_travel to 20: 30.712212554617423
t_charge: 612.9387157794747
e_remain: 7517.819520019815, e_depot: 8131.274286174632, er: 2000.6643138253676
Energy after charge: 9968.292054043077
-----------------------
Node ~66 ~
Init energy: 10785.84452, Charge rate: 0.0212332200006
Time arrive: 3253.3555295216643, time_travel to 66: 31.75531451584128
t_charge: 13.52221358922229
e_remain: 10716.765306301499, e_depot: 10746.126273089054, er: 39.71824691094662
Energy after charge: 10784.089254111575
-----------------------
Node ~64 ~
Init energy: 10783.56752, Charge rate: 0.0246487200003
Time arrive: 3270.5274006290656, time_travel to 64: 3.6496575181789317
t_charge: 16.10864750766947
e_remain: 10702.953205848586, e_depot: 10739.516832092237, er: 44.05068790776386
Energy after charge: 10783.099385844933
-----------------------
Node ~24 ~
Init energy: 10789.0002, Charge rate: 0.0164997
Time arrive: 3352.89765089429, time_travel to 24: 66.26160275755485
t_charge: 3.3556403168404407
e_remain: 10733.67839462954, e_depot: 10722.376002122559, er: 66.62419787744147
Energy after charge: 10750.401229155206
-----------------------
Node ~7 ~
Init energy: 10682.0424, Charge rate: 0.17693640000299998
Time arrive: 3399.27886500161, time_travel to 7: 43.02557379047954
t_charge: 38.668312816442935
e_remain: 10080.586235020332, e_depot: 9981.008895907931, er: 701.033504092069
Energy after charge: 10267.085967038614
-----------------------
Node ~45 ~
Init energy: 10794.22, Charge rate: 0.00867000000024
Time arrive: 3480.3306651686707, time_travel to 45: 42.38348735061805
t_charge: 3.3027242119116837
e_remain: 10764.045533132152, e_depot: 10766.908654341833, er: 27.31134565816683
Energy after charge: 10780.530519572792
-----------------------
Node ~28 ~
Init energy: 10780.8, Charge rate: 0.028800000000750003
Time arrive: 3501.5051548221945, time_travel to 28: 17.871765441612084
t_charge: 0.9954768572909457
e_remain: 10679.956651538494, e_depot: 10640.199640172448, er: 140.60035982755107
Energy after charge: 10684.905366091458
-----------------------
Node ~26 ~
Init energy: 10787.768, Charge rate: 0.01834800000075
Time arrive: 3521.236693165294, time_travel to 26: 18.73606148580859
t_charge: 2.866491410832774
e_remain: 10723.160349151161, e_depot: 10709.355302573491, er: 78.41269742650911
Energy after charge: 10737.440211820916
-----------------------
Node ~73 ~
Init energy: 10794.12, Charge rate: 0.00882000000024
Time arrive: 3581.9045686426007, time_travel to 73: 57.8013840664737
t_charge: 4.94517678195956
e_remain: 10762.527601703714, e_depot: 10774.262699774832, er: 19.85730022516873
Energy after charge: 10787.209869154294
-----------------------
Node ~27 ~
Init energy: 10774.25032, Charge rate: 0.0386245200006
Time arrive: 3650.792532351625, time_travel to 27: 63.94278692706473
t_charge: 20.22871349963668
e_remain: 10633.240210816142, e_depot: 10680.155328851404, er: 94.094991148595
Energy after charge: 10733.602453965172
-----------------------
Node ~29 ~
Init energy: 10787.26, Charge rate: 0.0191100000006
Time arrive: 3689.1320161275366, time_travel to 29: 18.110770276274835
t_charge: 8.485313001767272
e_remain: 10716.76068716959, e_depot: 10733.089666049338, er: 54.1703339506621
Energy after charge: 10759.025097846958
-----------------------
Node ~3 ~
Init energy: 10644.43904, Charge rate: 0.23334144000449997
Time arrive: 3751.4440882738036, time_travel to 3: 53.82675914449986
t_charge: 17.80833857381092
e_remain: 9769.071674345822, e_depot: 9553.990439699463, er: 1090.4486003005368
Energy after charge: 9853.957943847976
-----------------------
Node ~34 ~
Init energy: 10749.34544, Charge rate: 0.07598184000074999
Time arrive: 3812.3917360678606, time_travel to 34: 43.13930922024598
t_charge: 27.876603532745218
e_remain: 10459.672901089909, e_depot: 10504.65676111329, er: 244.68867888670866
Energy after charge: 10596.937803124245
-----------------------
Node ~74 ~
Init energy: 10794.12, Charge rate: 0.00882000000024
Time arrive: 3917.118843827969, time_travel to 74: 76.8505042273634
t_charge: 6.9632741094890385
e_remain: 10759.571011796497, e_depot: 10784.35318641248, er: 9.766813587521028
Energy after charge: 10794.325966266295
-----------------------
Node ~47 ~
Init energy: 10779.3988, Charge rate: 0.0309018
Time arrive: 4009.6680980977626, time_travel to 47: 85.58598016030429
t_charge: 11.716516598582785
e_remain: 10655.492838366203, e_depot: 10681.779496432324, er: 97.61930356767698
Energy after charge: 10713.713359906491
-----------------------
Node ~67 ~
Init energy: 10720.13272, Charge rate: 0.11980092000164999
Time arrive: 4069.5347964197827, time_travel to 67: 48.15018172343693
t_charge: 33.62390561321536
e_remain: 10232.598707410183, e_depot: 10282.684620421336, er: 437.44809957866346
Energy after charge: 10396.690060649747
-----------------------
Node ~41 ~
Init energy: 10724.71552, Charge rate: 0.1129267200015
Time arrive: 4145.153463611081, time_travel to 41: 41.99476157808257
t_charge: 9.332551325105767
e_remain: 10256.616935451544, e_depot: 10200.558236778852, er: 524.1572832211477
Energy after charge: 10302.225797666682
-----------------------
Node ~9 ~
Init energy: 10774.41792, Charge rate: 0.0383731200006
Time arrive: 4160.867237389604, time_travel to 9: 6.381222453417527
t_charge: 27.390133258988826
e_remain: 10614.752462193084, e_depot: 10717.40080003946, er: 57.017119960539276
Energy after charge: 10750.65208361765
-----------------------
Node ~51 ~
Init energy: 10771.82104, Charge rate: 0.0422684400009
Time arrive: 4239.602477523543, time_travel to 51: 51.345106874949636
t_charge: 27.460800435954244
e_remain: 10592.61965705113, e_depot: 10695.467259457932, er: 76.35378054206922
Energy after charge: 10728.762934035296
-----------------------
Node ~21 ~
Init energy: 10769.08, Charge rate: 0.046380000001349994
Time arrive: 4282.988101349412, time_travel to 21: 15.924823389915506
t_charge: 25.854086533578297
e_remain: 10570.435011853631, e_depot: 10663.909607250243, er: 105.1703927497565
Energy after charge: 10698.506331988061
-----------------------
Node ~15 ~
Init energy: 10779.59056, Charge rate: 0.03061416000075
Time arrive: 4313.952960818663, time_travel to 15: 5.110772935672255
t_charge: 26.46055790344998
e_remain: 10647.522513821788, e_depot: 10757.145420672168, er: 22.445139327832294
Energy after charge: 10779.015235585674
-----------------------
Node ~63 ~
Init energy: 10770.62116, Charge rate: 0.04406826000015
Time arrive: 4376.454606386055, time_travel to 63: 36.04108766394266
t_charge: 8.123671199723734
e_remain: 10577.758420526925, e_depot: 10588.484034134583, er: 182.13712586541806
Energy after charge: 10618.018780470959
-----------------------
Node ~60 ~
Init energy: 10776.86976, Charge rate: 0.0346953600006
Time arrive: 4471.230917476321, time_travel to 60: 86.65263989054229
t_charge: 6.738879715837792
e_remain: 10621.738793672346, e_depot: 10635.18665024658, er: 141.68310975341956
Energy after charge: 10655.199384393793
-----------------------
Node ~71 ~
Init energy: 10732.3108, Charge rate: 0.10153380000195
Time arrive: 4512.006248240998, time_travel to 71: 34.0364510488388
t_charge: 28.327640648052324
e_remain: 10274.189659983549, e_depot: 10360.71769923951, er: 371.5931007604886
Energy after charge: 10412.951650223724
-----------------------
Node ~49 ~
Init energy: 10780.56, Charge rate: 0.029160000000749996
Time arrive: 4580.614901785948, time_travel to 49: 40.28101289689722
t_charge: 20.326429517959163
e_remain: 10646.989269460486, e_depot: 10734.794681674412, er: 45.76531832558794
Energy after charge: 10748.028698365522
-----------------------
Node ~70 ~
Init energy: 10746.7054, Charge rate: 0.07994190000120001
Time arrive: 4639.526302471448, time_travel to 70: 38.58497116754138
t_charge: 31.48691306078024
e_remain: 10375.81285227489, e_depot: 10500.051025649072, er: 246.65437435092826
Energy after charge: 10530.73029392354
-----------------------
Node ~50 ~
Init energy: 10772.54512, Charge rate: 0.0411823200006
Time arrive: 4716.170717677497, time_travel to 50: 45.157502145269284
t_charge: 32.88685928094347
e_remain: 10578.322268327147, e_depot: 10728.811734359151, er: 43.73338564084952
Energy after charge: 10741.402207569141
-----------------------
Node ~23 ~
Init energy: 10793.7, Charge rate: 0.009450000000255001
Time arrive: 4795.698760476872, time_travel to 23: 46.64118351843143
t_charge: 5.361434187500953
e_remain: 10748.380646712272, e_depot: 10772.739473650054, er: 20.96052634994703
Energy after charge: 10775.137152096704
-----------------------
Node ~48 ~
Init energy: 10787.6382, Charge rate: 0.018542700000300002
Time arrive: 4856.602970972368, time_travel to 48: 55.54277630799527
t_charge: 0.8333512193054575
e_remain: 10697.583668088693, e_depot: 10698.075635410549, er: 89.56256458945063
Energy after charge: 10701.734971603566
-----------------------
Node ~30 ~
Init energy: 10786.946, Charge rate: 0.01958100000045
Time arrive: 4946.384172081371, time_travel to 30: 88.9478498896966
t_charge: 9.412593430640944
e_remain: 10690.090851524248, e_depot: 10735.031265504329, er: 51.91473449567093
Energy after charge: 10736.969510685483
-----------------------
Node ~5 ~
Init energy: 10679.224, Charge rate: 0.1811640000045
Time arrive: 5012.378387970191, time_travel to 5: 56.58162245817984
t_charge: 27.62873798068747
e_remain: 9771.161481699213, e_depot: 9901.62302203406, er: 777.6009779659398
Energy after charge: 9904.299838914993
-----------------------
==============================================
Fitness: 0.039278818914312515, num_deaths: 0, max_er: 2015.0034103042326
