routes: [19 27 57 53 13  8 52 65 28 30 38 37 16  6  2 48 46 34 36 21 35 33 66 14
 72 54 68 17 32 40 23 22 58 71 75 55 56 50  3 62 45 18  4 12 69 49 63 67
  1 43 39 64 74 70 15 60 41 59 24  7 61 11 47 26 20 73 31 25  9 10 42 44
 51 29  5]
t_charge: [ 4.0483032   0.57130107 38.31440653  2.79885462 16.48600974 10.61575193
  6.15451979  1.45998629  3.24970275  2.54933472  3.80729697  7.93033054
  1.08236746  1.65897142  9.54542564  3.30778296  2.86721373 19.02681934
  7.80986816 19.60187222 33.27610616  6.6517056   4.32018335 20.91306152
  1.44399461  1.49709946  8.27346637 19.38503032  0.902205   17.79543599
  2.74188289  9.12018686  4.54358364 36.20726072  0.70441879  7.41195029
 36.59727046  7.64631142 12.31761337  6.43963073  0.71026108  0.91659224
 40.57053492 23.23807844  4.44364004 17.7114966  12.04193393 10.49590536
 62.94227505 11.93369763 19.71672434  7.8323047   3.77994421 11.96595387
  3.96480789  4.09004289  2.36597606  7.21516883  7.22877553 21.61786181
  5.01450177  3.32782474 16.91727909 10.25180979  9.07654735  6.27854398
  9.55287628  7.06133683  5.35465823  8.24940647  4.37990158  2.36107311
  2.45905891 13.32830852 10.93310066]
T: 3370.8224804347183, energy used: 6532.43335790237
=================================
Node ~19 ~
Init energy: 10750.7194, Charge rate: 0.0739209000006
Time arrive: 28.579713084634, time_travel to 19: 28.579713084634
t_charge: 4.048303204990886
e_remain: 10748.606761887026, e_depot: 10521.786684528965, er: 228.9327154710354
Energy after charge: 10768.549023695592
-----------------------
Node ~27 ~
Init energy: 10787.68, Charge rate: 0.01848000000045
Time arrive: 73.0458341426461, time_travel to 27: 40.41781785302121
t_charge: 0.5713010669054837
e_remain: 10786.330112985012, e_depot: 10728.243705894578, er: 59.43629410542235
Energy after charge: 10789.176060675822
-----------------------
Node ~57 ~
Init energy: 10643.7688, Charge rate: 0.234346800003
Time arrive: 112.49129114894144, time_travel to 57: 38.874155939389865
t_charge: 38.31440653488502
e_remain: 10617.40682589104, e_depot: 10045.399371006373, er: 598.3694289936266
Energy after charge: 10800.0
-----------------------
Node ~53 ~
Init energy: 10743.89776, Charge rate: 0.08415336000075
Time arrive: 174.19885907770393, time_travel to 53: 23.393161393877484
t_charge: 2.7988546163638435
e_remain: 10729.238340700314, e_depot: 10474.225995387174, er: 269.6717646128254
Energy after charge: 10742.997080762014
-----------------------
Node ~13 ~
Init energy: 10697.07452, Charge rate: 0.1543882200045
Time arrive: 201.40263123131834, time_travel to 13: 24.40491753725056
t_charge: 16.486009738677772
e_remain: 10665.980326259974, e_depot: 10259.089285987919, er: 437.9852340120815
Energy after charge: 10745.865129254831
-----------------------
Node ~8 ~
Init energy: 10680.549, Charge rate: 0.17917650000149998
Time arrive: 227.54265567891386, time_travel to 8: 9.654014708917737
t_charge: 10.615751929113609
e_remain: 10639.778703354406, e_depot: 10129.655585474902, er: 550.8934145250987
Energy after charge: 10690.955369724432
-----------------------
Node ~52 ~
Init energy: 10718.9746, Charge rate: 0.12153810000090001
Time arrive: 251.45201509433454, time_travel to 52: 13.293607486307092
t_charge: 6.154519792375823
e_remain: 10688.413599844036, e_depot: 10340.063839249522, er: 378.9107607504775
Energy after charge: 10718.438190163932
-----------------------
Node ~65 ~
Init energy: 10787.4, Charge rate: 0.01890000000045
Time arrive: 276.7669106659064, time_travel to 65: 19.16037577919598
t_charge: 1.4599862860324635
e_remain: 10782.16910538829, e_depot: 10730.991386548429, er: 56.408613451571
Energy after charge: 10789.441443077645
-----------------------
Node ~28 ~
Init energy: 10780.49212, Charge rate: 0.029261820000450002
Time arrive: 360.1129152945106, time_travel to 28: 81.88601834257176
t_charge: 3.2497027548688178
e_remain: 10769.954560692815, e_depot: 10698.104233098395, er: 82.38788690160618
Energy after charge: 10786.10798225009
-----------------------
Node ~30 ~
Init energy: 10787.08, Charge rate: 0.0193800000006
Time arrive: 367.9799766016254, time_travel to 30: 4.6173585522460785
t_charge: 2.549334717692474
e_remain: 10779.94854805324, e_depot: 10734.500133915615, er: 52.579866084384776
Energy after charge: 10792.645815534872
-----------------------
Node ~38 ~
Init energy: 10755.99176, Charge rate: 0.06601236000135
Time arrive: 410.68949060178625, time_travel to 38: 40.16017928246835
t_charge: 3.80729696523545
e_remain: 10728.881177497624, e_depot: 10552.512297747078, er: 203.47946225292253
Energy after charge: 10747.6663336659
-----------------------
Node ~37 ~
Init energy: 10766.51708, Charge rate: 0.0502243800012
Time arrive: 422.1518512506235, time_travel to 37: 7.655063683601855
t_charge: 7.930330540567369
e_remain: 10745.314765004578, e_depot: 10636.871263528896, er: 129.6458164711039
Energy after charge: 10784.56812177281
-----------------------
Node ~16 ~
Init energy: 10774.84, Charge rate: 0.03774000000105
Time arrive: 445.27428500305723, time_travel to 16: 15.192103211866353
t_charge: 1.0823674613428313
e_remain: 10758.035348483518, e_depot: 10653.03699689157, er: 121.80300310843086
Energy after charge: 10763.406337242239
-----------------------
Node ~6 ~
Init energy: 10757.22728, Charge rate: 0.06415908000105
Time arrive: 458.31825770784457, time_travel to 6: 11.961605243444543
t_charge: 1.6589714179581216
e_remain: 10727.822002237779, e_depot: 10549.25326789824, er: 207.9740121017585
Energy after charge: 10736.010421247645
-----------------------
Node ~2 ~
Init energy: 10690.0842, Charge rate: 0.164873700003
Time arrive: 475.69728001630557, time_travel to 2: 15.720050890502867
t_charge: 9.545425636458233
e_remain: 10611.654229362348, e_depot: 10182.051353779727, er: 508.0328462202724
Energy after charge: 10657.807567901853
-----------------------
Node ~48 ~
Init energy: 10786.4096, Charge rate: 0.020385600000150002
Time arrive: 518.0646495318213, time_travel to 48: 32.8219438790575
t_charge: 3.3077829584031426
e_remain: 10775.848541280428, e_depot: 10734.232276034361, er: 52.177323965639516
Energy after charge: 10792.320024932165
-----------------------
Node ~46 ~
Init energy: 10787.64, Charge rate: 0.018540000000450002
Time arrive: 526.2550547365179, time_travel to 46: 4.882622246293481
t_charge: 2.8672137316533437
e_remain: 10777.883231284948, e_depot: 10739.48101986949, er: 48.15898013050901
Energy after charge: 10792.166141800628
-----------------------
Node ~34 ~
Init energy: 10667.29624, Charge rate: 0.19905564000299997
Time arrive: 555.8774548812762, time_travel to 34: 26.75518641310503
t_charge: 19.02681933955617
e_remain: 10556.64569745537, e_depot: 10091.449110518348, er: 575.8471294816518
Energy after charge: 10647.992398452294
-----------------------
Node ~36 ~
Init energy: 10742.852, Charge rate: 0.08572200000225
Time arrive: 587.4070739073026, time_travel to 36: 12.502799686470228
t_charge: 7.809868158415016
e_remain: 10692.498290809197, e_depot: 10492.947696116666, er: 249.90430388333516
Energy after charge: 10730.878154082979
-----------------------
Node ~21 ~
Init energy: 10663.69012, Charge rate: 0.204464820003
Time arrive: 609.7895190512751, time_travel to 21: 14.572576985557495
t_charge: 19.60187222353656
e_remain: 10539.009615747464, e_depot: 10072.484869393533, er: 591.2052506064665
Energy after charge: 10633.01108358924
-----------------------
Node ~35 ~
Init energy: 10649.55928, Charge rate: 0.225661080003
Time arrive: 643.7649781618765, time_travel to 35: 14.37358688706476
t_charge: 33.27610615859478
e_remain: 10504.286579759882, e_depot: 10055.276369359684, er: 594.2829106403151
Energy after charge: 10663.157988498813
-----------------------
Node ~33 ~
Init energy: 10752.2374, Charge rate: 0.0716439000015
Time arrive: 703.6478503772471, time_travel to 33: 26.60676605677586
t_charge: 6.651705601163646
e_remain: 10701.825323771302, e_depot: 10543.997059294745, er: 208.24034070525522
Energy after charge: 10734.607297646191
-----------------------
Node ~66 ~
Init energy: 10747.1096, Charge rate: 0.07933560000045001
Time arrive: 751.1960105924722, time_travel to 66: 40.8964546140616
t_charge: 4.320183351232517
e_remain: 10687.513013781701, e_depot: 10501.284292775868, er: 245.8253072241314
Energy after charge: 10708.771186199581
-----------------------
Node ~14 ~
Init energy: 10664.08704, Charge rate: 0.2038694400015
Time arrive: 775.7438977184787, time_travel to 14: 20.227703774773843
t_charge: 20.913061515892053
e_remain: 10505.936565987553, e_depot: 10081.444656148768, er: 582.6423838512328
Energy after charge: 10606.238339427051
-----------------------
Node ~72 ~
Init energy: 10758.5916, Charge rate: 0.06211260000089999
Time arrive: 838.9606233782721, time_travel to 72: 42.303664143901294
t_charge: 1.4439946146064624
e_remain: 10706.481574383599, e_depot: 10556.441024671749, er: 202.15057532825085
Energy after charge: 10713.61185719673
-----------------------
Node ~54 ~
Init energy: 10787.84612, Charge rate: 0.0182308200003
Time arrive: 865.729704369829, time_travel to 54: 25.325086376950424
t_charge: 1.4970994581745365
e_remain: 10772.063157590721, e_depot: 10733.878759397103, er: 53.967360602897315
Energy after charge: 10779.52136153085
-----------------------
Node ~68 ~
Init energy: 10775.502, Charge rate: 0.03674700000015
Time arrive: 890.4629825155589, time_travel to 68: 23.236178687555316
t_charge: 8.273466365843841
e_remain: 10742.780156781368, e_depot: 10693.001718140178, er: 82.50028185982228
Energy after charge: 10783.84346354204
-----------------------
Node ~17 ~
Init energy: 10731.82, Charge rate: 0.10227000000285
Time arrive: 930.768932394237, time_travel to 17: 32.032483512834276
t_charge: 19.385030316502814
e_remain: 10636.630261281389, e_depot: 10484.011136498848, er: 247.8088635011518
Energy after charge: 10731.572905813378
-----------------------
Node ~32 ~
Init energy: 10793.92, Charge rate: 0.009120000000255
Time arrive: 979.7607186964942, time_travel to 32: 29.60675598575433
t_charge: 0.9022050013784308
e_remain: 10784.984582245239, e_depot: 10767.689123984468, er: 26.230876015531976
Energy after charge: 10789.487379142518
-----------------------
Node ~40 ~
Init energy: 10752.2374, Charge rate: 0.0716439000015
Time arrive: 1036.0719482335924, time_travel to 40: 55.40902453571981
t_charge: 17.795435989705123
e_remain: 10678.009164946394, e_depot: 10599.715711237453, er: 152.52168876254655
Energy after charge: 10765.71141045839
-----------------------
Node ~23 ~
Init energy: 10787.78, Charge rate: 0.01833000000045
Time arrive: 1073.9571826294537, time_travel to 23: 20.089798406156294
t_charge: 2.7418828891919045
e_remain: 10768.09436484192, e_depot: 10739.702238378075, er: 48.077761621925674
Energy after charge: 10781.753520574519
-----------------------
Node ~22 ~
Init energy: 10772.10804, Charge rate: 0.041837940000599996
Time arrive: 1083.6646954255527, time_travel to 22: 6.965629906907199
t_charge: 9.120186864596198
e_remain: 10726.769741492017, e_depot: 10676.68070563388, er: 95.42733436611888
Energy after charge: 10771.989105984163
-----------------------
Node ~58 ~
Init energy: 10770.876, Charge rate: 0.0436860000003
Time arrive: 1149.6390817832382, time_travel to 58: 56.85419949308933
t_charge: 4.54358363902112
e_remain: 10720.652867072873, e_depot: 10646.336167313822, er: 124.53983268617776
Energy after charge: 10743.172294273123
-----------------------
Node ~71 ~
Init energy: 10666.02696, Charge rate: 0.20095955999999998
Time arrive: 1177.0780798102978, time_travel to 71: 22.895414388038493
t_charge: 36.20726071614715
e_remain: 10429.481866995677, e_depot: 10169.664261074464, er: 496.36269892553537
Energy after charge: 10603.24197539409
-----------------------
Node ~75 ~
Init energy: 10787.46, Charge rate: 0.01881000000045
Time arrive: 1227.2567398837034, time_travel to 75: 13.971399357258383
t_charge: 0.7044187928036816
e_remain: 10764.375300722235, e_depot: 10727.576923105524, er: 59.88307689447538
Energy after charge: 10767.884144568761
-----------------------
Node ~55 ~
Init energy: 10781.47584, Charge rate: 0.027786239999850002
Time arrive: 1261.8910864689442, time_travel to 55: 33.92992779243717
t_charge: 7.4119502931300785
e_remain: 10746.412631417701, e_depot: 10724.873109027401, er: 56.60273097259778
Energy after charge: 10783.26643265364
-----------------------
Node ~56 ~
Init energy: 10653.5886, Charge rate: 0.2196171000015
Time arrive: 1282.3414415724797, time_travel to 56: 13.038404810405297
t_charge: 36.597270462099395
e_remain: 10371.964491390108, e_depot: 10096.28469453756, er: 557.3039054624387
Energy after charge: 10546.91345729375
-----------------------
Node ~50 ~
Init energy: 10737.6062, Charge rate: 0.0935907000021
Time arrive: 1357.1486583836647, time_travel to 50: 38.2099463490856
t_charge: 7.646311418793691
e_remain: 10610.589707054962, e_depot: 10460.360121567268, er: 277.24607843273225
Energy after charge: 10648.105640510812
-----------------------
Node ~3 ~
Init energy: 10747.74, Charge rate: 0.07839000000060001
Time arrive: 1373.581322857054, time_travel to 3: 8.78635305459552
t_charge: 12.317613374843063
e_remain: 10640.064960100412, e_depot: 10545.089292630915, er: 202.65070736908456
Energy after charge: 10700.687449262166
-----------------------
Node ~62 ~
Init energy: 10787.78, Charge rate: 0.01833000000045
Time arrive: 1403.4226344717094, time_travel to 62: 17.52369823981228
t_charge: 6.439630732534591
e_remain: 10762.055263109503, e_depot: 10758.19097759479, er: 29.589022405210926
Energy after charge: 10794.135378340847
-----------------------
Node ~45 ~
Init energy: 10792.86408, Charge rate: 0.010703880000195
Time arrive: 1497.4344068932537, time_travel to 45: 87.57214168900975
t_charge: 0.7102610796370332
e_remain: 10776.835721800451, e_depot: 10760.334506065652, er: 32.529573934347354
Energy after charge: 10780.37942464927
-----------------------
Node ~18 ~
Init energy: 10769.44464, Charge rate: 0.0458330400006
Time arrive: 1578.4346424404418, time_travel to 18: 80.28997446755105
t_charge: 0.9165922396586843
e_remain: 10697.100181894693, e_depot: 10619.532559617606, er: 149.91208038239347
Energy after charge: 10701.641132884202
-----------------------
Node ~4 ~
Init energy: 10641.32664, Charge rate: 0.2380100400045
Time arrive: 1599.6312741277939, time_travel to 4: 20.28003944769339
t_charge: 40.57053491723067
e_remain: 10260.598336452395, e_depot: 10041.889721169817, er: 599.4369188301825
Energy after charge: 10453.794816399894
-----------------------
Node ~12 ~
Init energy: 10753.70112, Charge rate: 0.06944832000075
Time arrive: 1673.8499887877683, time_travel to 12: 33.648179742743885
t_charge: 23.238078443226453
e_remain: 10637.455050345416, e_depot: 10635.793553929181, er: 117.90756607081858
Energy after charge: 10752.03159705362
-----------------------
Node ~69 ~
Init energy: 10787.72, Charge rate: 0.01842000000045
Time arrive: 1713.2125827275918, time_travel to 69: 16.1245154965971
t_charge: 4.44364003533088
e_remain: 10756.162624225386, e_depot: 10747.847650085529, er: 39.87234991447076
Energy after charge: 10778.298972552588
-----------------------
Node ~49 ~
Init energy: 10734.198, Charge rate: 0.09870300000195001
Time arrive: 1749.1077728042164, time_travel to 49: 31.45155004129367
t_charge: 17.711496596062574
e_remain: 10561.555815497495, e_depot: 10490.045191687394, er: 244.1528083126068
Energy after charge: 10648.365120629252
-----------------------
Node ~63 ~
Init energy: 10779.78728, Charge rate: 0.03031908000075
Time arrive: 1791.5837601077415, time_travel to 63: 24.76449070746257
t_charge: 12.041933928920576
e_remain: 10725.46810864925, e_depot: 10737.796713191976, er: 41.990566808024596
Energy after charge: 10785.312677935697
-----------------------
Node ~67 ~
Init energy: 10775.08, Charge rate: 0.037380000000000004
Time arrive: 1839.0533668363253, time_travel to 67: 35.427672799663256
t_charge: 10.495905364803328
e_remain: 10706.336185147658, e_depot: 10701.558182505367, er: 73.52181749463307
Energy after charge: 10758.423375029139
-----------------------
Node ~1 ~
Init energy: 10621.52, Charge rate: 0.26772000000449997
Time arrive: 1889.4576673079227, time_travel to 1: 39.90839510679426
t_charge: 62.94227505217194
e_remain: 10115.674393299822, e_depot: 10033.79478078371, er: 587.7252192162905
Energy after charge: 10413.534862683431
-----------------------
Node ~43 ~
Init energy: 10752.3714, Charge rate: 0.07144290000135001
Time arrive: 1972.1230252834107, time_travel to 43: 19.72308292331602
t_charge: 11.933697625880507
e_remain: 10611.477211914318, e_depot: 10571.218554737403, er: 181.1528452625971
Energy after charge: 10670.293122077588
-----------------------
Node ~39 ~
Init energy: 10752.2374, Charge rate: 0.0716439000015
Time arrive: 1992.8658091275092, time_travel to 39: 8.809086218218095
t_charge: 19.71672434236283
e_remain: 10609.46072125446, e_depot: 10609.322153000741, er: 142.91524699925867
Energy after charge: 10706.631759939133
-----------------------
Node ~64 ~
Init energy: 10777.137, Charge rate: 0.0342945000003
Time arrive: 2062.7889075671915, time_travel to 64: 50.206374097319554
t_charge: 7.832304702971747
e_remain: 10706.394685808818, e_depot: 10700.69785195858, er: 76.4391480414215
Energy after charge: 10745.287604350038
-----------------------
Node ~74 ~
Init energy: 10787.34624, Charge rate: 0.01898064000045
Time arrive: 2129.0982162973874, time_travel to 74: 58.47700402722425
t_charge: 3.779944212241477
e_remain: 10746.93459323086, e_depot: 10742.265593054652, er: 45.080646945349145
Energy after charge: 10765.762568531754
-----------------------
Node ~70 ~
Init energy: 10757.45368, Charge rate: 0.06381948000149999
Time arrive: 2145.8303803965823, time_travel to 70: 12.952219886953742
t_charge: 11.965953868380142
e_remain: 10620.50790095167, e_depot: 10602.15931146319, er: 155.29436853681
Energy after charge: 10679.574009339969
-----------------------
Node ~15 ~
Init energy: 10759.46632, Charge rate: 0.0608005200012
Time arrive: 2202.3388981785943, time_travel to 15: 44.542563913632094
t_charge: 3.9648078909078213
e_remain: 10625.56296977187, e_depot: 10574.342599812373, er: 185.12372018762653
Energy after charge: 10645.145946844937
-----------------------
Node ~60 ~
Init energy: 10780.18208, Charge rate: 0.029726880000749998
Time arrive: 2251.456336114716, time_travel to 60: 45.15263004521442
t_charge: 4.090042888800073
e_remain: 10713.25330766939, e_depot: 10700.428259064289, er: 79.7538209357117
Energy after charge: 10733.581937899238
-----------------------
Node ~41 ~
Init energy: 10794.28, Charge rate: 0.00858000000024
Time arrive: 2285.5277065258256, time_travel to 41: 29.981327522309613
t_charge: 2.3659760562800853
e_remain: 10774.67017227746, e_depot: 10777.188223398462, er: 17.091776601539095
Energy after charge: 10786.479752484296
-----------------------
Node ~59 ~
Init energy: 10788.2, Charge rate: 0.017700000000449998
Time arrive: 2314.584504974831, time_travel to 59: 26.69082239272518
t_charge: 7.215168830286952
e_remain: 10747.231854260905, e_depot: 10764.612286246225, er: 23.58771375377546
Energy after charge: 10783.17998992404
-----------------------
Node ~24 ~
Init energy: 10776.62864, Charge rate: 0.035057040000600004
Time arrive: 2376.119099428002, time_travel to 24: 54.31942562288375
t_charge: 7.22877552872705
e_remain: 10693.328937685164, e_depot: 10694.601459112115, er: 82.02718088788606
Energy after charge: 10729.219395855933
-----------------------
Node ~7 ~
Init energy: 10662.04604, Charge rate: 0.206930940003
Time arrive: 2425.623163246698, time_travel to 7: 42.27528828996912
t_charge: 21.617861810057605
e_remain: 10160.109558736309, e_depot: 10072.607884590687, er: 589.4381554093125
Energy after charge: 10263.725463321387
-----------------------
Node ~61 ~
Init energy: 10785.7792, Charge rate: 0.02133120000045
Time arrive: 2475.2410250567555, time_travel to 61: 28.0
t_charge: 5.01450177424199
e_remain: 10732.979338645197, e_depot: 10738.948020375045, er: 46.83117962495635
Energy after charge: 10757.944882176158
-----------------------
Node ~11 ~
Init energy: 10732.32, Charge rate: 0.10152000000285
Time arrive: 2530.0972763990053, time_travel to 11: 49.84174956800774
t_charge: 3.327824739770406
e_remain: 10475.464524492761, e_depot: 10406.753225475513, er: 325.5667745244864
Energy after charge: 10491.765807424023
-----------------------
Node ~47 ~
Init energy: 10780.86704, Charge rate: 0.028699440000300003
Time arrive: 2572.3650549137865, time_travel to 47: 38.939953775011084
t_charge: 16.91727908626708
e_remain: 10707.041603447633, e_depot: 10768.712717902436, er: 12.154322097563636
Energy after charge: 10791.142482442863
-----------------------
Node ~26 ~
Init energy: 10784.46276, Charge rate: 0.0233058600003
Time arrive: 2666.601413146148, time_travel to 26: 77.31907914609434
t_charge: 10.251809787706101
e_remain: 10722.315320788613, e_depot: 10757.161892123657, er: 27.300867876343546
Energy after charge: 10773.335442483482
-----------------------
Node ~20 ~
Init energy: 10767.94816, Charge rate: 0.04807776000135
Time arrive: 2725.1340679968807, time_travel to 20: 48.2808450630268
t_charge: 9.076547353146163
e_remain: 10636.929818307342, e_depot: 10651.269302544235, er: 116.67885745576496
Energy after charge: 10681.876175007788
-----------------------
Node ~73 ~
Init energy: 10780.8668, Charge rate: 0.028699799999999998
Time arrive: 2819.8556969367705, time_travel to 73: 85.64508158674379
t_charge: 6.278543981812197
e_remain: 10699.937505469054, e_depot: 10715.51758888508, er: 65.34921111491894
Energy after charge: 10731.150032421545
-----------------------
Node ~31 ~
Init energy: 10722.08004, Charge rate: 0.11687994000045002
Time arrive: 2912.617765361103, time_travel to 31: 86.48352444252026
t_charge: 9.552876282068587
e_remain: 10381.65345034035, e_depot: 10375.862892144965, er: 346.21714785503536
Energy after charge: 10428.301292144013
-----------------------
Node ~25 ~
Init energy: 10785.82872, Charge rate: 0.021256920000299998
Time arrive: 2980.003850096447, time_travel to 25: 57.83320845327536
t_charge: 7.061336833140758
e_remain: 10722.483016557913, e_depot: 10749.48210036389, er: 36.34661963610961
Energy after charge: 10757.63959845146
-----------------------
Node ~9 ~
Init energy: 10769.76, Charge rate: 0.045360000001199996
Time arrive: 3023.07629632655, time_travel to 9: 36.01110939696249
t_charge: 5.3546582324085525
e_remain: 10632.633259195, e_depot: 10643.632783445479, er: 126.12721655452151
Energy after charge: 10659.163663059613
-----------------------
Node ~10 ~
Init energy: 10769.7, Charge rate: 0.045360000001199996
Time arrive: 3077.762486057585, time_travel to 10: 49.33153149862672
t_charge: 8.249406467493554
e_remain: 10630.092693628736, e_depot: 10658.046524620904, er: 111.65347537909656
Energy after charge: 10670.965532888828
-----------------------
Node ~42 ~
Init energy: 10786.80968, Charge rate: 0.01978548000045
Time arrive: 3143.9780895712884, time_travel to 42: 57.966197046209615
t_charge: 4.379901577774778
e_remain: 10724.604564386935, e_depot: 10742.015847117167, er: 44.79383288283316
Energy after charge: 10746.417413820738
-----------------------
Node ~44 ~
Init energy: 10793.64, Charge rate: 0.009540000000270001
Time arrive: 3166.3679883728278, time_travel to 44: 18.009997223764362
t_charge: 2.3610731057383885
e_remain: 10763.432849390068, e_depot: 10773.287719064434, er: 20.35228093556543
Energy after charge: 10775.215690281331
-----------------------
Node ~51 ~
Init energy: 10713.1274, Charge rate: 0.13030890000225
Time arrive: 3226.1137284201805, time_travel to 51: 57.3846669416143
t_charge: 2.4590589133988
e_remain: 10292.736068767408, e_depot: 10286.174525038688, er: 426.95287496131095
Energy after charge: 10304.710926072357
-----------------------
Node ~29 ~
Init energy: 10785.98812, Charge rate: 0.021017820000300003
Time arrive: 3295.2996934509765, time_travel to 29: 66.72690611739765
t_charge: 13.328308522523038
e_remain: 10716.728104196003, e_depot: 10781.782322465873, er: 4.205797534126759
Energy after charge: 10783.089514819183
-----------------------
Node ~5 ~
Init energy: 10757.89152, Charge rate: 0.06316272000135
Time arrive: 3354.2043116090986, time_travel to 5: 45.57630963559906
t_charge: 10.933100664196385
e_remain: 10546.030852238513, e_depot: 10599.646706815027, er: 158.24481318497237
Energy after charge: 10600.005791183496
-----------------------
==============================================
Fitness: 0.011684930191621489, num_deaths: 0, max_er: 599.4369188301825
