routes: [38 17 11 14 12  6 19  5 46 51 49 37 34 35 24  9 52 68 25 40 53 67 20 29
 36  3 16 63 61 65 73 58 75 72  1 13 74 54 15 26  7 31 55  2  8 69 60 64
 50 48 33 70 59 27 32 18 43 28 57 45 56 41 44 47  4 39 66 62 10 30 42 23
 71 22 21]
t_charge: [  2.60855656   1.9066575   22.64479979  14.44453266   4.71266086
 138.21353634  15.11831306   4.20391427   0.93780398   6.59444415
   7.29077036  33.17800251  10.07891469   3.93383339   2.69672333
  19.20965529   9.80138279   5.54521036   1.27879313   1.65453718
  23.77073033   4.67898741  13.57598392   3.40377141   9.70502794
  14.79938702  14.99901571   1.44458155   6.09762345   9.91036231
   0.55617002   7.09349714   9.03945693   0.35364539  37.50673192
   8.27964267   9.74944813  23.65117765   9.24838807  12.13468051
   2.66854486   8.51670638  29.47379296  18.57438448 136.35873158
   0.86013241   3.50881932   6.87140831   6.16210493   8.53298684
  13.04311084   2.91764514  21.9667176    9.76207106  10.10767468
  27.39604103   8.81598527   5.35046845  49.94279747   5.66031898
   3.5356669   15.1719849    4.16815601   5.42515497  24.83401244
   3.64706647  12.33850389  32.07563675  42.38059996  21.3674737
  13.60855535   3.16580089   4.61514963   0.86095176  14.66270858]
T: 3411.9190309299547, energy used: 7829.5158968369815
=================================
Node ~38 ~
Init energy: 10682.67112, Charge rate: 0.175993320003
Time arrive: 6.07289058027559, time_travel to 38: 6.07289058027559
t_charge: 2.6085565609434744
e_remain: 10681.602331824763, e_depot: 10095.238944969937, er: 587.4321750300642
Energy after charge: 10694.186026099904
-----------------------
Node ~17 ~
Init energy: 10527.07152, Charge rate: 0.409392720009
Time arrive: 27.285747719311217, time_travel to 17: 18.604300578092154
t_charge: 1.9066574985167593
e_remain: 10515.900933523712, e_depot: 9139.789994969698, er: 1387.281525030301
Energy after charge: 10524.653649316851
-----------------------
Node ~11 ~
Init energy: 10518.34272, Charge rate: 0.4224859200045
Time arrive: 37.472501835621756, time_travel to 11: 8.280096617793781
t_charge: 22.644799788207813
e_remain: 10502.511115587107, e_depot: 9190.078968177735, er: 1328.2637518222655
Energy after charge: 10606.168005456308
-----------------------
Node ~14 ~
Init energy: 10659.863, Charge rate: 0.2102055000045
Time arrive: 75.52249555315095, time_travel to 14: 15.40519392932137
t_charge: 14.444532655123536
e_remain: 10643.987756060662, e_depot: 10014.881517404116, er: 644.9814825958838
Energy after charge: 10713.174099127178
-----------------------
Node ~12 ~
Init energy: 10730.8484, Charge rate: 0.1037274000018
Time arrive: 96.62735853041318, time_travel to 12: 6.660330322138686
t_charge: 4.712660857002878
e_remain: 10720.825495330599, e_depot: 10400.50221418999, er: 330.34618581001087
Energy after charge: 10743.899967557825
-----------------------
Node ~6 ~
Init energy: 10306.5612, Charge rate: 0.7401582000015
Time arrive: 128.79543779617464, time_travel to 6: 27.45541840875859
t_charge: 138.21353633551118
e_remain: 10211.232200592378, e_depot: 8472.26903319358, er: 1834.292166806421
Energy after charge: 10800.0
-----------------------
Node ~19 ~
Init energy: 10522.56352, Charge rate: 0.4161547200075
Time arrive: 275.3059615367624, time_travel to 19: 8.296987405076617
t_charge: 15.11831305953987
e_remain: 10407.993644660273, e_depot: 9178.268876292785, er: 1344.294643707215
Energy after charge: 10477.293652619694
-----------------------
Node ~5 ~
Init energy: 10700.1776, Charge rate: 0.1497336000012
Time arrive: 296.68526493330165, time_travel to 5: 6.260990336999411
t_charge: 4.20391427031716
e_remain: 10655.753847214228, e_depot: 10210.318251937839, er: 489.8593480621621
Energy after charge: 10676.143951348022
-----------------------
Node ~46 ~
Init energy: 10793.14, Charge rate: 0.010290000000285
Time arrive: 324.74290008737194, time_travel to 46: 23.853720883753127
t_charge: 0.9378039797289786
e_remain: 10789.798395558008, e_depot: 10762.720373069404, er: 30.41962693059577
Energy after charge: 10794.477765453701
-----------------------
Node ~51 ~
Init energy: 10756.51608, Charge rate: 0.0652258800012
Time arrive: 348.1698125420939, time_travel to 51: 22.489108474992953
t_charge: 6.59444415171835
e_remain: 10733.806397587088, e_depot: 10566.942879473343, er: 189.57320052665636
Energy after charge: 10766.348489922766
-----------------------
Node ~49 ~
Init energy: 10766.152, Charge rate: 0.050772000000749995
Time arrive: 358.3864107490672, time_travel to 49: 3.622154055254967
t_charge: 7.290770361803448
e_remain: 10747.956005153179, e_depot: 10629.375898768083, er: 136.77610123191698
Energy after charge: 10784.03968996938
-----------------------
Node ~37 ~
Init energy: 10645.3798, Charge rate: 0.231930300006
Time arrive: 393.1384265305525, time_travel to 37: 27.461245419681898
t_charge: 33.17800251230297
e_remain: 10554.199086790883, e_depot: 10019.94240812175, er: 625.4373918782512
Energy after charge: 10712.39411527612
-----------------------
Node ~34 ~
Init energy: 10732.4224, Charge rate: 0.1013664000009
Time arrive: 446.5322644201037, time_travel to 34: 20.215835377248204
t_charge: 10.078914686739472
e_remain: 10687.159031871484, e_depot: 10436.963024173769, er: 295.4593758262308
Energy after charge: 10736.53194200747
-----------------------
Node ~35 ~
Init energy: 10781.22, Charge rate: 0.02817000000075
Time arrive: 464.77206141208444, time_travel to 35: 8.160882305241266
t_charge: 3.9338333940845787
e_remain: 10768.127371029672, e_depot: 10704.775407866568, er: 76.4445921334318
Energy after charge: 10787.68572191338
-----------------------
Node ~24 ~
Init energy: 10763.424, Charge rate: 0.0548640000009
Time arrive: 486.51038862093384, time_travel to 24: 17.804493814764857
t_charge: 2.696723328053595
e_remain: 10736.732094038263, e_depot: 10589.716090924256, er: 173.7079090757452
Energy after charge: 10750.067757649858
-----------------------
Node ~9 ~
Init energy: 10674.975, Charge rate: 0.187537500003
Time arrive: 522.9241699463869, time_travel to 9: 33.71705799739948
t_charge: 19.209655293079226
e_remain: 10576.907108477111, e_depot: 10131.160511192133, er: 543.8144888078677
Energy after charge: 10669.352854212924
-----------------------
Node ~52 ~
Init energy: 10597.02212, Charge rate: 0.3044668200015
Time arrive: 549.6010871205038, time_travel to 52: 7.467261881037788
t_charge: 9.801382787640998
e_remain: 10429.686824735052, e_depot: 9607.212896488361, er: 989.8092235116383
Energy after charge: 10475.709542824286
-----------------------
Node ~68 ~
Init energy: 10767.513, Charge rate: 0.0487305000006
Time arrive: 576.6094452379349, time_travel to 68: 17.20697532978995
t_charge: 5.545210357466952
e_remain: 10739.414533428488, e_depot: 10628.974531448555, er: 138.53846855144548
Energy after charge: 10766.870364342494
-----------------------
Node ~25 ~
Init energy: 10793.54, Charge rate: 0.00969000000027
Time arrive: 619.3568060708784, time_travel to 25: 37.20215047547655
t_charge: 1.278793133569542
e_remain: 10787.538432549007, e_depot: 10766.872470257216, er: 26.66752974278461
Energy after charge: 10793.92000671139
-----------------------
Node ~40 ~
Init energy: 10730.6292, Charge rate: 0.10405620000179999
Time arrive: 646.2894488181025, time_travel to 40: 25.65384961365448
t_charge: 1.6545371765099295
e_remain: 10663.37877585473, e_depot: 10383.870556810154, er: 346.7586431898453
Energy after charge: 10671.47929688593
-----------------------
Node ~53 ~
Init energy: 10713.9644, Charge rate: 0.12905340000225
Time arrive: 681.1855262718018, time_travel to 53: 33.24154027718932
t_charge: 23.770730334406007
e_remain: 10626.055091802304, e_depot: 10392.498300198138, er: 321.4660998018626
Energy after charge: 10741.841049904142
-----------------------
Node ~67 ~
Init energy: 10714.854, Charge rate: 0.12771900000135
Time arrive: 716.2008108437043, time_travel to 67: 11.244554237496477
t_charge: 4.67898740731077
e_remain: 10623.381548638885, e_depot: 10302.482050320605, er: 412.3719496793947
Energy after charge: 10646.178890082758
-----------------------
Node ~20 ~
Init energy: 10756.46, Charge rate: 0.0653100000018
Time arrive: 774.636658278364, time_travel to 20: 53.75686002734907
t_charge: 13.575983916359805
e_remain: 10705.868479846446, e_depot: 10601.507487665622, er: 154.9525123343774
Energy after charge: 10772.861751918643
-----------------------
Node ~29 ~
Init energy: 10782.0, Charge rate: 0.02700000000075
Time arrive: 799.6738812202394, time_travel to 29: 11.461239025515521
t_charge: 3.4037714066721003
e_remain: 10760.408805206454, e_depot: 10706.897043195693, er: 75.10295680430681
Energy after charge: 10777.335760411832
-----------------------
Node ~36 ~
Init energy: 10730.6292, Charge rate: 0.10405620000179999
Time arrive: 824.9609796134555, time_travel to 36: 21.88332698654389
t_charge: 9.705027937291922
e_remain: 10644.786895311661, e_depot: 10424.123010614063, er: 306.5061893859365
Energy after charge: 10692.302166670055
-----------------------
Node ~3 ~
Init energy: 10754.61168, Charge rate: 0.0680824800018
Time arrive: 838.2100165800813, time_travel to 3: 3.54400902933387
t_charge: 14.799387018437828
e_remain: 10697.544263308879, e_depot: 10596.31670590114, er: 158.29497409886062
Energy after charge: 10770.533619430345
-----------------------
Node ~16 ~
Init energy: 10582.5662, Charge rate: 0.32615070000449997
Time arrive: 884.7741639470563, time_travel to 16: 31.76476034853718
t_charge: 14.999015711384434
e_remain: 10293.99648708277, e_depot: 9544.761498260441, er: 1037.8047017395584
Energy after charge: 10364.099626166046
-----------------------
Node ~63 ~
Init energy: 10788.16, Charge rate: 0.01776000000045
Time arrive: 960.1085755716193, time_travel to 63: 60.33539591317852
t_charge: 1.4445815529570416
e_remain: 10771.108471697416, e_depot: 10734.787225773933, er: 53.37277422606712
Energy after charge: 10778.30572369382
-----------------------
Node ~61 ~
Init energy: 10761.64, Charge rate: 0.05754000000015
Time arrive: 970.7727015818692, time_travel to 61: 9.219544457292887
t_charge: 6.09762345188954
e_remain: 10705.781738750833, e_depot: 10595.806296219225, er: 165.83370378077416
Energy after charge: 10735.918998756859
-----------------------
Node ~65 ~
Init energy: 10770.706, Charge rate: 0.043941000000300004
Time arrive: 1003.9442977751205, time_travel to 65: 27.073972741361768
t_charge: 9.91036230858205
e_remain: 10726.591683611163, e_depot: 10670.334677403793, er: 100.37132259620739
Energy after charge: 10775.70802392387
-----------------------
Node ~73 ~
Init energy: 10757.025, Charge rate: 0.0644625000003
Time arrive: 1073.9509162066925, time_travel to 73: 60.09625612298989
t_charge: 0.5561700245778067
e_remain: 10687.795439063704, e_depot: 10539.865019590543, er: 217.1599804094567
Energy after charge: 10690.540437076384
-----------------------
Node ~58 ~
Init energy: 10779.32324, Charge rate: 0.031015140000599996
Time arrive: 1100.1336349649566, time_travel to 58: 25.62654873368632
t_charge: 7.093497137838651
e_remain: 10745.202441292193, e_depot: 10708.969579274188, er: 70.353660725812
Energy after charge: 10780.449921174562
-----------------------
Node ~75 ~
Init energy: 10770.90552, Charge rate: 0.043641720000449996
Time arrive: 1125.174833905533, time_travel to 75: 17.947701802737864
t_charge: 9.039456931668775
e_remain: 10721.800954947143, e_depot: 10667.200789646291, er: 103.70473035370924
Energy after charge: 10766.603742157118
-----------------------
Node ~72 ~
Init energy: 10794.36, Charge rate: 0.00846000000024
Time arrive: 1156.9343260484422, time_travel to 72: 22.720035211240322
t_charge: 0.35364539379891086
e_remain: 10784.572335601353, e_depot: 10767.263391966508, er: 27.096608033492885
Energy after charge: 10786.337570730317
-----------------------
Node ~1 ~
Init energy: 10511.0706, Charge rate: 0.43339410001050005
Time arrive: 1195.6280288235232, time_travel to 1: 38.34005738128205
t_charge: 37.50673191783358
e_remain: 9992.8924665007, e_depot: 9219.898681870582, er: 1291.1719181294175
Energy after charge: 10164.170929766004
-----------------------
Node ~13 ~
Init energy: 10772.13312, Charge rate: 0.04180032000045
Time arrive: 1261.9965001206804, time_travel to 13: 28.861739379323627
t_charge: 8.279642666698289
e_remain: 10719.381262455508, e_depot: 10670.912026024995, er: 101.22109397500572
Energy after charge: 10760.433384076043
-----------------------
Node ~74 ~
Init energy: 10782.1, Charge rate: 0.026850000000749996
Time arrive: 1348.905399428911, time_travel to 74: 78.6292566415326
t_charge: 9.749448132607904
e_remain: 10745.881890024322, e_depot: 10739.237214680012, er: 42.86278531998869
Energy after charge: 10794.367358004994
-----------------------
Node ~54 ~
Init energy: 10583.64464, Charge rate: 0.324533040006
Time arrive: 1398.6478469489118, time_travel to 54: 39.99299938739279
t_charge: 23.651177645811593
e_remain: 10129.737202331824, e_depot: 9594.620072867034, er: 989.0245671329667
Energy after charge: 10240.317501979765
-----------------------
Node ~15 ~
Init energy: 10756.46, Charge rate: 0.0653100000018
Time arrive: 1441.419694039071, time_travel to 15: 19.120669444347392
t_charge: 9.248388068124486
e_remain: 10662.320879779712, e_depot: 10579.869508424445, er: 176.59049157555455
Energy after charge: 10707.95880789559
-----------------------
Node ~26 ~
Init energy: 10764.80868, Charge rate: 0.052786980001199996
Time arrive: 1456.5093148537997, time_travel to 26: 5.841232746604094
t_charge: 12.134680507550467
e_remain: 10687.923951925251, e_depot: 10645.377180886338, er: 119.43149911366163
Energy after charge: 10747.95680132573
-----------------------
Node ~7 ~
Init energy: 10671.06448, Charge rate: 0.1934032800015
Time arrive: 1471.9545844327995, time_travel to 7: 3.3105890714493698
t_charge: 2.6685448631944637
e_remain: 10386.383635357452, e_depot: 10024.53087263458, er: 646.5336073654198
Energy after charge: 10399.21025434405
-----------------------
Node ~31 ~
Init energy: 10763.59128, Charge rate: 0.05461308000045
Time arrive: 1518.5890251699552, time_travel to 31: 43.965895873961216
t_charge: 8.516706384444538
e_remain: 10680.65645608059, e_depot: 10619.839404930988, er: 143.75187506901239
Energy after charge: 10722.774864435698
-----------------------
Node ~55 ~
Init energy: 10719.55968, Charge rate: 0.1206604800021
Time arrive: 1588.4558741785208, time_travel to 55: 61.3501426241211
t_charge: 29.473792964315763
e_remain: 10527.895831759464, e_depot: 10455.244856821271, er: 264.31482317872906
Energy after charge: 10671.708474574487
-----------------------
Node ~2 ~
Init energy: 10705.478, Charge rate: 0.1417830000027
Time arrive: 1620.337986058595, time_travel to 2: 2.4083189157584592
t_charge: 18.574384482874606
e_remain: 10475.741619318278, e_depot: 10314.597806442818, er: 390.880193557181
Energy after charge: 10565.980009777466
-----------------------
Node ~8 ~
Init energy: 10314.4628, Charge rate: 0.7283058000089999
Time arrive: 1657.2088182841328, time_travel to 8: 18.296447742663055
t_charge: 136.35873158426716
e_remain: 9107.508005817604, e_depot: 8511.336038533964, er: 1803.1267614660355
Energy after charge: 9689.990808644248
-----------------------
Node ~69 ~
Init energy: 10682.67112, Charge rate: 0.175993320003
Time arrive: 1828.5766915316856, time_travel to 69: 35.009141663285604
t_charge: 0.8601324128528751
e_remain: 10360.853837177237, e_depot: 10086.496824229484, er: 596.1742957705173
Energy after charge: 10365.003121682521
-----------------------
Node ~60 ~
Init energy: 10787.48, Charge rate: 0.01878000000045
Time arrive: 1875.453342717692, time_travel to 60: 46.01651877315363
t_charge: 3.5088193249856783
e_remain: 10752.258986222918, e_depot: 10740.948257222528, er: 46.53174277747166
Energy after charge: 10769.737187220922
-----------------------
Node ~64 ~
Init energy: 10787.56, Charge rate: 0.018660000000449997
Time arrive: 1942.937469779335, time_travel to 64: 63.97530773665727
t_charge: 6.871408307108601
e_remain: 10751.304786813043, e_depot: 10758.250632416853, er: 29.309367583146013
Energy after charge: 10785.533607869573
-----------------------
Node ~50 ~
Init energy: 10748.12976, Charge rate: 0.07780536000135
Time arrive: 1968.490419778713, time_travel to 50: 18.681541692269406
t_charge: 6.1621049274655935
e_remain: 10594.970654229908, e_depot: 10513.474696140367, er: 234.65506385963272
Energy after charge: 10625.301734074988
-----------------------
Node ~48 ~
Init energy: 10782.46584, Charge rate: 0.02630124000015
Time arrive: 2000.6556014472105, time_travel to 48: 26.00307674103201
t_charge: 8.53298684134417
e_remain: 10729.846116868694, e_depot: 10735.393072913153, er: 47.07276708684731
Energy after charge: 10772.286622940583
-----------------------
Node ~33 ~
Init energy: 10774.014, Charge rate: 0.038978999999849995
Time arrive: 2033.3455748555916, time_travel to 33: 24.156986567036874
t_charge: 13.04311083957479
e_remain: 10694.756222838008, e_depot: 10706.236362291766, er: 67.77763770823367
Energy after charge: 10759.463369618468
-----------------------
Node ~70 ~
Init energy: 10794.36, Charge rate: 0.00846000000024
Time arrive: 2120.1369060126767, time_travel to 70: 73.74822031751003
t_charge: 2.917645142069112
e_remain: 10776.423641774625, e_depot: 10780.08339070786, er: 14.276609292141075
Energy after charge: 10790.987184207068
-----------------------
Node ~59 ~
Init energy: 10757.3764, Charge rate: 0.06393540000015
Time arrive: 2147.5371980704695, time_travel to 59: 24.482646915723798
t_charge: 21.966717597461084
e_remain: 10620.072750226162, e_depot: 10649.067579976672, er: 108.30882002332692
Energy after charge: 10728.501887337183
-----------------------
Node ~27 ~
Init energy: 10764.788, Charge rate: 0.052818000001050004
Time arrive: 2192.3398522591892, time_travel to 27: 22.835936591258964
t_charge: 9.762071056980677
e_remain: 10648.992993681073, e_depot: 10633.387615905664, er: 131.4003840943369
Energy after charge: 10697.287735896878
-----------------------
Node ~32 ~
Init energy: 10767.34872, Charge rate: 0.048976920000750004
Time arrive: 2294.692419588736, time_travel to 32: 92.59049627256569
t_charge: 10.10767468252649
e_remain: 10654.961752939475, e_depot: 10650.781807985739, er: 116.5669120142611
Energy after charge: 10705.005083577787
-----------------------
Node ~18 ~
Init energy: 10756.46, Charge rate: 0.0653100000018
Time arrive: 2321.40129904682, time_travel to 18: 16.601204775557708
t_charge: 27.396041030926074
e_remain: 10604.849281155073, e_depot: 10670.607773238453, er: 85.85222676154626
Energy after charge: 10740.040250869924
-----------------------
Node ~43 ~
Init energy: 10783.0276, Charge rate: 0.025458600000450003
Time arrive: 2424.769176964845, time_travel to 43: 75.97183688709916
t_charge: 8.815985273873935
e_remain: 10721.296371430231, e_depot: 10740.244844527, er: 42.78275547299927
Energy after charge: 10765.151855156904
-----------------------
Node ~28 ~
Init energy: 10659.2036, Charge rate: 0.21119460000450002
Time arrive: 2486.7716266822217, time_travel to 28: 53.18646444350291
t_charge: 5.350468452173123
e_remain: 10134.01086100031, e_depot: 9965.377067275875, er: 693.8265327241261
Energy after charge: 10159.633213216583
-----------------------
Node ~57 ~
Init energy: 10725.8758, Charge rate: 0.11118630000195001
Time arrive: 2518.2945997909997, time_travel to 57: 26.172504656604804
t_charge: 49.942797474690515
e_remain: 10445.875941134347, e_depot: 10596.23113441811, er: 129.64466558188906
Energy after charge: 10690.036973644843
-----------------------
Node ~45 ~
Init energy: 10793.96, Charge rate: 0.009060000000255
Time arrive: 2596.354296098954, time_travel to 45: 28.116898833263956
t_charge: 5.660318984503983
e_remain: 10770.43703007668, e_depot: 10791.349608501423, er: 2.610391498576064
Energy after charge: 10798.6873425092
-----------------------
Node ~56 ~
Init energy: 10745.9632, Charge rate: 0.08105520000105
Time arrive: 2636.335454234038, time_travel to 56: 34.32083915058022
t_charge: 3.5356668982612875
e_remain: 10532.274502487202, e_depot: 10487.087755051889, er: 258.8754449481112
Energy after charge: 10549.666252790932
-----------------------
Node ~41 ~
Init energy: 10719.05068, Charge rate: 0.1214239800027
Time arrive: 2661.9446346722866, time_travel to 41: 22.07351353998724
t_charge: 15.171984897899565
e_remain: 10395.826767911258, e_depot: 10380.621816307028, er: 338.4288636929723
Energy after charge: 10469.844449609911
-----------------------
Node ~44 ~
Init energy: 10793.96, Charge rate: 0.009060000000255
Time arrive: 2700.6427752272416, time_travel to 44: 23.526155657055405
t_charge: 4.168156013709556
e_remain: 10769.492176455751, e_depot: 10783.888793647451, er: 10.07120635254796
Energy after charge: 10790.295193030814
-----------------------
Node ~47 ~
Init energy: 10793.14, Charge rate: 0.010290000000285
Time arrive: 2787.470715900724, time_travel to 47: 82.65978465977273
t_charge: 5.425154970214018
e_remain: 10764.456926332587, e_depot: 10785.157128021829, er: 7.982871978170806
Energy after charge: 10791.526876339012
-----------------------
Node ~4 ~
Init energy: 10691.77776, Charge rate: 0.162333360003
Time arrive: 2849.398260200948, time_travel to 4: 56.50238933000975
t_charge: 24.834012436152577
e_remain: 10229.22536643488, e_depot: 10262.079541831725, er: 429.69821816827607
Energy after charge: 10349.364039934526
-----------------------
Node ~39 ~
Init energy: 10516.3932, Charge rate: 0.4254102000105
Time arrive: 2893.894419010271, time_travel to 39: 19.662146373170962
t_charge: 3.647066467359017
e_remain: 9285.300996399572, e_depot: 9083.163374969252, er: 1433.2298250307485
Energy after charge: 9301.984829461036
-----------------------
Node ~66 ~
Init energy: 10777.80768, Charge rate: 0.03328848000015
Time arrive: 2942.8515285144667, time_travel to 66: 45.31004303683677
t_charge: 12.338503890252095
e_remain: 10679.844625749634, e_depot: 10725.922601028018, er: 51.885078971981784
Energy after charge: 10741.126415160912
-----------------------
Node ~62 ~
Init energy: 10767.6416, Charge rate: 0.0485376
Time arrive: 2978.807822309788, time_travel to 62: 23.61778990506944
t_charge: 32.07563674698856
e_remain: 10623.057417443857, e_depot: 10762.413422579279, er: 5.228177420722204
Energy after charge: 10781.87872675263
-----------------------
Node ~10 ~
Init energy: 10477.784, Charge rate: 0.4833240000105
Time arrive: 3065.661921977892, time_travel to 10: 54.77846292111526
t_charge: 42.380599962902984
e_remain: 8996.076017189767, e_depot: 9040.6246460735, er: 1437.1593539264995
Energy after charge: 9187.495455907367
-----------------------
Node ~30 ~
Init energy: 10590.22648, Charge rate: 0.314660280006
Time arrive: 3113.483110144289, time_travel to 30: 5.440588203494178
t_charge: 21.367473697791677
e_remain: 9610.537012768045, e_depot: 9623.468450858738, er: 966.7580291412614
Energy after charge: 9710.650886000236
-----------------------
Node ~42 ~
Init energy: 10787.66, Charge rate: 0.01851000000045
Time arrive: 3151.4878913165494, time_travel to 42: 16.637307474468336
t_charge: 13.608555349643927
e_remain: 10729.325959130312, e_depot: 10792.54815548417, er: 0
Energy after charge: 10797.116841519004
-----------------------
Node ~23 ~
Init energy: 10659.863, Charge rate: 0.2102055000045
Time arrive: 3203.779259387091, time_travel to 23: 38.68281272089712
t_charge: 3.165800888655713
e_remain: 9986.410978876489, e_depot: 9958.487858571776, er: 701.3751414282233
Energy after charge: 10001.574514561053
-----------------------
Node ~71 ~
Init energy: 10781.8956, Charge rate: 0.0271566000003
Time arrive: 3285.941262716117, time_travel to 71: 78.99620244037051
t_charge: 4.61514963357409
e_remain: 10692.660607503938, e_depot: 10712.315227811494, er: 69.58037218850586
Energy after charge: 10715.611023899268
-----------------------
Node ~22 ~
Init energy: 10528.89552, Charge rate: 0.406656720009
Time arrive: 3331.942883569161, time_travel to 22: 41.386471219469776
t_charge: 0.8609517604860347
e_remain: 9173.938555710436, e_depot: 9145.72047674817, er: 1383.1750432518293
Energy after charge: 9177.893202693862
-----------------------
Node ~21 ~
Init energy: 10659.863, Charge rate: 0.2102055000045
Time arrive: 3368.6892083944485, time_travel to 21: 35.88537306480176
t_charge: 14.662708575569939
e_remain: 9951.746000589681, e_depot: 10015.972397006348, er: 643.8906029936516
Energy after charge: 10021.977361479983
-----------------------
==============================================
Fitness: 0.03575618258881911, num_deaths: 0, max_er: 1834.292166806421
