routes: [25 33 38 22 15 35 41 20  9  2 31 14  6  1  8 19 36 13 34 37 50 18 10  4
  7 28 46  3 49 43 39 30 32 16 26 29 23 40 17 48 44 47  5 21 42 45 24 27
 12 11]
t_charge: [  4.93326782  15.84517284  13.77443687  11.18680624   4.54525102
  18.85176153 153.19548813  11.47775976  46.63436722  13.82009359
  10.55896595  19.41671835  33.349891    25.31739133   7.37873373
  11.83983135  36.83147037  14.02776634  28.53867692  47.17112898
  20.4007625   39.04082468   7.51459101  25.88095318  17.76597402
  24.27661415  24.97105438  41.61130289  23.74432916  32.83858137
   4.1252649   13.45090588   7.61398577  26.16656387   5.89804096
  18.08886755  41.02016535  48.06117113   6.65682244  21.84849428
  16.67554343   4.70305502  22.24614044  26.73600524   3.79617964
  21.36869747  14.4176708   49.62098344  47.56653215  22.06808769]
T: 2585.966447481698, energy used: 7421.443023851789
=================================
Node ~25 ~
Init energy: 10767.4156, Charge rate: 0.048876599999699996
Time arrive: 0.0, time_travel to 25: 0.0
t_charge: 4.93326781907477
e_remain: 10767.4156, e_depot: 10665.688691429166, er: 101.72690857083398
Energy after charge: 10791.84081773749
-----------------------
Node ~33 ~
Init energy: 10627.77004, Charge rate: 0.25834494000749997
Time arrive: 15.22889796006177, time_travel to 33: 10.295630140987
t_charge: 15.845172837481398
e_remain: 10623.835731270126, e_depot: 10038.924557451339, er: 588.8454825486606
Energy after charge: 10698.968075231425
-----------------------
Node ~38 ~
Init energy: 10599.089, Charge rate: 0.301366500006
Time arrive: 47.32830101616626, time_travel to 38: 16.25423021862309
t_charge: 13.77443687166114
e_remain: 10584.825835571528, e_depot: 9888.637526947798, er: 710.4514730522023
Energy after charge: 10649.546866100267
-----------------------
Node ~22 ~
Init energy: 10630.68696, Charge rate: 0.25396956000300003
Time arrive: 77.1339574297088, time_travel to 22: 16.0312195418814
t_charge: 11.186806238590647
e_remain: 10611.097282770288, e_depot: 10029.864230343506, er: 600.8227296564946
Energy after charge: 10664.190205704988
-----------------------
Node ~15 ~
Init energy: 10759.07824, Charge rate: 0.0613826400012
Time arrive: 107.67018226421597, time_travel to 15: 19.349418595916518
t_charge: 4.545251022521495
e_remain: 10752.469159963213, e_depot: 10623.071047611656, er: 136.00719238834427
Energy after charge: 10774.91641556859
-----------------------
Node ~35 ~
Init energy: 10444.804, Charge rate: 0.5327940000105
Time arrive: 147.02462747448044, time_travel to 35: 34.80919418774299
t_charge: 18.851761531887405
e_remain: 10366.470160627818, e_depot: 9161.27540021272, er: 1283.5285997872797
Energy after charge: 10450.684862853437
-----------------------
Node ~41 ~
Init energy: 10153.19536, Charge rate: 0.9702069600105
Time arrive: 175.3590046792716, time_travel to 41: 9.482615672903759
t_charge: 153.19548813023712
e_remain: 9983.060833159656, e_depot: 8410.250154950814, er: 1742.9452050491855
Energy after charge: 10600.40694498468
-----------------------
Node ~20 ~
Init energy: 10692.5624, Charge rate: 0.16115640000300002
Time arrive: 355.95522272679375, time_travel to 20: 27.400729917285048
t_charge: 11.477759756527728
e_remain: 10635.197937743085, e_depot: 10333.206155577942, er: 359.3562444220588
Energy after charge: 10690.737022083262
-----------------------
Node ~9 ~
Init energy: 10501.7552, Charge rate: 0.44736720000450003
Time arrive: 379.6329824833215, time_travel to 9: 12.2
t_charge: 46.63436721895653
e_remain: 10331.919855597078, e_depot: 9578.050467179311, er: 923.7047328206882
Energy after charge: 10544.229005405134
-----------------------
Node ~2 ~
Init energy: 10687.65984, Charge rate: 0.1685102400045
Time arrive: 434.7526310765166, time_travel to 2: 8.485281374238571
t_charge: 13.82009358674819
e_remain: 10614.399569794708, e_depot: 10320.998481225015, er: 366.6613587749853
Energy after charge: 10681.171210441262
-----------------------
Node ~31 ~
Init energy: 10330.9912, Charge rate: 0.703513200009
Time arrive: 454.33119668282, time_travel to 31: 5.758472019555187
t_charge: 10.558965950737813
e_remain: 10011.363205957752, e_depot: 8564.524499169935, er: 1766.4667008300657
Energy after charge: 10056.729663786651
-----------------------
Node ~14 ~
Init energy: 10623.0506, Charge rate: 0.265424100003
Time arrive: 483.0141798482925, time_travel to 14: 18.124017214734707
t_charge: 19.41671834865982
e_remain: 10494.84699602508, e_depot: 10033.756374782515, er: 589.2942252174853
Energy after charge: 10586.776922775674
-----------------------
Node ~6 ~
Init energy: 10666.26816, Charge rate: 0.20059776000450003
Time arrive: 517.5477761815098, time_travel to 6: 15.116877984557524
t_charge: 33.34989100225474
e_remain: 10562.449235402679, e_depot: 10314.27853819965, er: 351.9896218003505
Energy after charge: 10722.508776982506
-----------------------
Node ~1 ~
Init energy: 10541.6864, Charge rate: 0.3874704000075
Time arrive: 571.7610322047768, time_travel to 1: 20.86336502101231
t_charge: 25.31739132831038
e_remain: 10320.145924142915, e_depot: 9666.287902829845, er: 875.3984971701557
Energy after charge: 10436.92314103934
-----------------------
Node ~8 ~
Init energy: 10714.85712, Charge rate: 0.1277143200012
Time arrive: 639.0998466408307, time_travel to 8: 42.0214231077435
t_charge: 7.378733733960728
e_remain: 10633.234917673395, e_depot: 10421.48584228376, er: 293.37127771624
Energy after charge: 10669.186216381897
-----------------------
Node ~19 ~
Init energy: 10744.92, Charge rate: 0.08262000000225
Time arrive: 694.957854296747, time_travel to 19: 48.47927392195555
t_charge: 11.839831346987495
e_remain: 10687.502582076439, e_depot: 10590.466608838182, er: 154.45339116181822
Energy after charge: 10745.723531945461
-----------------------
Node ~36 ~
Init energy: 10363.9344, Charge rate: 0.6540984
Time arrive: 738.4684923906425, time_travel to 36: 31.670806746908106
t_charge: 36.831470366996214
e_remain: 9880.903340676869, e_depot: 8856.615236083519, er: 1507.3191639164816
Energy after charge: 10040.96928667515
-----------------------
Node ~13 ~
Init energy: 10695.64, Charge rate: 0.1565400000045
Time arrive: 782.2856624362679, time_travel to 13: 6.985699678629191
t_charge: 14.027766336792322
e_remain: 10573.181002398705, e_depot: 10360.97164398354, er: 334.66835601646017
Energy after charge: 10641.123927540242
-----------------------
Node ~34 ~
Init energy: 10587.422, Charge rate: 0.3188670000075
Time arrive: 803.5935386623407, time_travel to 34: 7.280109889280519
t_charge: 28.538676917630895
e_remain: 10331.182539101328, e_depot: 9905.536021359612, er: 681.8859786403882
Energy after charge: 10464.775881396574
-----------------------
Node ~37 ~
Init energy: 10621.01948, Charge rate: 0.2684707800075
Time arrive: 850.9725977417007, time_travel to 37: 18.8403821617291
t_charge: 47.17112897862527
e_remain: 10392.558202919277, e_depot: 10162.618695664492, er: 458.40078433550843
Energy after charge: 10615.749778021678
-----------------------
Node ~50 ~
Init energy: 10705.36112, Charge rate: 0.14195832000255
Time arrive: 929.2313448342954, time_travel to 50: 31.087618113969427
t_charge: 20.400762503354724
e_remain: 10573.448999393613, e_depot: 10440.26548004931, er: 265.0956399506904
Energy after charge: 10672.55675393864
-----------------------
Node ~18 ~
Init energy: 10301.2544, Charge rate: 0.7481184000045
Time arrive: 976.202767848823, time_travel to 18: 26.570660511172843
t_charge: 39.04082467505652
e_remain: 9570.939147236973, e_depot: 8561.849442219953, er: 1739.404957780047
Energy after charge: 9736.936111321496
-----------------------
Node ~10 ~
Init energy: 10700.17712, Charge rate: 0.1497343200042
Time arrive: 1040.0314927980053, time_travel to 10: 24.787900274125683
t_charge: 7.514591006349379
e_remain: 10544.448711642937, e_depot: 10350.542147464397, er: 349.6349725356031
Energy after charge: 10580.89647450024
-----------------------
Node ~4 ~
Init energy: 10595.48668, Charge rate: 0.3067699800015
Time arrive: 1083.9378411128441, time_travel to 4: 36.39175730848952
t_charge: 25.880953179587745
e_remain: 10262.967090158943, e_depot: 9931.594570519428, er: 663.8921094805719
Energy after charge: 10384.43235656756
-----------------------
Node ~7 ~
Init energy: 10322.40512, Charge rate: 0.7163923200075
Time arrive: 1142.8066708533747, time_travel to 7: 32.98787656094281
t_charge: 17.765974015951528
e_remain: 9503.707197747302, e_depot: 8558.66848730679, er: 1763.7366326932097
Energy after charge: 9579.80966048458
-----------------------
Node ~28 ~
Init energy: 10696.89924, Charge rate: 0.154651140003
Time arrive: 1176.5024910707182, time_travel to 28: 15.929846201391902
t_charge: 24.276614150088374
e_remain: 10514.951788539545, e_depot: 10418.35965163789, er: 278.5395883621113
Energy after charge: 10632.580453236264
-----------------------
Node ~46 ~
Init energy: 10724.455, Charge rate: 0.1133169000003
Time arrive: 1248.0062160788718, time_travel to 46: 47.227110858065416
t_charge: 24.971054383923775
e_remain: 10583.034804412837, e_depot: 10556.276570586206, er: 168.17842941379422
Energy after charge: 10705.060433859931
-----------------------
Node ~3 ~
Init energy: 10501.084, Charge rate: 0.44837400000899996
Time arrive: 1290.9561469571709, time_travel to 3: 17.97887649437528
t_charge: 41.61130289205521
e_remain: 9922.252828552608, e_depot: 9549.660394513845, er: 951.4236054861558
Energy after charge: 10111.651916689587
-----------------------
Node ~49 ~
Init energy: 10724.4554, Charge rate: 0.1133169000003
Time arrive: 1360.335777130501, time_travel to 49: 27.768327281274974
t_charge: 23.7443291611139
e_remain: 10570.306366776073, e_depot: 10550.143344472157, er: 174.31205552784377
Energy after charge: 10686.337378808517
-----------------------
Node ~43 ~
Init energy: 10566.9656, Charge rate: 0.3495516000045
Time arrive: 1403.4336589370596, time_travel to 43: 19.35355264544471
t_charge: 32.83858137166181
e_remain: 10076.393119018381, e_depot: 9827.229797583128, er: 739.7358024168716
Energy after charge: 10229.107247216349
-----------------------
Node ~39 ~
Init energy: 10720.652, Charge rate: 0.11902200000225
Time arrive: 1443.9897528613512, time_travel to 39: 7.717512552629896
t_charge: 4.125264902177368
e_remain: 10548.785451631687, e_depot: 10433.491425992903, er: 287.16057400709724
Energy after charge: 10568.920778863378
-----------------------
Node ~30 ~
Init energy: 10757.264, Charge rate: 0.06410400000105
Time arrive: 1465.7558794204886, time_travel to 30: 17.640861656959956
t_charge: 13.450905879964377
e_remain: 10663.303185104089, e_depot: 10658.74773624774, er: 98.51626375225896
Energy after charge: 10729.695457633366
-----------------------
Node ~32 ~
Init energy: 10507.87792, Charge rate: 0.43818312000599996
Time arrive: 1516.7562193840713, time_travel to 32: 37.54943408361836
t_charge: 7.613985768167416
e_remain: 9843.260947501783, e_depot: 9412.821002652476, er: 1095.056917347525
Energy after charge: 9877.994556303043
-----------------------
Node ~16 ~
Init energy: 10314.45812, Charge rate: 0.7283128200015
Time arrive: 1562.4228003331195, time_travel to 16: 38.05259518088089
t_charge: 26.16656387073761
e_remain: 9176.525564254745, e_depot: 8561.89842355903, er: 1752.5596964409688
Energy after charge: 9288.300939685987
-----------------------
Node ~26 ~
Init energy: 10675.17316, Charge rate: 0.187240260006
Time arrive: 1597.065212244024, time_travel to 26: 8.475848040166836
t_charge: 5.898040956981467
e_remain: 10376.138254412892, e_depot: 10220.466334791643, er: 454.70682520835726
Energy after charge: 10404.524108475489
-----------------------
Node ~29 ~
Init energy: 10766.3332, Charge rate: 0.05050020000105
Time arrive: 1639.168225235244, time_travel to 29: 36.204972034238615
t_charge: 18.088867548532697
e_remain: 10683.554876790253, e_depot: 10726.185714948831, er: 40.14748505116768
Energy after charge: 10773.085723103923
-----------------------
Node ~23 ~
Init energy: 10693.709, Charge rate: 0.1594365000045
Time arrive: 1695.582541248211, time_travel to 23: 38.325448464434174
t_charge: 41.02016534797731
e_remain: 10423.37125415465, e_depot: 10486.512387224335, er: 207.19661277566593
Energy after charge: 10621.93196930185
-----------------------
Node ~40 ~
Init energy: 10709.6176, Charge rate: 0.13557360000195
Time arrive: 1791.7403525379586, time_travel to 40: 55.13764594177013
t_charge: 48.06117112858939
e_remain: 10466.704910137665, e_depot: 10599.3346748736, er: 110.28292512639928
Energy after charge: 10700.4949397904
-----------------------
Node ~17 ~
Init energy: 10767.4156, Charge rate: 0.048876599999699996
Time arrive: 1880.8502751700958, time_travel to 17: 41.048751503547585
t_charge: 6.656822441011623
e_remain: 10675.486033441186, e_depot: 10674.30646453885, er: 93.1091354611508
Energy after charge: 10708.444782798526
-----------------------
Node ~48 ~
Init energy: 10591.40736, Charge rate: 0.31288896000599997
Time arrive: 1942.8782092127358, time_travel to 48: 55.37111160162851
t_charge: 21.848494277637855
e_remain: 9983.502217701107, e_depot: 9891.52947902523, er: 699.8778809747691
Energy after charge: 10085.90853643707
-----------------------
Node ~44 ~
Init energy: 10668.04624, Charge rate: 0.1979306400015
Time arrive: 2004.4467236313556, time_travel to 44: 39.7200201409818
t_charge: 16.675543425046882
e_remain: 10271.304817142736, e_depot: 10239.581963152777, er: 428.4642768472222
Energy after charge: 10351.381933285478
-----------------------
Node ~47 ~
Init energy: 10349.9502, Charge rate: 0.675074700006
Time arrive: 2062.4313459616505, time_travel to 47: 41.30907890524794
t_charge: 4.703055020577294
e_remain: 8957.654977841967, e_depot: 8627.744951343597, er: 1722.2052486564025
Energy after charge: 8977.995339487725
-----------------------
Node ~5 ~
Init energy: 10753.4262, Charge rate: 0.06986070000075001
Time arrive: 2099.633631742355, time_travel to 5: 32.49923076012723
t_charge: 22.246140443405757
e_remain: 10606.744324741361, e_depot: 10683.999476017503, er: 69.4267239824967
Energy after charge: 10716.420896014699
-----------------------
Node ~21 ~
Init energy: 10693.709, Charge rate: 0.1594365000045
Time arrive: 2144.3697699625504, time_travel to 21: 22.489997776789572
t_charge: 26.736005236533394
e_remain: 10351.818189161717, e_depot: 10415.091586667115, er: 278.6174133328859
Energy after charge: 10481.23552024537
-----------------------
Node ~42 ~
Init energy: 10719.68016, Charge rate: 0.1204797600024
Time arrive: 2191.0466879164096, time_travel to 42: 19.940912717325652
t_charge: 3.796179640711132
e_remain: 10455.703380885778, e_depot: 10427.104441236701, er: 292.57571876329894
Energy after charge: 10474.226916277294
-----------------------
Node ~45 ~
Init energy: 10724.455, Charge rate: 0.1133169000003
Time arrive: 2243.9240248376905, time_travel to 45: 49.08115728056949
t_charge: 21.368697471425804
e_remain: 10470.180485669196, e_depot: 10538.264786023716, er: 186.1902139762842
Energy after charge: 10574.60253847182
-----------------------
Node ~24 ~
Init energy: 10767.4156, Charge rate: 0.048876599999699996
Time arrive: 2311.572307441224, time_travel to 24: 46.279585132107655
t_charge: 14.417670800687883
e_remain: 10654.433804958811, e_depot: 10713.110706337231, er: 54.304893662769246
Energy after charge: 10725.817472233599
-----------------------
Node ~27 ~
Init energy: 10653.7598, Charge rate: 0.21936029999999998
Time arrive: 2364.023647536367, time_travel to 27: 38.03366929445541
t_charge: 49.62098343736328
e_remain: 10135.186863469327, e_depot: 10334.606341477296, er: 319.15345852270366
Energy after charge: 10372.406906843029
-----------------------
Node ~12 ~
Init energy: 10649.73512, Charge rate: 0.22539732000450002
Time arrive: 2457.254262937323, time_travel to 12: 43.60963196359263
t_charge: 47.566532145634575
e_remain: 10095.876594564294, e_depot: 10304.69787384424, er: 345.03724615575993
Energy after charge: 10322.987886424933
-----------------------
Node ~11 ~
Init energy: 10690.21396, Charge rate: 0.164679060003
Time arrive: 2511.1453504032943, time_travel to 11: 6.324555320336758
t_charge: 22.06808768557448
e_remain: 10276.680904164681, e_depot: 10374.699874657288, er: 315.51408534271104
Energy after charge: 10383.387190656429
-----------------------
==============================================
Fitness: 0.034434048749124084, num_deaths: 0, max_er: 1766.4667008300657
