routes: [13  1  2  6 12 24 17  7 22 18 14  9 23 19  4  8 11 16 21 15  3 20 10  5
 25]
t_charge: [ 3.57810338 33.88145704  5.02595972 33.93829607 12.56960424  6.42528815
  1.48745233  1.53204979 16.13775877 16.24183719  0.83984047 35.46207564
  0.5831202  15.33921457  9.86537277  8.72681431  2.04374064  9.95295434
  9.36947357 33.94981265 49.173733   11.27300664 14.40993757  4.51098321
 24.47168229]
T: 1437.3527963829893, energy used: 2880.51107052153
=================================
Node ~13 ~
Init energy: 10740.64976, Charge rate: 0.08902536000240001
Time arrive: 1.4422205101855956, time_travel to 13: 1.4422205101855956
t_charge: 3.5781033824686865
e_remain: 10740.521365799877, e_depot: 10630.57942676389, er: 110.07033323610995
Energy after charge: 10758.09334077047
-----------------------
Node ~1 ~
Init energy: 10643.4524, Charge rate: 0.234821400003
Time arrive: 20.882227939772964, time_travel to 1: 15.861904047118681
t_charge: 33.88145703502088
e_remain: 10638.548806, e_depot: 10475.338489230224, er: 168.11391076977634
Energy after charge: 10800.0
-----------------------
Node ~2 ~
Init energy: 10751.9848, Charge rate: 0.0720228000021
Time arrive: 68.93548796523935, time_travel to 2: 14.1718029904455
t_charge: 5.025959715841061
e_remain: 10747.019873137233, e_depot: 10673.592425592855, er: 78.39237440714533
Energy after charge: 10771.787688025006
-----------------------
Node ~6 ~
Init energy: 10643.4524, Charge rate: 0.234821400003
Time arrive: 87.21889841642165, time_travel to 6: 13.25745073534124
t_charge: 33.938296068333436
e_remain: 10622.971536167137, e_depot: 10475.622684396787, er: 167.82971560321312
Energy after charge: 10784.693578312323
-----------------------
Node ~12 ~
Init energy: 10694.48272, Charge rate: 0.15827592000149998
Time arrive: 131.90893852932757, time_travel to 12: 10.75174404457249
t_charge: 12.569604237003341
e_remain: 10673.60471139785, e_depot: 10529.83240497077, er: 164.65031502923011
Energy after charge: 10734.4632669082
-----------------------
Node ~24 ~
Init energy: 10751.9848, Charge rate: 0.0720228000021
Time arrive: 205.10889819989242, time_travel to 24: 60.6303554335615
t_charge: 6.425288153005781
e_remain: 10737.212282846298, e_depot: 10680.589067778677, er: 71.39573222132276
Energy after charge: 10768.875956367727
-----------------------
Node ~17 ~
Init energy: 10794.1, Charge rate: 0.008850000000255001
Time arrive: 262.51575164860094, time_travel to 17: 50.98156529570272
t_charge: 1.4874523327877516
e_remain: 10791.776735597843, e_depot: 10788.816689415584, er: 5.28331058441654
Energy after charge: 10799.200833308636
-----------------------
Node ~7 ~
Init energy: 10761.14312, Charge rate: 0.058285320000900004
Time arrive: 305.40513630344344, time_travel to 7: 41.401932322054726
t_charge: 1.5320497913070172
e_remain: 10743.342483900637, e_depot: 10685.026801265165, er: 76.11631873483566
Energy after charge: 10750.913436844829
-----------------------
Node ~22 ~
Init energy: 10694.48272, Charge rate: 0.15827592000149998
Time arrive: 367.95816609343615, time_travel to 22: 61.020979998685696
t_charge: 16.13775877060088
e_remain: 10636.243802739496, e_depot: 10547.673177638757, er: 146.80954236124307
Energy after charge: 10714.378377976322
-----------------------
Node ~18 ~
Init energy: 10694.48272, Charge rate: 0.15827592000149998
Time arrive: 414.8237624059143, time_travel to 18: 30.727837541877232
t_charge: 16.241837189569793
e_remain: 10628.82610736672, e_depot: 10548.193569733603, er: 146.28915026639697
Energy after charge: 10707.464601590875
-----------------------
Node ~14 ~
Init energy: 10751.9848, Charge rate: 0.0720228000021
Time arrive: 456.9035561710339, time_travel to 14: 25.837956575549857
t_charge: 0.839840468650599
e_remain: 10719.077326553646, e_depot: 10652.6618293569, er: 99.32297064309932
Energy after charge: 10723.216041234791
-----------------------
Node ~9 ~
Init energy: 10643.4524, Charge rate: 0.234821400003
Time arrive: 477.8242332756417, time_travel to 9: 20.080836635957176
t_charge: 35.462075636427926
e_remain: 10531.249044586853, e_depot: 10483.241582237259, er: 160.2108177627415
Energy after charge: 10700.232168521035
-----------------------
Node ~23 ~
Init energy: 10751.9848, Charge rate: 0.0720228000021
Time arrive: 574.8668253113335, time_travel to 23: 61.58051639926382
t_charge: 0.5831201952227202
e_remain: 10710.58128161276, e_depot: 10651.378227989762, er: 100.60657201023787
Energy after charge: 10713.454884639676
-----------------------
Node ~19 ~
Init energy: 10694.48272, Charge rate: 0.15827592000149998
Time arrive: 629.9329703858707, time_travel to 19: 54.48302487931447
t_charge: 15.339214571627307
e_remain: 10594.779499572898, e_depot: 10543.68045664389, er: 150.80226335611042
Energy after charge: 10669.04774413261
-----------------------
Node ~4 ~
Init energy: 10761.14312, Charge rate: 0.058285320000900004
Time arrive: 693.8553095997027, time_travel to 4: 48.58312464220472
t_charge: 9.865372772366026
e_remain: 10720.701541245659, e_depot: 10726.69341617046, er: 34.44970382954125
Energy after charge: 10769.453398698523
-----------------------
Node ~8 ~
Init energy: 10751.9848, Charge rate: 0.0720228000021
Time arrive: 740.1453992549767, time_travel to 8: 36.42471688290796
t_charge: 8.726814306797634
e_remain: 10698.677455936984, e_depot: 10692.096698547637, er: 59.88810145236312
Energy after charge: 10741.682997869499
-----------------------
Node ~11 ~
Init energy: 10751.9848, Charge rate: 0.0720228000021
Time arrive: 793.5044888790826, time_travel to 11: 44.63227531730821
t_charge: 2.0437406389735076
e_remain: 10694.834384896694, e_depot: 10658.681330208516, er: 93.30346979148453
Energy after charge: 10704.905892168264
-----------------------
Node ~16 ~
Init energy: 10751.9848, Charge rate: 0.0720228000021
Time arrive: 814.7992035193892, time_travel to 16: 19.250974001333024
t_charge: 9.952954336486533
e_remain: 10693.300679923053, e_depot: 10698.22739869608, er: 53.75740130391932
Energy after charge: 10742.34861196588
-----------------------
Node ~21 ~
Init energy: 10751.9848, Charge rate: 0.0720228000021
Time arrive: 915.7125888135179, time_travel to 21: 90.96043095764223
t_charge: 9.3694735680405
e_remain: 10686.032615356478, e_depot: 10695.309994853851, er: 56.67480514614908
Energy after charge: 10732.205167475764
-----------------------
Node ~15 ~
Init energy: 10643.4524, Charge rate: 0.234821400003
Time arrive: 960.0734899031671, time_travel to 15: 34.99142752160877
t_charge: 33.94981265389471
e_remain: 10418.006598995173, e_depot: 10475.680267324593, er: 167.7721326754072
Energy after charge: 10579.78351972742
-----------------------
Node ~3 ~
Init energy: 10608.95244, Charge rate: 0.286571340003
Time arrive: 1044.280640329769, time_travel to 3: 50.25733777270738
t_charge: 49.17373299738709
e_remain: 10309.691537561506, e_depot: 10442.916988070403, er: 166.0354519295961
Energy after charge: 10541.468419990431
-----------------------
Node ~20 ~
Init energy: 10761.14312, Charge rate: 0.058285320000900004
Time arrive: 1146.2729306720894, time_travel to 20: 52.81855734493323
t_charge: 11.273006641991254
e_remain: 10694.332235427408, e_depot: 10733.731585518586, er: 27.411534481414492
Energy after charge: 10750.040217837863
-----------------------
Node ~10 ~
Init energy: 10694.48272, Charge rate: 0.15827592000149998
Time arrive: 1195.3459373140806, time_travel to 10: 37.8
t_charge: 14.409937565693525
e_remain: 10505.288242051558, e_depot: 10539.034071614222, er: 155.44864838577814
Energy after charge: 10575.05718375465
-----------------------
Node ~5 ~
Init energy: 10783.1496, Charge rate: 0.025275599999850004
Time arrive: 1284.0151503946888, time_travel to 5: 74.25927551491463
t_charge: 4.510983213678705
e_remain: 10750.695346664877, e_depot: 10769.374561728351, er: 13.775038271649464
Energy after charge: 10773.136244925956
-----------------------
Node ~25 ~
Init energy: 10694.48272, Charge rate: 0.15827592000149998
Time arrive: 1356.5925717405337, time_travel to 25: 68.06643813216614
t_charge: 24.47168229145859
e_remain: 10479.766782640567, e_depot: 10589.342795243047, er: 105.1399247569534
Energy after charge: 10598.251916069195
-----------------------
==============================================
Fitness: 0.0032770742840112343, num_deaths: 0, max_er: 168.11391076977634
