routes: [21  5 17 18 23 24  1 28 44 19 39 36  2 34 10 45  6  3 25  4 16 46 20 41
 42 26  7 50 47 48 35 33 14 27 29  8 15 49 37 43 13 32 40 31  9 22 11 38
 12 30]
t_charge: [3.57105540e-01 2.23195380e+00 4.77912777e+00 3.18610580e+01
 5.51732146e+00 6.02223751e+00 6.03827170e+00 9.44717149e+00
 1.42992513e+00 2.22608213e+01 3.83588899e+00 1.44555553e+01
 4.05776718e+01 1.04964469e+01 6.78441092e+00 1.42903891e+00
 3.36274800e+01 2.11919007e+01 1.33192044e+01 7.07552386e+00
 1.09356127e+00 2.20626249e+00 2.24392293e+00 5.48451371e+00
 1.13961444e+01 4.58359870e+00 5.16211815e+00 7.93934950e+00
 8.03171731e+00 1.06409955e+01 3.35898601e+01 8.41127093e+00
 3.42223605e+01 1.42460547e+01 3.04937814e+01 2.21205116e+01
 7.28364333e+00 2.61493420e+00 1.18651477e+01 2.74646707e+00
 4.27863080e+00 1.39669608e-02 1.49707769e+01 4.56633462e+00
 1.98774817e+01 1.97365908e+01 4.52679027e+00 8.67562196e+00
 4.14408937e+00 6.39183577e+00]
T: 2030.7160892359384, energy used: 4255.901889931633
=================================
Node ~21 ~
Init energy: 10793.76, Charge rate: 0.009360000000255001
Time arrive: 13.885243966167826, time_travel to 21: 13.885243966167826
t_charge: 0.35710554010539597
e_remain: 10793.630034116473, e_depot: 10776.53802510476, er: 17.221974895239327
Energy after charge: 10795.412219309144
-----------------------
Node ~5 ~
Init energy: 10761.48, Charge rate: 0.05778000000165
Time arrive: 26.44234950627322, time_travel to 5: 12.2
t_charge: 2.231953796256497
e_remain: 10759.952161045483, e_depot: 10655.304993341879, er: 106.17500665812076
Energy after charge: 10770.982967736414
-----------------------
Node ~17 ~
Init energy: 10764.8912, Charge rate: 0.0526632000015
Time arrive: 45.05111617927713, time_travel to 17: 16.376812876747415
t_charge: 4.7791277738909255
e_remain: 10762.51866405836, e_depot: 10681.842831315758, er: 83.04836868424172
Energy after charge: 10786.162618766026
-----------------------
Node ~18 ~
Init energy: 10658.56272, Charge rate: 0.21215592000150002
Time arrive: 52.36006608130276, time_travel to 18: 2.5298221281347035
t_charge: 31.861058013164296
e_remain: 10647.454222009183, e_depot: 10387.039569892124, er: 271.52315010787606
Energy after charge: 10800.0
-----------------------
Node ~23 ~
Init energy: 10751.8608, Charge rate: 0.07220880000089999
Time arrive: 91.11749995429372, time_travel to 23: 6.896375859826667
t_charge: 5.517321463371489
e_remain: 10745.281314669219, e_depot: 10632.81183537061, er: 119.04896462938996
Energy after charge: 10772.469522823987
-----------------------
Node ~24 ~
Init energy: 10751.8608, Charge rate: 0.07220880000089999
Time arrive: 149.27587003943944, time_travel to 24: 52.641048621774246
t_charge: 6.0222375147594205
e_remain: 10741.081768555363, e_depot: 10635.33641562755, er: 116.5243843724511
Energy after charge: 10770.7580975849
-----------------------
Node ~1 ~
Init energy: 10744.3104, Charge rate: 0.08353440000195
Time arrive: 176.25997769977508, time_travel to 1: 20.961870145576228
t_charge: 6.038271696328305
e_remain: 10729.586628518493, e_depot: 10604.867108393011, er: 139.44329160698908
Energy after charge: 10759.273583596932
-----------------------
Node ~28 ~
Init energy: 10701.775, Charge rate: 0.14733750000225
Time arrive: 200.82066824462314, time_travel to 28: 18.522418848519756
t_charge: 9.447171490933952
e_remain: 10672.186584792056, e_depot: 10449.810225652302, er: 251.96477434769804
Energy after charge: 10718.03051961716
-----------------------
Node ~44 ~
Init energy: 10793.65376, Charge rate: 0.009519360000195
Time arrive: 270.1373645374127, time_travel to 44: 59.869524801855576
t_charge: 1.4299251303004719
e_remain: 10791.082225177464, e_depot: 10781.472268139876, er: 12.18149186012306
Energy after charge: 10798.218238856878
-----------------------
Node ~19 ~
Init energy: 10686.881, Charge rate: 0.169678500003
Time arrive: 357.280299182022, time_travel to 19: 85.71300951430885
t_charge: 22.260821343728463
e_remain: 10626.25821475417, e_depot: 10453.61624676513, er: 233.2647532348692
Energy after charge: 10733.785138698375
-----------------------
Node ~39 ~
Init energy: 10777.6656, Charge rate: 0.0335016000003
Time arrive: 419.19159341069854, time_travel to 39: 39.650472884948044
t_charge: 3.835888988145252
e_remain: 10763.622010914067, e_depot: 10728.81280680497, er: 48.852793195030245
Energy after charge: 10782.672947436267
-----------------------
Node ~36 ~
Init energy: 10687.98296, Charge rate: 0.1680255600045
Time arrive: 462.6355623826047, time_travel to 36: 39.60807998376089
t_charge: 14.45555531692648
e_remain: 10610.248360552665, e_depot: 10419.048528480616, er: 268.934431519383
Energy after charge: 10680.097234359995
-----------------------
Node ~2 ~
Init energy: 10646.55176, Charge rate: 0.230172360003
Time arrive: 486.1465028376686, time_travel to 2: 9.055385138137417
t_charge: 40.577671811981325
e_remain: 10534.654272134649, e_depot: 10382.025404304408, er: 264.52635569559243
Energy after charge: 10728.202772710165
-----------------------
Node ~34 ~
Init energy: 10751.473, Charge rate: 0.0727905000003
Time arrive: 536.0300867489555, time_travel to 34: 9.305912099305473
t_charge: 10.496446924101786
e_remain: 10712.45510197034, e_depot: 10656.13839512637, er: 95.33460487362936
Energy after charge: 10764.173294971017
-----------------------
Node ~10 ~
Init energy: 10745.34292, Charge rate: 0.0819856200015
Time arrive: 562.7104763323723, time_travel to 10: 16.18394265931513
t_charge: 6.784410922455103
e_remain: 10699.20875271655, e_depot: 10612.775456989246, er: 132.56746301075327
Energy after charge: 10732.574583193003
-----------------------
Node ~45 ~
Init energy: 10793.86, Charge rate: 0.009210000000255
Time arrive: 582.8245534171887, time_travel to 45: 13.329666162361306
t_charge: 1.429038909985226
e_remain: 10788.49218586288, e_depot: 10782.302299367546, er: 11.557700632454726
Energy after charge: 10795.624218964445
-----------------------
Node ~6 ~
Init energy: 10658.9896, Charge rate: 0.21151560000449998
Time arrive: 598.6230042845227, time_travel to 6: 14.369411957348845
t_charge: 33.627479989855104
e_remain: 10532.371496072263, e_depot: 10397.598867895746, er: 261.3907321042552
Energy after charge: 10693.396159414844
-----------------------
Node ~3 ~
Init energy: 10686.881, Charge rate: 0.169678500003
Time arrive: 638.1969117733053, time_travel to 3: 5.946427498927402
t_charge: 21.191900703601227
e_remain: 10578.592705303758, e_depot: 10448.271643564494, er: 238.6093564355051
Energy after charge: 10680.956398898164
-----------------------
Node ~25 ~
Init energy: 10753.94508, Charge rate: 0.06908238000165
Time arrive: 683.6218477799799, time_travel to 25: 24.233035303073365
t_charge: 13.319204403103004
e_remain: 10706.718855734232, e_depot: 10680.254401463453, er: 73.69067853654633
Energy after charge: 10772.394755409852
-----------------------
Node ~4 ~
Init energy: 10745.86, Charge rate: 0.08121000000225001
Time arrive: 710.612921111653, time_travel to 4: 13.671868928570081
t_charge: 7.075523860572827
e_remain: 10688.151124674925, e_depot: 10616.323165691445, er: 129.53683430855563
Energy after charge: 10722.954140685057
-----------------------
Node ~16 ~
Init energy: 10772.104, Charge rate: 0.04184399999985
Time arrive: 751.388890073144, time_travel to 16: 33.700445100918174
t_charge: 1.0935612683906077
e_remain: 10740.66288328389, e_depot: 10692.598522304268, er: 79.50547769573132
Energy after charge: 10746.084930648129
-----------------------
Node ~46 ~
Init energy: 10793.35652, Charge rate: 0.0099652200003
Time arrive: 812.8022656648563, time_travel to 46: 60.31981432332166
t_charge: 2.206262491525794
e_remain: 10785.256766605908, e_depot: 10784.151299870244, er: 9.205220129755617
Energy after charge: 10796.26609317243
-----------------------
Node ~20 ~
Init energy: 10761.2484, Charge rate: 0.05812740000029999
Time arrive: 888.900611629512, time_travel to 20: 73.89208347312993
t_charge: 2.243922934305437
e_remain: 10709.5789185873, e_depot: 10654.427768265465, er: 106.82063173453571
Energy after charge: 10720.668099852855
-----------------------
Node ~41 ~
Init energy: 10744.60752, Charge rate: 0.08308872
Time arrive: 944.7045943098633, time_travel to 41: 53.56005974604584
t_charge: 5.484513713342221
e_remain: 10666.113224480674, e_depot: 10603.300488028692, er: 141.30703197130788
Energy after charge: 10693.080091823122
-----------------------
Node ~42 ~
Init energy: 10696.015, Charge rate: 0.1559775000015
Time arrive: 981.6883143624135, time_travel to 42: 31.49920633920798
t_charge: 11.39614435180422
e_remain: 10542.893710945064, e_depot: 10436.249702947176, er: 259.76529705282337
Energy after charge: 10598.096890598434
-----------------------
Node ~26 ~
Init energy: 10710.98192, Charge rate: 0.13352712000119998
Time arrive: 1011.7713525170947, time_travel to 26: 18.686893802876924
t_charge: 4.583598702674223
e_remain: 10575.883005198673, e_depot: 10462.744242577595, er: 248.2376774224049
Energy after charge: 10598.188963978035
-----------------------
Node ~7 ~
Init energy: 10723.13804, Charge rate: 0.1152929400009
Time arrive: 1039.7104644875178, time_travel to 7: 23.35551326774901
t_charge: 5.162118153482864
e_remain: 10603.266763799533, e_depot: 10514.821402532272, er: 208.31663746772756
Energy after charge: 10628.4821987884
-----------------------
Node ~50 ~
Init energy: 10775.34176, Charge rate: 0.036987359999549996
Time arrive: 1078.1688286756514, time_travel to 50: 33.296246034650814
t_charge: 7.939349500833445
e_remain: 10735.46314139348, e_depot: 10739.927680454719, er: 35.4140795452804
Energy after charge: 10774.866233319499
-----------------------
Node ~47 ~
Init energy: 10744.60752, Charge rate: 0.08308872
Time arrive: 1103.9967219964833, time_travel to 47: 17.88854381999832
t_charge: 8.031717309532247
e_remain: 10652.877845485116, e_depot: 10616.036506009641, er: 128.57101399035855
Energy after charge: 10692.369086922126
-----------------------
Node ~48 ~
Init energy: 10744.60752, Charge rate: 0.08308872
Time arrive: 1113.7489043594242, time_travel to 48: 1.7204650534085253
t_charge: 10.640995520407339
e_remain: 10652.067549135372, e_depot: 10629.082897064016, er: 115.52462293598364
Energy after charge: 10704.388380040093
-----------------------
Node ~35 ~
Init energy: 10661.30136, Charge rate: 0.2080479600045
Time arrive: 1155.376993967532, time_travel to 35: 30.987094087700445
t_charge: 33.589860108563144
e_remain: 10420.927533368924, e_depot: 10406.764320828963, er: 254.53703917103667
Energy after charge: 10581.888532039316
-----------------------
Node ~33 ~
Init energy: 10701.775, Charge rate: 0.14733750000225
Time arrive: 1209.1757630026057, time_travel to 33: 20.208908926510606
t_charge: 8.411270928976322
e_remain: 10523.618066015883, e_depot: 10444.630722842512, er: 257.1442771574875
Energy after charge: 10564.435125030248
-----------------------
Node ~14 ~
Init energy: 10656.34232, Charge rate: 0.21548652000149998
Time arrive: 1254.1279698801864, time_travel to 14: 36.54093594860427
t_charge: 34.22236049682234
e_remain: 10386.094648133972, e_depot: 10389.862179303604, er: 266.4801406963961
Energy after charge: 10549.831993248386
-----------------------
Node ~27 ~
Init energy: 10735.03, Charge rate: 0.0974550000012
Time arrive: 1296.4125881253074, time_travel to 27: 8.06225774829855
t_charge: 14.246054668532025
e_remain: 10608.688111222693, e_depot: 10608.356836863735, er: 126.67316313626543
Energy after charge: 10678.530035307615
-----------------------
Node ~29 ~
Init energy: 10701.775, Charge rate: 0.14733750000225
Time arrive: 1338.4183257891475, time_travel to 29: 27.75968299530814
t_charge: 30.49378135189862
e_remain: 10504.57578992103, e_depot: 10555.043274957125, er: 146.73172504287504
Energy after charge: 10652.551819170518
-----------------------
Node ~8 ~
Init energy: 10721.65332, Charge rate: 0.11752002000225
Time arrive: 1405.6190547123167, time_travel to 8: 36.70694757127048
t_charge: 22.120511620659716
e_remain: 10556.464940574664, e_depot: 10593.606082677401, er: 128.04723732259845
Energy after charge: 10664.467895709842
-----------------------
Node ~15 ~
Init energy: 10782.06624, Charge rate: 0.0269006399997
Time arrive: 1472.9665494293538, time_travel to 15: 45.226983096377325
t_charge: 7.2836433334867
e_remain: 10742.442497122202, e_depot: 10763.856894209299, er: 18.209345790701263
Energy after charge: 10778.664779122435
-----------------------
Node ~49 ~
Init energy: 10793.86, Charge rate: 0.009210000000255
Time arrive: 1548.4528320079605, time_travel to 49: 68.20263924512012
t_charge: 2.6149341977225977
e_remain: 10779.598749416813, e_depot: 10788.231775806233, er: 5.628224193767892
Energy after charge: 10792.649336861465
-----------------------
Node ~37 ~
Init energy: 10734.99184, Charge rate: 0.09751224000045
Time arrive: 1581.5944758220173, time_travel to 37: 30.526709616334347
t_charge: 11.86514773729551
e_remain: 10580.767019890258, e_depot: 10596.297904020128, er: 138.69393597987255
Energy after charge: 10638.935761442935
-----------------------
Node ~43 ~
Init energy: 10794.08, Charge rate: 0.008880000000255
Time arrive: 1639.7184605529078, time_travel to 43: 46.25883699359507
t_charge: 2.746467067643431
e_remain: 10779.519300069873, e_depot: 10789.779576465286, er: 4.300423534714355
Energy after charge: 10793.227246780529
-----------------------
Node ~13 ~
Init energy: 10787.04, Charge rate: 0.0194400000006
Time arrive: 1699.4708922207576, time_travel to 13: 57.005964600206525
t_charge: 4.278630795209191
e_remain: 10754.002285854209, e_depot: 10768.95603320008, er: 18.083966799920745
Energy after charge: 10775.312263247593
-----------------------
Node ~32 ~
Init energy: 10775.61024, Charge rate: 0.03658464000045
Time arrive: 1724.630136033788, time_travel to 32: 20.880613017821098
t_charge: 0.013966960784221431
e_remain: 10712.515267339277, e_depot: 10701.387057736101, er: 74.2231822638987
Energy after charge: 10712.584591166966
-----------------------
Node ~40 ~
Init energy: 10744.60752, Charge rate: 0.08308872
Time arrive: 1749.8932613963884, time_travel to 40: 25.24915840181609
t_charge: 14.97077686939812
e_remain: 10599.211128773948, e_depot: 10650.73180380897, er: 93.87571619102891
Energy after charge: 10672.821110433455
-----------------------
Node ~31 ~
Init energy: 10788.12, Charge rate: 0.01782000000045
Time arrive: 1793.2753036371141, time_travel to 31: 28.41126537132762
t_charge: 4.566334624217148
e_remain: 10756.16383408838, e_depot: 10774.764312409989, er: 13.355687590012167
Energy after charge: 10778.91413512646
-----------------------
Node ~9 ~
Init energy: 10744.65672, Charge rate: 0.0830149200009
Time arrive: 1852.8361834453767, time_travel to 9: 54.99454518404529
t_charge: 19.877481658744646
e_remain: 10590.84367245651, e_depot: 10675.464394601262, er: 69.19232539873883
Energy after charge: 10688.580953200513
-----------------------
Node ~22 ~
Init energy: 10769.66, Charge rate: 0.0455100000012
Time arrive: 1890.4099924067004, time_travel to 22: 17.696327302578915
t_charge: 19.73659084208349
e_remain: 10683.627441243303, e_depot: 10775.925064986852, er: 0
Energy after charge: 10781.412183204473
-----------------------
Node ~11 ~
Init energy: 10762.98, Charge rate: 0.055530000000599995
Time arrive: 1928.1521379472651, time_travel to 11: 18.005554698481244
t_charge: 4.5267902728345595
e_remain: 10655.909711778631, e_depot: 10672.848286927681, er: 90.13171307231823
Energy after charge: 10678.29229047895
-----------------------
Node ~38 ~
Init energy: 10723.31984, Charge rate: 0.1150202400015
Time arrive: 1940.6035733225633, time_travel to 38: 7.924645102463581
t_charge: 8.675621963460491
e_remain: 10500.11115124867, e_depot: 10533.124497858476, er: 190.19534214152372
Energy after charge: 10542.491388945573
-----------------------
Node ~12 ~
Init energy: 10777.92256, Charge rate: 0.03311616000045
Time arrive: 1954.2951697676176, time_travel to 12: 5.015974481593782
t_charge: 4.144089369425322
e_remain: 10713.20380846987, e_depot: 10731.393487920503, er: 46.52907207949829
Energy after charge: 10733.787018990382
-----------------------
Node ~30 ~
Init energy: 10701.775, Charge rate: 0.14733750000225
Time arrive: 1984.3197537227343, time_travel to 30: 25.880494585691366
t_charge: 6.391835766301248
e_remain: 10409.410288281411, e_depot: 10434.533547029137, er: 267.24145297086216
Energy after charge: 10440.427710010686
-----------------------
==============================================
Fitness: 0.0052928489299780895, num_deaths: 0, max_er: 271.52315010787606
