routes: [38 24  8  9  7 42 26 10 48 17 28 71 57 56 70 41 30 11 36 34 13 75 40 31
  2 47 39 64 69  5 32 61 27 14 43 46 53 21 19 23 49 44 60 59 72 18 22 58
 54 73 12 67 35  4 51 68 33 55 29 15 25 66 63 37  6 20 16  1 52 50 74 62
 45 65  3]
t_charge: [  6.11386747   1.93657038   2.25835848   8.51677016  14.68143426
   1.88433177   6.37845701   2.94319885   0.64131995   4.01977723
   0.69482095  47.23571168   1.82387484   4.18990124  52.24327322
   2.53077561   3.08998719  11.55416572   0.21828838   1.63264616
   9.64729805   4.40907513   2.40053089   9.69011921   5.27239812
  68.89476964   1.44899886  50.67049121   3.34169225   7.77547543
  10.53763532  41.92932813   6.6806552   16.96615287  11.61950698
  12.19938523   6.60808303   6.69766116   4.0699025    6.3355003
   7.8023318   16.21348861   7.5358956   14.27749769  15.1162233
 132.56142115   4.12240704  13.89966065  22.11652491   7.50665419
  51.53999824   2.51321342  17.13492901  34.63112192  63.74765457
   9.4218738   10.31532602   4.56976134   9.69774949  24.10416711
   7.6826005   10.45103727  16.09403891   8.45968039   8.66257848
  11.42233933  56.9088929    4.69421791  17.66934545  63.94205956
  16.14450832  54.67861204   6.72494078  49.71600953   8.29980801]
T: 4199.372274568899, energy used: 9288.015311780151
=================================
Node ~38 ~
Init energy: 10750.70928, Charge rate: 0.07393608000045
Time arrive: 4.418144406874904, time_travel to 38: 4.418144406874904
t_charge: 6.113867470104472
e_remain: 10750.382619721679, e_depot: 10470.793492906323, er: 279.91578709367604
Energy after charge: 10780.49992167782
-----------------------
Node ~24 ~
Init energy: 10787.0068, Charge rate: 0.01948980000045
Time arrive: 33.02112035197233, time_travel to 24: 22.489108474992953
t_charge: 1.9365703773791734
e_remain: 10786.363224968549, e_depot: 10714.844726128113, er: 72.1620738718866
Energy after charge: 10796.008333486103
-----------------------
Node ~8 ~
Init energy: 10745.5296, Charge rate: 0.0817056000018
Time arrive: 63.406240780276775, time_travel to 8: 28.44855005092527
t_charge: 2.258358478116018
e_remain: 10740.348955053189, e_depot: 10413.709161066005, er: 331.8204389339953
Energy after charge: 10751.456226909295
-----------------------
Node ~9 ~
Init energy: 10742.64876, Charge rate: 0.0860268600015
Time arrive: 69.66959613729296, time_travel to 9: 4.004996878900157
t_charge: 8.516770164628554
e_remain: 10736.655303406736, e_depot: 10423.973800064623, er: 318.67495993537705
Energy after charge: 10778.506483235262
-----------------------
Node ~7 ~
Init energy: 10708.2, Charge rate: 0.1377000000009
Time arrive: 81.60981485564625, time_travel to 7: 3.423448553724738
t_charge: 14.681434262771553
e_remain: 10696.962328494305, e_depot: 10203.353609101941, er: 504.8463908980593
Energy after charge: 10768.347866310165
-----------------------
Node ~42 ~
Init energy: 10760.09824, Charge rate: 0.05985264000045
Time arrive: 138.46896835500053, time_travel to 42: 42.17771923658272
t_charge: 1.8843317736743923
e_remain: 10751.810506685813, e_depot: 10518.176381890727, er: 241.92185810927185
Energy after charge: 10761.119383322894
-----------------------
Node ~26 ~
Init energy: 10769.02864, Charge rate: 0.0464570400006
Time arrive: 161.4303018129753, time_travel to 26: 21.077001684300356
t_charge: 6.378457014803949
e_remain: 10761.529066011366, e_depot: 10605.830519336963, er: 163.19812066303712
Energy after charge: 10793.125026852707
-----------------------
Node ~10 ~
Init energy: 10771.67652, Charge rate: 0.0424852200003
Time arrive: 191.9955320726749, time_travel to 10: 24.18677324489565
t_charge: 2.9431988542354777
e_remain: 10763.519547580818, e_depot: 10607.981259322958, er: 163.69526067704282
Energy after charge: 10778.110499401168
-----------------------
Node ~48 ~
Init energy: 10757.77248, Charge rate: 0.06334128000045
Time arrive: 215.77427747601726, time_travel to 48: 20.835546549106887
t_charge: 0.6413199484465417
e_remain: 10744.105061073496, e_depot: 10494.985464672636, er: 262.7870153273634
Energy after charge: 10747.271038789304
-----------------------
Node ~17 ~
Init energy: 10781.76, Charge rate: 0.02736000000075
Time arrive: 229.00924661760874, time_travel to 17: 12.593649193144932
t_charge: 4.019777231339542
e_remain: 10775.49430701237, e_depot: 10686.964060721344, er: 94.79593927865608
Energy after charge: 10795.483212064015
-----------------------
Node ~28 ~
Init energy: 10785.6392, Charge rate: 0.0215412000006
Time arrive: 252.23006548735947, time_travel to 28: 19.201041638411183
t_charge: 0.6948209488179033
e_remain: 10780.205861713172, e_depot: 10698.653786700626, er: 86.98541329937325
Energy after charge: 10783.664999180239
-----------------------
Node ~71 ~
Init energy: 10647.4664, Charge rate: 0.22880040000149998
Time arrive: 318.34476109212574, time_travel to 71: 65.4198746559484
t_charge: 47.23571168062875
e_remain: 10574.62899132374, e_depot: 9922.82690222657, er: 724.639497773429
Energy after charge: 10800.0
-----------------------
Node ~57 ~
Init energy: 10787.9, Charge rate: 0.01815000000045
Time arrive: 389.1804727727545, time_travel to 57: 23.6
t_charge: 1.823874836374025
e_remain: 10780.836374419, e_depot: 10720.800767396555, er: 67.09923260344476
Energy after charge: 10789.922645272589
-----------------------
Node ~56 ~
Init energy: 10779.02, Charge rate: 0.03147000000045
Time arrive: 396.44493581262276, time_travel to 56: 5.440588203494178
t_charge: 4.189901241128257
e_remain: 10766.543877869799, e_depot: 10667.81526072307, er: 111.20473927693092
Energy after charge: 10787.36152788338
-----------------------
Node ~70 ~
Init energy: 10647.4664, Charge rate: 0.22880040000149998
Time arrive: 428.76098147491194, time_travel to 70: 28.126144421160895
t_charge: 52.243273217495314
e_remain: 10549.365715933503, e_depot: 9947.864709910902, er: 699.6016900890972
Energy after charge: 10798.628800211429
-----------------------
Node ~41 ~
Init energy: 10787.68, Charge rate: 0.01848000000045
Time arrive: 533.20578723696, time_travel to 41: 52.201532544552755
t_charge: 2.5307756052035306
e_remain: 10777.826357051621, e_depot: 10722.729478390096, er: 64.95052160990417
Energy after charge: 10790.433466344453
-----------------------
Node ~30 ~
Init energy: 10785.94288, Charge rate: 0.021085680000300002
Time arrive: 564.8054465496607, time_travel to 30: 29.068883707497264
t_charge: 3.0899871868299287
e_remain: 10774.033573091629, e_depot: 10712.846195950458, er: 73.09668404954209
Energy after charge: 10789.418354544752
-----------------------
Node ~11 ~
Init energy: 10703.2568, Charge rate: 0.14511480000104998
Time arrive: 600.2812330936163, time_travel to 11: 32.38579935712565
t_charge: 11.554165723158706
e_remain: 10616.147108915235, e_depot: 10151.636560861773, er: 551.6202391382267
Energy after charge: 10672.241257082933
-----------------------
Node ~36 ~
Init energy: 10793.92, Charge rate: 0.009120000000255
Time arrive: 665.3293237054947, time_travel to 36: 53.493924888719846
t_charge: 0.2182883837037359
e_remain: 10787.852196567635, e_depot: 10756.71316677338, er: 37.2068332266208
Energy after charge: 10788.941647696094
-----------------------
Node ~34 ~
Init energy: 10793.92, Charge rate: 0.009120000000255
Time arrive: 668.9885421960155, time_travel to 34: 3.4409301068170506
t_charge: 1.6326461649356199
e_remain: 10787.818824495002, e_depot: 10763.784955679539, er: 30.13504432046102
Energy after charge: 10795.967165586655
-----------------------
Node ~13 ~
Init energy: 10775.716, Charge rate: 0.0364260000006
Time arrive: 734.593995083808, time_travel to 13: 63.972806722856866
t_charge: 9.647298053212669
e_remain: 10748.957679134637, e_depot: 10670.986155790097, er: 104.7298442099036
Energy after charge: 10796.84275692181
-----------------------
Node ~75 ~
Init energy: 10787.4116, Charge rate: 0.0188826
Time arrive: 826.1409878861466, time_travel to 75: 81.8996947491259
t_charge: 4.409075127236326
e_remain: 10771.811910182141, e_depot: 10730.161908724407, er: 57.24969127559234
Energy after charge: 10793.774031016324
-----------------------
Node ~40 ~
Init energy: 10755.2668, Charge rate: 0.0670998000009
Time arrive: 875.2521882425037, time_travel to 40: 44.702125229120824
t_charge: 2.4005308947459936
e_remain: 10696.537553218577, e_depot: 10485.492414720831, er: 269.7743852791682
Energy after charge: 10708.379132549373
-----------------------
Node ~31 ~
Init energy: 10721.981, Charge rate: 0.11702850000134998
Time arrive: 885.813601442491, time_travel to 31: 8.160882305241266
t_charge: 9.690119208708333
e_remain: 10618.31556294239, e_depot: 10278.985357803485, er: 442.9956421965144
Energy after charge: 10665.632138870104
-----------------------
Node ~2 ~
Init energy: 10774.02, Charge rate: 0.03897000000105
Time arrive: 927.9135956895267, time_travel to 2: 32.409875038327435
t_charge: 5.272398118156988
e_remain: 10737.859207175004, e_depot: 10636.732453046427, er: 137.28754695357384
Energy after charge: 10764.015732411119
-----------------------
Node ~47 ~
Init energy: 10647.4664, Charge rate: 0.22880040000149998
Time arrive: 972.6321596543157, time_travel to 47: 39.44616584663204
t_charge: 68.8947696388814
e_remain: 10424.927772816769, e_depot: 10031.122192017834, er: 616.3442079821652
Energy after charge: 10753.638470159789
-----------------------
Node ~39 ~
Init energy: 10786.6686, Charge rate: 0.019997100000150002
Time arrive: 1099.83644824165, time_travel to 39: 58.309518948453004
t_charge: 1.4489988640693736
e_remain: 10764.675060560703, e_depot: 10709.938327007936, er: 76.73027299206478
Energy after charge: 10771.891079105864
-----------------------
Node ~64 ~
Init energy: 10647.4664, Charge rate: 0.22880040000149998
Time arrive: 1142.287398278804, time_travel to 64: 41.001951173084436
t_charge: 50.67049120788945
e_remain: 10386.110586357136, e_depot: 9940.000799862873, er: 707.4656001371259
Energy after charge: 10627.869613739946
-----------------------
Node ~69 ~
Init energy: 10793.48636, Charge rate: 0.0097704600003
Time arrive: 1204.1149500314784, time_travel to 69: 11.157060544785082
t_charge: 3.3416922475064004
e_remain: 10781.721603044954, e_depot: 10769.165022402489, er: 24.321337597511956
Energy after charge: 10798.39741441205
-----------------------
Node ~5 ~
Init energy: 10724.54956, Charge rate: 0.11317566000225
Time arrive: 1287.3305428973972, time_travel to 5: 79.87390061841226
t_charge: 7.775475434192814
e_remain: 10578.855076166532, e_depot: 10288.160208401478, er: 436.3893515985219
Energy after charge: 10616.8524587734
-----------------------
Node ~32 ~
Init energy: 10772.02, Charge rate: 0.04197000000015
Time arrive: 1305.826092958196, time_travel to 32: 10.720074626605918
t_charge: 10.537635319035445
e_remain: 10717.21447887835, e_depot: 10648.460522230891, er: 123.55947776910944
Energy after charge: 10769.460390919186
-----------------------
Node ~61 ~
Init energy: 10659.1626, Charge rate: 0.21125610000150002
Time arrive: 1325.1728144954495, time_travel to 61: 8.809086218218095
t_charge: 41.92932812869669
e_remain: 10379.21175938168, e_depot: 9981.666231463629, er: 677.4963685363709
Energy after charge: 10580.000573689013
-----------------------
Node ~27 ~
Init energy: 10724.5334, Charge rate: 0.11319990000015
Time arrive: 1407.6074509182451, time_travel to 27: 40.50530829409893
t_charge: 6.680655200930364
e_remain: 10565.192377316589, e_depot: 10282.56815446005, er: 441.96524553995005
Energy after charge: 10597.83940382056
-----------------------
Node ~14 ~
Init energy: 10762.2236, Charge rate: 0.0566646000009
Time arrive: 1441.1358248304552, time_travel to 14: 26.847718711279736
t_charge: 16.966152866826487
e_remain: 10680.562214939015, e_depot: 10609.098614140816, er: 153.12498585918365
Energy after charge: 10764.431599007394
-----------------------
Node ~43 ~
Init energy: 10777.188, Charge rate: 0.0342180000006
Time arrive: 1501.7666086930888, time_travel to 43: 43.664630995807116
t_charge: 11.619506982855041
e_remain: 10725.80055018284, e_depot: 10691.591414420558, er: 85.59658557944203
Energy after charge: 10783.500488807169
-----------------------
Node ~46 ~
Init energy: 10739.56248, Charge rate: 0.09065628000090001
Time arrive: 1547.4965246444683, time_travel to 46: 34.110408968524546
t_charge: 12.199385232584815
e_remain: 10599.272201761412, e_depot: 10419.859937411591, er: 319.7025425884094
Energy after charge: 10659.163177040853
-----------------------
Node ~53 ~
Init energy: 10787.8, Charge rate: 0.01830000000045
Time arrive: 1608.7269204723896, time_travel to 53: 49.0310105953365
t_charge: 6.608083030079225
e_remain: 10758.360297354631, e_depot: 10743.991902523894, er: 43.808097476105104
Energy after charge: 10791.279784585575
-----------------------
Node ~21 ~
Init energy: 10780.80064, Charge rate: 0.028799040000450003
Time arrive: 1662.9039009040273, time_travel to 21: 47.568897401558516
t_charge: 6.697661162365039
e_remain: 10732.91060404096, e_depot: 10693.351055699733, er: 87.449584300266
Energy after charge: 10766.206023641062
-----------------------
Node ~19 ~
Init energy: 10772.33, Charge rate: 0.041505
Time arrive: 1681.6281991690905, time_travel to 19: 12.026637102698327
t_charge: 4.069902500342744
e_remain: 10702.534021593487, e_depot: 10618.384566245732, er: 153.94543375426838
Energy after charge: 10722.714612791924
-----------------------
Node ~23 ~
Init energy: 10759.1, Charge rate: 0.06135000000165
Time arrive: 1699.9487156912921, time_travel to 23: 14.250614021858848
t_charge: 6.335500295513849
e_remain: 10654.808146289535, e_depot: 10533.146012425837, er: 225.95398757416297
Energy after charge: 10686.096964823964
-----------------------
Node ~49 ~
Init energy: 10768.9, Charge rate: 0.04665000000135
Time arrive: 1718.653532863659, time_travel to 49: 12.36931687685298
t_charge: 7.802331804304364
e_remain: 10688.72481268959, e_depot: 10612.010942407214, er: 156.88905759278532
Energy after charge: 10727.37249293243
-----------------------
Node ~44 ~
Init energy: 10776.46176, Charge rate: 0.035307359999999996
Time arrive: 1782.1511068345974, time_travel to 44: 55.695242166633946
t_charge: 16.213488614975617
e_remain: 10713.538709296592, e_depot: 10709.260454402656, er: 67.20130559734389
Energy after charge: 10794.033696892086
-----------------------
Node ~60 ~
Init energy: 10779.9066, Charge rate: 0.0301401000003
Time arrive: 1818.559644347756, time_travel to 60: 20.19504889818294
t_charge: 7.535895599041254
e_remain: 10725.09503046285, e_depot: 10691.016577701213, er: 88.89002229878679
Energy after charge: 10762.54737581111
-----------------------
Node ~59 ~
Init energy: 10768.774, Charge rate: 0.04683900000045
Time arrive: 1830.3710516120834, time_travel to 59: 4.275511665286389
t_charge: 14.277497687608223
e_remain: 10683.041250312717, e_depot: 10643.467090467617, er: 125.30690953238263
Energy after charge: 10753.759995036562
-----------------------
Node ~72 ~
Init energy: 10762.50176, Charge rate: 0.0562473600006
Time arrive: 1870.8760158185912, time_travel to 72: 26.22746651889961
t_charge: 15.116223299843886
e_remain: 10657.269923221762, e_depot: 10601.879272395003, er: 160.62248760499642
Energy after charge: 10732.000792067185
-----------------------
Node ~18 ~
Init energy: 10582.69452, Charge rate: 0.325958220006
Time arrive: 1957.2220081760418, time_travel to 18: 71.2297690576068
t_charge: 132.56142115109336
e_remain: 9944.721918058367, e_depot: 9876.68171399444, er: 706.0128060055595
Energy after charge: 10564.319538933958
-----------------------
Node ~22 ~
Init energy: 10700.0798, Charge rate: 0.1498803000006
Time arrive: 2097.715642133156, time_travel to 22: 7.932212806020776
t_charge: 4.1224070365170435
e_remain: 10385.67355024113, e_depot: 10091.288658855996, er: 608.7911411440036
Energy after charge: 10405.667717820357
-----------------------
Node ~58 ~
Init energy: 10781.28, Charge rate: 0.028080000000749998
Time arrive: 2157.0039806854193, time_travel to 58: 55.16593151574621
t_charge: 13.899660646393079
e_remain: 10720.711328220736, e_depot: 10732.85992975892, er: 48.420070241079884
Energy after charge: 10789.81932898174
-----------------------
Node ~54 ~
Init energy: 10766.45, Charge rate: 0.05032500000000001
Time arrive: 2212.680668511831, time_travel to 54: 41.77702718001844
t_charge: 22.11652490676406
e_remain: 10655.096845357142, e_depot: 10665.69921481614, er: 100.75078518385999
Energy after charge: 10764.56645577503
-----------------------
Node ~73 ~
Init energy: 10787.76, Charge rate: 0.018360000000450002
Time arrive: 2275.9116677554994, time_travel to 73: 41.11447433690476
t_charge: 7.5066541945964245
e_remain: 10745.974261778985, e_depot: 10748.192796010007, er: 39.56720398999278
Energy after charge: 10783.369710580952
-----------------------
Node ~12 ~
Init energy: 10647.4664, Charge rate: 0.22880040000149998
Time arrive: 2359.0291677329596, time_travel to 12: 75.61084578286372
t_charge: 51.539998238380385
e_remain: 10107.719582807493, e_depot: 9944.348335015327, er: 703.118064984672
Energy after charge: 10353.627201786378
-----------------------
Node ~67 ~
Init energy: 10791.92856, Charge rate: 0.012107160000435
Time arrive: 2488.1552471972923, time_travel to 67: 77.58608122595186
t_charge: 2.5132134178398884
e_remain: 10761.804066316261, e_depot: 10753.652155059603, er: 38.2764049403977
Energy after charge: 10774.339705528495
-----------------------
Node ~35 ~
Init energy: 10768.42048, Charge rate: 0.047369280000299996
Time arrive: 2539.193917851515, time_travel to 35: 48.525457236382636
t_charge: 17.134929005743732
e_remain: 10648.140692330233, e_depot: 10655.173883929168, er: 113.24659607083231
Energy after charge: 10733.003668109093
-----------------------
Node ~4 ~
Init energy: 10719.48, Charge rate: 0.12078000000195
Time arrive: 2597.513309947118, time_travel to 4: 41.184463089859506
t_charge: 34.63112192274002
e_remain: 10405.75234241952, e_depot: 10385.435426283078, er: 334.04457371692115
Energy after charge: 10574.725205127324
-----------------------
Node ~51 ~
Init energy: 10647.4664, Charge rate: 0.22880040000149998
Time arrive: 2692.757631752392, time_travel to 51: 60.61319988253384
t_charge: 63.74765457317643
e_remain: 10031.36237674796, e_depot: 10005.386616689308, er: 642.0797833106917
Energy after charge: 10335.515160748342
-----------------------
Node ~68 ~
Init energy: 10787.22, Charge rate: 0.0191700000006
Time arrive: 2787.9021014506734, time_travel to 68: 31.39681512510465
t_charge: 9.421873797022558
e_remain: 10733.775916713517, e_depot: 10753.827402479106, er: 33.392597520893105
Energy after charge: 10780.704668377935
-----------------------
Node ~33 ~
Init energy: 10766.73616, Charge rate: 0.04989576000045
Time arrive: 2866.784179681602, time_travel to 33: 69.46020443390589
t_charge: 10.315326021660551
e_remain: 10623.69578459752, e_depot: 10608.781918943869, er: 157.95424105613165
Energy after charge: 10674.757723674318
-----------------------
Node ~55 ~
Init energy: 10787.2656, Charge rate: 0.019101600000449998
Time arrive: 2940.18357659283, time_travel to 55: 63.084070889567684
t_charge: 4.569761336801556
e_remain: 10731.103389392032, e_depot: 10729.899677242212, er: 57.36592275778821
Energy after charge: 10753.864906322888
-----------------------
Node ~29 ~
Init energy: 10787.8, Charge rate: 0.01830000000045
Time arrive: 2986.88693497522, time_travel to 29: 42.13359704558822
t_charge: 9.6977494928002
e_remain: 10733.139969088608, e_depot: 10759.4402348375, er: 28.35976516249866
Energy after charge: 10781.451247736886
-----------------------
Node ~15 ~
Init energy: 10762.73396, Charge rate: 0.05589906000045
Time arrive: 3013.58468446802, time_travel to 15: 17.0
t_charge: 24.104167105835984
e_remain: 10594.277408906484, e_depot: 10648.513832788827, er: 114.22012721117244
Energy after charge: 10713.450844152354
-----------------------
Node ~25 ~
Init energy: 10776.06, Charge rate: 0.03591000000105
Time arrive: 3067.602059359047, time_travel to 25: 29.91320778519081
t_charge: 7.682600499369562
e_remain: 10665.902410045195, e_depot: 10663.673544112668, er: 112.38645588733198
Energy after charge: 10704.039530358103
-----------------------
Node ~66 ~
Init energy: 10762.50176, Charge rate: 0.0562473600006
Time arrive: 3146.0589489752983, time_travel to 66: 70.77428911688199
t_charge: 10.451037271587712
e_remain: 10585.544249713876, e_depot: 10578.553342253723, er: 183.9484177462764
Energy after charge: 10637.21159281602
-----------------------
Node ~63 ~
Init energy: 10762.50176, Charge rate: 0.0562473600006
Time arrive: 3225.345442227071, time_travel to 63: 68.8354559801851
t_charge: 16.094038911779396
e_remain: 10581.084593784759, e_depot: 10606.76835045468, er: 155.73340954531886
Energy after charge: 10660.64954114312
-----------------------
Node ~37 ~
Init energy: 10787.56212, Charge rate: 0.01865682000015
Time arrive: 3293.674718287733, time_travel to 37: 52.23523714888255
t_charge: 8.459680394115026
e_remain: 10726.112623641862, e_depot: 10751.513589330323, er: 36.04853066967735
Energy after charge: 10768.253194878065
-----------------------
Node ~6 ~
Init energy: 10769.5806, Charge rate: 0.04562910000105
Time arrive: 3348.383290560465, time_travel to 6: 46.24889187861694
t_charge: 8.662578475429223
e_remain: 10616.796883993171, e_depot: 10621.279914919203, er: 148.30068508079603
Energy after charge: 10659.714510710795
-----------------------
Node ~20 ~
Init energy: 10787.74, Charge rate: 0.018390000000449998
Time arrive: 3380.4535600796517, time_travel to 20: 23.407691043757392
t_charge: 11.422339325457298
e_remain: 10725.573459028614, e_depot: 10767.625240496074, er: 20.114759503925598
Energy after charge: 10782.4750988357
-----------------------
Node ~16 ~
Init energy: 10647.4664, Charge rate: 0.22880040000149998
Time arrive: 3424.34865721839, time_travel to 16: 32.472757813280964
t_charge: 56.9088928973612
e_remain: 9863.974057483832, e_depot: 9971.192808310232, er: 676.2735916897673
Energy after charge: 10135.49774451208
-----------------------
Node ~1 ~
Init energy: 10787.88, Charge rate: 0.01818000000045
Time arrive: 3518.7686151499515, time_travel to 1: 37.51106503420024
t_charge: 4.694217905195172
e_remain: 10723.90878657499, e_depot: 10735.006501572423, er: 52.87349842757612
Energy after charge: 10747.294535219447
-----------------------
Node ~52 ~
Init energy: 10772.0254, Charge rate: 0.04196190000015
Time arrive: 3564.4584425761673, time_travel to 52: 40.99560952102066
t_charge: 17.669345451805
e_remain: 10622.453951277928, e_depot: 10684.158487810162, er: 87.86691218983833
Energy after charge: 10710.059239230037
-----------------------
Node ~50 ~
Init energy: 10647.4664, Charge rate: 0.22880040000149998
Time arrive: 3598.7711050050652, time_travel to 50: 16.64331697709324
t_charge: 63.942059561934826
e_remain: 9824.066131661, e_depot: 10006.3586416331, er: 641.1077583668994
Energy after charge: 10129.146460665985
-----------------------
Node ~74 ~
Init energy: 10784.51356, Charge rate: 0.02322966000075
Time arrive: 3728.4815460280033, time_travel to 74: 65.76838146100297
t_charge: 16.144508319668716
e_remain: 10697.902201366698, e_depot: 10767.68611144353, er: 16.82744855646888
Energy after charge: 10778.249711525896
-----------------------
Node ~62 ~
Init energy: 10654.73176, Charge rate: 0.217902360003
Time arrive: 3828.9131826651083, time_travel to 62: 84.28712831743647
t_charge: 54.678612040368805
e_remain: 9820.402541250676, e_depot: 10013.071691042116, er: 641.6600689578845
Energy after charge: 10081.881002847236
-----------------------
Node ~45 ~
Init energy: 10787.88, Charge rate: 0.01818000000045
Time arrive: 3931.8365871705714, time_travel to 45: 48.24479246509409
t_charge: 6.724940777653234
e_remain: 10716.399210843469, e_depot: 10745.160115934714, er: 42.71988406528544
Energy after charge: 10749.901655308395
-----------------------
Node ~65 ~
Init energy: 10647.4664, Charge rate: 0.22880040000149998
Time arrive: 4012.5672034062595, time_travel to 65: 74.00567545803497
t_charge: 49.716009526456915
e_remain: 9729.389418827746, e_depot: 9935.22839145571, er: 712.2380085442892
Energy after charge: 9966.594423593899
-----------------------
Node ~3 ~
Init energy: 10694.00304, Charge rate: 0.158995440003
Time arrive: 4152.284324036969, time_travel to 3: 90.00111110425249
t_charge: 8.299808013887317
e_remain: 10033.808766882183, e_depot: 10067.821037537955, er: 626.1820024620447
Energy after charge: 10073.98817532451
-----------------------
==============================================
Fitness: 0.014125526272386526, num_deaths: 0, max_er: 724.639497773429
