routes: [ 7 16 15  1  6 17 48 18  4 35 53 69 58 60 39 13 31 12 11 61 41 73  8 32
 52 70 34 64 74 59 14 50 67 55 27 68  2 56 42 62 28  3 49 51 46 45 75 26
 21 44 65 72 19 24 25 57 33 54 10 63 38 40  5 66  9 29 47 23 36 30 43 37
 22 71 20]
t_charge: [2.46983550e+01 8.86280627e-01 1.80185159e+01 3.49915157e+01
 1.06409926e+01 4.87285542e+00 9.07278784e+00 2.20051342e+01
 3.59551937e+01 7.10486531e+00 5.38903139e+00 6.28720760e+00
 1.49477459e+00 4.52302193e+00 3.65259592e+00 5.67451352e+01
 2.05427285e+01 1.26913595e+02 1.49906583e+02 1.90266768e+01
 4.45326853e+00 2.93827929e+01 0.00000000e+00 2.63662007e+01
 1.48993023e+01 1.42239729e+01 1.42346522e+02 9.51418635e+00
 6.26178116e+00 2.07839245e+00 2.33299816e+01 3.29288094e+01
 8.43855856e+00 2.08430781e+00 2.07706388e+01 1.19753562e+01
 4.53378812e+02 3.41865170e+00 1.03058732e+01 1.65162161e+01
 2.26639273e+01 1.21126461e+02 8.78659969e+01 4.43807890e+01
 2.67193808e+01 1.44960663e+01 1.98983152e+01 1.95829490e+01
 1.34666134e+02 1.93354748e+01 1.11658637e+01 2.40605176e+01
 3.61029417e+01 1.44513507e+02 8.61841666e+00 1.28727417e+01
 2.10447578e+02 2.76250132e+01 2.95647412e+02 1.75090270e+01
 5.65109243e+02 2.69859457e+01 2.33443606e+01 3.57457754e+01
 1.06691447e+02 2.13867322e+01 2.03139805e+02 1.52134069e+02
 1.34661863e+03 4.37728931e+01 3.14782794e+01 3.34792899e+02
 1.10321165e+02 3.06197241e+01 9.76148349e+01]
T: 8931.692572199801, energy used: 32229.515738102753
=================================
Node ~7 ~
Init energy: 10640.4244, Charge rate: 0.23936340000450002
Time arrive: 12.880993750483693, time_travel to 7: 12.880993750483693
t_charge: 24.698355013980883
e_remain: 10637.341161540448, e_depot: 8625.995873193222, er: 2014.4285268067779
Energy after charge: 10754.921054379687
-----------------------
Node ~16 ~
Init energy: 10794.16, Charge rate: 0.00876000000024
Time arrive: 68.291561319082, time_travel to 16: 30.712212554617423
t_charge: 0.8862806271001231
e_remain: 10793.561765922828, e_depot: 10720.349776200886, er: 73.81022379911337
Energy after charge: 10797.985405240035
-----------------------
Node ~15 ~
Init energy: 10721.73392, Charge rate: 0.11739912000195
Time arrive: 103.63477158304907, time_travel to 15: 34.456929636866946
t_charge: 18.018515917395014
e_remain: 10709.567289014547, e_depot: 9763.253651482766, er: 958.4802685172344
Energy after charge: 10797.544510689078
-----------------------
Node ~1 ~
Init energy: 10649.5768, Charge rate: 0.22563480000449998
Time arrive: 148.89149595841724, time_travel to 1: 27.23820845797315
t_charge: 34.99151573248037
e_remain: 10615.981697087052, e_depot: 8809.233711432424, er: 1840.343088567577
Energy after charge: 10783.043972095302
-----------------------
Node ~6 ~
Init energy: 10741.16568, Charge rate: 0.08825148000075
Time arrive: 216.03328385148745, time_travel to 6: 32.150272160589864
t_charge: 10.640992596357806
e_remain: 10722.100422970685, e_depot: 10006.13555457345, er: 735.0301254265505
Energy after charge: 10774.366302607168
-----------------------
Node ~17 ~
Init energy: 10779.664, Charge rate: 0.0305040000006
Time arrive: 260.64426320086005, time_travel to 17: 33.96998675301479
t_charge: 4.872855416331596
e_remain: 10771.713307395165, e_depot: 10531.575926853917, er: 248.08807314608384
Energy after charge: 10795.9289428952
-----------------------
Node ~48 ~
Init energy: 10752.5344, Charge rate: 0.07119840000120001
Time arrive: 304.03412784688135, time_travel to 48: 38.517009229689684
t_charge: 9.072787843129806
e_remain: 10730.887656551542, e_depot: 10161.976118772422, er: 590.5582812275788
Energy after charge: 10775.60562778921
-----------------------
Node ~18 ~
Init energy: 10727.8712, Charge rate: 0.1081932000015
Time arrive: 348.8689066860393, time_travel to 18: 35.76199099602817
t_charge: 22.00513418241862
e_remain: 10690.125956604612, e_depot: 9871.548470096168, er: 856.3227299038317
Energy after charge: 10797.770821633047
-----------------------
Node ~4 ~
Init energy: 10676.2956, Charge rate: 0.185556600003
Time arrive: 400.3019188075822, time_travel to 4: 29.427877939124322
t_charge: 35.95519365973511
e_remain: 10602.016936971388, e_depot: 9198.73706232923, er: 1477.5585376707695
Energy after charge: 10775.121181782113
-----------------------
Node ~35 ~
Init energy: 10777.752, Charge rate: 0.033372000000749996
Time arrive: 439.0855395920635, time_travel to 35: 2.8284271247461903
t_charge: 7.1048653140630496
e_remain: 10763.098837372405, e_depot: 10515.207882044166, er: 262.54411795583474
Energy after charge: 10798.386060377454
-----------------------
Node ~53 ~
Init energy: 10776.0758, Charge rate: 0.03588630000045
Time arrive: 475.0181693008902, time_travel to 53: 28.8277643947636
t_charge: 5.389031389384319
e_remain: 10759.029155470804, e_depot: 10482.495557789169, er: 293.5802422108318
Energy after charge: 10785.780920020574
-----------------------
Node ~69 ~
Init energy: 10781.6772, Charge rate: 0.02748420000015
Time arrive: 498.0627947046372, time_travel to 69: 17.6555940143627
t_charge: 6.287207599748495
e_remain: 10767.988342537705, e_depot: 10567.63281300455, er: 214.04438699545062
Energy after charge: 10799.251581665334
-----------------------
Node ~58 ~
Init energy: 10793.78, Charge rate: 0.009330000000255
Time arrive: 545.777046611215, time_travel to 58: 41.42704430682933
t_charge: 1.4947745944142434
e_remain: 10788.687900154979, e_depot: 10717.921181271171, er: 75.85881872882965
Energy after charge: 10796.147826880084
-----------------------
Node ~60 ~
Init energy: 10781.2156, Charge rate: 0.02817660000015
Time arrive: 550.695269759354, time_travel to 60: 3.423448553724738
t_charge: 4.523021934181334
e_remain: 10765.698879662015, e_depot: 10552.165980739723, er: 229.0496192602768
Energy after charge: 10788.18654595309
-----------------------
Node ~39 ~
Init energy: 10777.01088, Charge rate: 0.0344836800003
Time arrive: 596.0349549574524, time_travel to 39: 40.81666326391711
t_charge: 3.65259592305695
e_remain: 10756.457401344254, e_depot: 10487.27623109449, er: 289.73464890550895
Energy after charge: 10774.594426010557
-----------------------
Node ~13 ~
Init energy: 10635.55568, Charge rate: 0.246666480006
Time arrive: 643.8350309897977, time_travel to 13: 44.14748010928823
t_charge: 56.74513523956148
e_remain: 10476.743159201193, e_depot: 8716.132188917547, er: 1919.4234910824525
Energy after charge: 10746.471712631994
-----------------------
Node ~31 ~
Init energy: 10749.86, Charge rate: 0.07521000000045
Time arrive: 711.1347860709262, time_travel to 31: 10.554619841567009
t_charge: 20.542728525367313
e_remain: 10696.375552739286, e_depot: 10180.821044267672, er: 569.0389557323288
Energy after charge: 10797.54417675372
-----------------------
Node ~12 ~
Init energy: 10525.8706, Charge rate: 0.4111941000045
Time arrive: 749.6519408736466, time_travel to 12: 17.974426277353054
t_charge: 126.91359535271181
e_remain: 10217.618144855835, e_depot: 7487.7792880209845, er: 3038.0913119790157
Energy after charge: 10800.0
-----------------------
Node ~11 ~
Init energy: 10487.5024, Charge rate: 0.46874640000900003
Time arrive: 902.4962130397391, time_travel to 11: 25.93067681338071
t_charge: 149.9065825287531
e_remain: 10064.460549115865, e_depot: 7050.336573437982, er: 3437.165826562017
Energy after charge: 10743.725290861626
-----------------------
Node ~61 ~
Init energy: 10764.416, Charge rate: 0.05337600000105
Time arrive: 1096.6317453638467, time_travel to 61: 44.22894979535462
t_charge: 19.02667678839406
e_remain: 10705.882183958307, e_depot: 10382.811361198854, er: 381.6046388011455
Energy after charge: 10800.0
-----------------------
Node ~41 ~
Init energy: 10787.04, Charge rate: 0.0194400000006
Time arrive: 1181.9553300741038, time_travel to 41: 66.29690792186315
t_charge: 4.453268534194947
e_remain: 10764.062788382651, e_depot: 10635.674239062053, er: 151.36576093794793
Energy after charge: 10786.242559513319
-----------------------
Node ~73 ~
Init energy: 10748.552, Charge rate: 0.07717200000075
Time arrive: 1232.4763747647403, time_travel to 73: 46.0677761564415
t_charge: 29.38279292868909
e_remain: 10653.439333205732, e_depot: 10206.189385454943, er: 542.3626145450562
Energy after charge: 10798.085768953262
-----------------------
Node ~8 ~
Init energy: 10087.17676, Charge rate: 1.0692348600089998
Time arrive: 1327.3523734479195, time_travel to 8: 65.49320575449029
t_charge: 0.0
e_remain: 8667.9253307938, e_depot: 537.0997029205228, er: 0
Energy after charge: 8667.9253307938
-----------------------
!!!!!!!!!!!! DEATH !!!!!!!!!!!!!!
Node ~32 ~
Init energy: 10749.42296, Charge rate: 0.07586556000150001
Time arrive: 1352.1112102541995, time_travel to 32: 24.758836806279895
t_charge: 26.366200659166935
e_remain: 10646.844285849758, e_depot: 10203.646104544658, er: 545.7768554553422
Energy after charge: 10776.675002567474
-----------------------
Node ~52 ~
Init energy: 10775.68096, Charge rate: 0.03647856000075
Time arrive: 1424.1304502426378, time_travel to 52: 45.65303932927139
t_charge: 14.899302330350595
e_remain: 10723.730731921929, e_depot: 10524.362188248508, er: 251.31877175149202
Energy after charge: 10797.683738479654
-----------------------
Node ~70 ~
Init energy: 10760.1294, Charge rate: 0.059805900000750006
Time arrive: 1448.2492970302812, time_travel to 70: 9.219544457292887
t_charge: 14.223972884515927
e_remain: 10673.51554736565, e_depot: 10297.081351612156, er: 463.04804838784366
Energy after charge: 10743.784734288285
-----------------------
Node ~34 ~
Init energy: 10587.7804, Charge rate: 0.3183294000075
Time arrive: 1476.7910909780735, time_travel to 34: 14.317821063276352
t_charge: 142.3465219742743
e_remain: 10117.674378072528, e_depot: 8456.292672311563, er: 2131.4877276884363
Energy after charge: 10784.093905010675
-----------------------
Node ~64 ~
Init energy: 10774.56, Charge rate: 0.038160000000150004
Time arrive: 1653.5428451125877, time_travel to 64: 34.40523216023981
t_charge: 9.514186348687394
e_remain: 10711.460805030256, e_depot: 10481.297543186953, er: 293.2624568130468
Energy after charge: 10758.668675422625
-----------------------
Node ~74 ~
Init energy: 10787.98, Charge rate: 0.018030000000450002
Time arrive: 1722.6842064740158, time_travel to 74: 59.62717501274062
t_charge: 6.261781157273923
e_remain: 10756.920003756497, e_depot: 10658.250488705587, er: 129.72951129441208
Energy after charge: 10788.116009628598
-----------------------
Node ~59 ~
Init energy: 10793.78, Charge rate: 0.009330000000255
Time arrive: 1750.2401182780195, time_travel to 59: 21.29413064672986
t_charge: 2.078392454797856
e_remain: 10777.450259696021, e_depot: 10720.839270573088, er: 72.9407294269131
Energy after charge: 10787.822830568406
-----------------------
Node ~14 ~
Init energy: 10755.72, Charge rate: 0.0664200000018
Time arrive: 1806.2936902137603, time_travel to 14: 53.975179480942906
t_charge: 23.32998155109525
e_remain: 10635.74597309275, e_depot: 10279.126887093887, er: 476.59311290611186
Energy after charge: 10750.84630347356
-----------------------
Node ~50 ~
Init energy: 10757.2, Charge rate: 0.06420000000180001
Time arrive: 1864.9535458093521, time_travel to 50: 35.32987404449668
t_charge: 32.92880944211179
e_remain: 10637.469982355684, e_depot: 10348.429384059255, er: 408.7706159407462
Energy after charge: 10800.0
-----------------------
Node ~67 ~
Init energy: 10787.48, Charge rate: 0.01878000000045
Time arrive: 1920.1614934753718, time_travel to 67: 22.27913822390803
t_charge: 8.438558557476446
e_remain: 10751.419367151668, e_depot: 10661.93560627745, er: 125.54439372255001
Energy after charge: 10793.453683809337
-----------------------
Node ~55 ~
Init energy: 10793.44, Charge rate: 0.00984000000027
Time arrive: 1954.4643130893717, time_travel to 55: 25.86426105652354
t_charge: 2.0843078089567175
e_remain: 10774.208071158673, e_depot: 10715.973684131928, er: 77.46631586807234
Energy after charge: 10784.609100614616
-----------------------
Node ~27 ~
Init energy: 10772.2944, Charge rate: 0.0415584000012
Time arrive: 1996.392315506133, time_travel to 27: 39.843694607804636
t_charge: 20.77063883352602
e_remain: 10689.327529592874, e_depot: 10504.960741564404, er: 267.3336584355966
Energy after charge: 10792.31752924358
-----------------------
Node ~68 ~
Init energy: 10784.576, Charge rate: 0.023136000000150002
Time arrive: 2077.617896238564, time_travel to 68: 60.45494189890517
t_charge: 11.975356208689938
e_remain: 10736.508232352313, e_depot: 10637.809141691694, er: 146.76685830830502
Energy after charge: 10796.107951554517
-----------------------
Node ~2 ~
Init energy: 10336.0998, Charge rate: 0.6958503000075
Time arrive: 2137.686911072898, time_travel to 2: 48.09365862564419
t_charge: 453.3788121717938
e_remain: 8848.589721607817, e_depot: 6387.872904918978, er: 3948.226895081022
Energy after charge: 10800.0
-----------------------
Node ~56 ~
Init energy: 10793.44, Charge rate: 0.00984000000027
Time arrive: 2643.7857384191966, time_travel to 56: 52.720015174504645
t_charge: 3.4186516957950226
e_remain: 10767.425148333241, e_depot: 10722.645403566119, er: 70.79459643388145
Energy after charge: 10784.484767279528
-----------------------
Node ~42 ~
Init energy: 10788.8808, Charge rate: 0.0166788000006
Time arrive: 2668.660391606416, time_travel to 42: 21.456001491424256
t_charge: 10.305873151382915
e_remain: 10744.370747058874, e_depot: 10691.44025167835, er: 97.44054832165057
Energy after charge: 10795.728223218666
-----------------------
Node ~62 ~
Init energy: 10768.4296, Charge rate: 0.047355600001050005
Time arrive: 2753.6115593181394, time_travel to 62: 74.6452945603405
t_charge: 16.516216113141557
e_remain: 10638.030672438663, e_depot: 10428.045019784264, er: 340.3845802157357
Energy after charge: 10719.829617680585
-----------------------
Node ~28 ~
Init energy: 10769.82428, Charge rate: 0.0452635800006
Time arrive: 2876.133435657516, time_travel to 28: 106.0056602262351
t_charge: 22.663927279461845
e_remain: 10639.640184142716, e_depot: 10478.86353511478, er: 290.96074488522027
Energy after charge: 10751.933970054484
-----------------------
Node ~3 ~
Init energy: 10656.99824, Charge rate: 0.21450264000449998
Time arrive: 2980.2565551745643, time_travel to 3: 81.45919223758605
t_charge: 121.12646138605996
e_remain: 10017.72534102434, e_depot: 9346.75891048486, er: 1310.2393295151414
Energy after charge: 10597.375702212927
-----------------------
Node ~49 ~
Init energy: 10720.5544, Charge rate: 0.1191683999997
Time arrive: 3127.077373917834, time_travel to 49: 25.69435735720977
t_charge: 87.86599694419299
e_remain: 10347.90559267495, e_depot: 10095.508871602711, er: 625.0455283972897
Energy after charge: 10776.764727125697
-----------------------
Node ~51 ~
Init energy: 10663.5056, Charge rate: 0.2047416000015
Time arrive: 3218.790447674361, time_travel to 51: 3.8470768123342687
t_charge: 44.38078897747916
e_remain: 10004.485293673608, e_depot: 9056.720516933696, er: 1606.7850830663047
Energy after charge: 10217.302644816426
-----------------------
Node ~46 ~
Init energy: 10745.6176, Charge rate: 0.08157360000120001
Time arrive: 3278.4774445427583, time_travel to 46: 15.306207890917985
t_charge: 26.71938083707164
e_remain: 10478.180392325912, e_depot: 10150.624186967043, er: 594.9934130329566
Energy after charge: 10609.597700426588
-----------------------
Node ~45 ~
Init energy: 10783.48208, Charge rate: 0.024776880000300004
Time arrive: 3386.8294169104192, time_travel to 45: 81.63259153058905
t_charge: 14.496066309085835
e_remain: 10699.567013955724, e_depot: 10634.662936484463, er: 148.81914351553678
Energy after charge: 10771.688178205737
-----------------------
Node ~75 ~
Init energy: 10782.85728, Charge rate: 0.02571408000015
Time arrive: 3435.562889663335, time_travel to 75: 34.237406443829826
t_charge: 19.89831524474281
e_remain: 10694.514941009651, e_depot: 10652.678598885423, er: 130.17868111457756
Energy after charge: 10793.494850363293
-----------------------
Node ~26 ~
Init energy: 10773.53992, Charge rate: 0.03969012000015
Time arrive: 3517.2226815743625, time_travel to 26: 61.761476666284466
t_charge: 19.582949020166506
e_remain: 10633.940929701064, e_depot: 10516.954715105772, er: 256.585204894227
Energy after charge: 10731.078425205329
-----------------------
Node ~21 ~
Init energy: 10696.56912, Charge rate: 0.1551463200015
Time arrive: 3580.2171498031444, time_travel to 21: 43.41151920861559
t_charge: 134.6661338291324
e_remain: 10141.111604401784, e_depot: 9984.180555184132, er: 712.3885648158684
Energy after charge: 10793.549318455027
-----------------------
Node ~44 ~
Init energy: 10783.459, Charge rate: 0.0248115
Time arrive: 3777.30795824096, time_travel to 44: 62.42467460868338
t_charge: 19.33547481673455
e_remain: 10689.738323594105, e_depot: 10658.527683828537, er: 124.93131617146355
Energy after charge: 10785.935955544363
-----------------------
Node ~65 ~
Init energy: 10788.0, Charge rate: 0.01800000000045
Time arrive: 3866.410187317872, time_travel to 65: 69.76675426017754
t_charge: 11.165863722149915
e_remain: 10718.404616626538, e_depot: 10683.058852307133, er: 104.94114769286716
Energy after charge: 10774.032949690283
-----------------------
Node ~72 ~
Init energy: 10776.04856, Charge rate: 0.035927160000150005
Time arrive: 3923.651207035417, time_travel to 72: 46.07515599539518
t_charge: 24.06051761379045
e_remain: 10635.082915300056, e_depot: 10575.46079995538, er: 200.58776004462015
Energy after charge: 10754.52107730301
-----------------------
Node ~19 ~
Init energy: 10762.41076, Charge rate: 0.05638386000075
Time arrive: 4028.591882908202, time_travel to 19: 80.88015825899453
t_charge: 36.10294165603291
e_remain: 10535.263199273946, e_depot: 10439.322164719513, er: 323.0885952804874
Energy after charge: 10713.74228434616
-----------------------
Node ~24 ~
Init energy: 10681.78544, Charge rate: 0.1773218400015
Time arrive: 4087.0841077148852, time_travel to 24: 22.38928315065045
t_charge: 144.51350737573654
e_remain: 9957.056165779108, e_depot: 9820.568815648483, er: 861.2166243515167
Energy after charge: 10653.998301624855
-----------------------
Node ~25 ~
Init energy: 10787.92, Charge rate: 0.01812000000045
Time arrive: 4249.8075025147655, time_travel to 25: 18.20988742414406
t_charge: 8.618416655421727
e_remain: 10710.91348805252, e_depot: 10669.169813864828, er: 118.75018613517204
Energy after charge: 10753.849405619829
-----------------------
Node ~57 ~
Init energy: 10786.6176, Charge rate: 0.02007360000045
Time arrive: 4299.535528752376, time_travel to 57: 41.10960958218893
t_charge: 12.872741701201385
e_remain: 10700.310443608101, e_depot: 10671.690084484677, er: 114.92751551532274
Energy after charge: 10764.415749846288
-----------------------
Node ~33 ~
Init energy: 10666.16468, Charge rate: 0.20075298000150002
Time arrive: 4376.384828660471, time_travel to 33: 63.97655820689325
t_charge: 210.44757835784998
e_remain: 9787.592384013056, e_depot: 9925.338671462876, er: 740.8260085371239
Energy after charge: 10797.582297312869
-----------------------
Node ~54 ~
Init energy: 10781.76, Charge rate: 0.02736000000075
Time arrive: 4628.210662177281, time_travel to 54: 41.37825515896
t_charge: 27.625013199382355
e_remain: 10655.132156279358, e_depot: 10675.513957214827, er: 106.2460427851729
Energy after charge: 10792.501401915115
-----------------------
Node ~10 ~
Init energy: 10591.70816, Charge rate: 0.31243776000150003
Time arrive: 4689.341495766559, time_travel to 10: 33.50582038989644
t_charge: 295.64741154276123
e_remain: 9126.580807180613, e_depot: 9279.347197433664, er: 1312.3609625663357
Energy after charge: 10512.446449881758
-----------------------
Node ~63 ~
Init energy: 10788.08, Charge rate: 0.01788000000045
Time arrive: 5000.036830754101, time_travel to 63: 15.047923444781343
t_charge: 17.5090269717011
e_remain: 10698.679341463867, e_depot: 10715.926471663553, er: 72.15352833644647
Energy after charge: 10785.91141492011
-----------------------
Node ~38 ~
Init energy: 10463.324, Charge rate: 0.505014000009
Time arrive: 5062.10592953903, time_travel to 38: 44.560071813227594
t_charge: 565.1092433806704
e_remain: 7906.8896360542185, e_depot: 8778.240424166057, er: 1685.0835758339435
Energy after charge: 10447.047773515838
-----------------------
Node ~40 ~
Init energy: 10782.49824, Charge rate: 0.026252640000300004
Time arrive: 5650.6322606976455, time_travel to 40: 23.417087777945405
t_charge: 26.98594570769224
e_remain: 10634.154225485825, e_depot: 10682.947458847148, er: 99.55078115285323
Energy after charge: 10768.375501706554
-----------------------
Node ~5 ~
Init energy: 10780.9, Charge rate: 0.02865000000075
Time arrive: 5719.519519033941, time_travel to 5: 41.90131262860389
t_charge: 23.34436056344018
e_remain: 10617.035765775388, e_depot: 10641.728810616978, er: 139.17118938302156
Energy after charge: 10733.08875266243
-----------------------
Node ~66 ~
Init energy: 10777.7184, Charge rate: 0.0334224000009
Time arrive: 5798.607578792896, time_travel to 66: 55.743699195514466
t_charge: 35.74577542878073
e_remain: 10583.915018053332, e_depot: 10657.928675310774, er: 119.7897246892262
Energy after charge: 10761.449185592513
-----------------------
Node ~9 ~
Init energy: 10707.103, Charge rate: 0.13934550000180002
Time arrive: 5889.025101953023, time_travel to 9: 54.67174773134658
t_charge: 106.69144676426417
e_remain: 9886.493852645204, e_depot: 9995.969066485775, er: 711.1339335142238
Energy after charge: 10405.084113471243
-----------------------
Node ~29 ~
Init energy: 10786.5, Charge rate: 0.0202500000006
Time arrive: 6069.914392351722, time_travel to 29: 74.19784363443455
t_charge: 21.386732192480935
e_remain: 10663.584233551235, e_depot: 10712.56688637, er: 73.93311363000066
Energy after charge: 10770.08481318673
-----------------------
Node ~47 ~
Init energy: 10703.89824, Charge rate: 0.14415264000209999
Time arrive: 6176.190228674239, time_travel to 47: 84.88910413003543
t_charge: 203.13980516450812
e_remain: 9813.584113381436, e_depot: 10432.070201852792, er: 271.82803814720864
Energy after charge: 10800.0
-----------------------
Node ~23 ~
Init energy: 10652.42164, Charge rate: 0.22136754000300002
Time arrive: 6429.587371611455, time_travel to 23: 50.25733777270738
t_charge: 152.134068611641
e_remain: 9229.119700312018, e_depot: 9435.905170287268, er: 1216.516469712733
Energy after charge: 9956.112498851016
-----------------------
Node ~36 ~
Init energy: 10279.562, Charge rate: 0.7806570000074999
Time arrive: 6611.620604091004, time_travel to 36: 29.899163867907742
t_charge: 1346.6186337511685
e_remain: 5118.154094022542, e_depot: 10040.066840353074, er: 239.49515964692546
Energy after charge: 10800.0
-----------------------
Node ~30 ~
Init energy: 10778.33408, Charge rate: 0.03249888000045
Time arrive: 8028.512988275744, time_travel to 30: 70.27375043357227
t_charge: 43.77289309160883
e_remain: 10517.416399811973, e_depot: 10706.928540353212, er: 71.40553964678838
Energy after charge: 10734.85829527016
-----------------------
Node ~43 ~
Init energy: 10787.58, Charge rate: 0.018630000000450002
Time arrive: 8096.409728490065, time_travel to 43: 24.123847122712412
t_charge: 31.478279409890472
e_remain: 10636.743886754586, e_depot: 10778.57396442535, er: 9.006035574650014
Energy after charge: 10793.548843458619
-----------------------
Node ~37 ~
Init energy: 10661.00124, Charge rate: 0.20849814000449998
Time arrive: 8169.626718948573, time_travel to 37: 41.73871104861768
t_charge: 334.7928985811861
e_remain: 8957.649264568156, e_depot: 10472.724444510264, er: 188.27679548973538
Energy after charge: 10561.810060833193
-----------------------
Node ~22 ~
Init energy: 10759.4946, Charge rate: 0.06075810000120001
Time arrive: 8526.977099658758, time_travel to 22: 22.557482128996575
t_charge: 110.3211654321664
e_remain: 10241.41167267099, e_depot: 10768.427756679142, er: 0
Energy after charge: 10786.314595430245
-----------------------
Node ~71 ~
Init energy: 10788.12, Charge rate: 0.01782000000045
Time arrive: 8703.963398406622, time_travel to 71: 66.66513331569959
t_charge: 30.619724069962658
e_remain: 10633.015372236478, e_depot: 10782.055858709195, er: 6.064141290806219
Energy after charge: 10785.56834910335
-----------------------
Node ~20 ~
Init energy: 10764.40208, Charge rate: 0.05339688000119999
Time arrive: 8806.77425766644, time_travel to 20: 72.19113518985554
t_charge: 97.61483490163587
e_remain: 10294.147811765728, e_depot: 10775.551738022818, er: 0
Energy after charge: 10777.009658648327
-----------------------
==============================================
Fitness: 0.08763015390021485, num_deaths: 1, max_er: 3948.226895081022
