routes: [ 64  50  29  23  14  79  78  99  95  27  69  92  72  94  44   1  55  38
  61  84  33  10  26  12  83  22   9  37  63  70  98  77   3  56  60 100
  74  91  96  80  30  28  19  53   2  90  54  11  46  47  34  42  17  15
  36  39  86  89  18  76  43  75  21  41  31  81  40  35  24  82  25   6
  93   5  49   8  45  20  88  48  58  59  87  71   7  32  97  67  66  68
  13  52   4  16  62  73  85  65  51  57]
t_charge: [  7.89157172   1.55175112   3.09347648   8.8040683    3.15931176
   2.62634099   4.93588549   3.03681789  12.77929233   2.80835232
   7.24662934   9.28406421   4.19398362   6.12055745   3.25633632
  12.05500717  37.18772846   5.19772166  22.32084785  28.49468151
   7.48651978  49.08904564  12.78105961  14.90822296  16.33992092
 131.18573365  11.33949761  23.21679133  40.68066351   7.54576046
   6.24065542   3.37251703  11.36728069  25.02824331  27.78320036
   4.57262962  68.45804547  14.20766258   1.49892436   3.77549028
  41.76486845  23.48209792  27.78506354   3.81195688  48.12966498
   8.07332817  27.84392952  12.36946098  15.80000021   3.76382277
 272.44003059  55.11127192  25.41914594  11.389086    69.26534302
   2.82563225  18.98253038  52.78830031  16.17432384  17.56896836
 108.92730149  53.86076562 211.11725171  37.18640727  54.51295459
   5.24571301  31.90972903  48.8760541   62.28206714  14.04437896
  52.36811245  61.00942259  73.33909269 107.42169732  26.98195596
  53.13161344  15.81929273  38.02568192   8.6273336   26.73943519
  58.4190851   35.03904687  31.94249477  16.21747431 130.51338046
  53.03710205  11.49317054  36.3684256   94.40983109  26.49591296
  24.48592728  31.65956423  77.63561684  29.02884734  41.99437825
  55.16042126  17.28581658  66.42346272  50.48041002  32.02601441]
T: 6685.631084403029, energy used: 20418.64612469772
=================================
Node ~64 ~
Init energy: 10760.012, Charge rate: 0.059982000000449995
Time arrive: 34.290523472236465, time_travel to 64: 34.290523472236465
t_charge: 7.891571722016898
e_remain: 10757.955185821074, e_depot: 10398.452334902415, er: 361.5596650975858
Energy after charge: 10796.939692176125
-----------------------
Node ~50 ~
Init energy: 10760.413, Charge rate: 0.059380500001049996
Time arrive: 75.2813398986269, time_travel to 50: 33.09924470437354
t_charge: 1.5517511175602094
e_remain: 10755.94275639607, e_depot: 10371.17563897339, er: 389.2373610266113
Energy after charge: 10763.609368226635
-----------------------
Node ~29 ~
Init energy: 10755.1348, Charge rate: 0.06729780000135001
Time arrive: 96.29895857969427, time_travel to 29: 19.465867563507153
t_charge: 3.0934764811532616
e_remain: 10748.654091945165, e_depot: 10320.673918804803, er: 434.46088119519663
Energy after charge: 10763.913290189394
-----------------------
Node ~23 ~
Init energy: 10698.50832, Charge rate: 0.1522375200015
Time arrive: 114.3269588229231, time_travel to 23: 14.934523762075576
t_charge: 8.804068295901184
e_remain: 10681.103467319486, e_depot: 9724.72476554505, er: 973.7835544549507
Energy after charge: 10723.7834992757
-----------------------
Node ~14 ~
Init energy: 10755.7466, Charge rate: 0.06638010000105
Time arrive: 148.3944393982453, time_travel to 14: 25.263412279421004
t_charge: 3.1593117648978546
e_remain: 10745.896162273146, e_depot: 10327.750298871688, er: 427.99630112831255
Energy after charge: 10761.483005666747
-----------------------
Node ~79 ~
Init energy: 10780.10792, Charge rate: 0.029838120000449997
Time arrive: 222.8584494655692, time_travel to 79: 71.30469830242605
t_charge: 2.6263409860930054
e_remain: 10773.458242841732, e_depot: 10593.75296235531, er: 186.35495764469124
Energy after charge: 10786.511582694693
-----------------------
Node ~78 ~
Init energy: 10773.86816, Charge rate: 0.0391977600009
Time arrive: 227.638856374516, time_travel to 78: 2.1540659228538015
t_charge: 4.935885485952673
e_remain: 10764.945226740952, e_depot: 10536.485824728776, er: 237.3823352712243
Energy after charge: 10789.431178516046
-----------------------
Node ~99 ~
Init energy: 10785.98192, Charge rate: 0.02102712
Time arrive: 251.99122969941627, time_travel to 99: 19.4164878389476
t_charge: 3.0368178942594386
e_remain: 10780.683270174162, e_depot: 10660.586442383825, er: 125.39547761617541
Energy after charge: 10795.803504111178
-----------------------
Node ~95 ~
Init energy: 10744.364, Charge rate: 0.08345400000165
Time arrive: 282.8632770700066, time_travel to 95: 27.83522947633089
t_charge: 12.779292334184895
e_remain: 10720.757928074932, e_depot: 10250.317805142122, er: 494.0461948578777
Energy after charge: 10783.587906683379
-----------------------
Node ~27 ~
Init energy: 10744.12128, Charge rate: 0.0838180800015
Time arrive: 344.66378929925327, time_travel to 27: 49.021219895061776
t_charge: 2.808352322015009
e_remain: 10715.232222934894, e_depot: 10197.786280517066, er: 546.3349994829332
Energy after charge: 10729.03859384537
-----------------------
Node ~69 ~
Init energy: 10722.21536, Charge rate: 0.11667696000029999
Time arrive: 368.22304521605184, time_travel to 69: 20.75090359478353
t_charge: 7.246629336242957
e_remain: 10679.252214482138, e_depot: 9978.389396069562, er: 743.8259639304379
Energy after charge: 10714.63984648215
-----------------------
Node ~92 ~
Init energy: 10760.16592, Charge rate: 0.059751120000000005
Time arrive: 404.1541651351865, time_travel to 92: 28.68449058289165
t_charge: 9.284064209836169
e_remain: 10736.017255980507, e_depot: 10407.112295849285, er: 353.0536241507143
Energy after charge: 10781.882843794998
-----------------------
Node ~72 ~
Init energy: 10763.5806, Charge rate: 0.05462910000075
Time arrive: 439.88440109066477, time_travel to 72: 26.44617174564213
t_charge: 4.193983622391518
e_remain: 10739.550111064047, e_depot: 10419.320509033982, er: 344.26009096601774
Energy after charge: 10760.290915625295
-----------------------
Node ~94 ~
Init energy: 10765.35136, Charge rate: 0.05197296000104999
Time arrive: 478.3968928391389, time_travel to 94: 34.31850812608264
t_charge: 6.120557447328933
e_remain: 10740.487657423846, e_depot: 10448.48211030519, er: 316.8692496948097
Energy after charge: 10770.772341173097
-----------------------
Node ~44 ~
Init energy: 10686.368, Charge rate: 0.1704480000015
Time arrive: 522.6251922820256, time_travel to 44: 38.10774199555781
t_charge: 3.256336322041005
e_remain: 10597.28758122513, e_depot: 9563.09723452585, er: 1123.2707654741498
Energy after charge: 10613.01422682191
-----------------------
Node ~1 ~
Init energy: 10741.54712, Charge rate: 0.08767932000105
Time arrive: 541.239913935865, time_travel to 1: 15.358385331798392
t_charge: 12.055007170864926
e_remain: 10694.091572388676, e_depot: 10215.630568595985, er: 525.9165514040142
Energy after charge: 10753.30963341165
-----------------------
Node ~55 ~
Init energy: 10638.48704, Charge rate: 0.242269440006
Time arrive: 567.1657538142497, time_travel to 55: 13.870832707519762
t_charge: 37.18772846177438
e_remain: 10501.08011043284, e_depot: 9204.701583403845, er: 1433.7854565961552
Energy after charge: 10678.009302592183
-----------------------
Node ~38 ~
Init energy: 10697.6986, Charge rate: 0.153452100003
Time arrive: 641.4587379684458, time_travel to 38: 37.10525569242179
t_charge: 5.197721663418311
e_remain: 10599.265409593467, e_depot: 9697.763078570113, er: 999.9355214298866
Energy after charge: 10624.456416606075
-----------------------
Node ~61 ~
Init energy: 10713.4656, Charge rate: 0.1298016000021
Time arrive: 660.7886922934077, time_travel to 61: 14.132232661543611
t_charge: 22.320847845278415
e_remain: 10627.69417047702, e_depot: 9957.264227447104, er: 756.2013725528959
Energy after charge: 10736.401127939691
-----------------------
Node ~84 ~
Init energy: 10684.7852, Charge rate: 0.1728222000015
Time arrive: 692.9177000068776, time_travel to 84: 9.808159868191384
t_charge: 28.494681508194947
e_remain: 10565.033638664832, e_depot: 9671.833135136028, er: 1012.9520648639718
Energy after charge: 10702.582532659218
-----------------------
Node ~33 ~
Init energy: 10684.34376, Charge rate: 0.1734843600045
Time arrive: 731.5079250863716, time_travel to 33: 10.09554357129917
t_charge: 7.486519777440086
e_remain: 10557.438575778171, e_depot: 9561.92392898335, er: 1122.4198310166503
Energy after charge: 10593.572380573121
-----------------------
Node ~10 ~
Init energy: 10665.2166, Charge rate: 0.20217510000150002
Time arrive: 752.3645607944984, time_travel to 10: 13.370115930686614
t_charge: 49.08904564259266
e_remain: 10513.107219683787, e_depot: 9558.993695150644, er: 1106.2229048493555
Energy after charge: 10748.62786518498
-----------------------
Node ~26 ~
Init energy: 10762.5032, Charge rate: 0.056245200001500004
Time arrive: 811.503482058212, time_travel to 26: 10.04987562112089
t_charge: 12.781059609288285
e_remain: 10716.860024349722, e_depot: 10450.373840567947, er: 312.1293594320523
Energy after charge: 10780.046449142208
-----------------------
Node ~12 ~
Init energy: 10698.50832, Charge rate: 0.1522375200015
Time arrive: 840.611206973067, time_travel to 12: 16.32666530556684
t_charge: 14.908222964412253
e_remain: 10570.535754564953, e_depot: 9755.245538887606, er: 943.2627811123948
Energy after charge: 10642.807278495282
-----------------------
Node ~83 ~
Init energy: 10730.26112, Charge rate: 0.10460832000285
Time arrive: 869.3425988939813, time_travel to 83: 13.823168956501979
t_charge: 16.339920916756064
e_remain: 10639.320651222788, e_depot: 10112.588088685547, er: 617.6730313144526
Energy after charge: 10719.310964130487
-----------------------
Node ~22 ~
Init energy: 10544.93996, Charge rate: 0.38259006000449997
Time arrive: 916.5901240530594, time_travel to 22: 30.907604242321987
t_charge: 131.1857336543053
e_remain: 10194.261689439008, e_depot: 8643.012630521822, er: 1901.9273294781779
Energy after charge: 10800.0
-----------------------
Node ~9 ~
Init energy: 10761.42, Charge rate: 0.05787000000165
Time arrive: 1076.8440533858034, time_travel to 9: 29.068195678438663
t_charge: 11.33949760752495
e_remain: 10699.103034628786, e_depot: 10431.22001717219, er: 330.19998282780944
Energy after charge: 10755.144305939844
-----------------------
Node ~37 ~
Init energy: 10681.3356, Charge rate: 0.1779966000015
Time arrive: 1109.939469728238, time_travel to 37: 21.75591873490982
t_charge: 23.21679133004283
e_remain: 10483.770148180905, e_depot: 9607.399954762135, er: 1073.9356452378652
Energy after charge: 10595.721594911427
-----------------------
Node ~63 ~
Init energy: 10672.43516, Charge rate: 0.1913472600045
Time arrive: 1146.2482433375233, time_travel to 63: 13.091982279242512
t_charge: 40.680663511132984
e_remain: 10453.103699352394, e_depot: 9596.561288154233, er: 1075.873871845768
Energy after charge: 10648.722883410039
-----------------------
Node ~70 ~
Init energy: 10786.78008, Charge rate: 0.01982988000015
Time arrive: 1240.2115494257657, time_travel to 70: 53.282642577109485
t_charge: 7.545760463473155
e_remain: 10762.186833800088, e_depot: 10691.933620188382, er: 94.84645981161884
Energy after charge: 10799.766004592953
-----------------------
Node ~98 ~
Init energy: 10784.3986, Charge rate: 0.0234021000006
Time arrive: 1295.2971878865583, time_travel to 98: 47.539877997319266
t_charge: 6.2406554156751435
e_remain: 10754.085925678582, e_depot: 10659.144069874057, er: 125.25453012594335
Energy after charge: 10785.143158314851
-----------------------
Node ~77 ~
Init energy: 10781.28, Charge rate: 0.028080000000749998
Time arrive: 1324.5091297268114, time_travel to 77: 22.97128642457797
t_charge: 3.3725170318135307
e_remain: 10744.087783636278, e_depot: 10610.410064304016, er: 170.86993569598417
Energy after charge: 10760.85566851709
-----------------------
Node ~3 ~
Init energy: 10768.96, Charge rate: 0.04656000000135
Time arrive: 1356.2351297898151, time_travel to 3: 28.353483031190365
t_charge: 11.367280694594731
e_remain: 10705.813692355154, e_depot: 10514.513420174142, er: 254.44657982585704
Energy after charge: 10762.120835238971
-----------------------
Node ~56 ~
Init energy: 10625.4886, Charge rate: 0.2617671000045
Time arrive: 1378.1797447421518, time_travel to 56: 10.577334257741882
t_charge: 25.028243309717965
e_remain: 10264.726484933906, e_depot: 9000.551555884469, er: 1624.9370441155315
Energy after charge: 10383.316130813104
-----------------------
Node ~60 ~
Init energy: 10734.54284, Charge rate: 0.0981857400012
Time arrive: 1419.7161678425068, time_travel to 60: 16.508179790637126
t_charge: 27.783200356881103
e_remain: 10595.146957468716, e_depot: 10217.02520638727, er: 517.5176336127297
Energy after charge: 10731.33504516648
-----------------------
Node ~100 ~
Init energy: 10787.36, Charge rate: 0.01896000000045
Time arrive: 1488.9070969465674, time_travel to 100: 41.407728747179554
t_charge: 4.572629619224987
e_remain: 10759.130321441224, e_depot: 10683.463582732835, er: 103.89641726716582
Energy after charge: 10781.906772479766
-----------------------
Node ~74 ~
Init energy: 10588.084, Charge rate: 0.31787400000300003
Time arrive: 1518.5300758647543, time_travel to 74: 25.050349298961883
t_charge: 68.45804546998
e_remain: 10105.382770660011, e_depot: 8805.185932006316, er: 1782.898067993685
Energy after charge: 10425.911965263982
-----------------------
Node ~91 ~
Init energy: 10759.2138, Charge rate: 0.06117930000015
Time arrive: 1613.6692007731679, time_travel to 91: 26.68107943843352
t_charge: 14.207662576009858
e_remain: 10660.490647864895, e_depot: 10421.229883077029, er: 337.9839169229708
Energy after charge: 10730.659745893907
-----------------------
Node ~96 ~
Init energy: 10682.54544, Charge rate: 0.1761818400015
Time arrive: 1647.801722194349, time_travel to 96: 19.924858845171276
t_charge: 1.4989243605957085
e_remain: 10392.232700626158, e_depot: 9512.15327578163, er: 1170.3921642183705
Energy after charge: 10399.463239177265
-----------------------
Node ~80 ~
Init energy: 10787.26, Charge rate: 0.0191100000006
Time arrive: 1673.7832934706685, time_travel to 80: 24.482646915723798
t_charge: 3.7754902778909267
e_remain: 10755.274001260772, e_depot: 10678.375041362502, er: 108.88495863749813
Energy after charge: 10774.079303031014
-----------------------
Node ~30 ~
Init energy: 10728.368, Charge rate: 0.10744800000270001
Time arrive: 1734.1979927825846, time_travel to 30: 56.63920903402518
t_charge: 41.76486844812959
e_remain: 10542.031894066815, e_depot: 10218.834653465661, er: 509.5333465343392
Energy after charge: 10746.368684722336
-----------------------
Node ~28 ~
Init energy: 10698.50832, Charge rate: 0.1522375200015
Time arrive: 1795.316413876159, time_travel to 28: 19.35355264544471
t_charge: 23.482097923507556
e_remain: 10425.193801533507, e_depot: 9798.114913683083, er: 900.3934063169181
Energy after charge: 10539.029434798738
-----------------------
Node ~19 ~
Init energy: 10727.9916, Charge rate: 0.10801260000165
Time arrive: 1876.1915427354866, time_travel to 19: 57.39303093582007
t_charge: 27.78506354329955
e_remain: 10525.339273368032, e_depot: 10144.784521638276, er: 583.2070783617237
Energy after charge: 10661.263454130007
-----------------------
Node ~53 ~
Init energy: 10759.4208, Charge rate: 0.0608688000012
Time arrive: 1950.093848173765, time_travel to 53: 46.11724189497893
t_charge: 3.811956883278329
e_remain: 10640.72092757194, e_depot: 10371.534243058057, er: 387.8865569419431
Energy after charge: 10659.54868274719
-----------------------
Node ~2 ~
Init energy: 10685.0806, Charge rate: 0.1723791000015
Time arrive: 1957.1615691762634, time_travel to 2: 3.255764119219941
t_charge: 48.12966497690063
e_remain: 10347.706850147872, e_depot: 9773.265855613055, er: 911.8147443869439
Energy after charge: 10580.058626700284
-----------------------
Node ~90 ~
Init energy: 10775.9, Charge rate: 0.036150000001049995
Time arrive: 2045.2757311488747, time_travel to 90: 39.98449699571073
t_charge: 8.073328172739387
e_remain: 10701.96328231682, e_depot: 10574.581077155506, er: 201.3189228444935
Energy after charge: 10742.038072367064
-----------------------
Node ~54 ~
Init energy: 10730.22452, Charge rate: 0.10466322000255
Time arrive: 2089.4788254431933, time_travel to 54: 36.12976612157903
t_charge: 27.84392951957922
e_remain: 10511.532938001968, e_depot: 10169.704490555136, er: 560.5200294448641
Energy after charge: 10647.838350278822
-----------------------
Node ~11 ~
Init energy: 10731.17532, Charge rate: 0.10323702000135
Time arrive: 2141.7301308971087, time_travel to 11: 24.407375934335914
t_charge: 12.369460980453937
e_remain: 10510.069483639081, e_depot: 10102.817994920108, er: 628.3573250798927
Energy after charge: 10570.639802250706
-----------------------
Node ~46 ~
Init energy: 10775.45928, Charge rate: 0.0368110800009
Time arrive: 2172.0617743730168, time_travel to 46: 17.962182495454165
t_charge: 15.800000209207932
e_remain: 10695.503340256657, e_depot: 10608.353980341575, er: 167.10529965842397
Energy after charge: 10773.921726230981
-----------------------
Node ~47 ~
Init energy: 10777.9956, Charge rate: 0.03300660000075
Time arrive: 2193.5080122676222, time_travel to 47: 5.646237685397241
t_charge: 3.7638227731753653
e_remain: 10705.595358440643, e_depot: 10576.144762910406, er: 201.85083708959428
Energy after charge: 10724.290241313773
-----------------------
Node ~34 ~
Init energy: 10474.7624, Charge rate: 0.487856400003
Time arrive: 2248.8039609429957, time_travel to 34: 51.53212590219814
t_charge: 272.44003059074896
e_remain: 9377.668995301863, e_depot: 8575.33464036873, er: 1899.4277596312695
Energy after charge: 10606.957535714897
-----------------------
Node ~42 ~
Init energy: 10649.2844, Charge rate: 0.2260734
Time arrive: 2531.8891782394817, time_travel to 42: 10.64518670573701
t_charge: 55.111271918662034
e_remain: 10076.891605052195, e_depot: 9413.397409196632, er: 1235.8869908033685
Energy after charge: 10339.988772024528
-----------------------
Node ~17 ~
Init energy: 10698.50832, Charge rate: 0.1522375200015
Time arrive: 2625.6149552048228, time_travel to 17: 38.61450504667903
t_charge: 25.4191459388746
e_remain: 10298.791210740768, e_depot: 9807.800153759918, er: 890.7081662400833
Energy after charge: 10422.01719269685
-----------------------
Node ~15 ~
Init energy: 10700.9028, Charge rate: 0.1486458000024
Time arrive: 2665.4895499433715, time_travel to 15: 14.455448799674121
t_charge: 11.389086003704335
e_remain: 10304.68897345063, e_depot: 9764.057248956522, er: 936.8455510434778
Energy after charge: 10359.941463668834
-----------------------
Node ~36 ~
Init energy: 10658.4968, Charge rate: 0.212254800006
Time arrive: 2695.862839907211, time_travel to 36: 18.984203960134856
t_charge: 69.2653430221534
e_remain: 10086.286972071888, e_depot: 9585.766226376905, er: 1072.7305736230956
Energy after charge: 10417.91178565214
-----------------------
Node ~39 ~
Init energy: 10612.47324, Charge rate: 0.281290140003
Time arrive: 2780.5606163084526, time_travel to 39: 15.43243337908834
t_charge: 2.8256322479722535
e_remain: 9830.328954951767, e_depot: 8745.999297499724, er: 1866.4739425002754
Energy after charge: 9843.662293701
-----------------------
Node ~86 ~
Init energy: 10764.56472, Charge rate: 0.05315292000045001
Time arrive: 2871.9293454076196, time_travel to 86: 88.54309685119445
t_charge: 18.982530383234685
e_remain: 10611.913289256605, e_depot: 10504.116557734376, er: 260.448162265624
Energy after charge: 10705.816964253912
-----------------------
Node ~89 ~
Init energy: 10722.79056, Charge rate: 0.1158141600009
Time arrive: 2925.3142012936455, time_travel to 89: 34.402325502791236
t_charge: 52.78830030790511
e_remain: 10383.997753038471, e_depot: 10212.441313423482, er: 510.34924657651754
Energy after charge: 10641.825621919961
-----------------------
Node ~18 ~
Init energy: 10699.99544, Charge rate: 0.1500068400015
Time arrive: 3057.569224196609, time_travel to 18: 79.46672259505861
t_charge: 16.174323836308112
e_remain: 10241.33914259243, e_depot: 9777.97666679444, er: 922.0187732055601
Energy after charge: 10319.784502566125
-----------------------
Node ~76 ~
Init energy: 10687.94544, Charge rate: 0.1680818400045
Time arrive: 3132.943548032917, time_travel to 76: 59.2
t_charge: 17.568968356970085
e_remain: 10161.3545238164, e_depot: 9652.05710752711, er: 1035.8883324728904
Energy after charge: 10246.24634107283
-----------------------
Node ~43 ~
Init energy: 10657.31904, Charge rate: 0.214021440003
Time arrive: 3176.1156411991756, time_travel to 43: 25.603124809288413
t_charge: 108.92730148838605
e_remain: 9977.562196854502, e_depot: 9771.087155429175, er: 886.2318845708251
Energy after charge: 10498.885926376246
-----------------------
Node ~75 ~
Init energy: 10627.808, Charge rate: 0.258288000006
Time arrive: 3308.121937466364, time_travel to 75: 23.07899477880265
t_charge: 53.86076561720134
e_remain: 9773.35980099584, e_depot: 9170.293546517605, er: 1457.5144534823958
Energy after charge: 10028.752039651788
-----------------------
Node ~21 ~
Init energy: 10504.69828, Charge rate: 0.4429525800045
Time arrive: 3362.5827030835653, time_travel to 21: 0.6
t_charge: 211.1172517054252
e_remain: 9015.23359619063, e_depot: 8598.867000732522, er: 1905.8312792674787
Energy after charge: 9977.304923391379
-----------------------
Node ~41 ~
Init energy: 10760.7362, Charge rate: 0.05889570000074999
Time arrive: 3639.5513025352593, time_travel to 41: 65.85134774626864
t_charge: 37.18640727344276
e_remain: 10546.382278348543, e_depot: 10552.913313704525, er: 207.82288629547475
Energy after charge: 10730.124195228875
-----------------------
Node ~31 ~
Init energy: 10751.0982, Charge rate: 0.07335270000105
Time arrive: 3726.4106400625137, time_travel to 31: 49.67293025381128
t_charge: 54.51295459203383
e_remain: 10477.755918238774, e_depot: 10533.25388170826, er: 217.8443182917399
Energy after charge: 10746.322018794583
-----------------------
Node ~81 ~
Init energy: 10761.98832, Charge rate: 0.0570175200009
Time arrive: 3821.4091476333574, time_travel to 81: 40.485552978809615
t_charge: 5.245713010719863
e_remain: 10544.101047493194, e_depot: 10407.018780980012, er: 354.9695390199886
Energy after charge: 10570.030515000286
-----------------------
Node ~40 ~
Init energy: 10712.56, Charge rate: 0.131160000003
Time arrive: 3857.244401340204, time_travel to 40: 30.58954069612684
t_charge: 31.90972902591074
e_remain: 10206.643824308647, e_depot: 9995.221272079194, er: 717.3387279208055
Energy after charge: 10362.007189379066
-----------------------
Node ~35 ~
Init energy: 10707.6722, Charge rate: 0.13849170000105
Time arrive: 3907.758430944207, time_travel to 35: 18.604300578092154
t_charge: 48.87605409691101
e_remain: 10166.480091705102, e_depot: 10026.148056025717, er: 681.524143974284
Energy after charge: 10404.091434368433
-----------------------
Node ~24 ~
Init energy: 10584.87668, Charge rate: 0.322684980006
Time arrive: 3995.2722903618137, time_travel to 24: 38.637805320695946
t_charge: 62.28206714358336
e_remain: 9295.662320866071, e_depot: 8738.934282919834, er: 1845.9423970801654
Energy after charge: 9586.975168993029
-----------------------
Node ~82 ~
Init energy: 10706.52, Charge rate: 0.1402200000039
Time arrive: 4069.7297425095767, time_travel to 82: 12.175385004179539
t_charge: 14.044378955702971
e_remain: 10135.862495489435, e_depot: 9839.282704097448, er: 867.2372959025524
Energy after charge: 10204.115087450726
-----------------------
Node ~25 ~
Init energy: 10724.3304, Charge rate: 0.11350440000195
Time arrive: 4113.563381274815, time_travel to 25: 29.789259809535384
t_charge: 52.36811245310767
e_remain: 10257.422856538411, e_depot: 10227.322417395988, er: 497.0079826040128
Energy after charge: 10513.319407620726
-----------------------
Node ~6 ~
Init energy: 10718.51856, Charge rate: 0.12222216000195
Time arrive: 4189.691965103718, time_travel to 6: 23.760471375795557
t_charge: 61.009422589190116
e_remain: 10206.44535828221, e_depot: 10206.433400834034, er: 512.0851591659666
Energy after charge: 10504.035767818837
-----------------------
Node ~93 ~
Init energy: 10716.12984, Charge rate: 0.12580524000255
Time arrive: 4271.122944930298, time_travel to 93: 20.4215572373901
t_charge: 73.33909269086877
e_remain: 10178.800192832645, e_depot: 10241.737880312512, er: 474.39195968748754
Energy after charge: 10536.269214129445
-----------------------
Node ~5 ~
Init energy: 10711.52, Charge rate: 0.1327200000036
Time arrive: 4394.114429305758, time_travel to 5: 49.65239168459058
t_charge: 107.42169731522425
e_remain: 10128.333132926722, e_depot: 10361.311529030083, er: 350.20847096991747
Energy after charge: 10651.18461183478
-----------------------
Node ~49 ~
Init energy: 10740.8032, Charge rate: 0.0887952000024
Time arrive: 4532.8698145622375, time_travel to 49: 31.33368794125581
t_charge: 26.981955964334187
e_remain: 10338.306118231105, e_depot: 10282.061030539842, er: 458.74216946015804
Energy after charge: 10470.820029876466
-----------------------
Node ~8 ~
Init energy: 10663.47552, Charge rate: 0.204786720006
Time arrive: 4578.061657950715, time_travel to 8: 18.20988742414406
t_charge: 53.13161343994808
e_remain: 9725.949289083042, e_depot: 9560.005126254686, er: 1103.4703937453141
Energy after charge: 9980.726707437789
-----------------------
Node ~45 ~
Init energy: 10781.48, Charge rate: 0.027780000000750003
Time arrive: 4666.841553256694, time_travel to 45: 35.64828186603107
t_charge: 15.819292730221415
e_remain: 10651.835141647029, e_depot: 10674.849632121377, er: 106.63036787862256
Energy after charge: 10730.492145346077
-----------------------
Node ~20 ~
Init energy: 10774.82, Charge rate: 0.03777000000105
Time arrive: 4746.70614245746, time_travel to 20: 64.04529647054497
t_charge: 38.02568192222129
e_remain: 10595.536908994398, e_depot: 10712.432123546185, er: 62.3878764538149
Energy after charge: 10784.229088599262
-----------------------
Node ~88 ~
Init energy: 10781.46, Charge rate: 0.02781000000075
Time arrive: 4875.812887175413, time_travel to 88: 91.08106279573158
t_charge: 8.627333599069363
e_remain: 10645.863643603994, e_depot: 10638.669267533083, er: 142.79073246691587
Energy after charge: 10688.760385451944
-----------------------
Node ~48 ~
Init energy: 10780.894, Charge rate: 0.02865900000105
Time arrive: 4922.242337117354, time_travel to 48: 37.8021163428716
t_charge: 26.739435185164098
e_remain: 10639.827456855386, e_depot: 10722.987674670896, er: 57.90632532910422
Energy after charge: 10772.758307308208
-----------------------
Node ~58 ~
Init energy: 10731.48068, Charge rate: 0.10277898000165
Time arrive: 5008.798158017471, time_travel to 58: 59.816385714952716
t_charge: 58.41908509987043
e_remain: 10216.68151428482, e_depot: 10336.433761977085, er: 395.04691802291563
Energy after charge: 10502.77268580498
-----------------------
Node ~59 ~
Init energy: 10713.358, Charge rate: 0.12996300000255
Time arrive: 5074.756473847329, time_travel to 59: 7.539230729988306
t_charge: 35.03904686563368
e_remain: 10053.827424376439, e_depot: 10019.66856168885, er: 693.6894383111503
Energy after charge: 10224.46887905672
-----------------------
Node ~87 ~
Init energy: 10762.5492, Charge rate: 0.05617620000075001
Time arrive: 5181.962549195505, time_travel to 87: 72.16702848254181
t_charge: 31.942494771359137
e_remain: 10471.446235439997, e_depot: 10546.68832492814, er: 215.86087507185948
Energy after charge: 10629.364301321993
-----------------------
Node ~71 ~
Init energy: 10787.96, Charge rate: 0.01806000000045
Time arrive: 5245.099915340216, time_travel to 71: 31.194871373352385
t_charge: 16.21747431066237
e_remain: 10693.233495526594, e_depot: 10748.304874165984, er: 39.65512583401505
Energy after charge: 10774.027979493849
-----------------------
Node ~7 ~
Init energy: 10554.35392, Charge rate: 0.368469120006
Time arrive: 5311.380549758886, time_travel to 7: 50.063160108007565
t_charge: 130.51338045529423
e_remain: 8597.274202813358, e_depot: 8743.472219921727, er: 1810.8817000782728
Energy after charge: 9201.750954644458
-----------------------
Node ~32 ~
Init energy: 10731.04, Charge rate: 0.10344000000285
Time arrive: 5471.318409818755, time_travel to 32: 29.424479604574145
t_charge: 53.03710204647495
e_remain: 10165.086823672755, e_depot: 10304.663830842674, er: 426.37616915732724
Energy after charge: 10424.78617606929
-----------------------
Node ~97 ~
Init energy: 10749.06232, Charge rate: 0.07640652000045
Time arrive: 5588.553331142834, time_travel to 97: 64.19781927760475
t_charge: 11.49317053523927
e_remain: 10322.060408130454, e_depot: 10295.702367510126, er: 453.35995248987456
Energy after charge: 10378.64810764228
-----------------------
Node ~67 ~
Init energy: 10774.7, Charge rate: 0.03795000000105
Time arrive: 5662.143200463113, time_travel to 67: 62.0966987850401
t_charge: 36.36842560052714
e_remain: 10559.82166553648, e_depot: 10702.822428342522, er: 71.87757165747826
Energy after charge: 10740.283611787538
-----------------------
Node ~66 ~
Init energy: 10730.268, Charge rate: 0.10459800000165
Time arrive: 5709.119170548582, time_travel to 66: 10.607544484940895
t_charge: 94.40983108979462
e_remain: 10133.10555298954, e_depot: 10503.013515271554, er: 227.2544847284462
Energy after charge: 10595.279628926028
-----------------------
Node ~68 ~
Init energy: 10754.4312, Charge rate: 0.0683532000018
Time arrive: 5810.650799164282, time_travel to 68: 7.121797525905943
t_charge: 26.495912964794968
e_remain: 10357.254623784105, e_depot: 10429.926486173525, er: 324.5047138264763
Energy after charge: 10487.923108169967
-----------------------
Node ~13 ~
Init energy: 10769.58, Charge rate: 0.0456300000012
Time arrive: 5908.343622174388, time_travel to 13: 71.19691004531026
t_charge: 24.48592727878457
e_remain: 10499.982280513093, e_depot: 10586.94429000459, er: 182.63570999540934
Energy after charge: 10621.294624045257
-----------------------
Node ~52 ~
Init energy: 10754.16364, Charge rate: 0.06875454000135
Time arrive: 5975.637025435762, time_travel to 52: 42.807475982589764
t_charge: 31.65956422665046
e_remain: 10343.31146510113, e_depot: 10452.793971306395, er: 301.3696686936055
Energy after charge: 10499.432547459335
-----------------------
Node ~4 ~
Init energy: 10573.10048, Charge rate: 0.340349280003
Time arrive: 6046.701157925495, time_travel to 4: 39.404568263083405
t_charge: 77.63561684410959
e_remain: 8515.11009450675, e_depot: 8685.8288382783, er: 1887.2716417216998
Energy after charge: 8876.864952431817
-----------------------
Node ~16 ~
Init energy: 10648.62736, Charge rate: 0.2270589600015
Time arrive: 6149.761172500918, time_travel to 16: 25.424397731313128
t_charge: 29.02884733898488
e_remain: 9252.268983914337, e_depot: 9275.739155716674, er: 1372.8882042833266
Energy after charge: 9390.82196072243
-----------------------
Node ~62 ~
Init energy: 10758.19752, Charge rate: 0.0627037200015
Time arrive: 6210.212941409993, time_travel to 62: 31.422921570089564
t_charge: 41.99437824955101
e_remain: 10368.794066572136, e_depot: 10548.955471698022, er: 209.24204830197777
Energy after charge: 10576.132754084494
-----------------------
Node ~73 ~
Init energy: 10678.4976, Charge rate: 0.1822536000045
Time arrive: 6302.480572985741, time_travel to 73: 50.27325332619722
t_charge: 55.160421255962106
e_remain: 9529.847826614925, e_depot: 9735.81937284537, er: 942.6782271546308
Energy after charge: 9795.596747543072
-----------------------
Node ~85 ~
Init energy: 10779.6456, Charge rate: 0.0305316000009
Time arrive: 6400.016930809525, time_travel to 85: 42.37593656782113
t_charge: 17.28581657879068
e_remain: 10584.242843069536, e_depot: 10661.951668871377, er: 117.69393112862235
Energy after charge: 10670.144162326018
-----------------------
Node ~65 ~
Init energy: 10674.7318, Charge rate: 0.1879023000015
Time arrive: 6438.876805884574, time_travel to 65: 21.57405849625888
t_charge: 66.42346271684723
e_remain: 9464.852038747977, e_depot: 9750.603655863384, er: 924.1281441366154
Energy after charge: 9784.488230913654
-----------------------
Node ~51 ~
Init energy: 10722.63856, Charge rate: 0.116042160003
Time arrive: 6537.69409517378, time_travel to 51: 32.39382657235789
t_charge: 50.48041001898814
e_remain: 9963.990415757175, e_depot: 10199.225538077613, er: 523.4130219223862
Energy after charge: 10210.534610035675
-----------------------
Node ~57 ~
Init energy: 10709.3116, Charge rate: 0.13603260000224998
Time arrive: 6619.956890251162, time_travel to 57: 31.78238505839359
t_charge: 32.026014409123846
e_remain: 9808.781652316326, e_depot: 9959.977892978413, er: 749.3337070215875
Energy after charge: 9964.555142354162
-----------------------
==============================================
Fitness: 0.03715070719819646, num_deaths: 0, max_er: 1905.8312792674787
