routes: [26 44  5 14 23 34 15 38  9 25 21 43 36  4 30 33 32 35 31 45 50 39 40  2
 46  6  3 17 19  1 20 13 16 12 41 28 49 11 24 22  7 18 42 47 29  8 37 27
 48 10]
t_charge: [1.30357835e+01 4.69356565e+00 8.49916544e+01 3.46900028e+00
 7.70317856e+00 1.14585775e+00 8.78082538e-02 6.67127256e+00
 4.26412550e+00 8.05001541e-01 6.78862135e+00 2.58724955e+00
 2.36821240e+00 7.75283479e+00 1.25095588e+00 8.20362155e-01
 6.81467641e-01 6.35459531e+00 2.49346080e+00 1.20705059e+00
 4.84993567e+00 2.26209922e-01 4.32716276e-01 2.02463166e+00
 3.63954965e-01 1.01690314e+00 2.26970639e+00 8.11384481e-01
 1.74128414e-01 5.39280447e+00 9.18346474e+00 2.66305524e+00
 3.65352715e-01 3.06022865e+00 5.82596014e+00 5.87873632e+00
 3.57403603e+00 1.58072656e+00 4.26883889e+00 1.92517418e+00
 1.88324785e+00 6.78635320e-02 4.12331220e+00 5.97435905e+00
 2.01260465e+00 1.65618729e+00 4.24003485e+00 2.66651450e+00
 5.42886270e+00 3.27417840e+00]
T: 2156.149646280532, energy used: 3141.6983356824294
=================================
Node ~26 ~
Init energy: 10622.05884, Charge rate: 0.26691174000600004
Time arrive: 5.110772935672255, time_travel to 26: 5.110772935672255
t_charge: 13.035783505892383
e_remain: 10620.694714702964, e_depot: 10111.736103727402, er: 510.32273627259747
Energy after charge: 10682.394228574527
-----------------------
Node ~44 ~
Init energy: 10764.0, Charge rate: 0.0540000000015
Time arrive: 31.197226922425, time_travel to 44: 13.050670480860362
t_charge: 4.693565645114827
e_remain: 10762.315349746143, e_depot: 10671.03574732319, er: 92.96425267680934
Energy after charge: 10785.529725426873
-----------------------
Node ~5 ~
Init energy: 10442.23072, Charge rate: 0.536653920006
Time arrive: 40.208199196524404, time_travel to 5: 4.31740662898458
t_charge: 84.9916544485628
e_remain: 10420.652832284803, e_depot: 9710.082832446817, er: 732.147887553183
Energy after charge: 10800.0
-----------------------
Node ~14 ~
Init energy: 10756.56164, Charge rate: 0.06515754000134999
Time arrive: 137.8014408467059, time_travel to 14: 12.601587201618692
t_charge: 3.4690002773379414
e_remain: 10747.582837105787, e_depot: 10633.41723456027, er: 123.14440543973069
Energy after charge: 10764.701806968142
-----------------------
Node ~23 ~
Init energy: 10720.0172, Charge rate: 0.11997420000134999
Time arrive: 157.07550360414814, time_travel to 23: 15.805062480104278
t_charge: 7.703178560759569
e_remain: 10701.172192115284, e_depot: 10499.850763908098, er: 220.16643609190214
Energy after charge: 10738.763902233786
-----------------------
Node ~34 ~
Init energy: 10793.5158, Charge rate: 0.009726300000375
Time arrive: 184.84258009128283, time_travel to 34: 20.063897926375127
t_charge: 1.1458577540431039
e_remain: 10791.717965613188, e_depot: 10778.273730464787, er: 15.242069535212067
Energy after charge: 10797.43610942713
-----------------------
Node ~15 ~
Init energy: 10792.26624, Charge rate: 0.01160063999988
Time arrive: 232.3198526737121, time_travel to 15: 46.331414828386144
t_charge: 0.08780825377652199
e_remain: 10789.571181024308, e_depot: 10767.692565436515, er: 24.573674563485838
Energy after charge: 10790.00920366125
-----------------------
Node ~38 ~
Init energy: 10758.2784, Charge rate: 0.06258240000045
Time arrive: 275.641906613056, time_travel to 38: 43.23424568556736
t_charge: 6.671272564192761
e_remain: 10741.028067943455, e_depot: 10656.697743196606, er: 101.58065680339314
Energy after charge: 10773.966926516294
-----------------------
Node ~9 ~
Init energy: 10728.2338, Charge rate: 0.10764930000164999
Time arrive: 321.49787006540043, time_travel to 9: 39.184690888151714
t_charge: 4.264125495089376
e_remain: 10693.624779335438, e_depot: 10517.446427354542, er: 210.78737264545816
Energy after charge: 10714.48637668622
-----------------------
Node ~25 ~
Init energy: 10738.565, Charge rate: 0.0921525000021
Time arrive: 340.99354177221767, time_travel to 25: 15.231546211727817
t_charge: 0.8050015405502607
e_remain: 10707.141592641121, e_depot: 10543.895427419358, er: 194.66957258064213
Energy after charge: 10711.092417439406
-----------------------
Node ~21 ~
Init energy: 10695.9536, Charge rate: 0.156069600003
Time arrive: 381.8005432627705, time_travel to 21: 40.0019999500025
t_charge: 6.788621353201884
e_remain: 10636.366141932052, e_depot: 10393.387293924397, er: 302.5663060756033
Energy after charge: 10669.249751278896
-----------------------
Node ~43 ~
Init energy: 10752.73164, Charge rate: 0.0709025400009
Time arrive: 402.12430406852326, time_travel to 43: 13.535139452550904
t_charge: 2.587249546398385
e_remain: 10724.220005445448, e_depot: 10612.79140118866, er: 139.94023881133944
Energy after charge: 10736.972810612984
-----------------------
Node ~36 ~
Init energy: 10776.7674, Charge rate: 0.0348489000003
Time arrive: 445.588441950508, time_travel to 36: 40.87688833558641
t_charge: 2.3682124004666414
e_remain: 10761.239132945178, e_depot: 10713.469018593421, er: 63.29838140657921
Energy after charge: 10772.997665350389
-----------------------
Node ~4 ~
Init energy: 10729.71036, Charge rate: 0.10543446000090001
Time arrive: 461.74940607062797, time_travel to 4: 13.792751719653333
t_charge: 7.752834786854304
e_remain: 10681.026060715207, e_depot: 10541.14206029755, er: 188.5682997024487
Energy after charge: 10718.97281870025
-----------------------
Node ~30 ~
Init energy: 10695.9536, Charge rate: 0.156069600003
Time arrive: 503.464572932886, time_travel to 30: 33.96233207540378
t_charge: 1.250955876393591
e_remain: 10617.378085486684, e_depot: 10365.698966540356, er: 330.25463345964454
Energy after charge: 10623.437628685402
-----------------------
Node ~33 ~
Init energy: 10793.58, Charge rate: 0.009630000000269999
Time arrive: 568.0296662510864, time_travel to 33: 63.31413744180678
t_charge: 0.8203621552398583
e_remain: 10788.109874313848, e_depot: 10776.918089681936, er: 16.661910318063747
Energy after charge: 10792.203785002492
-----------------------
Node ~32 ~
Init energy: 10793.42, Charge rate: 0.00987000000027
Time arrive: 591.0644381441518, time_travel to 32: 22.214409737825584
t_charge: 0.6814676410863867
e_remain: 10787.586193995357, e_depot: 10775.54614119606, er: 17.873858803939584
Energy after charge: 10790.986806115172
-----------------------
Node ~35 ~
Init energy: 10754.61104, Charge rate: 0.0680834400003
Time arrive: 632.9696853305444, time_travel to 35: 41.22377954530613
t_charge: 6.35459530829614
e_remain: 10711.51628640679, e_depot: 10639.585931467273, er: 115.02510853272724
Energy after charge: 10742.856620239872
-----------------------
Node ~31 ~
Init energy: 10791.61708, Charge rate: 0.01257438000018
Time arrive: 682.7284279061236, time_travel to 31: 43.40414726728311
t_charge: 2.4934608002897267
e_remain: 10783.032193310582, e_depot: 10776.972139011865, er: 14.644940988135204
Energy after charge: 10795.468143588412
-----------------------
Node ~45 ~
Init energy: 10793.4064, Charge rate: 0.009890400000135
Time arrive: 734.9523622613675, time_travel to 45: 49.73047355495421
t_charge: 1.2070505894925736
e_remain: 10786.13742715619, e_depot: 10778.116470485598, er: 15.289929514401592
Energy after charge: 10792.160741890502
-----------------------
Node ~50 ~
Init energy: 10695.9536, Charge rate: 0.156069600003
Time arrive: 774.9460084735749, time_travel to 50: 38.78659562271481
t_charge: 4.849935665063812
e_remain: 10575.008086433609, e_depot: 10383.693865483707, er: 312.259734516294
Energy after charge: 10598.50083723964
-----------------------
Node ~39 ~
Init energy: 10793.84, Charge rate: 0.009240000000254999
Time arrive: 799.4214377630041, time_travel to 39: 19.625493624365223
t_charge: 0.22620992205446747
e_remain: 10786.453345914866, e_depot: 10775.04822687809, er: 18.7917731219095
Energy after charge: 10787.582305345459
-----------------------
Node ~40 ~
Init energy: 10793.224, Charge rate: 0.010164000000495
Time arrive: 801.0618612474317, time_travel to 40: 1.4142135623730951
t_charge: 0.4327162755190449
e_remain: 10785.082007241885, e_depot: 10773.472476371733, er: 19.751523628267023
Energy after charge: 10787.241190491255
-----------------------
Node ~2 ~
Init energy: 10793.46, Charge rate: 0.00981000000027
Time arrive: 852.8225426102207, time_travel to 2: 51.327965087269924
t_charge: 2.0246316648053244
e_remain: 10785.093810856763, e_depot: 10782.431330293432, er: 11.028669706567598
Energy after charge: 10795.197107544156
-----------------------
Node ~46 ~
Init energy: 10793.66, Charge rate: 0.009510000000254999
Time arrive: 889.822022380486, time_travel to 46: 34.97484810546002
t_charge: 0.36395496509718184
e_remain: 10785.197792566934, e_depot: 10774.974791688808, er: 18.685208311191673
Energy after charge: 10787.014106180703
-----------------------
Node ~6 ~
Init energy: 10793.74, Charge rate: 0.009390000000255
Time arrive: 947.3625459729501, time_travel to 6: 57.17656862736693
t_charge: 1.0169031357132934
e_remain: 10784.844265693073, e_depot: 10778.578270499444, er: 15.161729500556248
Energy after charge: 10789.919232651195
-----------------------
Node ~3 ~
Init energy: 10787.34, Charge rate: 0.01899000000045
Time arrive: 983.6957343040233, time_travel to 3: 35.316285195359946
t_charge: 2.269706390229368
e_remain: 10768.659618005124, e_depot: 10757.74325016731, er: 29.596749832689966
Energy after charge: 10779.96504823192
-----------------------
Node ~17 ~
Init energy: 10695.9536, Charge rate: 0.156069600003
Time arrive: 1027.920178209818, time_travel to 17: 41.95473751556551
t_charge: 0.8113844809718831
e_remain: 10535.526508951782, e_depot: 10363.501109563247, er: 332.4524904367536
Energy after charge: 10539.456798905247
-----------------------
Node ~19 ~
Init energy: 10695.9536, Charge rate: 0.156069600003
Time arrive: 1048.2661474061094, time_travel to 19: 19.534584715319646
t_charge: 0.17412841399614898
e_remain: 10532.351121677644, e_depot: 10360.314829228368, er: 335.63877077163306
Energy after charge: 10533.194587595703
-----------------------
Node ~1 ~
Init energy: 10632.548, Charge rate: 0.2511780000045
Time arrive: 1105.3928877005103, time_travel to 1: 56.952611880404575
t_charge: 5.392804468031498
e_remain: 10354.897625248188, e_depot: 10117.934666477004, er: 514.613333522997
Energy after charge: 10380.50709374765
-----------------------
Node ~20 ~
Init energy: 10755.37252, Charge rate: 0.06694122000135
Time arrive: 1151.8909229792307, time_travel to 20: 41.1052308106888
t_charge: 9.183464744930427
e_remain: 10678.26353630729, e_depot: 10656.954555897155, er: 98.41796410284587
Energy after charge: 10723.566107698076
-----------------------
Node ~13 ~
Init energy: 10743.36568, Charge rate: 0.08495148000075
Time arrive: 1218.1599375594742, time_travel to 13: 57.08554983531296
t_charge: 2.663055240398295
e_remain: 10639.881190426702, e_depot: 10573.512852647367, er: 169.85282735263354
Energy after charge: 10652.970236144698
-----------------------
Node ~16 ~
Init energy: 10793.92, Charge rate: 0.009120000000255
Time arrive: 1241.8229927998725, time_travel to 16: 21.0
t_charge: 0.3653527146075648
e_remain: 10782.594574305349, e_depot: 10776.08267879841, er: 17.837321201590385
Energy after charge: 10784.41800586163
-----------------------
Node ~12 ~
Init energy: 10790.15328, Charge rate: 0.01477007999985
Time arrive: 1282.6284246439773, time_travel to 12: 40.44007912949726
t_charge: 3.0602286483115586
e_remain: 10771.208755557927, e_depot: 10773.607920474346, er: 16.54535952565493
Energy after charge: 10786.464698977532
-----------------------
Node ~41 ~
Init energy: 10773.369, Charge rate: 0.03994650000015
Time arrive: 1354.694450150234, time_travel to 41: 69.0057968579452
t_charge: 5.825960136498612
e_remain: 10719.253698146871, e_depot: 10716.368168837025, er: 57.00083116297537
Energy after charge: 10748.150772112771
-----------------------
Node ~28 ~
Init energy: 10788.2752, Charge rate: 0.017587200000150002
Time arrive: 1366.6425014327383, time_travel to 28: 6.1220911460055865
t_charge: 5.878736318006995
e_remain: 10764.239784998597, e_depot: 10779.748246530646, er: 8.52695346935434
Energy after charge: 10793.530076077259
-----------------------
Node ~49 ~
Init energy: 10695.9536, Charge rate: 0.156069600003
Time arrive: 1415.7527077697025, time_travel to 49: 43.23147001895725
t_charge: 3.5740360282578205
e_remain: 10474.99764119522, e_depot: 10377.314367299678, er: 318.6392327003232
Energy after charge: 10492.310022963182
-----------------------
Node ~11 ~
Init energy: 10793.76, Charge rate: 0.009360000000255001
Time arrive: 1519.6528121949627, time_travel to 11: 100.32606839700239
t_charge: 1.5807265617719708
e_remain: 10779.536049677468, e_depot: 10781.482072119124, er: 12.277927880875723
Energy after charge: 10787.42488688571
-----------------------
Node ~24 ~
Init energy: 10747.19696, Charge rate: 0.07920456000195
Time arrive: 1549.5234662928738, time_travel to 24: 28.28992753613908
t_charge: 4.26883889048788
e_remain: 10624.467635639576, e_depot: 10597.76427042043, er: 149.43268957956934
Energy after charge: 10645.473718585974
-----------------------
Node ~22 ~
Init energy: 10793.4064, Charge rate: 0.009890400000135
Time arrive: 1576.424141167214, time_travel to 22: 22.63183598385248
t_charge: 1.925174178165131
e_remain: 10777.814934673986, e_depot: 10781.707088428962, er: 11.69931157103747
Energy after charge: 10787.42176482212
-----------------------
Node ~7 ~
Init energy: 10775.86, Charge rate: 0.03621000000105
Time arrive: 1638.0100226827885, time_travel to 7: 59.66070733740927
t_charge: 1.88324785423799
e_remain: 10716.547657076937, e_depot: 10707.202060577109, er: 68.65793942289201
Energy after charge: 10725.895703943323
-----------------------
Node ~18 ~
Init energy: 10695.9536, Charge rate: 0.156069600003
Time arrive: 1671.724073228759, time_travel to 18: 31.830802691732423
t_charge: 0.06786353201862763
e_remain: 10435.048292575802, e_depot: 10359.78350481848, er: 336.1700951815201
Energy after charge: 10435.377018801599
-----------------------
Node ~42 ~
Init energy: 10793.4064, Charge rate: 0.009890400000135
Time arrive: 1754.7070741001078, time_travel to 42: 82.91513733933026
t_charge: 4.123312199393429
e_remain: 10776.051645154083, e_depot: 10792.697778535103, er: 0.7086214648970781
Energy after charge: 10796.627424944072
-----------------------
Node ~47 ~
Init energy: 10695.9536, Charge rate: 0.156069600003
Time arrive: 1819.8972349164062, time_travel to 47: 61.06684861690506
t_charge: 5.97435905055229
e_remain: 10411.922966500031, e_depot: 10389.31598241115, er: 306.63761758885084
Energy after charge: 10440.8623459255
-----------------------
Node ~29 ~
Init energy: 10793.4064, Charge rate: 0.009890400000135
Time arrive: 1870.595189529033, time_travel to 29: 44.72359556207439
t_charge: 2.0126046454128197
e_remain: 10774.90546533723, e_depot: 10782.1442407652, er: 11.262159234800492
Energy after charge: 10784.948583099309
-----------------------
Node ~8 ~
Init energy: 10695.9536, Charge rate: 0.156069600003
Time arrive: 1942.3209206285076, time_travel to 8: 69.71312645406172
t_charge: 1.6561872858058708
e_remain: 10392.81635084005, e_depot: 10367.725123587417, er: 328.2284764125834
Energy after charge: 10400.838806781854
-----------------------
Node ~37 ~
Init energy: 10746.36104, Charge rate: 0.0804584400012
Time arrive: 1995.997104069638, time_travel to 37: 52.01999615532473
t_charge: 4.240034848173357
e_remain: 10585.766226759644, e_depot: 10594.080777291996, er: 152.28026270800365
Energy after charge: 10606.625254411076
-----------------------
Node ~27 ~
Init energy: 10788.1, Charge rate: 0.01785000000045
Time arrive: 2020.2411385178914, time_travel to 27: 20.00399960007998
t_charge: 2.666514495910104
e_remain: 10752.038695676547, e_depot: 10762.945301292473, er: 25.15469870752713
Energy after charge: 10765.323670872343
-----------------------
Node ~48 ~
Init energy: 10695.9536, Charge rate: 0.156069600003
Time arrive: 2062.925648965623, time_travel to 48: 40.017995951821476
t_charge: 5.4288626958546695
e_remain: 10373.993619130008, e_depot: 10386.588500637661, er: 309.3650993623396
Energy after charge: 10400.290652179867
-----------------------
Node ~10 ~
Init energy: 10661.85276, Charge rate: 0.2072208600045
Time arrive: 2132.4793898290036, time_travel to 10: 64.1248781675256
t_charge: 3.274178397157847
e_remain: 10219.958546897762, e_depot: 10231.424467985138, er: 430.42829201486165
Energy after charge: 10235.650960820283
-----------------------
==============================================
Fitness: 0.014271888646260873, num_deaths: 0, max_er: 732.147887553183
