routes: [24 15 42  9 21 14 13  3 37 49 46 38 36 47 50 40  4 22 26  8 18 31 29 19
 20 17 39 44 33 12 16 34  7  5 41 45 23 35 25 11 30  6 28 48  2  1 10 27
 43 32]
t_charge: [ 3.4068526   3.48289609 25.04719538  5.10425068  0.49437978  1.26110774
  2.21018525  7.16222284  2.02996789  1.38477939  3.01293336  7.37987071
 24.22063456 22.01105081  3.06637714  2.02748134  4.54489157  2.40416082
 20.64027853 19.22210576  1.64870466 81.17777146 10.56147322  2.45254454
  2.71321096  1.23017667  5.14465378  2.52412817 24.37958422  4.06197944
  1.33569573 21.32609361  2.25521864 84.56160291  1.19595843  1.20968892
 31.30543186 34.22569723 14.95425142  8.64628437 22.22577398 42.19172209
  2.67897935 28.41913591  5.93630567 25.47301083 13.6900462   5.67079733
  4.1185408   5.75824359]
T: 2207.533347397813, energy used: 4820.278660286967
=================================
Node ~24 ~
Init energy: 10733.7268, Charge rate: 0.09940980000060001
Time arrive: 20.168291945526768, time_travel to 24: 20.168291945526768
t_charge: 3.4068525951220847
e_remain: 10731.721874131343, e_depot: 10531.31061441614, er: 202.41618558386108
Energy after charge: 10748.41746257184
-----------------------
Node ~15 ~
Init energy: 10748.59008, Charge rate: 0.07711488000015
Time arrive: 52.087597960163635, time_travel to 15: 28.512453419514777
t_charge: 3.4828960862425
e_remain: 10744.573351133806, e_depot: 10595.7708912503, er: 152.8191887496996
Energy after charge: 10761.719248451274
-----------------------
Node ~42 ~
Init energy: 10689.71216, Charge rate: 0.16543175999999998
Time arrive: 65.31113057591487, time_travel to 42: 9.740636529508738
t_charge: 25.047195378664043
e_remain: 10678.907624721236, e_depot: 10449.752009974607, er: 239.96015002539207
Energy after charge: 10800.0
-----------------------
Node ~9 ~
Init energy: 10761.423, Charge rate: 0.0578655000012
Time arrive: 119.10897812109508, time_travel to 9: 28.750652166516154
t_charge: 5.1042506752998875
e_remain: 10754.530699426392, e_depot: 10659.204232460002, er: 102.21876753999823
Energy after charge: 10779.756592785434
-----------------------
Node ~21 ~
Init energy: 10790.91, Charge rate: 0.013635000000375
Time arrive: 138.76932717473795, time_travel to 21: 14.556098378343009
t_charge: 0.494379775893046
e_remain: 10789.01788022392, e_depot: 10763.282181686867, er: 27.627818313132593
Energy after charge: 10791.483038235141
-----------------------
Node ~14 ~
Init energy: 10793.66, Charge rate: 0.009510000000254999
Time arrive: 162.44041940084705, time_travel to 14: 23.17671245021606
t_charge: 1.2611077368227486
e_remain: 10792.115191611456, e_depot: 10778.971896549798, er: 14.688103450202107
Energy after charge: 10798.408737160991
-----------------------
Node ~13 ~
Init energy: 10788.271, Charge rate: 0.017593499999999998
Time arrive: 167.82463276328744, time_travel to 13: 4.123105625617661
t_charge: 2.2101852472407963
e_remain: 10785.31837732348, e_depot: 10760.483688288761, er: 27.787311711239454
Energy after charge: 10796.330418665537
-----------------------
Node ~3 ~
Init energy: 10757.839, Charge rate: 0.06324150000075
Time arrive: 192.74869042365938, time_travel to 3: 22.713872413131146
t_charge: 7.162222842773485
e_remain: 10745.649283694427, e_depot: 10654.042394022754, er: 103.79660597724614
Energy after charge: 10781.007448192378
-----------------------
Node ~37 ~
Init energy: 10755.26048, Charge rate: 0.06710928000105
Time arrive: 236.39871944877274, time_travel to 37: 36.487806182339874
t_charge: 2.029967889742794
e_remain: 10739.395932144624, e_depot: 10617.26434592654, er: 137.99613407346078
Energy after charge: 10749.409541909832
-----------------------
Node ~49 ~
Init energy: 10793.98, Charge rate: 0.009030000000254999
Time arrive: 265.1606906304501, time_travel to 49: 26.732003291934557
t_charge: 1.3847793943370466
e_remain: 10791.585598963538, e_depot: 10780.96987084412, er: 13.01012915588035
Energy after charge: 10798.496991377293
-----------------------
Node ~46 ~
Init energy: 10785.9384, Charge rate: 0.021092400000150002
Time arrive: 301.74547002478715, time_travel to 46: 35.2
t_charge: 3.012933364390251
e_remain: 10779.573863848003, e_depot: 10754.440890444965, er: 31.497509555034412
Energy after charge: 10794.574980674259
-----------------------
Node ~38 ~
Init energy: 10738.69136, Charge rate: 0.09196296000135
Time arrive: 327.95323039866383, time_travel to 38: 23.194827009486403
t_charge: 7.3798707117650375
e_remain: 10708.531810190534, e_depot: 10572.579412630435, er: 166.1119473695653
Energy after charge: 10744.752488994278
-----------------------
Node ~36 ~
Init energy: 10695.9536, Charge rate: 0.156069600003
Time arrive: 353.9341763481671, time_travel to 36: 18.601075237738275
t_charge: 24.22063456092471
e_remain: 10640.715234669951, e_depot: 10472.527926282964, er: 223.42567371703626
Energy after charge: 10758.038302726833
-----------------------
Node ~47 ~
Init energy: 10695.9536, Charge rate: 0.156069600003
Time arrive: 406.8915469798428, time_travel to 47: 28.736736070750972
t_charge: 22.011050813153478
e_remain: 10632.450199018254, e_depot: 10461.480007544109, er: 234.47359245589178
Energy after charge: 10739.070197187968
-----------------------
Node ~50 ~
Init energy: 10786.55132, Charge rate: 0.020173020000300003
Time arrive: 449.94921272271836, time_travel to 50: 21.04661492972207
t_charge: 3.0663771374218385
e_remain: 10777.474485532626, e_depot: 10757.350591318724, er: 29.200728681276814
Energy after charge: 10792.744513132413
-----------------------
Node ~40 ~
Init energy: 10771.76156, Charge rate: 0.0423576600006
Time arrive: 477.2560519019413, time_travel to 40: 24.240462041801102
t_charge: 2.0274813432311376
e_remain: 10751.54611042031, e_depot: 10688.393019747095, er: 83.36854025290631
Energy after charge: 10761.59763777107
-----------------------
Node ~4 ~
Init energy: 10770.52408, Charge rate: 0.044213880000599996
Time arrive: 541.592762096122, time_travel to 4: 62.30922885094952
t_charge: 4.544891565467748
e_remain: 10746.578162607488, e_depot: 10695.644923308168, er: 74.87915669183167
Energy after charge: 10769.101673144534
-----------------------
Node ~22 ~
Init energy: 10783.86532, Charge rate: 0.0242020200003
Time arrive: 568.9130790143686, time_travel to 22: 22.775425352778814
t_charge: 2.4041608221442403
e_remain: 10770.096474283262, e_depot: 10742.459357885671, er: 41.40596211432967
Energy after charge: 10782.059092845682
-----------------------
Node ~26 ~
Init energy: 10734.34724, Charge rate: 0.09847914000045
Time arrive: 613.7177115320022, time_travel to 26: 42.40047169548943
t_charge: 20.640278533666383
e_remain: 10673.908847565282, e_depot: 10620.15264709428, er: 114.19459290571831
Energy after charge: 10775.07760335425
-----------------------
Node ~8 ~
Init energy: 10703.85584, Charge rate: 0.14421624000314998
Time arrive: 644.4078656867895, time_travel to 8: 10.04987562112089
t_charge: 19.222105758758136
e_remain: 10610.921760582196, e_depot: 10481.60420975051, er: 222.2516302494896
Energy after charge: 10704.260149558515
-----------------------
Node ~18 ~
Init energy: 10793.84, Charge rate: 0.009240000000254999
Time arrive: 692.1543469864775, time_travel to 18: 28.524375540929903
t_charge: 1.6487046649742196
e_remain: 10787.44449383367, e_depot: 10781.685915194352, er: 12.154084805648381
Energy after charge: 10795.672783127435
-----------------------
Node ~31 ~
Init energy: 10605.538, Charge rate: 0.291693
Time arrive: 726.0328515267225, time_travel to 31: 32.229799875270714
t_charge: 81.17777145998996
e_remain: 10393.759299439616, e_depot: 10367.50483259744, er: 238.03316740256014
Energy after charge: 10775.969169049087
-----------------------
Node ~29 ~
Init energy: 10764.45892, Charge rate: 0.05331161999985
Time arrive: 846.2516270721609, time_travel to 29: 39.04100408544842
t_charge: 10.561473215140325
e_remain: 10719.343874833274, e_depot: 10699.579107122232, er: 64.87981287776711
Energy after charge: 10771.588191662291
-----------------------
Node ~19 ~
Init energy: 10793.48, Charge rate: 0.00978000000027
Time arrive: 875.0405521114044, time_travel to 19: 18.227451824103117
t_charge: 2.4525445353961866
e_remain: 10784.922103400113, e_depot: 10784.153046538833, er: 9.32695346116634
Energy after charge: 10797.160840191536
-----------------------
Node ~20 ~
Init energy: 10793.14096, Charge rate: 0.010288559999715001
Time arrive: 878.5129005495191, time_travel to 20: 1.0198039027185568
t_charge: 2.7132109647737965
e_remain: 10784.102327312174, e_depot: 10783.994675527794, er: 9.14628447220639
Energy after charge: 10797.64046710224
-----------------------
Node ~17 ~
Init energy: 10793.63056, Charge rate: 0.009554159999805
Time arrive: 899.7787393605038, time_travel to 17: 18.552627846210896
t_charge: 1.230176671420396
e_remain: 10785.033929959727, e_depot: 10778.690316551158, er: 14.940243448842011
Energy after charge: 10791.173060012083
-----------------------
Node ~39 ~
Init energy: 10783.6568, Charge rate: 0.024514800000600002
Time arrive: 944.8449742488762, time_travel to 39: 43.83605821695194
t_charge: 5.144653778702519
e_remain: 10760.494114424717, e_depot: 10755.2628303874, er: 28.393969612599903
Energy after charge: 10786.091263159773
-----------------------
Node ~44 ~
Init energy: 10793.48, Charge rate: 0.00978000000027
Time arrive: 1010.1603850445881, time_travel to 44: 60.17075701700952
t_charge: 2.524128172817591
e_remain: 10783.60063143399, e_depot: 10784.510964725941, er: 8.969035274058115
Energy after charge: 10796.196586324548
-----------------------
Node ~33 ~
Init energy: 10695.9536, Charge rate: 0.156069600003
Time arrive: 1027.905551289758, time_travel to 33: 15.221038072352357
t_charge: 24.37958422371191
e_remain: 10535.528791769346, e_depot: 10473.3226745969, er: 222.63092540310026
Energy after charge: 10653.621800929872
-----------------------
Node ~12 ~
Init energy: 10787.9, Charge rate: 0.01815000000045
Time arrive: 1107.1671908685676, time_travel to 12: 54.88205535509762
t_charge: 4.06197944093231
e_remain: 10767.804915485236, e_depot: 10768.143166948397, er: 19.75683305160237
Energy after charge: 10788.041087763042
-----------------------
Node ~16 ~
Init energy: 10793.32, Charge rate: 0.01002000000027
Time arrive: 1163.5825847158212, time_travel to 16: 52.3534144063212
t_charge: 1.3356957300537688
e_remain: 10781.660902500833, e_depot: 10777.878994508746, er: 15.441005491253236
Energy after charge: 10788.325997479886
-----------------------
Node ~34 ~
Init energy: 10695.9536, Charge rate: 0.156069600003
Time arrive: 1210.904365297708, time_travel to 34: 45.98608485183317
t_charge: 21.326093605408364
e_remain: 10506.9682400661, e_depot: 10458.055221505383, er: 237.89837849461765
Energy after charge: 10610.270353194519
-----------------------
Node ~7 ~
Init energy: 10785.58968, Charge rate: 0.02161548000015
Time arrive: 1284.1091635901073, time_travel to 7: 51.87870468699079
t_charge: 2.2552186368193716
e_remain: 10757.833044056408, e_depot: 10749.148880263754, er: 36.440799736245026
Energy after charge: 10769.060389607164
-----------------------
Node ~5 ~
Init energy: 10602.40424, Charge rate: 0.296393640003
Time arrive: 1303.906331947525, time_travel to 5: 17.541949720598335
t_charge: 84.56160291125067
e_remain: 10215.934696051114, e_depot: 10370.913410293007, er: 231.49082970699237
Energy after charge: 10613.679189316013
-----------------------
Node ~41 ~
Init energy: 10793.78, Charge rate: 0.009330000000255
Time arrive: 1419.0620519403324, time_travel to 41: 30.59411708155671
t_charge: 1.195958428779846
e_remain: 10780.540151055035, e_depot: 10779.163506012115, er: 14.616493987885406
Energy after charge: 10786.508784906793
-----------------------
Node ~45 ~
Init energy: 10793.52, Charge rate: 0.009720000000269999
Time arrive: 1481.3837823478775, time_travel to 45: 61.12577197876523
t_charge: 1.2096889241438664
e_remain: 10779.120949635178, e_depot: 10778.111220483417, er: 15.408779516583309
Energy after charge: 10785.157636079555
-----------------------
Node ~23 ~
Init energy: 10738.30048, Charge rate: 0.0925492800012
Time arrive: 1526.2429844422734, time_travel to 23: 43.64951317025197
t_charge: 31.30543186432419
e_remain: 10597.047790682986, e_depot: 10690.522017441313, er: 47.77846255868644
Energy after charge: 10750.677654825437
-----------------------
Node ~35 ~
Init energy: 10695.9536, Charge rate: 0.156069600003
Time arrive: 1587.7457671837856, time_travel to 35: 30.197350877187887
t_charge: 34.22569722583162
e_remain: 10448.154753209172, e_depot: 10522.5532396075, er: 173.40036039250117
Energy after charge: 10613.94164846247
-----------------------
Node ~25 ~
Init energy: 10717.65024, Charge rate: 0.12352464000329999
Time arrive: 1641.0984087552256, time_travel to 25: 19.126944345608372
t_charge: 14.954251418266079
e_remain: 10514.934149848523, e_depot: 10519.736735058736, er: 197.91350494126527
Energy after charge: 10587.858188416893
-----------------------
Node ~11 ~
Init energy: 10726.8992, Charge rate: 0.10965120000135
Time arrive: 1676.9236927306029, time_travel to 11: 20.871032557111302
t_charge: 8.646284365372612
e_remain: 10543.022504781395, e_depot: 10528.071941241697, er: 198.8272587583033
Energy after charge: 10585.305851152041
-----------------------
Node ~30 ~
Init energy: 10695.9536, Charge rate: 0.156069600003
Time arrive: 1744.4569875481966, time_travel to 30: 58.887010452221126
t_charge: 22.225773981732587
e_remain: 10423.696895730915, e_depot: 10462.553623387004, er: 233.3999766129964
Energy after charge: 10531.35699798449
-----------------------
Node ~6 ~
Init energy: 10669.3132, Charge rate: 0.196030200003
Time arrive: 1787.9703165797698, time_travel to 6: 21.28755504984074
t_charge: 42.19172209207781
e_remain: 10318.81702124144, e_depot: 10447.528606856704, er: 221.78459314329666
Energy after charge: 10521.50477998165
-----------------------
Node ~28 ~
Init energy: 10792.1884, Charge rate: 0.011717400000150001
Time arrive: 1841.5462382484536, time_travel to 28: 11.384199576606166
t_charge: 2.6789793496931202
e_remain: 10770.610266107671, e_depot: 10779.716745503334, er: 12.471654496664996
Energy after charge: 10783.973772183504
-----------------------
Node ~48 ~
Init energy: 10695.9536, Charge rate: 0.156069600003
Time arrive: 1884.8650994877387, time_travel to 48: 40.639881889592154
t_charge: 28.41913590746286
e_remain: 10401.783457863334, e_depot: 10493.520433015656, er: 202.433166984345
Energy after charge: 10539.44377422714
-----------------------
Node ~2 ~
Init energy: 10735.7666, Charge rate: 0.09635010000225
Time arrive: 1956.4332794170566, time_travel to 2: 43.149044021855225
t_charge: 5.936305671719502
e_remain: 10547.264057880437, e_depot: 10552.752069578519, er: 183.01453042148205
Energy after charge: 10576.37362259392
-----------------------
Node ~1 ~
Init energy: 10692.235, Charge rate: 0.161647500003
Time arrive: 1969.0299154109148, time_travel to 1: 6.660330322138686
t_charge: 25.473010826425803
e_remain: 10373.946236742708, e_depot: 10462.75780735202, er: 229.4771926479807
Energy after charge: 10497.193642357195
-----------------------
Node ~10 ~
Init energy: 10768.56, Charge rate: 0.04716000000135
Time arrive: 2013.1491054706312, time_travel to 10: 18.646179233290663
t_charge: 13.690046200743216
e_remain: 10673.619888183286, e_depot: 10732.902958337456, er: 35.657041662543634
Energy after charge: 10741.424496608157
-----------------------
Node ~27 ~
Init energy: 10788.28, Charge rate: 0.01758000000045
Time arrive: 2061.3372675619557, time_travel to 27: 34.498115890581616
t_charge: 5.670797333324652
e_remain: 10752.041690835335, e_depot: 10777.825550418376, er: 10.45444958162443
Energy after charge: 10780.295984884835
-----------------------
Node ~43 ~
Init energy: 10789.38544, Charge rate: 0.01592183999985
Time arrive: 2125.3422744125096, time_travel to 43: 58.33420951722925
t_charge: 4.1185408026311805
e_remain: 10755.546080361886, e_depot: 10774.830151261554, er: 14.555288738445597
Energy after charge: 10776.07320962735
-----------------------
Node ~32 ~
Init energy: 10787.72, Charge rate: 0.01842000000045
Time arrive: 2167.9159839184504, time_travel to 32: 38.455168703309575
t_charge: 5.75824358530689
e_remain: 10747.786987575246, e_depot: 10775.848453666473, er: 11.871546333526567
Energy after charge: 10776.472138654935
-----------------------
==============================================
Fitness: 0.004677585770475478, num_deaths: 0, max_er: 239.96015002539207
