routes: [19  2 54 37  3 68 65 11 33 34  6 12 32 18  9 15 47 10 53 39 25 29 44 55
 60 40 75  5 70 30 27 26 58 31 51 73 52 63 49  1 62 14 69 46 57 66 64 56
 20 17 71 67 36 74 42 21  8 45 24 13  4 59 43 23  7 35 16 50 28 48 38 22
 41 61 72]
t_charge: [19.96549443  5.66767204  2.9737185   4.19799617  8.39239391  2.42640234
  5.43094431 76.26759833  2.78089734  2.46324884 15.3738716  14.6556362
  3.58685423  3.35704716  3.40998166  7.81234337  6.43273005  6.96965548
  6.13266423  4.13381659  3.67639141  4.96518869  4.36140794  1.85913996
  4.93894393 20.77300031 14.04870325 49.62263045  3.33312475  1.92322171
  4.31688475  4.99455802  1.31938942 17.19280487 37.11816145 11.34851603
  4.88296744 12.8832431  14.085956   24.09376369  4.42082268  1.42022327
  5.42049286 10.16605571  3.33545807 34.9922527  21.80207326 51.14264074
  3.61110642  3.03594363 13.02794822 29.25216862  9.93866396 11.24934026
 23.4613175  12.65920544 19.75328228 47.85497691  4.94732821 25.03176076
 13.32852849 17.7483428  10.88910178  9.49453807 48.07972912 10.41793582
 15.64681908 21.06929199  7.685966    0.32352219  5.72713973  8.98796391
 25.95350004  5.20318412  2.83884828]
T: 3578.8825059690134, energy used: 7515.228253550101
=================================
Node ~19 ~
Init energy: 10659.2458, Charge rate: 0.21113130000450003
Time arrive: 21.083642948978245, time_travel to 19: 21.083642948978245
t_charge: 19.965494428566377
e_remain: 10654.794383055352, e_depot: 10003.459156094232, er: 655.7866439057689
Energy after charge: 10750.406514404249
-----------------------
Node ~2 ~
Init energy: 10748.58284, Charge rate: 0.0771257400015
Time arrive: 68.06764954975722, time_travel to 2: 27.018512172212592
t_charge: 5.66767204207325
e_remain: 10743.333072158312, e_depot: 10500.897238559082, er: 247.6856014409168
Energy after charge: 10771.234308968347
-----------------------
Node ~54 ~
Init energy: 10783.784, Charge rate: 0.024324000000750003
Time arrive: 84.97987582932694, time_travel to 54: 11.244554237496477
t_charge: 2.973718500621891
e_remain: 10781.716949500264, e_depot: 10711.599854425234, er: 72.18414557476535
Energy after charge: 10796.513209274563
-----------------------
Node ~37 ~
Init energy: 10756.1822, Charge rate: 0.06572670000165
Time arrive: 103.70795880459521, time_travel to 37: 15.754364474646383
t_charge: 4.197996168773396
e_remain: 10749.365818103866, e_depot: 10541.944044032889, er: 214.2381559671103
Energy after charge: 10770.079878512941
-----------------------
Node ~3 ~
Init energy: 10664.15352, Charge rate: 0.2037697200045
Time arrive: 132.1818689623413, time_travel to 3: 24.275913988972693
t_charge: 8.392393912199408
e_remain: 10637.218857571872, e_depot: 9976.847603390686, er: 687.3059166093135
Energy after charge: 10677.470711375212
-----------------------
Node ~68 ~
Init energy: 10775.72, Charge rate: 0.03642000000105
Time arrive: 169.9388674181064, time_travel to 68: 29.36460454356571
t_charge: 2.4264023407949593
e_remain: 10769.530826448454, e_depot: 10657.509110832823, er: 118.21088916717599
Energy after charge: 10781.574468579174
-----------------------
Node ~65 ~
Init energy: 10758.08, Charge rate: 0.0628800000018
Time arrive: 199.16601601716815, time_travel to 65: 26.800746258266763
t_charge: 5.430944307618857
e_remain: 10745.556440912482, e_depot: 10560.19458955632, er: 197.88541044367958
Energy after charge: 10772.369664672504
-----------------------
Node ~11 ~
Init energy: 10536.55064, Charge rate: 0.3951740400075
Time arrive: 222.05319130401045, time_travel to 11: 17.456230979223438
t_charge: 76.26759833171546
e_remain: 10448.800983295836, e_depot: 9503.607173062637, er: 1032.9434669373622
Energy after charge: 10800.0
-----------------------
Node ~33 ~
Init energy: 10763.4078, Charge rate: 0.054888300000899996
Time arrive: 323.9652822218544, time_travel to 33: 25.644492586128507
t_charge: 2.7808973421047805
e_remain: 10745.625896399531, e_depot: 10580.873510054926, er: 182.53428994507522
Energy after charge: 10759.377744382471
-----------------------
Node ~34 ~
Init energy: 10766.7314, Charge rate: 0.0499029000012
Time arrive: 345.58443850686575, time_travel to 34: 18.838258942906585
t_charge: 2.4632488429318298
e_remain: 10749.485734323222, e_depot: 10600.451028403244, er: 166.2803715967566
Energy after charge: 10761.679055277194
-----------------------
Node ~6 ~
Init energy: 10689.08, Charge rate: 0.16638000000300002
Time arrive: 383.3231745895225, time_travel to 6: 35.27548723972498
t_charge: 15.373871603456195
e_remain: 10625.302690210645, e_depot: 10170.494886663419, er: 518.5851133365813
Energy after charge: 10699.614143470497
-----------------------
Node ~12 ~
Init energy: 10725.586, Charge rate: 0.1116210000018
Time arrive: 441.5250743988161, time_travel to 12: 42.828028205837356
t_charge: 14.655636198522544
e_remain: 10676.302529669734, e_depot: 10399.385736787402, er: 326.20026321259684
Energy after charge: 10747.944833894206
-----------------------
Node ~32 ~
Init energy: 10752.8486, Charge rate: 0.07072710000105
Time arrive: 468.04157059988484, time_travel to 32: 11.86086000254619
t_charge: 3.5868542262998027
e_remain: 10719.745377031533, e_depot: 10517.65889023982, er: 235.18970976017954
Energy after charge: 10737.42596036548
-----------------------
Node ~18 ~
Init energy: 10779.71, Charge rate: 0.030435000000449998
Time arrive: 488.77018669595753, time_travel to 18: 17.141761869772896
t_charge: 3.3570471551597443
e_remain: 10764.834279367687, e_depot: 10687.57194670502, er: 92.13805329497882
Energy after charge: 10781.517343413318
-----------------------
Node ~9 ~
Init energy: 10733.3952, Charge rate: 0.0999072000015
Time arrive: 521.3710366134121, time_travel to 9: 29.243802762294784
t_charge: 3.4099816607810274
e_remain: 10681.306479570076, e_depot: 10392.88897799819, er: 340.5062220018117
Energy after charge: 10698.015706154196
-----------------------
Node ~15 ~
Init energy: 10763.54, Charge rate: 0.0546900000015
Time arrive: 535.1057458735054, time_travel to 15: 10.324727599312245
t_charge: 7.81234337428679
e_remain: 10734.275066757376, e_depot: 10606.87263261462, er: 156.6673673853802
Energy after charge: 10772.90952656966
-----------------------
Node ~47 ~
Init energy: 10719.8928, Charge rate: 0.1201608000018
Time arrive: 559.6632377989398, time_travel to 47: 16.745148551147583
t_charge: 6.432730052119911
e_remain: 10652.64321761448, e_depot: 10322.015065230917, er: 397.87773476908296
Energy after charge: 10684.033905885823
-----------------------
Node ~10 ~
Init energy: 10728.5454, Charge rate: 0.1071819000018
Time arrive: 581.4178476312956, time_travel to 10: 15.321879780235843
t_charge: 6.96965547824428
e_remain: 10666.227930395922, e_depot: 10379.80225051826, er: 348.74314948174106
Energy after charge: 10700.329186870627
-----------------------
Node ~53 ~
Init energy: 10779.86056, Charge rate: 0.030209160000150004
Time arrive: 635.3402453084785, time_travel to 53: 46.95274219893871
t_charge: 6.1326642258423725
e_remain: 10760.667464874941, e_depot: 10702.408846884655, er: 77.45171311534432
Energy after charge: 10791.145523369327
-----------------------
Node ~39 ~
Init energy: 10708.64888, Charge rate: 0.13702668000345
Time arrive: 663.8845136714638, time_travel to 39: 22.41160413714288
t_charge: 4.133816589935659
e_remain: 10617.678989185895, e_depot: 10238.915575034318, er: 469.7333049656827
Energy after charge: 10637.78162897251
-----------------------
Node ~25 ~
Init energy: 10786.909, Charge rate: 0.01963650000045
Time arrive: 693.7593481122926, time_travel to 25: 25.741017850893154
t_charge: 3.676391405397437
e_remain: 10773.28599456048, e_depot: 10735.014230696917, er: 51.894769303082285
Energy after charge: 10791.595760127633
-----------------------
Node ~29 ~
Init energy: 10777.92, Charge rate: 0.03312000000015
Time arrive: 716.2368033173797, time_travel to 29: 18.801063799689633
t_charge: 4.9651886894897
e_remain: 10754.19823707402, e_depot: 10684.213354849218, er: 93.7066451507817
Energy after charge: 10778.859733472073
-----------------------
Node ~44 ~
Init energy: 10776.86552, Charge rate: 0.0347017200003
Time arrive: 747.0647064815721, time_travel to 44: 25.862714474702766
t_charge: 4.361407944131821
e_remain: 10750.94108973357, e_depot: 10674.47918108455, er: 102.3863389154485
Energy after charge: 10772.596781096943
-----------------------
Node ~55 ~
Init energy: 10793.94, Charge rate: 0.009090000000255
Time arrive: 761.6417886570016, time_travel to 55: 10.215674231297708
t_charge: 1.8591399633500874
e_remain: 10787.016676140915, e_depot: 10770.70365783658, er: 23.236342163419977
Energy after charge: 10796.295476375397
-----------------------
Node ~60 ~
Init energy: 10758.76228, Charge rate: 0.06185657999985
Time arrive: 773.2600269393564, time_travel to 60: 9.759098319004682
t_charge: 4.938943933222765
e_remain: 10710.93105928294, e_depot: 10562.079567625578, er: 196.6827123744224
Energy after charge: 10735.320272768535
-----------------------
Node ~40 ~
Init energy: 10719.0808, Charge rate: 0.1213788000015
Time arrive: 807.4236180047517, time_travel to 40: 29.224647132172528
t_charge: 20.77300030542467
e_remain: 10621.076690153714, e_depot: 10388.545337606243, er: 330.53546239375646
Energy after charge: 10722.420289831334
-----------------------
Node ~75 ~
Init energy: 10659.2458, Charge rate: 0.21113130000450003
Time arrive: 874.8690941390844, time_travel to 75: 46.672475828907984
t_charge: 14.048703251867941
e_remain: 10474.533550820657, e_depot: 9973.87520021074, er: 685.3705997892612
Energy after charge: 10541.810946099053
-----------------------
Node ~5 ~
Init energy: 10563.4368, Charge rate: 0.354844800003
Time arrive: 953.787204664335, time_travel to 5: 64.86940727338273
t_charge: 49.62263044753354
e_remain: 10224.990370115464, e_depot: 9541.602105172857, er: 1021.8346948271428
Energy after charge: 10455.495189976353
-----------------------
Node ~70 ~
Init energy: 10734.54268, Charge rate: 0.09818598000075
Time arrive: 1038.134466139426, time_travel to 70: 34.72463102755737
t_charge: 3.3331247470626684
e_remain: 10632.612430069545, e_depot: 10399.812217579205, er: 334.73046242079545
Energy after charge: 10648.950787685102
-----------------------
Node ~30 ~
Init energy: 10786.32, Charge rate: 0.020520000000600003
Time arrive: 1105.0679053511199, time_travel to 30: 63.60031446463138
t_charge: 1.9232217074803777
e_remain: 10763.644006581531, e_depot: 10722.49743951277, er: 63.822560487229566
Energy after charge: 10773.220650609495
-----------------------
Node ~27 ~
Init energy: 10784.42788, Charge rate: 0.02335818000015
Time arrive: 1120.876371024768, time_travel to 27: 13.885243966167826
t_charge: 4.316884752064254
e_remain: 10758.246247967687, e_depot: 10722.41612198651, er: 62.01175801349018
Energy after charge: 10779.72983715693
-----------------------
Node ~26 ~
Init energy: 10787.24, Charge rate: 0.0191400000006
Time arrive: 1128.2198049669166, time_travel to 26: 3.026549190084311
t_charge: 4.994558024294593
e_remain: 10765.645872932257, e_depot: 10743.71297895508, er: 43.52702104491982
Energy after charge: 10790.523067213142
-----------------------
Node ~58 ~
Init energy: 10771.83264, Charge rate: 0.042251040000599996
Time arrive: 1176.1654980169587, time_travel to 58: 42.951135025747575
t_charge: 1.3193894207183487
e_remain: 10722.13842449596, e_depot: 10627.218079186448, er: 144.6145608135521
Energy after charge: 10728.679626024361
-----------------------
Node ~31 ~
Init energy: 10708.734, Charge rate: 0.1368990000012
Time arrive: 1259.652034157032, time_travel to 31: 82.16714671935493
t_charge: 17.192804865429792
e_remain: 10536.288896174425, e_depot: 10304.752588138203, er: 403.9814118617978
Energy after charge: 10619.899242708281
-----------------------
Node ~51 ~
Init energy: 10618.06272, Charge rate: 0.2729059200045
Time arrive: 1308.137649698398, time_travel to 51: 31.292810675936416
t_charge: 37.118161451125985
e_remain: 10261.064211216535, e_depot: 9826.955304376146, er: 791.1074156238537
Energy after charge: 10436.52525247247
-----------------------
Node ~73 ~
Init energy: 10659.2458, Charge rate: 0.21113130000450003
Time arrive: 1371.1363057352155, time_travel to 73: 25.880494585691366
t_charge: 11.348516026332497
e_remain: 10369.756009286757, e_depot: 9960.374264083062, er: 698.8715359169382
Energy after charge: 10424.102562476659
-----------------------
Node ~52 ~
Init energy: 10787.88, Charge rate: 0.01818000000045
Time arrive: 1399.4105418348565, time_travel to 52: 16.92572007330855
t_charge: 4.882967435157467
e_remain: 10762.438716348812, e_depot: 10747.23075321566, er: 40.649246784339994
Energy after charge: 10786.764781176626
-----------------------
Node ~63 ~
Init energy: 10778.5254, Charge rate: 0.03221189999985
Time arrive: 1453.5848878265122, time_travel to 63: 49.29137855649809
t_charge: 12.883243102898419
e_remain: 10731.702668952039, e_depot: 10727.659010121006, er: 50.866389878994596
Energy after charge: 10795.703890728028
-----------------------
Node ~49 ~
Init energy: 10709.08, Charge rate: 0.13638000000375
Time arrive: 1501.678356716815, time_travel to 49: 35.21022578740443
t_charge: 14.08595599733459
e_remain: 10504.28110570533, e_depot: 10291.421783809197, er: 417.6582161908027
Energy after charge: 10572.789843013034
-----------------------
Node ~1 ~
Init energy: 10659.2458, Charge rate: 0.21113130000450003
Time arrive: 1529.8795527050247, time_travel to 1: 14.11523999087511
t_charge: 24.093763694657596
e_remain: 10336.240341187086, e_depot: 10024.100502424688, er: 635.1452975753127
Energy after charge: 10451.622212009519
-----------------------
Node ~62 ~
Init energy: 10785.8288, Charge rate: 0.0212568
Time arrive: 1600.85358943643, time_travel to 62: 46.88027303674756
t_charge: 4.420822683705698
e_remain: 10751.799775420068, e_depot: 10731.857323765646, er: 53.97147623435376
Energy after charge: 10773.809916294973
-----------------------
Node ~14 ~
Init energy: 10732.44608, Charge rate: 0.10133088000195001
Time arrive: 1627.930978497237, time_travel to 14: 22.656566377101363
t_charge: 1.4202232745002603
e_remain: 10567.48640136644, e_depot: 10376.895882619077, er: 355.5501973809223
Energy after charge: 10574.443605264736
-----------------------
Node ~69 ~
Init energy: 10758.0392, Charge rate: 0.06294120000015001
Time arrive: 1669.5128750436518, time_travel to 69: 40.16167327191435
t_charge: 5.420492856500658
e_remain: 10652.958056229052, e_depot: 10559.882504697269, er: 198.15669530273044
Energy after charge: 10679.719348186574
-----------------------
Node ~46 ~
Init energy: 10769.28152, Charge rate: 0.0460777200012
Time arrive: 1715.2143807970497, time_travel to 46: 40.28101289689722
t_charge: 10.166055709062457
e_remain: 10690.248352019602, e_depot: 10655.20505251808, er: 114.07646748192019
Energy after charge: 10740.610201896436
-----------------------
Node ~57 ~
Init energy: 10784.07, Charge rate: 0.023895
Time arrive: 1784.9968771915471, time_travel to 57: 59.61644068543509
t_charge: 3.3354580729547485
e_remain: 10741.417499619507, e_depot: 10715.229892884645, er: 68.84010711535484
Energy after charge: 10758.015089213628
-----------------------
Node ~66 ~
Init energy: 10700.02212, Charge rate: 0.14996682000165001
Time arrive: 1831.467471754375, time_travel to 66: 43.13513648987331
t_charge: 34.99225270496258
e_remain: 10425.362767324534, e_depot: 10338.269754945102, er: 361.7523650548974
Energy after charge: 10595.07635398649
-----------------------
Node ~64 ~
Init energy: 10752.75068, Charge rate: 0.07087398000045
Time arrive: 1869.0903137469309, time_travel to 64: 2.630589287593181
t_charge: 21.80207326296934
e_remain: 10620.280810484464, e_depot: 10608.111399162839, er: 144.6392808371602
Energy after charge: 10727.745977094903
-----------------------
Node ~56 ~
Init energy: 10563.4368, Charge rate: 0.354844800003
Time arrive: 1936.4419204872038, time_travel to 56: 45.549533477303584
t_charge: 51.142640738283305
e_remain: 9876.300454007293, e_depot: 9549.202156626607, er: 1014.2346433733928
Energy after charge: 10113.865957574308
-----------------------
Node ~20 ~
Init energy: 10764.32708, Charge rate: 0.05350938000029999
Time arrive: 2036.3751340854155, time_travel to 20: 48.79057285992859
t_charge: 3.61110642195715
e_remain: 10655.361909127061, e_depot: 10590.878828121462, er: 173.44825187853712
Energy after charge: 10673.224213171094
-----------------------
Node ~17 ~
Init energy: 10787.64, Charge rate: 0.018540000000450002
Time arrive: 2063.035752432791, time_travel to 17: 23.04951192541829
t_charge: 3.0359436295125093
e_remain: 10749.391317148968, e_depot: 10736.467236485287, er: 51.17276351471264
Energy after charge: 10764.514748901638
-----------------------
Node ~71 ~
Init energy: 10773.0702, Charge rate: 0.04039470000075
Time arrive: 2146.134171667296, time_travel to 71: 80.06247560499239
t_charge: 13.027948224970148
e_remain: 10686.377753974142, e_depot: 10693.6420559583, er: 79.42814404169985
Energy after charge: 10750.99123503882
-----------------------
Node ~67 ~
Init energy: 10760.06808, Charge rate: 0.05989788000045
Time arrive: 2182.3086099069533, time_travel to 67: 23.146490014686893
t_charge: 29.25216862351966
e_remain: 10629.352420759844, e_depot: 10691.961448239355, er: 68.10663176064372
Energy after charge: 10773.861120991478
-----------------------
Node ~36 ~
Init energy: 10699.66352, Charge rate: 0.15050472
Time arrive: 2251.7528175431926, time_travel to 36: 40.19203901271992
t_charge: 9.938663964467526
e_remain: 10360.764092686451, e_depot: 10210.718130348574, er: 488.945389651426
Energy after charge: 10408.961596671643
-----------------------
Node ~74 ~
Init energy: 10659.2458, Charge rate: 0.21113130000450003
Time arrive: 2326.762826967855, time_travel to 74: 65.07134546019469
t_charge: 11.24934026361272
e_remain: 10167.993339540131, e_depot: 9959.878385269463, er: 699.3674147305373
Energy after charge: 10221.864953024146
-----------------------
Node ~42 ~
Init energy: 10706.57432, Charge rate: 0.14013852000075
Time arrive: 2378.745446009391, time_travel to 42: 40.7332787779231
t_charge: 23.461317495047545
e_remain: 10373.22045373772, e_depot: 10322.341609832165, er: 384.23271016783474
Energy after charge: 10487.239206901933
-----------------------
Node ~21 ~
Init energy: 10781.23232, Charge rate: 0.028151520000300002
Time arrive: 2436.560220390173, time_travel to 21: 34.35345688573422
t_charge: 12.659205439142177
e_remain: 10712.63944622375, e_depot: 10743.7773647502, er: 37.45495524979924
Energy after charge: 10775.579097544352
-----------------------
Node ~8 ~
Init energy: 10741.28264, Charge rate: 0.0880760400012
Time arrive: 2472.044850250342, time_travel to 8: 22.825424421026653
t_charge: 19.75328227882562
e_remain: 10523.55471888459, e_depot: 10524.835252638806, er: 216.44738736119325
Energy after charge: 10620.581339398574
-----------------------
Node ~45 ~
Init energy: 10563.4368, Charge rate: 0.354844800003
Time arrive: 2527.643355362901, time_travel to 45: 35.84522283373337
t_charge: 47.854976909810276
e_remain: 9666.515699087338, e_depot: 9532.76383748424, er: 1030.6729625157586
Energy after charge: 9888.80949392568
-----------------------
Node ~24 ~
Init energy: 10794.06, Charge rate: 0.008910000000255
Time arrive: 2619.991028302509, time_travel to 24: 44.49269602979797
t_charge: 4.947328214272672
e_remain: 10770.715879937155, e_depot: 10786.908797942267, er: 7.151202057732007
Energy after charge: 10795.408440314128
-----------------------
Node ~13 ~
Init energy: 10691.2764, Charge rate: 0.1630854000045
Time arrive: 2669.715582871258, time_travel to 13: 44.77722635447622
t_charge: 25.031760758841624
e_remain: 10255.884766269195, e_depot: 10232.771718739144, er: 458.50468126085616
Energy after charge: 10376.96125534723
-----------------------
Node ~4 ~
Init energy: 10632.78276, Charge rate: 0.2508258600015
Time arrive: 2713.7315475902346, time_travel to 4: 18.984203960134856
t_charge: 13.328528492678469
e_remain: 9952.108710762477, e_depot: 9801.74912005939, er: 831.0336399406096
Energy after charge: 10015.40821360414
-----------------------
Node ~59 ~
Init energy: 10659.2458, Charge rate: 0.21113130000450003
Time arrive: 2792.0603837744925, time_travel to 59: 65.00030769157942
t_charge: 17.74834280282992
e_remain: 10069.75446148263, e_depot: 9992.37339796555, er: 666.8724020344507
Energy after charge: 10154.748944807892
-----------------------
Node ~43 ~
Init energy: 10785.91, Charge rate: 0.02113500000015
Time arrive: 2830.5567385302784, time_travel to 43: 20.748011952955878
t_charge: 10.889101777282463
e_remain: 10726.086183330737, e_depot: 10764.71582712222, er: 21.194172877780147
Energy after charge: 10780.301551051085
-----------------------
Node ~23 ~
Init energy: 10773.9828, Charge rate: 0.03902580000045
Time arrive: 2886.17524897792, time_travel to 23: 44.72940867035915
t_charge: 9.494538073330077
e_remain: 10661.347501967139, e_depot: 10681.786737463593, er: 92.19606253640632
Energy after charge: 10708.449660389842
-----------------------
Node ~7 ~
Init energy: 10563.4368, Charge rate: 0.354844800003
Time arrive: 2917.7903657055263, time_travel to 7: 22.120578654275754
t_charge: 48.079729116610885
e_remain: 9528.074061230542, e_depot: 9533.887598518244, er: 1029.5492014817555
Energy after charge: 9751.411864951015
-----------------------
Node ~35 ~
Init energy: 10765.17264, Charge rate: 0.052241040001049996
Time arrive: 2978.241028497491, time_travel to 35: 12.370933675353692
t_charge: 10.417935821640382
e_remain: 10609.586231297495, e_depot: 10630.297774954817, er: 134.87486504518347
Energy after charge: 10661.131666603711
-----------------------
Node ~16 ~
Init energy: 10777.11068, Charge rate: 0.03433398000045
Time arrive: 3014.7357739399417, time_travel to 16: 26.076809620810593
t_charge: 15.646819081231808
e_remain: 10673.602802230904, e_depot: 10732.467495022258, er: 44.64318497774184
Energy after charge: 10751.299680063657
-----------------------
Node ~50 ~
Init energy: 10663.1968, Charge rate: 0.205204800003
Time arrive: 3074.149703960782, time_travel to 50: 43.76711093960852
t_charge: 21.069291991003354
e_remain: 10032.366524819447, e_depot: 10034.13939108341, er: 629.0574089165893
Energy after charge: 10133.389464925245
-----------------------
Node ~28 ~
Init energy: 10772.8176, Charge rate: 0.04077360000075
Time arrive: 3163.7796260539076, time_travel to 28: 68.56063010212202
t_charge: 7.685965998991849
e_remain: 10643.818915036756, e_depot: 10665.323506246898, er: 107.49409375310279
Energy after charge: 10681.935360528452
-----------------------
Node ~48 ~
Init energy: 10716.0, Charge rate: 0.1260000000024
Time arrive: 3258.533841145206, time_travel to 48: 87.0682490923069
t_charge: 0.32352219140529426
e_remain: 10305.424736007884, e_depot: 10266.67841519634, er: 449.3215848036598
Energy after charge: 10307.001583168792
-----------------------
Node ~38 ~
Init energy: 10748.32128, Charge rate: 0.07751808000195
Time arrive: 3305.199137148152, time_travel to 38: 46.341773811540705
t_charge: 5.72713973165182
e_remain: 10492.108588864174, e_depot: 10499.528878242974, er: 248.7924017570258
Energy after charge: 10520.300330646533
-----------------------
Node ~22 ~
Init energy: 10659.2458, Charge rate: 0.21113130000450003
Time arrive: 3329.2052265213997, time_travel to 22: 18.278949641595933
t_charge: 8.987963908440562
e_remain: 9956.346372542761, e_depot: 9948.571503493604, er: 710.6742965063968
Energy after charge: 9999.388551580581
-----------------------
Node ~41 ~
Init energy: 10756.016, Charge rate: 0.06597600000090001
Time arrive: 3368.1063982150313, time_travel to 41: 29.91320778519081
t_charge: 25.953500036101158
e_remain: 10533.801812268333, e_depot: 10649.663147963473, er: 106.35285203652711
Energy after charge: 10661.857004330433
-----------------------
Node ~61 ~
Init energy: 10788.2, Charge rate: 0.017700000000449998
Time arrive: 3468.2609764104154, time_travel to 61: 74.20107815928284
t_charge: 5.203184119263927
e_remain: 10726.811780715976, e_depot: 10750.869700239058, er: 37.33029976094258
Energy after charge: 10752.735604953383
-----------------------
Node ~72 ~
Init energy: 10793.98, Charge rate: 0.009030000000254999
Time arrive: 3530.8728706702145, time_travel to 72: 57.4087101405353
t_charge: 2.83884827886817
e_remain: 10762.096217976947, e_depot: 10775.856932364528, er: 18.12306763547167
Energy after charge: 10776.264824571328
-----------------------
==============================================
Fitness: 0.020135350232697115, num_deaths: 0, max_er: 1032.9434669373622
