routes: [24 11  2  1 16  9  5 10 19 25 17 12  3 22  6  7  8 21 18 14 20 15 13  4
 23]
t_charge: [ 4.59166699 42.85667312  2.7636113   2.54083649  4.98593719  3.2334796
  4.830779   45.43774207  2.56886738  3.76046032  3.48942555  2.98970846
  1.37013814  5.3366848   8.78530958  0.50879455  0.68090575 28.75811271
 27.97980257 27.75216379 31.82670479 45.32562975  4.88709624  5.20448456
  3.36322153]
T: 1069.0535175075042, energy used: 2332.3664625366623
=================================
Node ~24 ~
Init energy: 10736.78132, Charge rate: 0.09482802000165
Time arrive: 23.63048878038709, time_travel to 24: 23.63048878038709
t_charge: 4.591666993453631
e_remain: 10734.540487537284, e_depot: 10658.363426626232, er: 78.41789337376758
Energy after charge: 10757.063403815057
-----------------------
Node ~11 ~
Init energy: 10610.2424, Charge rate: 0.28463640000150003
Time arrive: 43.30857350635761, time_travel to 11: 15.086417732516887
t_charge: 42.85667312105372
e_remain: 10597.91520354795, e_depot: 10520.23422097299, er: 90.00817902700874
Energy after charge: 10800.0
-----------------------
Node ~2 ~
Init energy: 10787.9, Charge rate: 0.01815000000045
Time arrive: 120.60533954250087, time_travel to 2: 34.44009291508953
t_charge: 2.763611299795805
e_remain: 10785.71101308725, e_depot: 10782.314735155736, er: 5.585264844263293
Energy after charge: 10799.478910041136
-----------------------
Node ~1 ~
Init energy: 10787.9, Charge rate: 0.01815000000045
Time arrive: 139.9158538757951, time_travel to 1: 16.546903033498445
t_charge: 2.5408364946186377
e_remain: 10785.36052725209, e_depot: 10781.20086112985, er: 6.699138870149909
Energy after charge: 10798.018593542805
-----------------------
Node ~16 ~
Init energy: 10771.50792, Charge rate: 0.04273811999985
Time arrive: 149.98795852391885, time_travel to 16: 7.531268153505093
t_charge: 4.9859371922399625
e_remain: 10765.097716630073, e_depot: 10750.748268443704, er: 20.759651556296376
Energy after charge: 10789.81431300924
-----------------------
Node ~9 ~
Init energy: 10751.7044, Charge rate: 0.0724434000015
Time arrive: 176.3748302751915, time_travel to 9: 21.4009345590327
t_charge: 3.2334795964010965
e_remain: 10738.927207620178, e_depot: 10690.4259263902, er: 61.27847360980013
Energy after charge: 10754.860361346384
-----------------------
Node ~5 ~
Init energy: 10756.62416, Charge rate: 0.0650637600018
Time arrive: 184.31575078996855, time_travel to 5: 4.707440918375928
t_charge: 4.830779002535695
e_remain: 10744.63188422605, e_depot: 10711.221413520489, er: 45.402746479510824
Energy after charge: 10768.471470593086
-----------------------
Node ~10 ~
Init energy: 10610.2424, Charge rate: 0.28463640000150003
Time arrive: 210.180787564054, time_travel to 10: 21.034257771549726
t_charge: 45.43774207337341
e_remain: 10550.417297278287, e_depot: 10533.13956573459, er: 77.10283426540991
Energy after charge: 10764.672772317192
-----------------------
Node ~19 ~
Init energy: 10757.84, Charge rate: 0.0632400000018
Time arrive: 289.3800461910421, time_travel to 19: 33.761516553614705
t_charge: 2.5688673805465307
e_remain: 10739.539605878357, e_depot: 10703.077392453633, er: 54.76260754636678
Energy after charge: 10752.22148760794
-----------------------
Node ~25 ~
Init energy: 10780.9512, Charge rate: 0.02857320000015
Time arrive: 302.8978861261254, time_travel to 25: 10.948972554536796
t_charge: 3.7604603211594565
e_remain: 10772.296438120095, e_depot: 10769.207221639192, er: 11.743978360807887
Energy after charge: 10790.991291341043
-----------------------
Node ~17 ~
Init energy: 10771.50792, Charge rate: 0.04273811999985
Time arrive: 335.9540799250458, time_travel to 17: 29.295733477760887
t_charge: 3.489425546851183
e_remain: 10757.149874217725, e_depot: 10743.26571021676, er: 28.24220978324047
Energy after charge: 10774.447870464228
-----------------------
Node ~12 ~
Init energy: 10785.948, Charge rate: 0.0210780000006
Time arrive: 358.4529767954241, time_travel to 12: 19.009471323527123
t_charge: 2.9897084637439377
e_remain: 10778.39252815489, e_depot: 10778.363032276055, er: 7.584967723945738
Energy after charge: 10793.27805339861
-----------------------
Node ~3 ~
Init energy: 10792.71312, Charge rate: 0.0109303199997
Time arrive: 385.0435327015799, time_travel to 3: 23.600847442411894
t_charge: 1.3701381350683992
e_remain: 10788.504470973758, e_depot: 10787.87871363218, er: 4.834406367819611
Energy after charge: 10795.34018560084
-----------------------
Node ~22 ~
Init energy: 10736.78132, Charge rate: 0.09482802000165
Time arrive: 448.6217089024803, time_travel to 22: 62.20803806583198
t_charge: 5.3366848038316315
e_remain: 10694.23941161502, e_depot: 10662.088515678122, er: 74.6928043218777
Energy after charge: 10720.41676838086
-----------------------
Node ~6 ~
Init energy: 10753.77792, Charge rate: 0.06933312000149999
Time arrive: 520.281542003117, time_travel to 6: 66.3231482968051
t_charge: 8.7853095785987
e_remain: 10717.705177413733, e_depot: 10723.58365207562, er: 30.194267924380256
Energy after charge: 10761.022612383464
-----------------------
Node ~7 ~
Init energy: 10793.54, Charge rate: 0.00969000000027
Time arrive: 573.5159235630293, time_travel to 7: 44.44907198131362
t_charge: 0.5087945546852801
e_remain: 10787.98263070052, e_depot: 10785.724844188491, er: 7.815155811509612
Energy after charge: 10790.521673254712
-----------------------
Node ~8 ~
Init energy: 10779.684, Charge rate: 0.030474000000450002
Time arrive: 594.2603302903177, time_travel to 8: 20.235612172603034
t_charge: 0.6809057517715638
e_remain: 10761.574510694465, e_depot: 10750.510191865853, er: 29.173808134146384
Energy after charge: 10764.958289531443
-----------------------
Node ~21 ~
Init energy: 10659.4884, Charge rate: 0.2107674000015
Time arrive: 632.7671530831869, time_travel to 21: 37.82591704109763
t_charge: 28.758112710033167
e_remain: 10526.121712338305, e_depot: 10577.957333202652, er: 81.5310667973481
Energy after charge: 10663.851003243626
-----------------------
Node ~18 ~
Init energy: 10659.4884, Charge rate: 0.2107674000015
Time arrive: 687.041535113009, time_travel to 18: 25.516269319788897
t_charge: 27.979802573056787
e_remain: 10514.682441951192, e_depot: 10574.06578251777, er: 85.42261748223063
Energy after charge: 10648.684224575598
-----------------------
Node ~14 ~
Init energy: 10659.4884, Charge rate: 0.2107674000015
Time arrive: 742.4701992289422, time_travel to 14: 27.448861542876422
t_charge: 27.752163790217615
e_remain: 10502.99988652992, e_depot: 10572.927588603574, er: 86.56081139642629
Energy after charge: 10635.911454074529
-----------------------
Node ~20 ~
Init energy: 10649.26792, Charge rate: 0.22609812000149998
Time arrive: 776.2256954270813, time_travel to 20: 6.003332407921453
t_charge: 31.826704791081287
e_remain: 10473.76474956708, e_depot: 10566.69045346597, er: 82.57746653403046
Energy after charge: 10625.702315403381
-----------------------
Node ~15 ~
Init energy: 10610.2424, Charge rate: 0.28463640000150003
Time arrive: 828.991359122559, time_travel to 15: 20.93895890439637
t_charge: 45.3256297532504
e_remain: 10374.281283907003, e_depot: 10532.579004133975, er: 77.66339586602408
Energy after charge: 10588.008108592488
-----------------------
Node ~13 ~
Init energy: 10785.948, Charge rate: 0.0210780000006
Time arrive: 913.9780529059132, time_travel to 13: 39.66106403010388
t_charge: 4.8870962395135145
e_remain: 10766.683170600301, e_depot: 10787.849971154903, er: 0
Energy after charge: 10791.01564158333
-----------------------
Node ~4 ~
Init energy: 10756.62416, Charge rate: 0.0650637600018
Time arrive: 950.0067611782036, time_travel to 4: 31.141612032776983
t_charge: 5.2044845622683225
e_remain: 10694.813148090614, e_depot: 10713.089941319153, er: 43.53421868084661
Energy after charge: 10720.496947567462
-----------------------
Node ~23 ~
Init energy: 10736.78132, Charge rate: 0.09482802000165
Time arrive: 1026.8573203014694, time_travel to 23: 71.6460745609974
t_charge: 3.363221528139754
e_remain: 10639.406473491612, e_depot: 10652.221199299664, er: 84.56012070033648
Energy after charge: 10655.90365349397
-----------------------
==============================================
Fitness: 0.0017545454001366221, num_deaths: 0, max_er: 90.00817902700874
