routes: [26  1 12 21 31 45 37 28 11 34 33  8 36 10 48 40 50 43  4  2 15 20  3 47
 39 30 14 16 23 46 13 18  6  7 27  5 42 29 19  9 25 35 24 41 44 22 17 49
 38 32]
t_charge: [5.68600342e+00 2.21762548e+01 1.40352038e-02 5.94413192e-01
 1.64480407e-01 1.09118098e+00 1.48503127e+00 2.06028567e+01
 1.50753748e+01 1.17673477e+00 7.51647621e-01 2.59229735e+00
 7.35583352e+00 3.63603317e+00 1.39888665e+00 1.41955385e+00
 8.11517825e-01 9.98499146e+00 1.14153858e+00 6.21360842e+01
 2.26919249e+01 9.13114135e-02 8.95465691e+01 2.60836429e+00
 9.48707989e-01 1.71121851e+00 1.33275366e+01 3.12041135e+00
 5.39779347e+00 2.25705536e-01 9.79238981e+00 3.70593298e+01
 2.71023065e+01 6.79251382e+00 4.03673794e+00 4.83407726e+00
 2.36213062e+01 1.05842053e+00 5.93887567e-01 2.91428775e+01
 1.50884101e+00 1.60624541e+01 1.90139028e+00 1.16720421e+01
 2.33811947e+01 4.22510599e+00 2.24252259e+01 3.51815171e+00
 2.24303673e+00 2.03913702e+00]
T: 2166.444404360821, energy used: 4294.3432812407655
=================================
Node ~26 ~
Init energy: 10731.6728, Charge rate: 0.1024908000024
Time arrive: 4.8373546489791295, time_travel to 26: 4.8373546489791295
t_charge: 5.6860034153019505
e_remain: 10731.17701565213, e_depot: 10538.062196912846, er: 193.61060308715423
Energy after charge: 10759.02426968979
-----------------------
Node ~1 ~
Init energy: 10695.9536, Charge rate: 0.156069600003
Time arrive: 21.617500662968013, time_travel to 1: 11.09414259868693
t_charge: 22.176254778887674
e_remain: 10692.579765318467, e_depot: 10468.718762277107, er: 227.23483772289364
Energy after charge: 10800.0
-----------------------
Node ~12 ~
Init energy: 10786.88112, Charge rate: 0.01967831999985
Time arrive: 90.52104939303587, time_travel to 12: 46.72729395118019
t_charge: 0.014035203849656978
e_remain: 10785.099817823322, e_depot: 10744.31930976835, er: 42.56181023164936
Energy after charge: 10785.169717653338
-----------------------
Node ~21 ~
Init energy: 10785.78216, Charge rate: 0.0213267600003
Time arrive: 106.50505641902723, time_travel to 21: 15.969971822141705
t_charge: 0.5944131924961027
e_remain: 10783.510752222934, e_depot: 10742.550986096685, er: 43.23117390331572
Energy after charge: 10786.470141277916
-----------------------
Node ~31 ~
Init energy: 10793.96, Charge rate: 0.009060000000255
Time arrive: 121.31214001507523, time_travel to 31: 14.212670403551893
t_charge: 0.16448040732712227
e_remain: 10792.860912011432, e_depot: 10775.154415732573, er: 18.80558426742573
Energy after charge: 10793.681823855577
-----------------------
Node ~45 ~
Init energy: 10793.96, Charge rate: 0.009060000000255
Time arrive: 181.63973204405968, time_travel to 45: 60.163111621657336
t_charge: 1.0911809795961727
e_remain: 10792.314344027634, e_depot: 10779.787918593918, er: 14.172081406080906
Energy after charge: 10797.76036282594
-----------------------
Node ~37 ~
Init energy: 10785.59256, Charge rate: 0.0216111600003
Time arrive: 207.75010565651274, time_travel to 37: 25.01919263285688
t_charge: 1.485031268120866
e_remain: 10781.102839226576, e_depot: 10746.198339686209, er: 39.394220313790356
Energy after charge: 10788.49590231884
-----------------------
Node ~28 ~
Init energy: 10698.31248, Charge rate: 0.15253128000149999
Time arrive: 230.72839168048668, time_travel to 28: 21.493254755853055
t_charge: 20.60285666553734
e_remain: 10663.119183084289, e_depot: 10470.876225278444, er: 227.4362547215569
Energy after charge: 10762.990886313093
-----------------------
Node ~11 ~
Init energy: 10732.16064, Charge rate: 0.10175904000210001
Time arrive: 270.21722197726683, time_travel to 11: 18.88597363124284
t_charge: 15.075374789719474
e_remain: 10704.663594899559, e_depot: 10587.082211142919, er: 145.07842885708124
Energy after charge: 10778.506413181884
-----------------------
Node ~34 ~
Init energy: 10793.28, Charge rate: 0.010080000000270001
Time arrive: 317.4745793038034, time_travel to 34: 32.18198253681709
t_charge: 1.1767347707250575
e_remain: 10790.079856240533, e_depot: 10777.325914257084, er: 15.954085742916504
Energy after charge: 10795.95166860767
-----------------------
Node ~33 ~
Init energy: 10788.9792, Charge rate: 0.016531200000600002
Time arrive: 322.2290228385281, time_travel to 33: 3.577708763999664
t_charge: 0.7516476209767187
e_remain: 10783.652367577459, e_depot: 10756.923512366213, er: 32.055687633786874
Energy after charge: 10787.39818004519
-----------------------
Node ~8 ~
Init energy: 10787.6, Charge rate: 0.01860000000045
Time arrive: 336.52467282217447, time_travel to 8: 13.54400236266961
t_charge: 2.592297352696816
e_remain: 10781.340641085357, e_depot: 10760.2656208414, er: 27.334379158601223
Energy after charge: 10794.25391111808
-----------------------
Node ~36 ~
Init energy: 10756.468, Charge rate: 0.0652980000009
Time arrive: 348.5190975937058, time_travel to 36: 9.402127418834528
t_charge: 7.35583352103786
e_remain: 10733.710399965013, e_depot: 10651.782680887287, er: 104.68531911271384
Energy after charge: 10770.00924635294
-----------------------
Node ~10 ~
Init energy: 10781.3, Charge rate: 0.028050000000750003
Time arrive: 361.3155193182379, time_travel to 10: 5.440588203494178
t_charge: 3.6360331732097633
e_remain: 10771.165099682852, e_depot: 10738.711400322103, er: 42.58859967789613
Energy after charge: 10789.24327481839
-----------------------
Node ~48 ~
Init energy: 10791.06528, Charge rate: 0.013402079999730001
Time arrive: 398.3731024255844, time_travel to 48: 33.421549934136806
t_charge: 1.3988866545481713
e_remain: 10785.726251811553, e_depot: 10769.02485205053, er: 22.04042794947054
Energy after charge: 10792.70193709344
-----------------------
Node ~40 ~
Init energy: 10791.9738, Charge rate: 0.012039300000165
Time arrive: 429.1229686208566, time_travel to 40: 29.35097954072402
t_charge: 1.4195538513058168
e_remain: 10786.807459843812, e_depot: 10772.98909513875, er: 18.984704861250066
Energy after charge: 10793.88813866566
-----------------------
Node ~50 ~
Init energy: 10793.8, Charge rate: 0.009300000000255
Time arrive: 448.9392613135984, time_travel to 50: 18.396738841436
t_charge: 0.8115178252041498
e_remain: 10789.62486486967, e_depot: 10777.709656164912, er: 16.09034383508697
Energy after charge: 10793.674906879914
-----------------------
Node ~43 ~
Init energy: 10757.648, Charge rate: 0.06352800000075
Time arrive: 505.354016454628, time_travel to 43: 55.60323731582541
t_charge: 9.984991463715058
e_remain: 10725.543870042291, e_depot: 10669.943077196715, er: 87.70492280328472
Energy after charge: 10774.834500823152
-----------------------
Node ~4 ~
Init energy: 10787.92, Charge rate: 0.01812000000045
Time arrive: 567.7393895963422, time_travel to 4: 52.400381677999256
t_charge: 1.1415385847815487
e_remain: 10777.632562260258, e_depot: 10754.371720315916, er: 33.548279684084264
Energy after charge: 10783.31957050501
-----------------------
Node ~2 ~
Init energy: 10640.6128, Charge rate: 0.2390808000015
Time arrive: 586.8698136385389, time_travel to 2: 17.988885457415087
t_charge: 62.13608415132612
e_remain: 10500.303495458567, e_depot: 10433.337959403274, er: 207.2748405967268
Energy after charge: 10796.128371507339
-----------------------
Node ~15 ~
Init energy: 10725.90864, Charge rate: 0.1111370400018
Time arrive: 656.205897789865, time_travel to 15: 7.2
t_charge: 22.69192489247507
e_remain: 10652.979858887911, e_depot: 10598.59604603325, er: 127.31259396674977
Energy after charge: 10763.917569985793
-----------------------
Node ~20 ~
Init energy: 10793.94, Charge rate: 0.009090000000255
Time arrive: 718.452342019579, time_travel to 20: 39.55451933723882
t_charge: 0.09131141352605687
e_remain: 10787.409268210858, e_depot: 10774.703577431437, er: 19.236422568563285
Energy after charge: 10787.86499525774
-----------------------
Node ~3 ~
Init energy: 10592.99616, Charge rate: 0.3105057600015
Time arrive: 754.378831680185, time_travel to 3: 35.835178247080066
t_charge: 89.54656911326461
e_remain: 10358.7571875401, e_depot: 10368.03553928927, er: 224.96062071072993
Energy after charge: 10778.685307608383
-----------------------
Node ~47 ~
Init energy: 10793.44, Charge rate: 0.00984000000027
Time arrive: 887.4248260770094, time_travel to 47: 43.49942528355978
t_charge: 2.6083642946251833
e_remain: 10784.707739711163, e_depot: 10785.164008533631, er: 8.275991466369305
Energy after charge: 10797.72389487963
-----------------------
Node ~39 ~
Init energy: 10793.7, Charge rate: 0.009450000000255001
Time arrive: 918.304023397918, time_travel to 39: 28.27083302628347
t_charge: 0.9487079894556494
e_remain: 10785.022026978657, e_depot: 10777.970640325517, er: 15.72935967448393
Energy after charge: 10789.756601635434
-----------------------
Node ~30 ~
Init energy: 10793.68, Charge rate: 0.009480000000255
Time arrive: 937.5229256939484, time_travel to 30: 18.270194306574847
t_charge: 1.7112185085990619
e_remain: 10784.792282664182, e_depot: 10781.698199589102, er: 11.981800410898359
Energy after charge: 10793.332152855715
-----------------------
Node ~14 ~
Init energy: 10761.0042, Charge rate: 0.05849370000045
Time arrive: 1006.1484177172468, time_travel to 14: 66.91427351469939
t_charge: 13.32753655491908
e_remain: 10702.15085629812, e_depot: 10700.918533718259, er: 60.08566628174049
Energy after charge: 10768.008962147727
-----------------------
Node ~16 ~
Init energy: 10739.344, Charge rate: 0.09098400000165
Time arrive: 1045.5136192980472, time_travel to 16: 26.037665025881257
t_charge: 3.1204113525866632
e_remain: 10644.21898886006, e_depot: 10557.834279072993, er: 181.50972092700613
Energy after charge: 10659.537138116484
-----------------------
Node ~23 ~
Init energy: 10788.65608, Charge rate: 0.01701588
Time arrive: 1081.8924130526689, time_travel to 23: 33.25838240203513
t_charge: 5.3977934680518755
e_remain: 10770.246728526587, e_depot: 10778.781089328984, er: 9.874990671016349
Energy after charge: 10797.14384766093
-----------------------
Node ~46 ~
Init energy: 10790.42056, Charge rate: 0.014369160000465
Time arrive: 1126.7353583140655, time_travel to 46: 39.44515179334464
t_charge: 0.22570553596941062
e_remain: 10774.230319358205, e_depot: 10760.419101401474, er: 30.00145859852637
Energy after charge: 10775.355603839093
-----------------------
Node ~13 ~
Init energy: 10779.60172, Charge rate: 0.0305974200006
Time arrive: 1187.3524539648517, time_travel to 13: 60.391390114816865
t_charge: 9.79238981165986
e_remain: 10743.271798277296, e_depot: 10762.276059710122, er: 17.325660289878215
Energy after charge: 10791.934125471718
-----------------------
Node ~18 ~
Init energy: 10695.9536, Charge rate: 0.156069600003
Time arrive: 1240.7906912307656, time_travel to 18: 43.64584745425388
t_charge: 37.05932979546118
e_remain: 10502.30389313217, e_depot: 10543.134137359975, er: 152.81946264002545
Energy after charge: 10681.816707331918
-----------------------
Node ~6 ~
Init energy: 10695.9536, Charge rate: 0.156069600003
Time arrive: 1313.8600196377236, time_travel to 6: 36.00999861149678
t_charge: 27.10230645737744
e_remain: 10490.899992275208, e_depot: 10493.349020669557, er: 202.6045793304438
Energy after charge: 10622.181678434134
-----------------------
Node ~7 ~
Init energy: 10765.32164, Charge rate: 0.052017540000899996
Time arrive: 1351.362326095101, time_travel to 7: 10.4
t_charge: 6.792513815994937
e_remain: 10695.02709614664, e_depot: 10686.59110061641, er: 78.73053938359044
Energy after charge: 10728.636335367484
-----------------------
Node ~27 ~
Init energy: 10770.3014, Charge rate: 0.0445479000006
Time arrive: 1391.8713047317144, time_travel to 27: 33.71646482061843
t_charge: 4.036737941505816
e_remain: 10708.296456303107, e_depot: 10693.974541025204, er: 76.32685897479678
Energy after charge: 10728.300317812489
-----------------------
Node ~5 ~
Init energy: 10774.77696, Charge rate: 0.037834560000149994
Time arrive: 1425.514123129775, time_travel to 5: 29.606080456554867
t_charge: 4.83407726493318
e_remain: 10720.843260377385, e_depot: 10716.980875520887, er: 57.796084479112324
Energy after charge: 10744.830751515727
-----------------------
Node ~42 ~
Init energy: 10695.9536, Charge rate: 0.156069600003
Time arrive: 1469.0821648187123, time_travel to 42: 38.7339644240039
t_charge: 23.62130619792112
e_remain: 10466.674534165202, e_depot: 10475.944019372275, er: 220.00958062772588
Energy after charge: 10581.09449734495
-----------------------
Node ~29 ~
Init energy: 10792.6056, Charge rate: 0.01109159999988
Time arrive: 1569.6585228326123, time_travel to 29: 76.95505181597892
t_charge: 1.058420533899227
e_remain: 10775.19557552834, e_depot: 10773.868367914349, er: 18.737232085652067
Energy after charge: 10780.475938620642
-----------------------
Node ~19 ~
Init energy: 10784.57124, Charge rate: 0.0231431399997
Time arrive: 1590.5330983921465, time_travel to 19: 19.81615502563502
t_charge: 0.5938875669098468
e_remain: 10747.761309829753, e_depot: 10737.402351682858, er: 47.168888317140954
Energy after charge: 10750.717003241198
-----------------------
Node ~9 ~
Init energy: 10695.9536, Charge rate: 0.156069600003
Time arrive: 1623.2374204002158, time_travel to 9: 32.11043444115946
t_charge: 29.14287747090919
e_remain: 10442.615585088237, e_depot: 10503.551875737216, er: 192.40172426278514
Energy after charge: 10583.781655212963
-----------------------
Node ~25 ~
Init energy: 10749.89848, Charge rate: 0.07515228000165
Time arrive: 1688.1495584170184, time_travel to 25: 35.76926054589332
t_charge: 1.508841006558174
e_remain: 10623.030191701182, e_depot: 10594.62944854826, er: 155.26903145174037
Energy after charge: 10630.461003892171
-----------------------
Node ~35 ~
Init energy: 10752.4298, Charge rate: 0.0713553000009
Time arrive: 1712.5459506250486, time_travel to 35: 22.887551201471947
t_charge: 16.062454062169248
e_remain: 10630.230569927822, e_depot: 10678.154779902408, er: 74.27502009759155
Energy after charge: 10709.39669901031
-----------------------
Node ~24 ~
Init energy: 10793.42, Charge rate: 0.00987000000027
Time arrive: 1759.5954987749183, time_travel to 24: 30.987094087700445
t_charge: 1.901390283283698
e_remain: 10776.052792426617, e_depot: 10781.544145144793, er: 11.875854855206853
Energy after charge: 10785.54097712094
-----------------------
Node ~41 ~
Init energy: 10757.648, Charge rate: 0.06352800000075
Time arrive: 1796.4580103216856, time_travel to 41: 34.96112126348353
t_charge: 11.67204207661769
e_remain: 10643.522615518936, e_depot: 10678.378330261228, er: 79.26966973877097
Energy after charge: 10701.141324412973
-----------------------
Node ~44 ~
Init energy: 10695.9536, Charge rate: 0.156069600003
Time arrive: 1840.3604728113232, time_travel to 44: 32.23042041301975
t_charge: 23.38119473809757
e_remain: 10408.729277147006, e_depot: 10474.743462073156, er: 221.21013792684425
Energy after charge: 10521.986157127127
-----------------------
Node ~22 ~
Init energy: 10794.12, Charge rate: 0.00882000000024
Time arrive: 1909.0464134376828, time_travel to 22: 45.30474588826208
t_charge: 4.225105994041528
e_remain: 10777.282210633022, e_depot: 10796.137490323226, er: 0
Energy after charge: 10798.370475168362
-----------------------
Node ~17 ~
Init energy: 10695.9536, Charge rate: 0.156069600003
Time arrive: 1974.7066885126344, time_travel to 17: 61.43516908091
t_charge: 22.425225940409067
e_remain: 10387.761917000586, e_depot: 10469.963618084714, er: 225.989981915287
Energy after charge: 10496.388150660134
-----------------------
Node ~49 ~
Init energy: 10789.7328, Charge rate: 0.01540080000015
Time arrive: 2059.1254625044335, time_travel to 49: 61.99354805138999
t_charge: 3.5181517141423
e_remain: 10758.020620576752, e_depot: 10773.958581587707, er: 15.774218412292612
Energy after charge: 10775.557196796544
-----------------------
Node ~38 ~
Init energy: 10793.06, Charge rate: 0.010410000000285
Time arrive: 2094.53405165678, time_travel to 38: 31.890437438203946
t_charge: 2.243036730207682
e_remain: 10771.255900521655, e_depot: 10781.722497401024, er: 11.337502598975334
Energy after charge: 10782.447734160332
-----------------------
Node ~32 ~
Init energy: 10787.92, Charge rate: 0.01812000000045
Time arrive: 2143.099868959833, time_travel to 32: 46.32278057284558
t_charge: 2.0391370240511524
e_remain: 10749.087030373483, e_depot: 10758.859712512263, er: 29.060287487736787
Energy after charge: 10759.245766330861
-----------------------
==============================================
Fitness: 0.004433455257730153, num_deaths: 0, max_er: 227.4362547215569
