routes: [ 56  47  63  66  45  21   4  87  43  30  29  36  51  79  73  91  53  59
  58  60  78  97  57  74  49  28   9   6   7  27  26   1  81  84  44  86
  12  18  14  93  33  13  32  10  52  19  35 100  38  67  46  64  42  23
  72  41  24   2  39  11  71  50  25  82   5   8  77  98  31  20  76  34
  22  62  55  54  94  83  88  99  37  68  65  85   3  15  48  16  40  17
  61  75  69  90  70  95  96  89  92  80]
t_charge: [3.41259997e+00 8.62215901e+01 4.68520449e+00 3.70050170e+00
 7.22572660e+00 5.97845120e+00 1.94480959e+00 5.62227178e+00
 1.16242144e+01 3.25593062e+00 5.60932848e+00 8.93167470e+00
 1.69754756e+01 1.35172730e+00 1.82100890e+01 9.23268019e-01
 7.81900447e+00 5.65753379e+00 2.08643494e+00 4.87730737e+00
 3.61585491e+00 1.18664119e+01 5.16139705e+00 1.09030778e+01
 3.91257684e+00 3.45916005e+00 4.89269376e-01 1.05554652e+01
 1.31151289e+01 1.07606388e+01 6.49031582e+00 3.04838111e+00
 6.82749458e+00 1.45296684e+01 1.21438271e+01 4.16129805e+00
 1.70435639e+01 8.01860847e+00 1.55384592e+00 5.37451180e+00
 1.42527056e+01 4.04888058e+00 8.68458813e+00 6.18309377e+00
 3.84406371e+00 2.44177860e+01 1.23752216e+01 5.42286755e+00
 1.20263847e-02 1.17094981e+00 1.13595515e+01 2.24000517e+01
 3.22843160e+00 7.41830648e+00 9.08204822e+00 1.39199387e+01
 1.34090794e+01 8.27871376e+00 2.51251458e+01 1.13237061e+01
 3.13287166e+01 1.04017127e+01 5.38306028e+00 2.24907653e+01
 2.35535390e+01 7.77144155e-01 1.19404998e+00 5.46753427e+00
 1.78237384e+01 1.84761500e-01 9.16169383e+00 6.00688899e+00
 9.73011573e+00 1.66424351e+01 6.05994139e+00 2.17919338e+01
 7.09491715e+00 2.39800247e+01 3.19884926e+00 1.62423316e+01
 3.13083886e+01 9.24083283e+00 1.13475874e+01 1.82125697e+01
 6.29390621e+00 7.94781656e+00 2.17964986e+01 3.78009877e+01
 2.69426656e+00 2.42648279e+01 2.75747739e+01 1.67596060e+01
 2.32690292e+01 8.17857012e+00 1.35892820e+01 2.41204872e+01
 1.92801228e+01 9.54100422e-01 1.08558494e+01 7.76770744e+00]
T: 4731.865976628482, energy used: 9239.354619098413
=================================
Node ~56 ~
Init energy: 10742.34384, Charge rate: 0.08648424000195
Time arrive: 14.449913494550753, time_travel to 56: 14.449913494550753
t_charge: 3.4125999730953156
e_remain: 10741.09415021333, e_depot: 10350.175007085678, er: 392.1688329143217
Energy after charge: 10757.862013963702
-----------------------
Node ~47 ~
Init energy: 10446.38472, Charge rate: 0.5304229200045001
Time arrive: 59.87441654284608, time_travel to 47: 42.01190307520001
t_charge: 86.22159008758148
e_remain: 10414.625957143779, e_depot: 8367.602502044681, er: 2078.7822179553186
Energy after charge: 10800.0
-----------------------
Node ~63 ~
Init energy: 10568.05732, Charge rate: 0.34791402000000005
Time arrive: 152.89894717110553, time_travel to 63: 6.80294054067798
t_charge: 4.685204485948089
e_remain: 10514.861632635933, e_depot: 8945.200828399698, er: 1622.8564916003015
Energy after charge: 10536.657606738445
-----------------------
Node ~66 ~
Init energy: 10765.3872, Charge rate: 0.0519192000012
Time arrive: 167.61610062024118, time_travel to 66: 10.031948963187563
t_charge: 3.7005016962799546
e_remain: 10756.684706148475, e_depot: 10538.215012461953, er: 227.17218753804627
Energy after charge: 10774.9950875422
-----------------------
Node ~45 ~
Init energy: 10721.24, Charge rate: 0.1181400000033
Time arrive: 189.75243698707513, time_travel to 45: 18.435834670553977
t_charge: 7.225726601654592
e_remain: 10698.82264709372, e_depot: 10198.345986513768, er: 522.8940134862314
Energy after charge: 10734.09763276125
-----------------------
Node ~21 ~
Init energy: 10770.07728, Charge rate: 0.0448840800006
Time arrive: 229.09607136616754, time_travel to 21: 32.11790777743781
t_charge: 5.978451200241365
e_remain: 10759.794513604977, e_depot: 10587.584084954096, er: 182.49319504590312
Energy after charge: 10789.418432324232
-----------------------
Node ~4 ~
Init energy: 10775.34, Charge rate: 0.03699000000105
Time arrive: 241.9009418327593, time_travel to 4: 6.826419266350404
t_charge: 1.9448095941913959
e_remain: 10766.392084161353, e_depot: 10610.0323254905, er: 165.30767450950043
Energy after charge: 10776.04419362542
-----------------------
Node ~87 ~
Init energy: 10765.6096, Charge rate: 0.05158560000074999
Time arrive: 311.705607011825, time_travel to 87: 67.85985558487434
t_charge: 5.622271783306259
e_remain: 10749.530079238697, e_depot: 10549.624813389015, er: 215.98478661098488
Energy after charge: 10777.351409891919
-----------------------
Node ~43 ~
Init energy: 10684.2062, Charge rate: 0.173690700003
Time arrive: 363.46549901984594, time_travel to 43: 46.13762022471467
t_charge: 11.62421444760844
e_remain: 10621.075623048304, e_depot: 9920.446158437062, er: 763.7600415629386
Energy after charge: 10677.177677341955
-----------------------
Node ~30 ~
Init energy: 10772.75112, Charge rate: 0.0408733200006
Time arrive: 417.8326661029474, time_travel to 30: 42.742952635493026
t_charge: 3.2559306172861797
e_remain: 10755.672911731672, e_depot: 10595.623700823744, er: 177.1274191762568
Energy after charge: 10771.819484124082
-----------------------
Node ~29 ~
Init energy: 10773.58752, Charge rate: 0.0396187200006
Time arrive: 421.0885967202336, time_travel to 29: 0.0
t_charge: 5.609328479700995
e_remain: 10756.904528791094, e_depot: 10614.163689190094, er: 159.42383080990476
Energy after charge: 10784.728936775171
-----------------------
Node ~36 ~
Init energy: 10767.8, Charge rate: 0.04830000000135
Time arrive: 438.1119516586388, time_travel to 36: 11.41402645870422
t_charge: 8.931674696368729
e_remain: 10746.639192734296, e_depot: 10583.909246804298, er: 183.8907531957011
Energy after charge: 10790.866166328293
-----------------------
Node ~51 ~
Init energy: 10723.8024, Charge rate: 0.1142964000021
Time arrive: 468.0350531764506, time_travel to 51: 20.99142682144308
t_charge: 16.97547559400596
e_remain: 10670.30767834714, e_depot: 10267.844531548973, er: 455.957868451027
Energy after charge: 10753.244820568452
-----------------------
Node ~79 ~
Init energy: 10793.98, Charge rate: 0.009030000000254999
Time arrive: 532.5499860664754, time_travel to 79: 47.53945729601885
t_charge: 1.3517272959969238
e_remain: 10789.171073625683, e_depot: 10758.009886709822, er: 35.97011329017732
Energy after charge: 10795.917504008185
-----------------------
Node ~73 ~
Init energy: 10696.9184, Charge rate: 0.15462240000150002
Time arrive: 553.871690828659, time_travel to 73: 19.969977466186585
t_charge: 18.21008898487267
e_remain: 10611.277429871185, e_depot: 10056.316371132627, er: 640.6020288673735
Energy after charge: 10699.512187132466
-----------------------
Node ~91 ~
Init energy: 10776.31136, Charge rate: 0.03553296
Time arrive: 602.8583943122057, time_travel to 91: 30.77661449867415
t_charge: 0.923268019210501
e_remain: 10754.89001678924, e_depot: 10612.79049562315, er: 163.5208643768492
Energy after charge: 10759.473550439698
-----------------------
Node ~53 ~
Init energy: 10720.0168, Charge rate: 0.1199748000021
Time arrive: 651.0087731894816, time_travel to 53: 47.227110858065416
t_charge: 7.8190044670970815
e_remain: 10641.912152636978, e_depot: 10191.40714815274, er: 528.6096518472586
Energy after charge: 10680.069091475309
-----------------------
Node ~59 ~
Init energy: 10779.1384, Charge rate: 0.03129240000015
Time arrive: 670.8344424724216, time_travel to 59: 12.006664815842907
t_charge: 5.657533792291523
e_remain: 10758.146380292275, e_depot: 10659.354626073698, er: 119.78377392630136
Energy after charge: 10786.257011443291
-----------------------
Node ~58 ~
Init energy: 10787.14, Charge rate: 0.0192900000006
Time arrive: 686.8765802533109, time_travel to 58: 10.384603988597735
t_charge: 2.0864349359808125
e_remain: 10773.890150766501, e_depot: 10706.2944799879, er: 80.84552001209886
Energy after charge: 10784.282078116488
-----------------------
Node ~60 ~
Init energy: 10769.5474, Charge rate: 0.04567890000015
Time arrive: 696.2978635176486, time_travel to 60: 7.3348483283569
t_charge: 4.877307369644172
e_remain: 10737.741279522059, e_depot: 10577.787504087695, er: 191.75989591230427
Energy after charge: 10761.905026334673
-----------------------
Node ~78 ~
Init energy: 10778.328, Charge rate: 0.032508
Time arrive: 726.7822011719627, time_travel to 78: 25.60703028466987
t_charge: 3.6158549055558247
e_remain: 10754.701764204301, e_depot: 10642.58377535954, er: 135.74422464045892
Energy after charge: 10772.66349452081
-----------------------
Node ~97 ~
Init energy: 10761.08296, Charge rate: 0.058375560000750004
Time arrive: 746.3993060286942, time_travel to 97: 16.001249951175687
t_charge: 11.866411860888983
e_remain: 10717.511482526403, e_depot: 10544.18969307026, er: 216.89326692973918
Energy after charge: 10776.150833393269
-----------------------
Node ~57 ~
Init energy: 10783.49968, Charge rate: 0.02475048000045
Time arrive: 793.4935477972003, time_travel to 57: 35.22782990761708
t_charge: 5.161397052965522
e_remain: 10763.86033381476, e_depot: 10692.190711045476, er: 91.30896895452497
Energy after charge: 10789.539572025054
-----------------------
Node ~74 ~
Init energy: 10696.9184, Charge rate: 0.15462240000150002
Time arrive: 828.9501589936573, time_travel to 74: 30.295214143491375
t_charge: 10.903077770570887
e_remain: 10568.744136934776, e_depot: 10019.781315061118, er: 677.1370849388823
Energy after charge: 10621.573665735343
-----------------------
Node ~49 ~
Init energy: 10775.1526, Charge rate: 0.03727110000075
Time arrive: 862.7486511522667, time_travel to 49: 22.895414388038493
t_charge: 3.91257684426517
e_remain: 10742.99700874739, e_depot: 10618.353634216259, er: 156.79896578374064
Energy after charge: 10762.414066925892
-----------------------
Node ~28 ~
Init energy: 10787.28, Charge rate: 0.0190800000006
Time arrive: 896.2625793170374, time_travel to 28: 29.601351320505625
t_charge: 3.4591600527512374
e_remain: 10770.179309986093, e_depot: 10714.291797426848, er: 72.9882025731531
Energy after charge: 10787.40910947604
-----------------------
Node ~9 ~
Init energy: 10794.02, Charge rate: 0.008970000000255
Time arrive: 917.0202942227237, time_travel to 9: 17.29855485293497
t_charge: 0.4892693758214071
e_remain: 10785.794327960588, e_depot: 10754.021509067543, er: 39.99849093245757
Energy after charge: 10788.236286093394
-----------------------
Node ~6 ~
Init energy: 10761.2718, Charge rate: 0.058092300000899995
Time arrive: 937.3418604902316, time_travel to 6: 19.83229689168655
t_charge: 10.555465164769585
e_remain: 10706.819455437, e_depot: 10539.164147945496, er: 222.1076520545048
Energy after charge: 10758.983590011847
-----------------------
Node ~7 ~
Init energy: 10750.704, Charge rate: 0.07394400000105
Time arrive: 957.9631092807305, time_travel to 7: 10.065783625729296
t_charge: 13.115128884843635
e_remain: 10679.86837584634, e_depot: 10466.386546643433, er: 284.31745335656706
Energy after charge: 10744.474235180283
-----------------------
Node ~27 ~
Init energy: 10723.78192, Charge rate: 0.11432712000120002
Time arrive: 992.6819415517994, time_travel to 27: 21.60370338622524
t_charge: 10.76063877765591
e_remain: 10610.291452545183, e_depot: 10236.604504548679, er: 487.1774154513205
Energy after charge: 10662.86441359264
-----------------------
Node ~26 ~
Init energy: 10744.5712, Charge rate: 0.08314320000059999
Time arrive: 1014.2832445157494, time_travel to 26: 10.840664186294122
t_charge: 6.490315823000143
e_remain: 10660.24044534397, e_depot: 10383.600299844145, er: 360.9709001558549
Energy after charge: 10692.152398832432
-----------------------
Node ~1 ~
Init energy: 10740.5108, Charge rate: 0.0892338000015
Time arrive: 1030.6122594397486, time_travel to 1: 9.838699100999076
t_charge: 3.0483811088806227
e_remain: 10648.545351762059, e_depot: 10333.510323352035, er: 407.0004766479651
Energy after charge: 10663.515238676264
-----------------------
Node ~81 ~
Init energy: 10771.97856, Charge rate: 0.042032160000150004
Time arrive: 1045.6772956572693, time_travel to 81: 12.016655108639842
t_charge: 6.827494580732496
e_remain: 10728.026484600408, e_depot: 10607.225485074749, er: 164.75307492525098
Energy after charge: 10761.876983159453
-----------------------
Node ~84 ~
Init energy: 10696.9184, Charge rate: 0.15462240000150002
Time arrive: 1099.8241308927488, time_travel to 84: 47.31934065474708
t_charge: 14.529668445022107
e_remain: 10526.860953301799, e_depot: 10037.914268433375, er: 659.0041315666258
Energy after charge: 10597.262683320714
-----------------------
Node ~44 ~
Init energy: 10753.73488, Charge rate: 0.0693976800012
Time arrive: 1158.3542538808776, time_travel to 44: 44.00045454310671
t_charge: 12.143827076682266
e_remain: 10673.347782161147, e_depot: 10486.073494528782, er: 267.6613854712177
Energy after charge: 10733.224164119101
-----------------------
Node ~86 ~
Init energy: 10776.02, Charge rate: 0.03597000000105
Time arrive: 1214.8336197498202, time_travel to 86: 44.335538792260095
t_charge: 4.161298046686038
e_remain: 10732.322434696323, e_depot: 10626.621271049135, er: 149.39872895086592
Energy after charge: 10752.97924303901
-----------------------
Node ~12 ~
Init energy: 10696.9184, Charge rate: 0.15462240000150002
Time arrive: 1294.021579724117, time_travel to 12: 75.02666192761077
t_charge: 17.043563886827258
e_remain: 10496.833677689325, e_depot: 10050.4837456424, er: 646.4346543576012
Energy after charge: 10579.416180370701
-----------------------
Node ~18 ~
Init energy: 10780.18, Charge rate: 0.02973000000075
Time arrive: 1340.8892948981143, time_travel to 18: 29.824151287169933
t_charge: 8.018608470373547
e_remain: 10740.315361261673, e_depot: 10679.594666863155, er: 100.58533313684529
Energy after charge: 10780.17001038371
-----------------------
Node ~14 ~
Init energy: 10793.2, Charge rate: 0.01020000000027
Time arrive: 1362.671623795756, time_travel to 14: 13.763720427268202
t_charge: 1.5538459154599376
e_remain: 10779.300749436916, e_depot: 10752.704196614412, er: 40.49580338558917
Energy after charge: 10787.054129785878
-----------------------
Node ~93 ~
Init energy: 10787.62, Charge rate: 0.01857000000045
Time arrive: 1442.2264953454985, time_travel to 93: 78.00102563428253
t_charge: 5.37451179608437
e_remain: 10760.837853980785, e_depot: 10726.621807792302, er: 60.998192207698594
Energy after charge: 10787.610608277151
-----------------------
Node ~33 ~
Init energy: 10620.506, Charge rate: 0.2692410000015
Time arrive: 1505.8782754372055, time_travel to 33: 58.277268295622775
t_charge: 14.252705615385121
e_remain: 10215.061827240752, e_depot: 9417.757200656399, er: 1202.7487993436007
Energy after charge: 10282.487942605065
-----------------------
Node ~13 ~
Init energy: 10780.4, Charge rate: 0.02940000000075
Time arrive: 1538.5407610621398, time_travel to 13: 18.409780009549273
t_charge: 4.048880581791857
e_remain: 10735.16690162362, e_depot: 10661.527543192533, er: 118.87245680746673
Energy after charge: 10755.29226744347
-----------------------
Node ~32 ~
Init energy: 10774.14088, Charge rate: 0.038788680000899994
Time arrive: 1564.393311059881, time_travel to 32: 21.803669415949233
t_charge: 8.68458813208445
e_remain: 10713.460128461751, e_depot: 10634.020985485835, er: 140.11989451416594
Energy after charge: 10756.546205412178
-----------------------
Node ~10 ~
Init energy: 10755.1192, Charge rate: 0.0673212000003
Time arrive: 1593.8663575282635, time_travel to 10: 20.788458336298053
t_charge: 6.1830937676617514
e_remain: 10647.81820417109, e_depot: 10467.479773051087, er: 287.63942694891193
Energy after charge: 10678.317419717245
-----------------------
Node ~52 ~
Init energy: 10740.12148, Charge rate: 0.08981778000135
Time arrive: 1636.636880831218, time_travel to 52: 36.58742953529258
t_charge: 3.8440637061931198
e_remain: 10593.122388695407, e_depot: 10334.336101246276, er: 405.7853787537242
Energy after charge: 10611.997441958098
-----------------------
Node ~19 ~
Init energy: 10723.76164, Charge rate: 0.11435754000180001
Time arrive: 1698.6840372387444, time_travel to 19: 58.20309270133332
t_charge: 24.41778599227124
e_remain: 10529.504312261051, e_depot: 10304.726017255907, er: 419.0356227440934
Energy after charge: 10648.80088428404
-----------------------
Node ~35 ~
Init energy: 10696.9184, Charge rate: 0.15462240000150002
Time arrive: 1752.3661359685464, time_travel to 35: 29.264312737530673
t_charge: 12.375221632213274
e_remain: 10425.96334237519, e_depot: 10027.14203436933, er: 669.7763656306706
Energy after charge: 10485.925964066932
-----------------------
Node ~100 ~
Init energy: 10780.68, Charge rate: 0.02898000000075
Time arrive: 1813.830663971903, time_travel to 100: 49.0893063711436
t_charge: 5.422867547186755
e_remain: 10728.115187356734, e_depot: 10670.66486172969, er: 110.01513827030976
Energy after charge: 10755.072370391146
-----------------------
Node ~38 ~
Init energy: 10696.9184, Charge rate: 0.15462240000150002
Time arrive: 1872.7403523257146, time_travel to 38: 53.486820806624884
t_charge: 0.01202638467861391
e_remain: 10407.350792143743, e_depot: 9965.326058131657, er: 731.5923418683433
Energy after charge: 10407.409064518673
-----------------------
Node ~67 ~
Init energy: 10686.66112, Charge rate: 0.17000832000149999
Time arrive: 1951.3798548240268, time_travel to 67: 78.62747611363346
t_charge: 1.1709498129464464
e_remain: 10354.910309196597, e_depot: 9888.059283905868, er: 798.6018360941325
Energy after charge: 10360.565987050824
-----------------------
Node ~46 ~
Init energy: 10716.251, Charge rate: 0.125623500003
Time arrive: 1972.2870656810514, time_travel to 46: 19.736261044078233
t_charge: 11.359551483157714
e_remain: 10468.4853957985, e_depot: 10178.615191886605, er: 537.6358081133949
Energy after charge: 10523.85612659851
-----------------------
Node ~64 ~
Init energy: 10696.9184, Charge rate: 0.15462240000150002
Time arrive: 2012.9293765970222, time_travel to 64: 29.28275943281302
t_charge: 22.400051719709797
e_remain: 10385.674428757045, e_depot: 10077.266184806813, er: 619.6522151931877
Energy after charge: 10494.211137598535
-----------------------
Node ~42 ~
Init energy: 10659.25932, Charge rate: 0.21111102000299997
Time arrive: 2050.2639520788075, time_travel to 42: 14.934523762075576
t_charge: 3.2284315973098296
e_remain: 10226.42600580126, e_depot: 9676.452425143018, er: 982.8068948569817
Energy after charge: 10241.886606300292
-----------------------
Node ~23 ~
Init energy: 10748.5678, Charge rate: 0.07714830000165
Time arrive: 2074.477140048303, time_travel to 23: 20.984756372185977
t_charge: 7.418306478539022
e_remain: 10588.525415252989, e_depot: 10420.60391646016, er: 327.96388353984
Energy after charge: 10625.044637911973
-----------------------
Node ~72 ~
Init energy: 10787.12, Charge rate: 0.0193200000006
Time arrive: 2129.3477383576906, time_travel to 72: 47.45229183084838
t_charge: 9.082048220455066
e_remain: 10745.981001693652, e_depot: 10741.110590430975, er: 46.00940956902559
Energy after charge: 10791.215777624302
-----------------------
Node ~41 ~
Init energy: 10749.61368, Charge rate: 0.07557948000135001
Time arrive: 2176.2641624815483, time_travel to 41: 37.83437590340298
t_charge: 13.919938679851485
e_remain: 10585.132766254072, e_depot: 10461.581403449596, er: 288.0322765504043
Energy after charge: 10653.680397926255
-----------------------
Node ~24 ~
Init energy: 10777.22432, Charge rate: 0.0341635199997
Time arrive: 2219.798286951321, time_travel to 24: 29.61418578992169
t_charge: 13.409079442932658
e_remain: 10701.388196828439, e_depot: 10682.612519286215, er: 94.61180071378476
Energy after charge: 10767.975492689377
-----------------------
Node ~2 ~
Init energy: 10741.11404, Charge rate: 0.08832894000195
Time arrive: 2288.333766603228, time_travel to 2: 55.12640020897428
t_charge: 8.27871376377364
e_remain: 10538.987944025268, e_depot: 10364.546902871984, er: 376.56713712801684
Energy after charge: 10579.650262832802
-----------------------
Node ~39 ~
Init energy: 10749.71408, Charge rate: 0.0754288800003
Time arrive: 2325.1795943269385, time_travel to 39: 28.567113959936517
t_charge: 25.125145836864018
e_remain: 10574.328387400366, e_depot: 10518.420458255707, er: 231.29362174429298
Energy after charge: 10698.058954974367
-----------------------
Node ~11 ~
Init energy: 10773.7658, Charge rate: 0.0393513000003
Time arrive: 2395.666397981832, time_travel to 11: 45.361657818029535
t_charge: 11.323706117569374
e_remain: 10679.493212872378, e_depot: 10644.179252980326, er: 129.58654701967316
Energy after charge: 10735.666140903677
-----------------------
Node ~71 ~
Init energy: 10716.99584, Charge rate: 0.12450624000089999
Time arrive: 2470.4433940062295, time_travel to 71: 63.45328990682831
t_charge: 31.328716552419003
e_remain: 10409.410221877222, e_depot: 10284.492581823895, er: 432.5032581761043
Energy after charge: 10562.153183937322
-----------------------
Node ~50 ~
Init energy: 10619.1216, Charge rate: 0.2713176000015
Time arrive: 2524.492145769889, time_travel to 50: 22.720035211240322
t_charge: 10.401712658785463
e_remain: 9934.182449787077, e_depot: 9387.291642986334, er: 1231.829957013666
Energy after charge: 9983.368845366516
-----------------------
Node ~25 ~
Init energy: 10778.16, Charge rate: 0.0327600000009
Time arrive: 2569.9081412286973, time_travel to 25: 35.014282800023196
t_charge: 5.383060278154806
e_remain: 10693.969809291035, e_depot: 10650.059371992167, er: 128.1006280078327
Energy after charge: 10720.708761627091
-----------------------
Node ~82 ~
Init energy: 10749.251, Charge rate: 0.07612350000105
Time arrive: 2597.2229137063136, time_travel to 82: 21.93171219946131
t_charge: 22.49076529663927
e_remain: 10551.54130152575, e_depot: 10501.498626806351, er: 247.75237319364896
Energy after charge: 10662.283052236864
-----------------------
Node ~5 ~
Init energy: 10768.82, Charge rate: 0.04677000000135
Time arrive: 2628.713679002953, time_travel to 5: 9.0
t_charge: 23.553539004449654
e_remain: 10645.875061229483, e_depot: 10665.278323288947, er: 103.54167671105279
Energy after charge: 10762.541157232461
-----------------------
Node ~8 ~
Init energy: 10732.4864, Charge rate: 0.10127040000105
Time arrive: 2659.067218007403, time_travel to 8: 6.8
t_charge: 0.7771441547952936
e_remain: 10463.20159920271, e_depot: 10257.174160569451, er: 475.3122394305483
Energy after charge: 10467.008618277272
-----------------------
Node ~77 ~
Init energy: 10793.98, Charge rate: 0.009030000000254999
Time arrive: 2747.434544260422, time_travel to 77: 87.59018209822378
t_charge: 1.1940499836883842
e_remain: 10769.170666064627, e_depot: 10757.22150014828, er: 36.758499851719534
Energy after charge: 10775.130133711717
-----------------------
Node ~98 ~
Init energy: 10754.984, Charge rate: 0.0675240000009
Time arrive: 2773.4358512468507, time_travel to 98: 24.807257002740148
t_charge: 5.467534268940618
e_remain: 10567.710517577912, e_depot: 10462.807153134583, er: 292.17684686541725
Energy after charge: 10594.678999138634
-----------------------
Node ~31 ~
Init energy: 10781.84, Charge rate: 0.027240000000749998
Time arrive: 2851.726733420155, time_travel to 31: 72.82334790436376
t_charge: 17.8237383682575
e_remain: 10704.158963779497, e_depot: 10742.062662634378, er: 39.77733736562186
Energy after charge: 10792.79213698762
-----------------------
Node ~20 ~
Init energy: 10717.32964, Charge rate: 0.12400554000164998
Time arrive: 2910.788318482924, time_travel to 20: 41.2378466945111
t_charge: 0.18476149986876958
e_remain: 10356.37576273603, e_depot: 10131.475851852094, er: 585.853788147906
Energy after charge: 10357.276658785811
-----------------------
Node ~76 ~
Init energy: 10788.12, Charge rate: 0.01782000000045
Time arrive: 2972.729051353989, time_travel to 76: 61.75597137119617
t_charge: 9.16169382663626
e_remain: 10735.145968303535, e_depot: 10749.606617427533, er: 38.51338257246789
Energy after charge: 10780.791176052722
-----------------------
Node ~34 ~
Init energy: 10697.02304, Charge rate: 0.154465440003
Time arrive: 3029.476457321981, time_travel to 34: 47.58571214135604
t_charge: 6.0068889906408405
e_remain: 10229.07362604103, e_depot: 9996.14772483806, er: 700.8753151619403
Energy after charge: 10258.180214243246
-----------------------
Node ~22 ~
Init energy: 10754.59312, Charge rate: 0.06811032000030001
Time arrive: 3107.031372141431, time_travel to 22: 71.54802582880956
t_charge: 9.73011572890925
e_remain: 10542.972218992476, e_depot: 10480.954792777848, er: 273.63832722215193
Energy after charge: 10590.960076341085
-----------------------
Node ~62 ~
Init energy: 10769.188, Charge rate: 0.04621800000105
Time arrive: 3147.8259370043584, time_travel to 62: 31.064449134018133
t_charge: 16.642435052271335
e_remain: 10623.701780840227, e_depot: 10633.702793548573, er: 135.48520645142708
Energy after charge: 10706.14477603832
-----------------------
Node ~55 ~
Init energy: 10794.14, Charge rate: 0.00879000000024
Time arrive: 3210.475328052435, time_travel to 55: 46.00695599580568
t_charge: 6.059941394041153
e_remain: 10765.919921865649, e_depot: 10782.846605034505, er: 11.293394965494372
Energy after charge: 10796.166361951
-----------------------
Node ~54 ~
Init energy: 10729.7336, Charge rate: 0.10539960000165
Time arrive: 3233.0009914166785, time_travel to 54: 16.465721970202218
t_charge: 21.79193376950767
e_remain: 10388.976588699743, e_depot: 10339.956487649479, er: 389.77711235052084
Energy after charge: 10495.639396444712
-----------------------
Node ~94 ~
Init energy: 10794.02, Charge rate: 0.008970000000255
Time arrive: 3281.0417346829995, time_travel to 94: 26.248809496813372
t_charge: 7.094917153562488
e_remain: 10764.589055639057, e_depot: 10787.049747956247, er: 6.970252043753135
Energy after charge: 10800.0
-----------------------
Node ~83 ~
Init energy: 10756.6796, Charge rate: 0.06498060000014999
Time arrive: 3336.969837274336, time_travel to 83: 48.833185437773764
t_charge: 23.980024743153077
e_remain: 10539.84129779151, e_depot: 10569.10023343415, er: 187.57936656584934
Energy after charge: 10658.183185111448
-----------------------
Node ~88 ~
Init energy: 10765.9168, Charge rate: 0.051124800000600004
Time arrive: 3379.367245110643, time_travel to 88: 18.41738309315414
t_charge: 3.1988492614608144
e_remain: 10593.147325465141, e_depot: 10539.99534462253, er: 225.92145537747092
Energy after charge: 10608.978031243721
-----------------------
Node ~99 ~
Init energy: 10774.91372, Charge rate: 0.0376294200003
Time arrive: 3448.753706506098, time_travel to 99: 66.18761213399378
t_charge: 16.242331586376714
e_remain: 10645.13911830029, e_depot: 10678.0680057122, er: 96.84571428779964
Energy after charge: 10725.739586715126
-----------------------
Node ~37 ~
Init energy: 10696.9184, Charge rate: 0.15462240000150002
Time arrive: 3514.7590765849136, time_travel to 37: 49.76303849243935
t_charge: 31.308388579906634
e_remain: 10153.457916151385, e_depot: 10121.807869107797, er: 575.1105308922033
Energy after charge: 10305.158880868514
-----------------------
Node ~68 ~
Init energy: 10759.39236, Charge rate: 0.060911460000750005
Time arrive: 3617.535779822436, time_travel to 68: 71.46831465761593
t_charge: 9.240832833990837
e_remain: 10539.042974046064, e_depot: 10517.37165900564, er: 242.0207009943606
Energy after charge: 10584.684265596477
-----------------------
Node ~65 ~
Init energy: 10787.94, Charge rate: 0.01809000000045
Time arrive: 3633.037602993426, time_travel to 65: 6.260990336999411
t_charge: 11.347587368332865
e_remain: 10722.218349760215, e_depot: 10759.078481322325, er: 28.86151867767512
Energy after charge: 10778.75100874638
-----------------------
Node ~85 ~
Init energy: 10753.8472, Charge rate: 0.0692292000018
Time arrive: 3663.2584518711005, time_travel to 85: 18.873261509341727
t_charge: 18.212569695042184
e_remain: 10500.242747977132, e_depot: 10517.326752397485, er: 236.52044760251556
Energy after charge: 10590.044754822378
-----------------------
Node ~3 ~
Init energy: 10751.53612, Charge rate: 0.0726958200003
Time arrive: 3729.4451812773873, time_travel to 3: 47.97415971124455
t_charge: 6.293906212267381
e_remain: 10480.421044400873, e_depot: 10439.01877375881, er: 312.51734624119126
Energy after charge: 10511.433034789105
-----------------------
Node ~15 ~
Init energy: 10773.564, Charge rate: 0.03965400000015
Time arrive: 3787.254522069982, time_travel to 15: 51.51543458032747
t_charge: 7.947816558018054
e_remain: 10623.38420918127, e_depot: 10625.665669352156, er: 147.89833064784398
Energy after charge: 10662.808129253566
-----------------------
Node ~48 ~
Init energy: 10722.132, Charge rate: 0.11680200000254999
Time arrive: 3850.0767406748564, time_travel to 48: 54.87440204685605
t_charge: 21.796498586122915
e_remain: 10272.435336525878, e_depot: 10278.423083116388, er: 443.7089168836119
Energy after charge: 10378.87195482858
-----------------------
Node ~16 ~
Init energy: 10758.79264, Charge rate: 0.06181104000075
Time arrive: 3930.2930988979215, time_travel to 16: 58.41985963694195
t_charge: 37.8009877480446
e_remain: 10515.857136049348, e_depot: 10655.316021580651, er: 103.4766184193486
Energy after charge: 10702.525556423809
-----------------------
Node ~40 ~
Init energy: 10760.63696, Charge rate: 0.0590445600012
Time arrive: 3991.684762770232, time_travel to 40: 23.590676124265705
t_charge: 2.6942665589539727
e_remain: 10524.949689518737, e_depot: 10494.717348220092, er: 265.9196117799074
Energy after charge: 10538.261940530007
-----------------------
Node ~17 ~
Init energy: 10766.3086, Charge rate: 0.050537100000900004
Time arrive: 4024.36169098555, time_travel to 17: 29.982661656364
t_charge: 24.264827946306415
e_remain: 10562.929030782872, e_depot: 10648.497955679803, er: 117.81064432019775
Energy after charge: 10683.026896477977
-----------------------
Node ~61 ~
Init energy: 10696.9184, Charge rate: 0.15462240000150002
Time arrive: 4129.406714524588, time_travel to 61: 80.78019559273176
t_charge: 27.574773871540792
e_remain: 10058.4196232179, e_depot: 10103.139795565967, er: 593.7786044340337
Energy after charge: 10192.029814860089
-----------------------
Node ~75 ~
Init energy: 10779.78896, Charge rate: 0.030316560000749997
Time arrive: 4239.439962793852, time_travel to 75: 82.45847439772336
t_charge: 16.759605982623544
e_remain: 10651.263723998383, e_depot: 10720.133091117154, er: 59.655868882846335
Energy after charge: 10734.55366031114
-----------------------
Node ~69 ~
Init energy: 10770.247, Charge rate: 0.044629500000450004
Time arrive: 4262.602693013909, time_travel to 69: 6.4031242374328485
t_charge: 23.269029229124317
e_remain: 10580.009173110217, e_depot: 10675.411333539552, er: 94.8356664604471
Energy after charge: 10695.315834115847
-----------------------
Node ~90 ~
Init energy: 10758.9362, Charge rate: 0.0615957000003
Time arrive: 4312.921306343348, time_travel to 90: 27.04958410031474
t_charge: 8.178570123757773
e_remain: 10493.278793089574, e_depot: 10508.366453480756, er: 250.5697465192443
Energy after charge: 10533.667878956589
-----------------------
Node ~70 ~
Init energy: 10776.8108, Charge rate: 0.03478380000075
Time arrive: 4338.1421767813235, time_travel to 70: 17.042300314218146
t_charge: 13.589281974532451
e_remain: 10625.913730148019, e_depot: 10680.164930111263, er: 96.64586988873634
Energy after charge: 10693.387453154324
-----------------------
Node ~95 ~
Init energy: 10770.86344, Charge rate: 0.04370484000015
Time arrive: 4380.816850278062, time_travel to 95: 29.085391522205782
t_charge: 24.12048719338522
e_remain: 10579.400540488636, e_depot: 10684.660430556225, er: 86.20300944377414
Energy after charge: 10698.94879442205
-----------------------
Node ~96 ~
Init energy: 10781.59788, Charge rate: 0.0276031800003
Time arrive: 4410.098732631673, time_travel to 96: 5.161395160225576
t_charge: 19.280122822520905
e_remain: 10659.865130864073, e_depot: 10747.383945822432, er: 34.21393417756735
Energy after charge: 10755.733552275979
-----------------------
Node ~89 ~
Init energy: 10752.94336, Charge rate: 0.0705849600009
Time arrive: 4525.189084553179, time_travel to 89: 95.81022909898505
t_charge: 0.954100421878904
e_remain: 10433.533069470304, e_depot: 10423.715291419454, er: 329.22806858054537
Energy after charge: 10438.236226439583
-----------------------
Node ~92 ~
Init energy: 10787.7, Charge rate: 0.01845000000045
Time arrive: 4613.540438936496, time_travel to 92: 87.39725396143749
t_charge: 10.855849420020643
e_remain: 10702.580178899547, e_depot: 10754.67631982918, er: 33.023680170821535
Energy after charge: 10756.659135577846
-----------------------
Node ~80 ~
Init energy: 10793.98, Charge rate: 0.009030000000254999
Time arrive: 4675.908228719893, time_travel to 80: 51.51194036337595
t_charge: 7.767707443779346
e_remain: 10751.756548693467, e_depot: 10790.089787448735, er: 3.8902125512649945
Energy after charge: 10790.524943514145
-----------------------
==============================================
Fitness: 0.0405220705254448, num_deaths: 0, max_er: 2078.7822179553186
