routes: [21  2  3 17 22 18  7 15  9 12  1 13  8 16 19 25 20 24 23 14  4  5  6 11
 10]
t_charge: [16.60311151  1.90920403  3.00127216  7.7339071  38.16199522  0.39648502
 39.81311003 38.98414149  7.70589271  9.08992404 40.64757163 12.38684158
  7.23604702  5.11021362  8.92579129 11.541632   38.93612991 41.87573571
 14.60720163  5.67844376 14.27153019  8.12541174 46.22022155  8.98264703
  8.0347341 ]
T: 1128.663526811456, energy used: 2872.580311147255
=================================
Node ~21 ~
Init energy: 10708.08896, Charge rate: 0.13786656000255
Time arrive: 14.506550244630873, time_travel to 21: 14.506550244630873
t_charge: 16.603111512946917
e_remain: 10706.088991820268, e_depot: 10635.499559722894, er: 72.5894002771056
Energy after charge: 10786.815535515374
-----------------------
Node ~2 ~
Init energy: 10789.88484, Charge rate: 0.015172740000149999
Time arrive: 48.1672114057541, time_travel to 2: 17.057549648176316
t_charge: 1.909204034934632
e_remain: 10789.15401142481, e_depot: 10782.305941934712, er: 7.57889806528874
Energy after charge: 10798.671063743053
-----------------------
Node ~3 ~
Init energy: 10782.04, Charge rate: 0.02694000000075
Time arrive: 58.315347410307126, time_travel to 3: 8.238931969618392
t_charge: 3.00127215718135
e_remain: 10780.468984540723, e_depot: 10766.64016537276, er: 15.399834627240125
Energy after charge: 10795.394491054712
-----------------------
Node ~17 ~
Init energy: 10755.21548, Charge rate: 0.0671767800003
Time arrive: 81.55914905369647, time_travel to 17: 20.242529486207992
t_charge: 7.733907095432313
e_remain: 10749.736598987009, e_depot: 10718.065034042187, er: 37.150445957813645
Energy after charge: 10787.886595488677
-----------------------
Node ~22 ~
Init energy: 10643.4524, Charge rate: 0.234821400003
Time arrive: 107.74624015623174, time_travel to 22: 18.453184007102948
t_charge: 38.1619952206326
e_remain: 10618.151277041454, e_depot: 10569.228026604973, er: 74.22437339502721
Energy after charge: 10800.0
-----------------------
Node ~18 ~
Init energy: 10794.02, Charge rate: 0.008970000000255
Time arrive: 175.35785337099117, time_travel to 18: 29.44961799412685
t_charge: 0.3964850187914681
e_remain: 10792.447040055218, e_depot: 10785.878313258172, er: 8.14168674182838
Energy after charge: 10794.425908678557
-----------------------
Node ~7 ~
Init energy: 10643.4524, Charge rate: 0.234821400003
Time arrive: 219.67517626885777, time_travel to 7: 43.92083787907512
t_charge: 39.81311003395431
e_remain: 10591.86796756264, e_depot: 10577.483600671581, er: 65.96879932841875
Energy after charge: 10781.584547495766
-----------------------
Node ~15 ~
Init energy: 10643.4524, Charge rate: 0.234821400003
Time arrive: 322.2691751146153, time_travel to 15: 62.78088881180323
t_charge: 38.98414149377241
e_remain: 10567.776701121775, e_depot: 10573.338757970672, er: 70.11364202932782
Energy after charge: 10753.543097907153
-----------------------
Node ~9 ~
Init energy: 10737.21344, Charge rate: 0.0941798400021
Time arrive: 389.1136827222779, time_travel to 9: 27.860366113890176
t_charge: 7.705892707419534
e_remain: 10700.566775618587, e_depot: 10669.445553165788, er: 67.76788683421182
Energy after charge: 10738.370499413426
-----------------------
Node ~12 ~
Init energy: 10736.65424, Charge rate: 0.09501864000075
Time arrive: 441.8990607861209, time_travel to 12: 45.07948535642349
t_charge: 9.089924041826615
e_remain: 10694.665592226494, e_depot: 10674.859786873058, er: 61.794453126942244
Energy after charge: 10739.251500215463
-----------------------
Node ~1 ~
Init energy: 10643.4524, Charge rate: 0.234821400003
Time arrive: 468.6909621186346, time_travel to 1: 17.701977290687047
t_charge: 40.64757163204241
e_remain: 10533.39373210655, e_depot: 10581.655908662022, er: 61.796491337978296
Energy after charge: 10727.086670589404
-----------------------
Node ~13 ~
Init energy: 10730.2662, Charge rate: 0.10460070000374999
Time arrive: 517.3310302317523, time_travel to 13: 7.992496481075234
t_charge: 12.38684157511898
e_remain: 10676.153012104098, e_depot: 10674.141412902414, er: 56.124787097585795
Energy after charge: 10736.791547680099
-----------------------
Node ~8 ~
Init energy: 10737.21344, Charge rate: 0.0941798400021
Time arrive: 546.8864477524761, time_travel to 8: 17.168575945604807
t_charge: 7.236047022252402
e_remain: 10685.707761851354, e_depot: 10667.096324739952, er: 70.11711526004729
Energy after charge: 10721.206507211813
-----------------------
Node ~16 ~
Init energy: 10755.21548, Charge rate: 0.0671767800003
Time arrive: 578.3720308527651, time_travel to 16: 24.249536078036627
t_charge: 5.110213623963927
e_remain: 10716.362309325077, e_depot: 10704.946566684845, er: 50.26891331515617
Energy after charge: 10741.570089748526
-----------------------
Node ~19 ~
Init energy: 10730.2662, Charge rate: 0.10460070000374999
Time arrive: 633.6838380769325, time_travel to 19: 50.201593600203566
t_charge: 8.925791291758312
e_remain: 10663.98242695609, e_depot: 10656.836161485611, er: 73.4300385143888
Energy after charge: 10707.677739397677
-----------------------
Node ~25 ~
Init energy: 10730.2662, Charge rate: 0.10460070000374999
Time arrive: 670.0584909115672, time_travel to 25: 27.448861542876422
t_charge: 11.541632004289314
e_remain: 10660.177612807194, e_depot: 10669.915365048266, er: 60.350834951734214
Energy after charge: 10716.678510041806
-----------------------
Node ~20 ~
Init energy: 10643.4524, Charge rate: 0.234821400003
Time arrive: 701.8248602441879, time_travel to 20: 20.22473732833136
t_charge: 38.936129911032864
e_remain: 10478.64890376055, e_depot: 10573.098700056975, er: 70.35369994302528
Energy after charge: 10664.186516779306
-----------------------
Node ~24 ~
Init energy: 10643.4524, Charge rate: 0.234821400003
Time arrive: 768.621356269111, time_travel to 24: 27.860366113890176
t_charge: 41.87573570791352
e_remain: 10462.963657048684, e_depot: 10587.796729041378, er: 55.65567095862207
Energy after charge: 10662.509016703163
-----------------------
Node ~23 ~
Init energy: 10730.2662, Charge rate: 0.10460070000374999
Time arrive: 830.7010519849041, time_travel to 23: 20.203960007879644
t_charge: 14.607201631942132
e_remain: 10643.374288468527, e_depot: 10685.24321318653, er: 45.0229868134702
Energy after charge: 10714.882373112441
-----------------------
Node ~14 ~
Init energy: 10755.21548, Charge rate: 0.0671767800003
Time arrive: 888.6879723803422, time_travel to 14: 43.379718763495916
t_charge: 5.678443758218085
e_remain: 10695.516283590494, e_depot: 10707.787717356116, er: 47.42776264388522
Energy after charge: 10723.527042814494
-----------------------
Node ~4 ~
Init energy: 10737.9512, Charge rate: 0.09307319999985
Time arrive: 928.3952274607326, time_travel to 4: 34.028811322172274
t_charge: 14.271530189359957
e_remain: 10651.54248531564, e_depot: 10704.260524783342, er: 33.69067521665784
Energy after charge: 10721.571839278822
-----------------------
Node ~5 ~
Init energy: 10770.20536, Charge rate: 0.044691960000450004
Time arrive: 969.6319203605232, time_travel to 5: 26.965162710430654
t_charge: 8.125411739644175
e_remain: 10726.870609000089, e_depot: 10760.390233503997, er: 9.815126496003359
Energy after charge: 10767.134527121854
-----------------------
Node ~6 ~
Init energy: 10643.4524, Charge rate: 0.234821400003
Time arrive: 995.5853998586206, time_travel to 6: 17.82806775845324
t_charge: 46.220221550066846
e_remain: 10409.667642582652, e_depot: 10609.519158252144, er: 33.9332417478563
Energy after charge: 10629.91525320015
-----------------------
Node ~11 ~
Init energy: 10779.51252, Charge rate: 0.030731220000449998
Time arrive: 1080.0887769735045, time_travel to 11: 38.28315556481728
t_charge: 8.982647031629567
e_remain: 10746.32007417481, e_depot: 10789.740548009222, er: 0
Energy after charge: 10790.957261630841
-----------------------
Node ~10 ~
Init energy: 10745.456, Charge rate: 0.08181600000105
Time arrive: 1113.0130196077666, time_travel to 10: 23.94159560263267
t_charge: 8.034734097825188
e_remain: 10654.393726786602, e_depot: 10693.286935378335, er: 52.1690646216648
Energy after charge: 10693.910027470773
-----------------------
==============================================
Fitness: 0.0014468688770960466, num_deaths: 0, max_er: 74.22437339502721
