routes: [24 22 43  3 16  7 10 49 44 36 28  4 30 46 50  5 37 48 34 41 23 40 29 15
 12 39 19 17  2  1 14 31 21  6 11 32 35 18 25 33 45 38 26  8 47  9 13 42
 20 27]
t_charge: [15.96443641  0.33361493  2.78737566  8.92233377  2.53613941  1.75301809
 60.42767414  1.54973156  0.71607914  1.45155757  1.1327855  10.42739396
  0.48283561  4.49007968  2.19227407  4.95145683  0.74337943  3.97927476
  3.66188188 63.04354554  3.2227292   4.39999505  0.4021422   2.98729325
  7.17683323  2.26447867  2.81094729  1.44719881 15.40637396 61.09939731
 60.69526805  3.06141354  8.35430232 67.96194419  4.0760987   0.88387777
  1.59193484  2.88634869  3.85852932  5.06722338  5.20152848  3.73896113
 19.95626536  4.08320104  2.5922026   2.52771093 61.39666366  0.18674056
  3.04089555  4.411371  ]
T: 2554.9049850761653, energy used: 4788.25193721129
=================================
Node ~24 ~
Init energy: 10667.97464, Charge rate: 0.198038040003
Time arrive: 17.00470523119998, time_travel to 24: 17.00470523119998
t_charge: 15.964436405735256
e_remain: 10664.607061505185, e_depot: 10241.828446390298, er: 426.1461936097021
Energy after charge: 10741.267677838317
-----------------------
Node ~22 ~
Init energy: 10794.02, Charge rate: 0.008970000000255
Time arrive: 54.52650696760586, time_travel to 22: 21.557365330670628
t_charge: 0.3336149287274884
e_remain: 10793.530897232487, e_depot: 10772.770576926854, er: 21.249423073146318
Energy after charge: 10795.195979350214
-----------------------
Node ~43 ~
Init energy: 10784.7408, Charge rate: 0.0228887999997
Time arrive: 96.06449059675151, time_travel to 43: 41.20436870041816
t_charge: 2.7873756644813166
e_remain: 10782.541999087658, e_depot: 10740.198969100762, er: 44.54183089923754
Energy after charge: 10796.415077725957
-----------------------
Node ~3 ~
Init energy: 10754.54116, Charge rate: 0.06818826000059999
Time arrive: 146.74382800848224, time_travel to 3: 47.8919617472494
t_charge: 8.922333774660485
e_remain: 10744.534953702276, e_depot: 10624.9383034741, er: 129.60285652590028
Energy after charge: 10788.53822416034
-----------------------
Node ~16 ~
Init energy: 10787.16, Charge rate: 0.0192600000006
Time arrive: 169.71891951961564, time_travel to 16: 14.052757736472937
t_charge: 2.536139410460288
e_remain: 10783.89121360995, e_depot: 10750.6332270382, er: 36.526772961799
Energy after charge: 10796.523064617204
-----------------------
Node ~7 ~
Init energy: 10787.58, Charge rate: 0.018630000000450002
Time arrive: 203.79487503607123, time_travel to 7: 31.539816105995293
t_charge: 1.753018089211562
e_remain: 10783.783301477986, e_depot: 10748.747210572938, er: 38.83278942706238
Energy after charge: 10792.51573319704
-----------------------
Node ~10 ~
Init energy: 10588.2502, Charge rate: 0.3176247000015
Time arrive: 224.14896836302108, time_travel to 10: 18.601075237738275
t_charge: 60.42767414052466
e_remain: 10517.05495116805, e_depot: 10078.88764128547, er: 509.3625587145307
Energy after charge: 10800.0
-----------------------
Node ~49 ~
Init energy: 10794.06, Charge rate: 0.008910000000255
Time arrive: 364.8972500709689, time_travel to 49: 80.3206075674232
t_charge: 1.5497315603092374
e_remain: 10790.808765501773, e_depot: 10779.044454383866, er: 15.01554561613375
Energy after charge: 10798.543615195116
-----------------------
Node ~44 ~
Init energy: 10793.4, Charge rate: 0.00990000000027
Time arrive: 419.13246350247294, time_travel to 44: 52.68548187119484
t_charge: 0.7160791365067721
e_remain: 10789.250588611212, e_depot: 10771.686836329589, er: 21.713163670410722
Energy after charge: 10792.823895110294
-----------------------
Node ~36 ~
Init energy: 10793.82, Charge rate: 0.009270000000255
Time arrive: 445.742171198917, time_travel to 36: 25.893628559937287
t_charge: 1.451557574415186
e_remain: 10789.687970072871, e_depot: 10777.39381865977, er: 16.42618134022996
Energy after charge: 10796.932302006233
-----------------------
Node ~28 ~
Init energy: 10793.96, Charge rate: 0.009060000000255
Time arrive: 473.83880336508366, time_travel to 28: 26.645074591751474
t_charge: 1.1327854956688805
e_remain: 10789.667020441391, e_depot: 10776.476488312903, er: 17.483511687096325
Energy after charge: 10795.320684883145
-----------------------
Node ~4 ~
Init energy: 10746.09116, Charge rate: 0.08086326000225
Time arrive: 491.9421516092297, time_travel to 4: 16.970562748477143
t_charge: 10.427393961725068
e_remain: 10706.311113888356, e_depot: 10591.630183719366, er: 154.460976280634
Energy after charge: 10757.604890627908
-----------------------
Node ~30 ~
Init energy: 10793.86, Charge rate: 0.009210000000255
Time arrive: 538.278875834829, time_travel to 30: 35.90933026387432
t_charge: 0.4828356122848802
e_remain: 10788.902451553424, e_depot: 10772.743503148222, er: 21.11649685177872
Energy after charge: 10791.312182698859
-----------------------
Node ~46 ~
Init energy: 10687.3888, Charge rate: 0.1689168000015
Time arrive: 592.5025711350646, time_travel to 46: 53.74085968795066
t_charge: 4.490079684529775
e_remain: 10587.305161691205, e_depot: 10278.272824035703, er: 409.11597596429783
Energy after charge: 10608.997110221791
-----------------------
Node ~50 ~
Init energy: 10781.1108, Charge rate: 0.028333799999699996
Time arrive: 638.262494531438, time_travel to 50: 41.26984371184364
t_charge: 2.1922740726418004
e_remain: 10763.026398132637, e_depot: 10719.682003497825, er: 61.42879650217583
Energy after charge: 10773.925653040727
-----------------------
Node ~5 ~
Init energy: 10773.7068, Charge rate: 0.03943980000045
Time arrive: 719.2334459222476, time_travel to 5: 78.77867731816777
t_charge: 4.951456826558813
e_remain: 10745.340376739192, e_depot: 10697.699142501238, er: 76.00765749876155
Energy after charge: 10769.902376405036
-----------------------
Node ~37 ~
Init energy: 10794.08, Charge rate: 0.008880000000255
Time arrive: 774.389683397665, time_travel to 37: 50.20478064885853
t_charge: 0.7433794285837894
e_remain: 10787.20341961123, e_depot: 10775.109340874791, er: 18.97065912520884
Energy after charge: 10790.913715544824
-----------------------
Node ~48 ~
Init energy: 10759.62768, Charge rate: 0.06055848000045
Time arrive: 815.4081171403028, time_travel to 48: 40.275054314054
t_charge: 3.9792747637242116
e_remain: 10710.247803845954, e_depot: 10624.802891376836, er: 134.82478862316384
Energy after charge: 10729.903198833379
-----------------------
Node ~34 ~
Init energy: 10787.97784, Charge rate: 0.018033240000300002
Time arrive: 828.4780464459178, time_travel to 34: 9.09065454189081
t_charge: 3.6618818844649996
e_remain: 10773.037696553462, e_depot: 10760.214034648483, er: 27.763805351516567
Energy after charge: 10791.281070380912
-----------------------
Node ~41 ~
Init energy: 10588.2502, Charge rate: 0.3176247000015
Time arrive: 843.8446282411023, time_travel to 41: 11.704699910719626
t_charge: 63.0435455434388
e_remain: 10320.224303107043, e_depot: 10091.96699830004, er: 496.28320169996005
Energy after charge: 10615.417843583971
-----------------------
Node ~23 ~
Init energy: 10727.38, Charge rate: 0.108930000003
Time arrive: 927.8500439301173, time_travel to 23: 20.961870145576228
t_charge: 3.222729200489154
e_remain: 10626.309294711908, e_depot: 10465.187845970435, er: 262.19215402956434
Energy after charge: 10642.071888822535
-----------------------
Node ~40 ~
Init energy: 10785.58812, Charge rate: 0.02161782
Time arrive: 996.3500279748476, time_travel to 40: 65.27725484424111
t_charge: 4.399995045169187
e_remain: 10764.049204438244, e_depot: 10752.356619141368, er: 33.23150085863199
Energy after charge: 10785.954061363203
-----------------------
Node ~29 ~
Init energy: 10792.43552, Charge rate: 0.01134671999973
Time arrive: 1023.7500230200168, time_travel to 29: 23.0
t_charge: 0.40214220262585576
e_remain: 10780.819315139075, e_depot: 10765.456439521557, er: 26.979080478444303
Energy after charge: 10782.82546315723
-----------------------
Node ~15 ~
Init energy: 10779.39792, Charge rate: 0.03090312000045
Time arrive: 1067.0939863298104, time_travel to 15: 42.941821107167776
t_charge: 2.987293248613064
e_remain: 10746.421386488691, e_depot: 10715.379850899508, er: 64.01806910049163
Energy after charge: 10761.265536050018
-----------------------
Node ~12 ~
Init energy: 10766.94448, Charge rate: 0.0495832799997
Time arrive: 1102.8776208377774, time_travel to 12: 32.796341259353916
t_charge: 7.176833231174347
e_remain: 10712.260190120598, e_depot: 10676.14807690821, er: 90.79640309179013
Energy after charge: 10747.788505344857
-----------------------
Node ~39 ~
Init energy: 10793.98, Charge rate: 0.009030000000254999
Time arrive: 1178.5713133081201, time_travel to 39: 68.51685923916828
t_charge: 2.2644786716858922
e_remain: 10783.337501040527, e_depot: 10782.231601342539, er: 11.748398657460712
Energy after charge: 10794.63944615655
-----------------------
Node ~19 ~
Init energy: 10794.14, Charge rate: 0.00879000000024
Time arrive: 1221.8845434833538, time_travel to 19: 41.048751503547585
t_charge: 2.810947290452218
e_remain: 10783.399634862488, e_depot: 10785.737121632828, er: 8.40287836717107
Energy after charge: 10797.429663088065
-----------------------
Node ~17 ~
Init energy: 10793.9, Charge rate: 0.009150000000255
Time arrive: 1244.5237534309326, time_travel to 17: 19.82826265712657
t_charge: 1.4471988078651967
e_remain: 10782.51260765579, e_depot: 10777.758613425227, er: 16.141386574772696
Energy after charge: 10789.735359826023
-----------------------
Node ~2 ~
Init energy: 10762.43752, Charge rate: 0.05634372000075
Time arrive: 1297.0841599252656, time_travel to 2: 51.11320768646789
t_charge: 15.406373964003864
e_remain: 10689.354973275762, e_depot: 10695.516538712367, er: 66.92098128763246
Energy after charge: 10765.518790674927
-----------------------
Node ~1 ~
Init energy: 10588.2502, Charge rate: 0.3176247000015
Time arrive: 1328.392734994777, time_travel to 1: 15.902201105507377
t_charge: 61.099397306776666
e_remain: 10166.319856063112, e_depot: 10082.246257116729, er: 506.0039428832715
Energy after charge: 10452.410164857158
-----------------------
Node ~14 ~
Init energy: 10588.2502, Charge rate: 0.3176247000015
Time arrive: 1413.9682431037213, time_travel to 14: 24.4761108021679
t_charge: 60.69526805441405
e_remain: 10139.138960972534, e_depot: 10080.225610854917, er: 508.02458914508316
Energy after charge: 10423.33698493731
-----------------------
Node ~31 ~
Init energy: 10793.88, Charge rate: 0.009180000000255
Time arrive: 1518.3519535657103, time_travel to 31: 43.688442407575025
t_charge: 3.061413541605853
e_remain: 10779.941529065878, e_depot: 10785.733039944376, er: 8.146960055622912
Energy after charge: 10795.220492997594
-----------------------
Node ~21 ~
Init energy: 10786.545, Charge rate: 0.02018249999985
Time arrive: 1539.4644058585902, time_travel to 21: 18.05103875127412
t_charge: 8.354302315160295
e_remain: 10755.47475962899, e_depot: 10776.752141714886, er: 9.792858285114562
Energy after charge: 10797.077660498318
-----------------------
Node ~6 ~
Init energy: 10588.2502, Charge rate: 0.3176247000015
Time arrive: 1606.8461594146775, time_travel to 6: 59.02745124092688
t_charge: 67.96194419102034
e_remain: 10077.87617066735, e_depot: 10116.558991537948, er: 471.6912084620526
Energy after charge: 10396.09949948726
-----------------------
Node ~11 ~
Init energy: 10794.14, Charge rate: 0.00879000000024
Time arrive: 1705.221916257189, time_travel to 11: 30.4138126514911
t_charge: 4.076098700212618
e_remain: 10779.15109935569, e_depot: 10792.06287868163, er: 2.0771213183688815
Energy after charge: 10799.495763949177
-----------------------
Node ~32 ~
Init energy: 10793.8188, Charge rate: 0.00927180000036
Time arrive: 1790.795990392378, time_travel to 32: 81.4979754349763
t_charge: 0.8838777723182322
e_remain: 10777.214897735634, e_depot: 10774.549620820042, er: 19.269179179957064
Energy after charge: 10781.626091459295
-----------------------
Node ~35 ~
Init energy: 10778.7408, Charge rate: 0.0318887999997
Time arrive: 1831.6623643348955, time_travel to 35: 39.982496170199276
t_charge: 1.591934839571172
e_remain: 10720.331285196746, e_depot: 10705.227620110525, er: 73.51317988947449
Energy after charge: 10728.24019450289
-----------------------
Node ~18 ~
Init energy: 10793.1558, Charge rate: 0.010266300000180001
Time arrive: 1881.6431408634346, time_travel to 18: 48.38884168896792
t_charge: 2.886348686011142
e_remain: 10773.838287022616, e_depot: 10781.358122381309, er: 11.797677618691523
Energy after charge: 10788.240398331156
-----------------------
Node ~25 ~
Init energy: 10776.94704, Charge rate: 0.0345794400006
Time arrive: 1913.0117647394652, time_travel to 25: 28.482275190019493
t_charge: 3.858529323019885
e_remain: 10710.79616446075, e_depot: 10707.892502976425, er: 69.05453702357408
Energy after charge: 10729.955385292633
-----------------------
Node ~33 ~
Init energy: 10788.0, Charge rate: 0.01800000000045
Time arrive: 1946.605794730878, time_travel to 33: 29.73550066839299
t_charge: 5.06722337500246
e_remain: 10752.961095693969, e_depot: 10767.347827142492, er: 20.65217285750805
Energy after charge: 10778.206002548228
-----------------------
Node ~45 ~
Init energy: 10687.3888, Charge rate: 0.1689168000015
Time arrive: 1976.9973147397457, time_travel to 45: 25.324296633865274
t_charge: 5.201528480743681
e_remain: 10353.440739982605, e_depot: 10281.830068016772, er: 405.5587319832284
Energy after charge: 10378.56975684024
-----------------------
Node ~38 ~
Init energy: 10791.9488, Charge rate: 0.012076800000255001
Time arrive: 2014.918867670358, time_travel to 38: 32.72002444986862
t_charge: 3.7389611254706483
e_remain: 10767.615027818405, e_depot: 10779.788529102934, er: 12.160270897065857
Energy after charge: 10786.264678760037
-----------------------
Node ~26 ~
Init energy: 10708.48072, Charge rate: 0.13727892
Time arrive: 2048.7244215525743, time_travel to 26: 30.066592756745813
t_charge: 19.956265360593235
e_remain: 10427.234044031637, e_depot: 10457.527449749094, er: 250.95327025090592
Energy after charge: 10524.275796278667
-----------------------
Node ~8 ~
Init energy: 10787.25032, Charge rate: 0.01912452
Time arrive: 2117.9643556077767, time_travel to 8: 49.283668694609176
t_charge: 4.083201042258047
e_remain: 10746.74526832189, e_depot: 10758.804993726102, er: 28.44532627389708
Energy after charge: 10767.083184273184
-----------------------
Node ~47 ~
Init energy: 10687.3888, Charge rate: 0.1689168000015
Time arrive: 2204.89488611816, time_travel to 47: 82.84732946812468
t_charge: 2.5922026023264486
e_remain: 10314.94501149725, e_depot: 10268.783438624687, er: 418.6053613753138
Energy after charge: 10327.46815794034
-----------------------
Node ~9 ~
Init energy: 10777.91952, Charge rate: 0.03312072000015
Time arrive: 2281.2700135744117, time_travel to 9: 73.78292485392538
t_charge: 2.5277109260368165
e_remain: 10702.362214635663, e_depot: 10705.937781992488, er: 71.98173800751101
Energy after charge: 10714.917049660024
-----------------------
Node ~13 ~
Init energy: 10588.2502, Charge rate: 0.3176247000015
Time arrive: 2341.112644024077, time_travel to 13: 57.3149195236284
t_charge: 61.39666366102675
e_remain: 9844.654998772134, e_depot: 10083.73258888798, er: 504.51761111201995
Energy after charge: 10132.13722020084
-----------------------
Node ~42 ~
Init energy: 10756.64948, Charge rate: 0.06502578000135
Time arrive: 2429.312292593505, time_travel to 42: 26.802984908401527
t_charge: 0.1867405579813889
e_remain: 10598.68155330724, e_depot: 10591.448493305992, er: 165.20098669400795
Energy after charge: 10599.603113146706
-----------------------
Node ~20 ~
Init energy: 10794.14, Charge rate: 0.00879000000024
Time arrive: 2496.2334320773775, time_travel to 20: 66.73439892589128
t_charge: 3.0408955514863445
e_remain: 10772.19810813144, e_depot: 10786.886862938, er: 7.253137061999951
Energy after charge: 10787.375856416975
-----------------------
Node ~27 ~
Init energy: 10791.62856, Charge rate: 0.012557160000000001
Time arrive: 2528.8344358830636, time_travel to 27: 29.560108254199612
t_charge: 4.411371000012951
e_remain: 10759.873581375106, e_depot: 10781.603064317664, er: 10.025495682335531
Energy after charge: 10781.875042083704
-----------------------
==============================================
Fitness: 0.009929094711784221, num_deaths: 0, max_er: 509.3625587145307
