routes: [ 2 74 45 50  5 27 35  8 66 65 47 48 54 52 68 29  3 51 31 39 14 25 72 70
 69 11  6 55 34 42  4 30 56 49 22 17  1 10  7 53 44 60 59 61 16 37 40 38
 20 15 75 41 19 63 57 73 67 71 64 62 32 36 12 21 46 33 18 58 23 28 13  9
 43 26 24]
t_charge: [ 1.14669462  1.31800302  1.13467554  2.25786326 52.93768195  3.04720829
  4.69033466  4.96314902  5.34835257  4.669427    6.37253735  9.68619823
  2.37534798  2.8030844  54.54063533  2.28524975 57.99910001  5.83637231
 73.24351434 12.75656746  7.3670301  71.76868686 59.69760246  6.41922709
 57.30118601 25.41287197 17.06102255 13.96519609 59.24227318 22.07018705
  4.77646158  6.31025206  9.07325955  8.17898288  8.61225517 23.11490585
 23.28775098 12.74068664  9.83366434 18.03595134 61.76828103  4.70983325
  9.42491494 12.019473   18.44010873  2.00709214 26.77219387 25.75926872
 57.78765899 22.5056998  15.31310762 64.4205061   8.19273962 24.85830098
  5.25458045 64.46436388  4.61822093 20.4529569  62.86138086  5.1019338
 59.35136988 52.89944187 12.9761159   5.61243636 68.62511048 16.72364087
  5.6633265  37.36224009 31.82321966 18.37991708 24.01743915  1.63771657
 59.59473542 11.01191538 70.32455804]
T: 4499.058720950313, energy used: 11564.727719646224
=================================
Node ~2 ~
Init energy: 10781.04, Charge rate: 0.02844000000075
Time arrive: 10.430723848324238, time_travel to 2: 10.430723848324238
t_charge: 1.146694623156516
e_remain: 10780.743350213746, e_depot: 10658.820243088583, er: 122.21975691141779
Energy after charge: 10786.444211334445
-----------------------
Node ~74 ~
Init energy: 10786.86, Charge rate: 0.0197100000006
Time arrive: 70.10091802507888, time_travel to 74: 58.52349955359813
t_charge: 1.3180030153944449
e_remain: 10785.478310905684, e_depot: 10704.773567684342, er: 82.08643231565839
Energy after charge: 10792.042348143223
-----------------------
Node ~45 ~
Init energy: 10787.22152, Charge rate: 0.0191677200003
Time arrive: 110.54998287119803, time_travel to 45: 39.131061830724704
t_charge: 1.1346755423438009
e_remain: 10785.102528882286, e_depot: 10706.658199883634, er: 80.5633201163655
Energy after charge: 10790.754157450918
-----------------------
Node ~50 ~
Init energy: 10787.46, Charge rate: 0.01881000000045
Time arrive: 169.2655580244371, time_travel to 50: 57.58089961089528
t_charge: 2.2578632554874742
e_remain: 10784.276114853483, e_depot: 10714.122021734338, er: 73.33797826566115
Energy after charge: 10795.522960723083
-----------------------
Node ~5 ~
Init energy: 10607.1356, Charge rate: 0.2892966000015
Time arrive: 195.33350317814575, time_travel to 5: 23.81008189822118
t_charge: 52.937681947010326
e_remain: 10550.62628166418, e_depot: 9570.26161855703, er: 1036.87398144297
Energy after charge: 10800.0
-----------------------
Node ~27 ~
Init energy: 10787.04, Charge rate: 0.0194400000006
Time arrive: 277.98246244539257, time_travel to 27: 29.7112773202365
t_charge: 3.04720828880228
e_remain: 10781.636020929896, e_depot: 10714.81433990604, er: 72.22566009396178
Energy after charge: 10796.812824644772
-----------------------
Node ~35 ~
Init energy: 10737.3736, Charge rate: 0.0939396000021
Time arrive: 323.73095877097427, time_travel to 35: 42.70128803677941
t_charge: 4.690334659987952
e_remain: 10706.962443224758, e_depot: 10338.18549666791, er: 399.1881033320915
Energy after charge: 10729.973508362862
-----------------------
Node ~8 ~
Init energy: 10775.02, Charge rate: 0.037470000001050004
Time arrive: 360.87125491013813, time_travel to 8: 32.449961479175904
t_charge: 4.9631490178503155
e_remain: 10761.49815407814, e_depot: 10631.25601481052, er: 143.76398518948008
Energy after charge: 10786.127929973687
-----------------------
Node ~66 ~
Init energy: 10778.37456, Charge rate: 0.032438160000449995
Time arrive: 384.7848656637879, time_travel to 66: 18.950461735799472
t_charge: 5.348352573584797
e_remain: 10765.892846961846, e_depot: 10659.175136226317, er: 119.19942377368352
Energy after charge: 10792.46111911325
-----------------------
Node ~65 ~
Init energy: 10779.55968, Charge rate: 0.0306604800009
Time arrive: 396.92144333676356, time_travel to 65: 6.788225099390855
t_charge: 4.669427002395786
e_remain: 10767.389878024645, e_depot: 10664.963515075406, er: 114.59616492459463
Energy after charge: 10790.593846163401
-----------------------
Node ~47 ~
Init energy: 10762.69936, Charge rate: 0.05595096000135
Time arrive: 427.08596790712323, time_travel to 47: 25.495097567963924
t_charge: 6.37253735362684
e_remain: 10738.80349009249, e_depot: 10542.835392228519, er: 219.86396777148184
Energy after charge: 10770.309627278044
-----------------------
Node ~48 ~
Init energy: 10686.1288, Charge rate: 0.1708068000015
Time arrive: 437.76663710645767, time_travel to 48: 4.308131845707603
t_charge: 9.686198234058308
e_remain: 10611.355281568429, e_depot: 9966.089968025928, er: 720.0388319740723
Energy after charge: 10658.131804214181
-----------------------
Node ~54 ~
Init energy: 10786.84, Charge rate: 0.0197400000006
Time arrive: 487.2749397550242, time_travel to 54: 39.82210441450828
t_charge: 2.375347979844403
e_remain: 10777.221192688943, e_depot: 10709.905320744963, er: 76.93467925503683
Energy after charge: 10789.051043219042
-----------------------
Node ~52 ~
Init energy: 10777.51816, Charge rate: 0.03372276000045
Time arrive: 496.18021882179437, time_travel to 52: 6.529931086925804
t_charge: 2.803084400863407
e_remain: 10760.785593563702, e_depot: 10639.812904529777, er: 137.70525547022226
Energy after charge: 10774.706487825508
-----------------------
Node ~68 ~
Init energy: 10607.1356, Charge rate: 0.2892966000015
Time arrive: 517.4104570994776, time_travel to 68: 18.427153876819936
t_charge: 54.540635327466866
e_remain: 10457.450513955899, e_depot: 9578.276385459312, er: 1028.8592145406874
Energy after charge: 10714.375270231076
-----------------------
Node ~29 ~
Init energy: 10787.1, Charge rate: 0.0193500000006
Time arrive: 646.7406638924904, time_travel to 29: 74.78957146554592
t_charge: 2.285249749829128
e_remain: 10774.585568153292, e_depot: 10711.469462496058, er: 75.63053750394283
Energy after charge: 10785.967597319777
-----------------------
Node ~3 ~
Init energy: 10607.1356, Charge rate: 0.2892966000015
Time arrive: 707.110679287022, time_travel to 3: 58.084765644702394
t_charge: 57.99910000532775
e_remain: 10402.570884657513, e_depot: 9595.568708848616, er: 1011.566891151384
Energy after charge: 10675.787442249462
-----------------------
Node ~51 ~
Init energy: 10755.2984, Charge rate: 0.0670524000003
Time arrive: 783.6796473586554, time_travel to 51: 18.569868066305695
t_charge: 5.836372313277233
e_remain: 10702.750798813213, e_depot: 10482.807576584388, er: 272.4908234156119
Energy after charge: 10731.541317608699
-----------------------
Node ~31 ~
Init energy: 10595.6064, Charge rate: 0.306590400003
Time arrive: 816.9918272123854, time_travel to 31: 27.475807540452745
t_charge: 73.2435143388161
e_remain: 10345.124548895774, e_depot: 9582.45575880094, er: 1013.1506411990613
Energy after charge: 10688.886362231091
-----------------------
Node ~39 ~
Init energy: 10736.85984, Charge rate: 0.09471024000255
Time arrive: 896.691346507829, time_travel to 39: 6.45600495662759
t_charge: 12.756567456924161
e_remain: 10651.933987364033, e_depot: 10374.535746037851, er: 362.32409396214825
Energy after charge: 10714.5086470832
-----------------------
Node ~14 ~
Init energy: 10765.1562, Charge rate: 0.0522657000003
Time arrive: 954.2273735416619, time_travel to 14: 44.7794595769087
t_charge: 7.367030099123629
e_remain: 10715.282838362396, e_depot: 10566.844897102696, er: 198.3113028973039
Energy after charge: 10751.73294587296
-----------------------
Node ~25 ~
Init energy: 10607.1356, Charge rate: 0.2892966000015
Time arrive: 1033.375459637476, time_travel to 25: 71.78105599669038
t_charge: 71.7686868602477
e_remain: 10308.18359300189, e_depot: 9664.416643123215, er: 942.7189568767844
Energy after charge: 10646.264590207886
-----------------------
Node ~72 ~
Init energy: 10607.1356, Charge rate: 0.2892966000015
Time arrive: 1163.1472498629748, time_travel to 72: 58.00310336525107
t_charge: 59.697602460417855
e_remain: 10270.641055313547, e_depot: 9604.061221124066, er: 1003.0743788759337
Energy after charge: 10551.858754195595
-----------------------
Node ~70 ~
Init energy: 10782.78592, Charge rate: 0.025821120000449997
Time arrive: 1226.9485092291293, time_travel to 70: 4.1036569057366385
t_charge: 6.4192270851360504
e_remain: 10751.104735308822, e_depot: 10698.711320302951, er: 84.07459969704905
Energy after charge: 10783.035119101627
-----------------------
Node ~69 ~
Init energy: 10607.1356, Charge rate: 0.2892966000015
Time arrive: 1248.1040859300963, time_travel to 69: 14.736349615830918
t_charge: 57.30118600610593
e_remain: 10246.063331492443, e_depot: 9592.079138852507, er: 1015.0564611474929
Energy after charge: 10515.992223235353
-----------------------
Node ~11 ~
Init energy: 10740.91984, Charge rate: 0.08862023999985
Time arrive: 1332.4888462941042, time_travel to 11: 27.083574357901874
t_charge: 25.41287196799154
e_remain: 10622.834358644293, e_depot: 10469.276536215924, er: 271.6433037840761
Energy after charge: 10747.646623671362
-----------------------
Node ~6 ~
Init energy: 10765.81368, Charge rate: 0.05127948
Time arrive: 1422.9017182620958, time_travel to 6: 65.0
t_charge: 17.061022545749097
e_remain: 10692.848019796413, e_depot: 10620.409401028948, er: 145.4042789710511
Energy after charge: 10777.278252160744
-----------------------
Node ~55 ~
Init energy: 10776.63036, Charge rate: 0.03505446000045
Time arrive: 1447.7422009433556, time_travel to 55: 7.779460135510689
t_charge: 13.965196094227949
e_remain: 10725.880538926067, e_depot: 10688.74426649791, er: 87.88609350208935
Energy after charge: 10795.216976989323
-----------------------
Node ~34 ~
Init energy: 10607.1356, Charge rate: 0.2892966000015
Time arrive: 1508.3125469676072, time_travel to 34: 46.60514993002383
t_charge: 59.242273178893974
e_remain: 10170.785908422667, e_depot: 9601.784574716447, er: 1005.3510252835531
Energy after charge: 10449.858686110123
-----------------------
Node ~42 ~
Init energy: 10757.63272, Charge rate: 0.06355092000045001
Time arrive: 1608.1567905420375, time_travel to 42: 40.60197039553622
t_charge: 22.07018705099986
e_remain: 10655.432876456081, e_depot: 10582.064334402558, er: 175.5683855974421
Energy after charge: 10764.381231019408
-----------------------
Node ~4 ~
Init energy: 10731.90816, Charge rate: 0.10213776000284999
Time arrive: 1650.0522140355115, time_travel to 4: 19.825236442474022
t_charge: 4.776461582901329
e_remain: 10563.375522970671, e_depot: 10296.266688035354, er: 435.6414719646473
Energy after charge: 10586.76997379836
-----------------------
Node ~30 ~
Init energy: 10783.8352, Charge rate: 0.02424720000015
Time arrive: 1697.464341439413, time_travel to 30: 42.635665821000146
t_charge: 6.310252057294233
e_remain: 10742.676442619995, e_depot: 10706.29688366717, er: 77.53831633282971
Energy after charge: 10774.074696962782
-----------------------
Node ~56 ~
Init energy: 10781.24, Charge rate: 0.028140000000750003
Time arrive: 1747.5275362548807, time_travel to 56: 43.75294275817342
t_charge: 9.073259552617651
e_remain: 10732.064575128477, e_depot: 10700.002785352171, er: 81.2372146478283
Energy after charge: 10777.175551367749
-----------------------
Node ~49 ~
Init energy: 10756.22, Charge rate: 0.06567000000075
Time arrive: 1797.0720201527045, time_travel to 49: 40.47122434520607
t_charge: 8.178982882000886
e_remain: 10638.206280435223, e_depot: 10501.661728201821, er: 254.55827179817788
Energy after charge: 10678.56408103936
-----------------------
Node ~22 ~
Init energy: 10783.55252, Charge rate: 0.024671220000749998
Time arrive: 1849.262365204036, time_travel to 22: 44.01136216933077
t_charge: 8.612255167533306
e_remain: 10737.928961348944, e_depot: 10715.616528336808, er: 67.93599166319109
Energy after charge: 10780.77776234467
-----------------------
Node ~17 ~
Init energy: 10738.13644, Charge rate: 0.0927953400021
Time arrive: 1882.9736243358705, time_travel to 17: 25.099003964301055
t_charge: 23.114905849713473
e_remain: 10563.405262314767, e_depot: 10436.21928554857, er: 301.9171544514302
Energy after charge: 10676.834836015894
-----------------------
Node ~1 ~
Init energy: 10693.99252, Charge rate: 0.159011220003
Time arrive: 1918.6168979962767, time_travel to 1: 12.52836781069266
t_charge: 23.287750977501176
e_remain: 10388.91090633124, e_depot: 10095.03045880406, er: 598.9620611959399
Energy after charge: 10501.646647524689
-----------------------
Node ~10 ~
Init energy: 10780.33632, Charge rate: 0.0294955200003
Time arrive: 1965.3447854921517, time_travel to 10: 23.44013651837378
t_charge: 12.740686635024225
e_remain: 10722.367453572031, e_depot: 10711.337676688809, er: 68.9986433111917
Energy after charge: 10785.695093569691
-----------------------
Node ~7 ~
Init energy: 10781.34, Charge rate: 0.02799000000075
Time arrive: 1979.8965491548036, time_travel to 7: 1.8110770276274835
t_charge: 9.833664338439855
e_remain: 10725.922695587673, e_depot: 10704.579668089425, er: 76.76033191057468
Energy after charge: 10774.815773015032
-----------------------
Node ~53 ~
Init energy: 10768.52336, Charge rate: 0.047214960000299996
Time arrive: 2013.7743395950588, time_travel to 53: 24.044126101815387
t_charge: 18.03595133688088
e_remain: 10673.443085106388, e_depot: 10646.280239135735, er: 122.24312086426471
Energy after charge: 10762.771275069854
-----------------------
Node ~44 ~
Init energy: 10607.1356, Charge rate: 0.2892966000015
Time arrive: 2077.7328344155053, time_travel to 44: 45.92254348356589
t_charge: 61.768281033124694
e_remain: 10006.054555292114, e_depot: 9614.414613987601, er: 992.7209860123985
Energy after charge: 10297.026606766918
-----------------------
Node ~60 ~
Init energy: 10786.31956, Charge rate: 0.02052066000045
Time arrive: 2156.10111544863, time_travel to 60: 16.6
t_charge: 4.709833249365305
e_remain: 10742.074942083287, e_depot: 10717.545071912145, er: 68.77448808785448
Energy after charge: 10765.527459443345
-----------------------
Node ~59 ~
Init energy: 10787.98, Charge rate: 0.018030000000450002
Time arrive: 2163.151888680139, time_travel to 59: 2.340939982143925
t_charge: 9.42491494498093
e_remain: 10748.978371446123, e_depot: 10753.986545984146, er: 33.993454015853786
Energy after charge: 10795.933014954566
-----------------------
Node ~61 ~
Init energy: 10754.64912, Charge rate: 0.06802632000135
Time arrive: 2257.010209336367, time_travel to 61: 84.43340571124678
t_charge: 12.019472998915042
e_remain: 10601.11302125337, e_depot: 10508.692076738345, er: 245.9570432616547
Energy after charge: 10660.392745731473
-----------------------
Node ~16 ~
Init energy: 10765.1296, Charge rate: 0.05230560000075
Time arrive: 2283.479595829833, time_travel to 16: 14.449913494550753
t_charge: 18.44010872623233
e_remain: 10645.69082965065, e_depot: 10622.004177793247, er: 143.12542220675277
Energy after charge: 10736.926852330807
-----------------------
Node ~37 ~
Init energy: 10783.9142, Charge rate: 0.02412870000015
Time arrive: 2368.317897302555, time_travel to 37: 66.39819274648973
t_charge: 2.0070921374657638
e_remain: 10726.769767951, e_depot: 10685.393222526458, er: 98.52097747354128
Energy after charge: 10736.756800114272
-----------------------
Node ~40 ~
Init energy: 10759.74348, Charge rate: 0.0603847800009
Time arrive: 2386.533629111505, time_travel to 40: 16.208639671483848
t_charge: 26.77219387119698
e_remain: 10615.633171841351, e_depot: 10621.929778280268, er: 137.8137017197314
Energy after charge: 10747.877508160282
-----------------------
Node ~38 ~
Init energy: 10736.3368, Charge rate: 0.09549480000225
Time arrive: 2434.1298475697026, time_travel to 38: 20.82402458700047
t_charge: 25.75926872003417
e_remain: 10503.890057026823, e_depot: 10435.49643084464, er: 300.84036915535944
Energy after charge: 10630.22652441237
-----------------------
Node ~20 ~
Init energy: 10607.1356, Charge rate: 0.2892966000015
Time arrive: 2494.170306467442, time_travel to 20: 34.28119017770533
t_charge: 57.78765899203746
e_remain: 9885.58061051427, e_depot: 9594.511503782165, er: 1012.6240962178344
Energy after charge: 10157.801132206014
-----------------------
Node ~15 ~
Init energy: 10767.1352, Charge rate: 0.049297200000299995
Time arrive: 2633.182592266871, time_travel to 15: 81.22462680739136
t_charge: 22.50569980089083
e_remain: 10637.326671111712, e_depot: 10657.872701424674, er: 109.26249857532639
Energy after charge: 10748.745702131935
-----------------------
Node ~75 ~
Init energy: 10771.4232, Charge rate: 0.04286520000045
Time arrive: 2721.550268958833, time_travel to 75: 65.86197689107122
t_charge: 15.31310761729771
e_remain: 10654.763403409801, e_depot: 10655.135686199184, er: 116.28751380081485
Energy after charge: 10730.672542075645
-----------------------
Node ~41 ~
Init energy: 10607.1356, Charge rate: 0.2892966000015
Time arrive: 2791.3386920869193, time_travel to 41: 54.475315510788924
t_charge: 64.42050609532264
e_remain: 9799.61080692662, e_depot: 9627.675739298591, er: 979.4598607014086
Energy after charge: 10103.07670401948
-----------------------
Node ~19 ~
Init energy: 10785.055, Charge rate: 0.02241750000045
Time arrive: 2891.761975852861, time_travel to 19: 36.0027776706187
t_charge: 8.192739619101944
e_remain: 10720.228925905018, e_depot: 10725.161049216582, er: 59.893950783418404
Energy after charge: 10761.008963260112
-----------------------
Node ~63 ~
Init energy: 10768.62, Charge rate: 0.047070000001350004
Time arrive: 2966.1764641652735, time_travel to 63: 66.22174869331073
t_charge: 24.858300975740075
e_remain: 10629.002073827736, e_depot: 10681.140810877496, er: 87.47918912250498
Energy after charge: 10752.123498479476
-----------------------
Node ~57 ~
Init energy: 10779.88048, Charge rate: 0.030179279999999996
Time arrive: 3053.2077496278466, time_travel to 57: 62.17298448683319
t_charge: 5.254580446079713
e_remain: 10687.73686842581, e_depot: 10670.375029354398, er: 109.50545064560174
Energy after charge: 10713.851191201644
-----------------------
Node ~73 ~
Init energy: 10607.1356, Charge rate: 0.2892966000015
Time arrive: 3090.266732284941, time_travel to 73: 31.804402211014754
t_charge: 64.46436388421492
e_remain: 9713.13194125222, e_depot: 9627.895028243052, er: 979.2405717569472
Energy after charge: 10016.804439380332
-----------------------
Node ~67 ~
Init energy: 10787.38, Charge rate: 0.01893000000045
Time arrive: 3200.524108736577, time_travel to 67: 45.79301256742124
t_charge: 4.61822093042987
e_remain: 10726.794078620176, e_depot: 10725.303923062535, er: 62.07607693746468
Energy after charge: 10749.797760350111
-----------------------
Node ~71 ~
Init energy: 10774.7124, Charge rate: 0.03793140000015
Time arrive: 3223.9306238950626, time_travel to 71: 18.788294228055936
t_charge: 20.452956895359723
e_remain: 10652.424197932303, e_depot: 10706.321588508268, er: 68.39081149173217
Energy after charge: 10753.913173119918
-----------------------
Node ~64 ~
Init energy: 10607.1356, Charge rate: 0.2892966000015
Time arrive: 3280.961169557316, time_travel to 64: 36.57758876689386
t_charge: 62.86138086068883
e_remain: 9657.964688910124, e_depot: 9619.880113125422, er: 987.2554868745774
Energy after charge: 9954.086009459172
-----------------------
Node ~62 ~
Init energy: 10762.68672, Charge rate: 0.055969920001200005
Time arrive: 3367.830049246496, time_travel to 62: 24.00749882849107
t_charge: 5.101933801938148
e_remain: 10574.189541566036, e_depot: 10536.3844323174, er: 226.30228768259985
Energy after charge: 10599.413655748982
-----------------------
Node ~32 ~
Init energy: 10607.1356, Charge rate: 0.2892966000015
Time arrive: 3416.1176288118127, time_travel to 32: 43.18564576337837
t_charge: 59.351369883975494
e_remain: 9618.864384779556, e_depot: 9602.330058241854, er: 1004.8055417581454
Energy after charge: 9898.451084686567
-----------------------
Node ~36 ~
Init energy: 10607.1356, Charge rate: 0.2892966000015
Time arrive: 3499.0664561859503, time_travel to 36: 23.597457490161943
t_charge: 52.899441871842235
e_remain: 9594.867571046107, e_depot: 9570.070418181189, er: 1037.0651818188107
Energy after charge: 9844.061151729817
-----------------------
Node ~12 ~
Init energy: 10787.22, Charge rate: 0.0191700000006
Time arrive: 3577.572928342462, time_travel to 12: 25.60703028466987
t_charge: 12.976115895151
e_remain: 10718.637926961528, e_depot: 10765.853623792438, er: 21.36637620756119
Energy after charge: 10783.269754295565
-----------------------
Node ~21 ~
Init energy: 10793.9, Charge rate: 0.009150000000255
Time arrive: 3606.475123478908, time_travel to 21: 15.926079241294763
t_charge: 5.612436359316907
e_remain: 10760.900752619247, e_depot: 10780.795794498741, er: 13.104205501258548
Energy after charge: 10788.911580623142
-----------------------
Node ~46 ~
Init energy: 10747.948, Charge rate: 0.0780780000009
Time arrive: 3659.3591157677683, time_travel to 46: 47.271555929543936
t_charge: 68.62511048413008
e_remain: 10462.232558955791, e_depot: 10739.796045602243, er: 8.151954397757436
Energy after charge: 10800.0
-----------------------
Node ~33 ~
Init energy: 10781.1396, Charge rate: 0.028290600000149997
Time arrive: 3746.85748776124, time_travel to 33: 18.873261509341727
t_charge: 16.723640870539867
e_remain: 10675.13875355618, e_depot: 10737.476733701107, er: 43.66286629889328
Energy after charge: 10758.283836074466
-----------------------
Node ~18 ~
Init energy: 10787.52, Charge rate: 0.018720000000449998
Time arrive: 3819.148385177339, time_travel to 18: 55.56725654555927
t_charge: 5.663326504728413
e_remain: 10716.025542227762, e_depot: 10731.614253265428, er: 55.90574673457195
Energy after charge: 10744.236157279234
-----------------------
Node ~58 ~
Init energy: 10766.30944, Charge rate: 0.05053584000045
Time arrive: 3891.833200773254, time_travel to 58: 67.02148909118627
t_charge: 37.362240087443396
e_remain: 10569.632380057285, e_depot: 10725.756928762645, er: 40.55251123735616
Energy after charge: 10754.555448307385
-----------------------
Node ~23 ~
Init energy: 10766.276, Charge rate: 0.05058600000015
Time arrive: 3992.1547928268665, time_travel to 23: 62.959351966169415
t_charge: 31.823219663434923
e_remain: 10564.328857649461, e_depot: 10697.802713858506, er: 68.4732861414941
Energy after charge: 10721.835146576737
-----------------------
Node ~28 ~
Init energy: 10785.8868, Charge rate: 0.0211698000006
Time arrive: 4061.5785444014327, time_travel to 28: 37.600531911131256
t_charge: 18.37991707720614
e_remain: 10699.903994528293, e_depot: 10782.542212072558, er: 3.3445879274422623
Energy after charge: 10791.414480745772
-----------------------
Node ~13 ~
Init energy: 10761.80408, Charge rate: 0.05729388000105
Time arrive: 4179.117525612988, time_travel to 13: 99.15906413434931
t_charge: 24.017439151631322
e_remain: 10522.366221977245, e_depot: 10624.122745282351, er: 137.6813347176485
Energy after charge: 10641.077365458716
-----------------------
Node ~9 ~
Init energy: 10735.5642, Charge rate: 0.09665370000135001
Time arrive: 4209.207855344895, time_travel to 9: 6.07289058027559
t_charge: 1.63771657004236
e_remain: 10328.72868670617, e_depot: 10308.902110947025, er: 426.6620890529757
Energy after charge: 10336.758978190333
-----------------------
Node ~43 ~
Init energy: 10607.1356, Charge rate: 0.2892966000015
Time arrive: 4295.040583643661, time_travel to 43: 84.19501172872417
t_charge: 59.59473541542005
e_remain: 9364.59496228343, e_depot: 9603.546885899077, er: 1003.5887141009225
Energy after charge: 9645.32808502686
-----------------------
Node ~26 ~
Init energy: 10784.87952, Charge rate: 0.022680719999700002
Time arrive: 4383.083166077793, time_travel to 26: 28.447847018711276
t_charge: 11.011915379703298
e_remain: 10685.468037974792, e_depot: 10737.897205786434, er: 46.9823142135665
Energy after charge: 10740.27785670392
-----------------------
Node ~24 ~
Init energy: 10607.1356, Charge rate: 0.2892966000015
Time arrive: 4409.401289348414, time_travel to 24: 15.306207890917985
t_charge: 70.32455804414671
e_remain: 9331.510798949274, e_depot: 9657.195999042711, er: 949.9396009572883
Energy after charge: 9662.788933631227
-----------------------
==============================================
Fitness: 0.020215695552023596, num_deaths: 0, max_er: 1037.0651818188107
