routes: [25 19 13 21  3 23  5  6  1  2 15 12  4 14 11 10  7 22  8 16 24 20  9 18
 17]
t_charge: [ 9.51021833  9.06509136  5.37210437  3.62172003  9.43509803  8.96958937
  3.04194465  1.03687129 10.48253266  7.24827647  9.43832584  2.18599968
  1.80779601 11.08512597 32.72026548 37.44313248  5.34405177  4.79046518
  5.05937256 12.42291462  8.41758209 10.37304035 33.63031898  9.51371621
 18.68941251]
T: 1116.3061734112198, energy used: 2199.1260385966625
=================================
Node ~25 ~
Init energy: 10754.22576, Charge rate: 0.0686613600006
Time arrive: 16.3682619724881, time_travel to 25: 16.3682619724881
t_charge: 9.510218330470074
e_remain: 10753.101892872122, e_depot: 10725.12975160887, er: 29.096008391128635
Energy after charge: 10800.0
-----------------------
Node ~19 ~
Init energy: 10756.828, Charge rate: 0.0647580000006
Time arrive: 39.193133884632765, time_travel to 19: 13.314653581674591
t_charge: 9.065091359417767
e_remain: 10754.289931035875, e_depot: 10729.863701618655, er: 26.964298381344634
Energy after charge: 10799.028350646706
-----------------------
Node ~13 ~
Init energy: 10773.27708, Charge rate: 0.04008438000015
Time arrive: 79.24531933175098, time_travel to 13: 30.987094087700445
t_charge: 5.372104372919015
e_remain: 10770.100580506672, e_depot: 10755.391161013067, er: 17.885918986932666
Energy after charge: 10796.745764898184
-----------------------
Node ~21 ~
Init energy: 10782.26, Charge rate: 0.026610000000750002
Time arrive: 99.47272578843793, time_travel to 21: 14.855302083767935
t_charge: 3.6217200277825867
e_remain: 10779.613030766695, e_depot: 10770.663692863602, er: 11.596307136398536
Energy after charge: 10797.625256935666
-----------------------
Node ~3 ~
Init energy: 10757.12404, Charge rate: 0.06431394
Time arrive: 121.37667762746281, time_travel to 3: 18.282231811242305
t_charge: 9.435098026168433
e_remain: 10749.31782763767, e_depot: 10732.505481872444, er: 24.618558127556753
Energy after charge: 10795.886509440163
-----------------------
Node ~23 ~
Init energy: 10759.84996, Charge rate: 0.06022506000029999
Time arrive: 168.7591075756518, time_travel to 23: 37.94733192202055
t_charge: 8.969589372430562
e_remain: 10749.68643262066, e_depot: 10737.468300589757, er: 22.38165941024272
Energy after charge: 10793.994185424679
-----------------------
Node ~5 ~
Init energy: 10779.81136, Charge rate: 0.0302829600003
Time arrive: 185.37068621789948, time_travel to 5: 7.6419892698171195
t_charge: 3.0419446479741534
e_remain: 10774.197786924035, e_depot: 10761.21602804237, er: 18.59533195762924
Energy after charge: 10789.315391075808
-----------------------
Node ~6 ~
Init energy: 10793.42, Charge rate: 0.00987000000027
Time arrive: 212.73874851748423, time_travel to 6: 24.32611765161058
t_charge: 1.0368712891293328
e_remain: 10791.320268552076, e_depot: 10787.586414513777, er: 5.8335854862234555
Energy after charge: 10796.494391078098
-----------------------
Node ~1 ~
Init energy: 10754.55136, Charge rate: 0.0681729600006
Time arrive: 224.22358611590073, time_travel to 1: 10.447966309287182
t_charge: 10.482532659622235
e_remain: 10739.265374432529, e_depot: 10730.862127189725, er: 23.689232810274916
Energy after charge: 10790.96341245093
-----------------------
Node ~2 ~
Init energy: 10767.096, Charge rate: 0.04935600000105
Time arrive: 240.20884537240198, time_travel to 2: 5.502726596879041
t_charge: 7.2482764735706215
e_remain: 10755.240252227548, e_depot: 10748.240974871796, er: 18.855025128203124
Energy after charge: 10791.123888661763
-----------------------
Node ~15 ~
Init energy: 10756.828, Charge rate: 0.0647580000006
Time arrive: 291.69375824613303, time_travel to 15: 44.23663640016044
t_charge: 9.438325836132442
e_remain: 10737.938495603321, e_depot: 10731.729874002229, er: 25.098125997770694
Energy after charge: 10784.518917679481
-----------------------
Node ~12 ~
Init energy: 10787.46, Charge rate: 0.01881000000045
Time arrive: 360.13343999888826, time_travel to 12: 59.0013559166228
t_charge: 2.185999682128531
e_remain: 10780.685889993458, e_depot: 10777.392279288273, er: 10.067720711725997
Energy after charge: 10791.57476975008
-----------------------
Node ~4 ~
Init energy: 10794.22, Charge rate: 0.00867000000024
Time arrive: 374.08379261689896, time_travel to 4: 11.764352935882194
t_charge: 1.807796014705311
e_remain: 10790.976693517921, e_depot: 10793.580605549783, er: 0.6393944502160593
Energy after charge: 10800.0
-----------------------
Node ~14 ~
Init energy: 10756.828, Charge rate: 0.0647580000006
Time arrive: 413.52402145224454, time_travel to 14: 37.63243282064023
t_charge: 11.08512597094924
e_remain: 10730.049011418547, e_depot: 10739.963874676312, er: 16.864125323687404
Energy after charge: 10784.75679068566
-----------------------
Node ~11 ~
Init energy: 10687.3888, Charge rate: 0.1689168000015
Time arrive: 483.0094898879431, time_travel to 11: 58.40034246474929
t_charge: 32.720265481162095
e_remain: 10605.800382597772, e_depot: 10662.42726077127, er: 24.961539228730544
Energy after charge: 10763.874707463305
-----------------------
Node ~10 ~
Init energy: 10687.3888, Charge rate: 0.1689168000015
Time arrive: 581.2644789894883, time_travel to 10: 65.53472362038312
t_charge: 37.44313248272285
e_remain: 10589.203464254557, e_depot: 10686.041595779074, er: 1.3472042209268693
Energy after charge: 10770.094352547158
-----------------------
Node ~7 ~
Init energy: 10773.67788, Charge rate: 0.03948318000015
Time arrive: 667.091493085823, time_travel to 7: 48.38388161361178
t_charge: 5.344051768513029
e_remain: 10747.338986501924, e_depot: 10756.322821262489, er: 17.355058737510262
Energy after charge: 10773.848245186582
-----------------------
Node ~22 ~
Init energy: 10782.26, Charge rate: 0.026610000000750002
Time arrive: 710.6690380245919, time_travel to 22: 38.23349317025584
t_charge: 4.790465179309409
e_remain: 10763.349096897633, e_depot: 10776.507418621237, er: 5.752581378763352
Energy after charge: 10787.173948515756
-----------------------
Node ~8 ~
Init energy: 10775.7198, Charge rate: 0.03642029999985
Time arrive: 746.8384770558297, time_travel to 8: 31.3789738519283
t_charge: 5.059372561782814
e_remain: 10748.519718614196, e_depot: 10760.360457081595, er: 15.359342918405673
Energy after charge: 10773.6323175566
-----------------------
Node ~16 ~
Init energy: 10754.22576, Charge rate: 0.0686613600006
Time arrive: 813.1520739617342, time_travel to 16: 61.254224344121766
t_charge: 12.422914618579714
e_remain: 10698.393632714478, e_depot: 10739.693233049418, er: 14.532526950581087
Energy after charge: 10759.655231594494
-----------------------
Node ~24 ~
Init energy: 10759.84996, Charge rate: 0.06022506000029999
Time arrive: 865.8266966186072, time_travel to 24: 40.25170803829323
t_charge: 8.417582090175266
e_remain: 10707.705495246282, e_depot: 10734.70826417848, er: 25.141695821519534
Energy after charge: 10749.28645631072
-----------------------
Node ~20 ~
Init energy: 10756.828, Charge rate: 0.0647580000006
Time arrive: 912.6531318548998, time_travel to 20: 38.40885314611724
t_charge: 10.37304034622875
e_remain: 10697.726408486793, e_depot: 10736.40344655271, er: 20.424553447290236
Energy after charge: 10748.919872871189
-----------------------
Node ~9 ~
Init energy: 10687.3888, Charge rate: 0.1689168000015
Time arrive: 965.7443182283148, time_travel to 9: 42.71814602718615
t_charge: 33.63031898279402
e_remain: 10524.258360145244, e_depot: 10666.977528279429, er: 20.411271720571676
Energy after charge: 10686.729229193612
-----------------------
Node ~18 ~
Init energy: 10756.828, Charge rate: 0.0647580000006
Time arrive: 1042.2185399278317, time_travel to 18: 42.84390271672272
t_charge: 9.513716210741837
e_remain: 10689.336011790727, e_depot: 10732.106825875275, er: 24.721174124724712
Energy after charge: 10736.288503610054
-----------------------
Node ~17 ~
Init energy: 10754.22576, Charge rate: 0.0686613600006
Time arrive: 1070.7333087409954, time_travel to 17: 19.001052602421794
t_charge: 18.68941251095059
e_remain: 10680.7077548239, e_depot: 10771.025722511273, er: 0
Energy after charge: 10772.871576898038
-----------------------
==============================================
Fitness: 0.0005671736528485113, num_deaths: 0, max_er: 29.096008391128635
