routes: [18  3 17 22  9  7 21 25 15 19  2  1  8  6  5 24 20 23 11 13 16 12  4 14
 10]
t_charge: [29.60584335  4.54892525 29.84841498 29.88443543  3.93312418  3.81394833
 35.39057044  6.81559045 33.01745591  4.11350448  1.76162082  9.12883318
 65.21384843  1.96891154 13.66763968 62.49285464  7.33567091 32.93172835
  9.81662977  9.11400659  1.28873599 19.68844159  6.72552004  7.56445338
 64.19101154]
T: 1273.1259812685737, energy used: 3248.572858310401
=================================
Node ~18 ~
Init energy: 10662.2628, Charge rate: 0.206605800003
Time arrive: 20.208908926510606, time_travel to 18: 20.208908926510606
t_charge: 29.60584334917384
e_remain: 10658.08752220405, e_depot: 10547.25680488127, er: 115.00599511873043
Energy after charge: 10800.0
-----------------------
Node ~3 ~
Init energy: 10769.784, Charge rate: 0.045324
Time arrive: 60.19935626428217, time_travel to 3: 10.384603988597735
t_charge: 4.5489252482289935
e_remain: 10767.055524376678, e_depot: 10734.825464266129, er: 34.95853573387103
Energy after charge: 10789.593975129872
-----------------------
Node ~17 ~
Init energy: 10662.2628, Charge rate: 0.206605800003
Time arrive: 76.28951194951398, time_travel to 17: 11.541230437002806
t_charge: 29.8484149831234
e_remain: 10646.500944351832, e_depot: 10548.469663051019, er: 113.79313694898156
Energy after charge: 10789.57616361104
-----------------------
Node ~22 ~
Init energy: 10662.2628, Charge rate: 0.206605800003
Time arrive: 125.88431900815335, time_travel to 22: 19.746392075515974
t_charge: 29.884435433128942
e_remain: 10636.254369563489, e_depot: 10548.649765301047, er: 113.61303469895392
Energy after charge: 10779.502249038833
-----------------------
Node ~9 ~
Init energy: 10759.42528, Charge rate: 0.06086208000104999
Time arrive: 228.1704118808741, time_travel to 9: 72.4016574395918
t_charge: 3.933124182547819
e_remain: 10745.538354138233, e_depot: 10701.605805589355, er: 57.819474410644034
Energy after charge: 10764.96459693232
-----------------------
Node ~7 ~
Init energy: 10738.65104, Charge rate: 0.09202344000015
Time arrive: 272.86282948222396, time_travel to 7: 40.759293418802045
t_charge: 3.813948333971153
e_remain: 10713.541263782872, e_depot: 10640.563349319955, er: 98.08769068004585
Energy after charge: 10732.260032807053
-----------------------
Node ~21 ~
Init energy: 10662.2628, Charge rate: 0.206605800003
Time arrive: 293.42431494856174, time_travel to 21: 16.747537132366656
t_charge: 35.39057044282383
e_remain: 10601.63963466972, e_depot: 10576.18044034952, er: 86.0823596504797
Energy after charge: 10771.280589764938
-----------------------
Node ~25 ~
Init energy: 10752.6016, Charge rate: 0.07109760000029999
Time arrive: 409.9175363961462, time_travel to 25: 81.10265100476063
t_charge: 6.815590449569256
e_remain: 10723.457446964198, e_depot: 10696.163350481624, er: 56.438249518376324
Energy after charge: 10757.050827088495
-----------------------
Node ~15 ~
Init energy: 10662.2628, Charge rate: 0.206605800003
Time arrive: 456.43199332827385, time_travel to 15: 39.698866482558415
t_charge: 33.017455911662736
e_remain: 10567.961302871448, e_depot: 10564.314867693716, er: 97.9479323062842
Energy after charge: 10726.226984537068
-----------------------
Node ~19 ~
Init energy: 10781.92, Charge rate: 0.027120000000750003
Time arrive: 521.3223217179547, time_travel to 19: 31.872872478018042
t_charge: 4.113504481379592
e_remain: 10767.781738634618, e_depot: 10767.96034579394, er: 13.959654206060804
Energy after charge: 10788.237702799977
-----------------------
Node ~2 ~
Init energy: 10775.47748, Charge rate: 0.036783780000449996
Time arrive: 553.7893092305246, time_travel to 2: 28.353483031190365
t_charge: 1.7616208188896028
e_remain: 10755.107015882662, e_depot: 10737.455198086607, er: 38.02228191339236
Energy after charge: 10763.850320904465
-----------------------
Node ~1 ~
Init energy: 10718.49664, Charge rate: 0.12225504000045001
Time arrive: 563.8863964430841, time_travel to 1: 8.335466393669883
t_charge: 9.128833179530947
e_remain: 10649.558686047141, e_depot: 10608.494738132053, er: 110.0019018679468
Energy after charge: 10694.086806079275
-----------------------
Node ~8 ~
Init energy: 10577.10032, Charge rate: 0.33434952000600004
Time arrive: 601.1015252131696, time_travel to 8: 28.08629559055448
t_charge: 65.21384843323507
e_remain: 10376.122313570102, e_depot: 10477.500501421859, er: 99.59981857814091
Energy after charge: 10680.387336814882
-----------------------
Node ~6 ~
Init energy: 10793.82, Charge rate: 0.009270000000255
Time arrive: 687.8049059819396, time_travel to 6: 21.489532335534896
t_charge: 1.9689115359631577
e_remain: 10787.44404852137, e_depot: 10791.86267983313, er: 1.9573201668699767
Energy after charge: 10797.270354391248
-----------------------
Node ~5 ~
Init energy: 10738.65104, Charge rate: 0.09202344000015
Time arrive: 714.4476903391685, time_travel to 5: 24.673872821265817
t_charge: 13.667639675882446
e_remain: 10672.905105834829, e_depot: 10689.831806029511, er: 48.81923397048922
Energy after charge: 10739.985560994584
-----------------------
Node ~24 ~
Init energy: 10577.10032, Charge rate: 0.33434952000600004
Time arrive: 789.2803526995885, time_travel to 24: 61.16502268453761
t_charge: 62.49285464100153
e_remain: 10313.204812924725, e_depot: 10463.89553246069, er: 113.20478753930911
Energy after charge: 10604.77463017671
-----------------------
Node ~20 ~
Init energy: 10781.92, Charge rate: 0.027120000000750003
Time arrive: 892.0666311216489, time_travel to 20: 40.29342378105886
t_charge: 7.335670912922529
e_remain: 10757.727152963313, e_depot: 10784.071177951653, er: 0
Energy after charge: 10794.20656413276
-----------------------
Node ~23 ~
Init energy: 10662.2628, Charge rate: 0.206605800003
Time arrive: 931.7961286069293, time_travel to 23: 32.39382657235789
t_charge: 32.931728346481805
e_remain: 10469.748315409468, e_depot: 10563.88622986781, er: 98.37657013218995
Energy after charge: 10627.60307106137
-----------------------
Node ~11 ~
Init energy: 10768.3328, Charge rate: 0.04750080000075001
Time arrive: 993.1363064007146, time_travel to 11: 28.408449447303525
t_charge: 9.816629771689392
e_remain: 10721.158030936176, e_depot: 10756.94144624645, er: 11.391353753549993
Energy after charge: 10769.774882027157
-----------------------
Node ~13 ~
Init energy: 10769.65112, Charge rate: 0.04552332000075
Time arrive: 1017.2749472043785, time_travel to 13: 14.322011031974526
t_charge: 9.114006593932922
e_remain: 10723.34138704967, e_depot: 10757.264231523108, er: 12.386888476892636
Energy after charge: 10768.49652018067
-----------------------
Node ~16 ~
Init energy: 10780.60232, Charge rate: 0.0290965200003
Time arrive: 1032.0493424775455, time_travel to 16: 5.660388679233963
t_charge: 1.2887359859572736
e_remain: 10750.573275665305, e_depot: 10750.002464352903, er: 30.599855647096774
Energy after charge: 10756.9794578627
-----------------------
Node ~12 ~
Init energy: 10752.6016, Charge rate: 0.07109760000029999
Time arrive: 1056.8803808148023, time_travel to 12: 23.54230235129946
t_charge: 19.688441590663665
e_remain: 10677.459941436664, e_depot: 10760.527606187095, er: 0
Energy after charge: 10774.50234844514
-----------------------
Node ~4 ~
Init energy: 10738.65104, Charge rate: 0.09202344000015
Time arrive: 1086.2228371143835, time_travel to 4: 9.654014708917737
t_charge: 6.7255200401068755
e_remain: 10638.693077922013, e_depot: 10655.121207850634, er: 83.52983214936648
Energy after charge: 10671.701772632667
-----------------------
Node ~14 ~
Init energy: 10774.73616, Charge rate: 0.03789575999955
Time arrive: 1127.9826260922034, time_travel to 14: 35.03426893771297
t_charge: 7.564453382854947
e_remain: 10731.990401117948, e_depot: 10764.31235027893, er: 10.423809721070938
Energy after charge: 10769.526007322298
-----------------------
Node ~10 ~
Init energy: 10577.10032, Charge rate: 0.33434952000600004
Time arrive: 1164.1197937318454, time_travel to 10: 28.572714256787016
t_charge: 64.19101153573503
e_remain: 10187.877425736273, e_depot: 10472.386316934359, er: 104.71400306564101
Energy after charge: 10487.370249519276
-----------------------
==============================================
Fitness: 0.0022418322635230094, num_deaths: 0, max_er: 115.00599511873043
