routes: [  8  58  97  75  77  57  54  48  64  85  86  22  24  16  45   7  69  71
  76  82  89  10  15  18  30  50   3  47  44  19  65  73  96  88  80  78
  34   4  21  41  28  14  25   9  70  90 100  40  49  46   5  61  38  35
  93  13  36   2  83  87  92  91  52  23  32  31  74  60  62   1  81  43
  55  99  17  94  39  66  63  53  20  42  51   6  12  68  33  59  72  79
  26  56  27  29  95  37  67  11  84  98]
t_charge: [3.15570298e+01 6.05566255e+00 1.35441976e-01 1.59254870e-01
 1.94462931e+00 2.46032886e+00 1.74012406e+00 2.29584187e+01
 6.87318248e+00 9.24008359e-01 4.01468410e+00 3.30112001e+00
 6.01988224e+00 1.01146971e+02 2.51051329e+02 5.99775776e+01
 0.00000000e+00 0.00000000e+00 0.00000000e+00 4.84356512e-01
 0.00000000e+00 3.78351547e+01 4.05054002e-03 3.10525644e+00
 6.10162187e-01 3.45205083e+01 7.10050195e+01 1.09597055e+02
 2.24286257e+01 1.11680928e+00 1.06826381e+01 1.77817424e+00
 6.00334706e-01 6.10319252e+00 3.65557498e-04 8.58497555e+00
 6.49846594e-03 8.03016161e+01 1.10123294e+02 4.32847379e+00
 2.45096383e+01 3.43914171e+01 8.19307681e+01 6.33175199e+01
 8.43554640e-01 3.33075329e+01 6.76873572e+01 6.18725100e-02
 5.08179124e+01 1.72989977e+02 2.44380258e+01 1.15729954e+00
 8.83149509e-01 5.61401048e-01 6.41425896e-01 1.12903917e+02
 6.63874770e-01 1.66735847e+02 7.10083625e+01 1.79611561e+00
 3.93839799e-02 6.71285708e+01 1.22182555e+02 1.53485389e-02
 1.73098581e+01 1.11169227e+02 4.57635908e+00 1.81027374e+02
 0.00000000e+00 0.00000000e+00 0.00000000e+00 1.62440115e+00
 0.00000000e+00 5.51229272e+01 8.01149973e+01 6.45782057e+00
 5.26735931e+00 6.05880175e+01 2.25192448e+00 1.46721637e+01
 8.39201438e+01 4.91805946e+00 2.00661121e+02 2.70343590e+01
 2.20938716e+01 2.35598030e+02 1.67890976e+01 2.56756483e+01
 9.39915719e-03 5.97294640e+01 1.53926635e+02 3.20681218e+01
 1.44235796e+02 3.87599826e+01 3.76003311e+01 1.80670438e+00
 1.24921564e+01 8.36297662e+00 5.68937452e+01 2.56353271e-01]
T: 7537.419924189264, energy used: 22763.67376194134
=================================
Node ~8 ~
Init energy: 10470.25064, Charge rate: 0.4946240400135
Time arrive: 2.545584412271571, time_travel to 8: 2.545584412271571
t_charge: 31.55702975231582
e_remain: 10468.991532753807, e_depot: 6899.846694580836, er: 3570.4039454191643
Energy after charge: 10611.16781596847
-----------------------
Node ~58 ~
Init energy: 10762.14, Charge rate: 0.0567900000015
Time arrive: 63.57531339624923, time_travel to 58: 29.472699231661835
t_charge: 6.055662550765884
e_remain: 10758.529557952132, e_depot: 10364.368235247815, er: 397.771764752184
Energy after charge: 10788.463969629694
-----------------------
Node ~97 ~
Init energy: 10794.12, Charge rate: 0.00882000000024
Time arrive: 107.50708979202302, time_travel to 97: 37.87611384500791
t_charge: 0.13544197621891396
e_remain: 10793.171787468009, e_depot: 10728.317166147937, er: 65.80283385206349
Energy after charge: 10793.847802750874
-----------------------
Node ~75 ~
Init energy: 10781.2, Charge rate: 0.02820000000075
Time arrive: 134.40743415924646, time_travel to 75: 26.76490239100453
t_charge: 0.15925486972934452
e_remain: 10777.40971035661, e_depot: 10569.441032480856, er: 211.7589675191448
Energy after charge: 10778.20149371793
-----------------------
Node ~77 ~
Init energy: 10778.46124, Charge rate: 0.032308140000749996
Time arrive: 161.5540934984686, time_travel to 77: 26.987404469492798
t_charge: 1.9446293146132694
e_remain: 10773.241727729557, e_depot: 10544.664368417916, er: 233.79687158208435
Energy after charge: 10782.902046946478
-----------------------
Node ~57 ~
Init energy: 10776.5316, Charge rate: 0.03520259999985
Time arrive: 192.9693861921102, time_travel to 57: 29.470663379028302
t_charge: 2.46032885897972
e_remain: 10769.738575885664, e_depot: 10523.496465672764, er: 253.03513432723594
Energy after charge: 10781.953610207871
-----------------------
Node ~54 ~
Init energy: 10780.66, Charge rate: 0.02901000000075
Time arrive: 210.29578379840842, time_travel to 54: 14.866068747318504
t_charge: 1.7401240595262655
e_remain: 10774.559319311851, e_depot: 10570.700068291248, er: 209.95993170875226
Energy after charge: 10783.209458610514
-----------------------
Node ~48 ~
Init energy: 10636.66228, Charge rate: 0.24500658000599998
Time arrive: 256.9500481703129, time_travel to 48: 44.91414031237824
t_charge: 22.958418654198734
e_remain: 10573.707827465416, e_depot: 8904.736895576298, er: 1731.9253844237028
Energy after charge: 10682.874957099599
-----------------------
Node ~64 ~
Init energy: 10764.756, Charge rate: 0.052865999999999996
Time arrive: 306.8699207912398, time_travel to 64: 26.96145396672813
t_charge: 6.873182476985174
e_remain: 10748.53301476745, e_depot: 10400.648670672736, er: 364.10732932726387
Energy after charge: 10782.535569487547
-----------------------
Node ~85 ~
Init energy: 10775.07412, Charge rate: 0.03738882000075
Time arrive: 343.55048490432307, time_travel to 85: 29.807381636098132
t_charge: 0.9240083588557081
e_remain: 10762.229172758742, e_depot: 10497.878924978699, er: 277.1951950213006
Energy after charge: 10766.814666970811
-----------------------
Node ~86 ~
Init energy: 10783.1, Charge rate: 0.025350000000750002
Time arrive: 349.7999040454565, time_travel to 86: 5.325410782277739
t_charge: 4.014684098402156
e_remain: 10774.232572432185, e_depot: 10612.099825408159, er: 171.00017459184164
Energy after charge: 10794.204220682299
-----------------------
Node ~22 ~
Init energy: 10756.28048, Charge rate: 0.06557927999985
Time arrive: 410.07860861875895, time_travel to 22: 56.264020474900306
t_charge: 3.3011200055703505
e_remain: 10729.38782010344, e_depot: 10278.487508342994, er: 477.7929716570052
Energy after charge: 10745.676935058134
-----------------------
Node ~24 ~
Init energy: 10776.31804, Charge rate: 0.0355229400003
Time arrive: 416.77972862432927, time_travel to 24: 3.4
t_charge: 6.0198822383415385
e_remain: 10761.512798706737, e_depot: 10538.666135467667, er: 237.651904532333
Energy after charge: 10791.398365982883
-----------------------
Node ~16 ~
Init energy: 10372.8024, Charge rate: 0.640796400009
Time arrive: 465.46388162873455, time_travel to 16: 42.66427076606372
t_charge: 101.1469712030449
e_remain: 10074.534820318093, e_depot: 6048.585703238636, er: 4324.216696761365
Energy after charge: 10515.455061314593
-----------------------
Node ~45 ~
Init energy: 10241.57304, Charge rate: 0.8376404400119999
Time arrive: 580.8446155107059, time_travel to 45: 14.233762678926468
t_charge: 251.0513290009963
e_remain: 9755.03410068501, e_depot: 5183.181943151872, er: 5058.391096848128
Energy after charge: 10800.0
-----------------------
Node ~7 ~
Init energy: 10562.7196, Charge rate: 0.355920600009
Time arrive: 842.0152330242411, time_travel to 7: 10.119288512538814
t_charge: 59.97757764564573
e_remain: 10263.029033045295, e_depot: 8179.884466290995, er: 2382.8351337090053
Energy after charge: 10541.569665850799
-----------------------
Node ~69 ~
Init energy: 10788.08, Charge rate: 0.01788000000045
Time arrive: 931.6697377345274, time_travel to 69: 29.676927064640637
t_charge: 0.0
e_remain: 10771.421745088888, e_depot: 10653.310931752105, er: 134.76906824789512
Energy after charge: 10771.421745088888
-----------------------
Node ~71 ~
Init energy: 10788.08, Charge rate: 0.01788000000045
Time arrive: 940.4720101683936, time_travel to 71: 8.802272433866154
t_charge: 0.0
e_remain: 10771.264360457766, e_depot: 10653.310931752105, er: 134.76906824789512
Energy after charge: 10771.264360457766
-----------------------
Node ~76 ~
Init energy: 10766.42828, Charge rate: 0.0503575800009
Time arrive: 955.284167337422, time_travel to 76: 14.812157169028419
t_charge: 0.0
e_remain: 10718.322481119712, e_depot: 10386.862053167262, er: 379.5662268327378
Energy after charge: 10718.322481119712
-----------------------
Node ~82 ~
Init energy: 10755.301, Charge rate: 0.06704850000105
Time arrive: 1019.7977318025793, time_travel to 82: 64.51356446515726
t_charge: 0.48435651168487104
e_remain: 10686.925091778163, e_depot: 10252.350082763505, er: 502.9509172364942
Energy after charge: 10689.314398959013
-----------------------
Node ~89 ~
Init energy: 10787.9, Charge rate: 0.01815000000045
Time arrive: 1060.3065808157312, time_travel to 89: 40.02449250146715
t_charge: 0.0
e_remain: 10768.655435557717, e_depot: 10651.095828372572, er: 136.80417162742742
Energy after charge: 10768.655435557717
-----------------------
Node ~10 ~
Init energy: 10593.67684, Charge rate: 0.30948474000750004
Time arrive: 1093.4541297447245, time_travel to 10: 33.14754892899323
t_charge: 37.835154726191035
e_remain: 10255.269472945827, e_depot: 8450.13616806589, er: 2143.54067193411
Energy after charge: 10432.735843553204
-----------------------
Node ~15 ~
Init energy: 10770.4946, Charge rate: 0.04425810000045
Time arrive: 1177.1080579158693, time_travel to 15: 45.81877344495376
t_charge: 0.004050540019962362
e_remain: 10718.398033861424, e_depot: 10436.922967949948, er: 333.57163205005236
Energy after charge: 10718.418107292318
-----------------------
Node ~18 ~
Init energy: 10752.42004, Charge rate: 0.07136994000105
Time arrive: 1186.552447432854, time_travel to 18: 9.440338976964757
t_charge: 3.1052564413701513
e_remain: 10667.735863018619, e_depot: 10230.001114454744, er: 522.4189255452566
Energy after charge: 10683.040523259562
-----------------------
Node ~30 ~
Init energy: 10754.1528, Charge rate: 0.0687708000009
Time arrive: 1217.0759459768826, time_travel to 30: 27.41824210265859
t_charge: 0.6101621872589909
e_remain: 10670.453513533317, e_depot: 10238.849212807076, er: 515.3035871929242
Energy after charge: 10673.462363127865
-----------------------
Node ~50 ~
Init energy: 10575.85328, Charge rate: 0.336220080009
Time arrive: 1248.0920286402595, time_travel to 50: 30.405920476117803
t_charge: 34.5205083021409
e_remain: 10156.219678271977, e_depot: 8214.223891538359, er: 2361.6293884616407
Energy after charge: 10317.215731719383
-----------------------
Node ~3 ~
Init energy: 10462.16816, Charge rate: 0.506747760012
Time arrive: 1299.729779711024, time_travel to 3: 17.11724276862369
t_charge: 71.00501951013835
e_remain: 9803.533005510548, e_depot: 6997.622594697963, er: 3464.5455653020363
Energy after charge: 10122.576468474868
-----------------------
Node ~47 ~
Init energy: 10593.66192, Charge rate: 0.309507120006
Time arrive: 1388.318882933429, time_travel to 47: 17.58408371226661
t_charge: 109.59705503890288
e_remain: 10163.967340893329, e_depot: 8808.762062182854, er: 1784.8998578171468
Energy after charge: 10678.031547221613
-----------------------
Node ~44 ~
Init energy: 10620.8208, Charge rate: 0.2687688000015
Time arrive: 1510.135594268644, time_travel to 44: 12.219656296312102
t_charge: 22.428625709022302
e_remain: 10214.943468488864, e_depot: 8707.140620413365, er: 1913.680179586634
Energy after charge: 10321.058482216478
-----------------------
Node ~19 ~
Init energy: 10776.96208, Charge rate: 0.0345568800006
Time arrive: 1587.6692106772389, time_travel to 19: 55.10499069957276
t_charge: 1.1168092782824581
e_remain: 10722.097185605979, e_depot: 10522.07641055707, er: 254.8856694429287
Energy after charge: 10727.642638553178
-----------------------
Node ~65 ~
Init energy: 10738.87584, Charge rate: 0.09168624000165
Time arrive: 1634.5585007709633, time_travel to 65: 45.77248081544194
t_charge: 10.682638118132225
e_remain: 10589.009317001577, e_depot: 10101.211338428227, er: 637.6645015717731
Energy after charge: 10641.443056669888
-----------------------
Node ~73 ~
Init energy: 10774.47712, Charge rate: 0.03828432000045
Time arrive: 1682.0547233383174, time_travel to 73: 36.813584449222006
t_charge: 1.778174242387511
e_remain: 10710.080798713447, e_depot: 10494.802994856507, er: 279.67412514349235
Energy after charge: 10718.903593733672
-----------------------
Node ~96 ~
Init energy: 10768.1024, Charge rate: 0.047846400001050005
Time arrive: 1705.1467428461656, time_travel to 96: 21.313845265460664
t_charge: 0.6003347058702116
e_remain: 10686.517266881294, e_depot: 10410.465664860707, er: 357.6367351392928
Energy after charge: 10689.490216556173
-----------------------
Node ~88 ~
Init energy: 10762.516, Charge rate: 0.05622600000015
Time arrive: 1744.951669119861, time_travel to 88: 39.20459156782532
t_charge: 6.103192516186474
e_remain: 10664.404347451804, e_depot: 10369.232989922335, er: 393.2830100776646
Energy after charge: 10694.57715193032
-----------------------
Node ~80 ~
Init energy: 10710.5026, Charge rate: 0.13424610000134998
Time arrive: 1817.4657041243038, time_travel to 80: 66.41084248825639
t_charge: 0.00036555749832945634
e_remain: 10466.514917335104, e_depot: 9698.63519889261, er: 1011.867401107389
Energy after charge: 10466.516696047927
-----------------------
Node ~78 ~
Init energy: 10726.7368, Charge rate: 0.10989480000179999
Time arrive: 1825.3553028511285, time_travel to 78: 7.889233169326408
t_charge: 8.584975545258143
e_remain: 10526.13974406095, e_depot: 9941.33842262793, er: 785.3983773720702
Energy after charge: 10568.121177616675
-----------------------
Node ~34 ~
Init energy: 10751.99984, Charge rate: 0.07200024000075
Time arrive: 1874.5481594048806, time_travel to 34: 40.607881008493905
t_charge: 0.006498465935117051
e_remain: 10617.031922629885, e_depot: 10209.336288801615, er: 542.6635511983859
Energy after charge: 10617.063947068455
-----------------------
Node ~4 ~
Init energy: 10402.18736, Charge rate: 0.596718960012
Time arrive: 1913.0176270749735, time_travel to 4: 38.462969204157915
t_charge: 80.30161607722522
e_remain: 9260.653471087198, e_depot: 6305.974062050182, er: 4096.213297949818
Energy after charge: 9614.24405464044
-----------------------
Node ~21 ~
Init energy: 10488.37424, Charge rate: 0.46743864000749996
Time arrive: 1997.2638597368618, time_travel to 21: 3.944616584663204
t_charge: 110.12329423765752
e_remain: 9554.77593766847, e_depot: 7515.709392659824, er: 2972.6648473401756
Energy after charge: 10053.916525965162
-----------------------
Node ~41 ~
Init energy: 10737.69896, Charge rate: 0.09345156000134999
Time arrive: 2133.848446459959, time_travel to 41: 26.461292485439934
t_charge: 4.328473793416
e_remain: 10538.28749387186, e_depot: 10054.957678666335, er: 682.741281333665
Energy after charge: 10559.52536021052
-----------------------
Node ~28 ~
Init energy: 10605.66944, Charge rate: 0.2914958400045
Time arrive: 2163.508323688637, time_travel to 28: 25.331403435261933
t_charge: 24.509638280607927
e_remain: 9975.015763829653, e_depot: 8531.091079134834, er: 2074.5783608651655
Energy after charge: 10090.41949763388
-----------------------
Node ~14 ~
Init energy: 10685.64108, Charge rate: 0.171538380003
Time arrive: 2210.493726694833, time_travel to 14: 22.475764725588313
t_charge: 34.39141709894246
e_remain: 10306.456567115973, e_depot: 9564.64136229695, er: 1120.999717703049
Energy after charge: 10472.514204635525
-----------------------
Node ~25 ~
Init energy: 10477.67912, Charge rate: 0.48348132001200006
Time arrive: 2267.961538659525, time_travel to 25: 23.07639486574972
t_charge: 81.93076806381718
e_remain: 9381.162081552447, e_depot: 7243.131225887312, er: 3234.5478941126885
Energy after charge: 9751.203925978441
-----------------------
Node ~9 ~
Init energy: 10573.7056, Charge rate: 0.339441600006
Time arrive: 2354.3644426783417, time_travel to 9: 4.47213595499958
t_charge: 63.3175199463332
e_remain: 9774.536366580029, e_depot: 8331.779320747757, er: 2241.9262792522422
Energy after charge: 10069.6313660327
-----------------------
Node ~70 ~
Init energy: 10780.53, Charge rate: 0.02920500000015
Time arrive: 2457.3127587307335, time_travel to 70: 39.63079610605873
t_charge: 0.843554639663544
e_remain: 10708.7641808809, e_depot: 10564.61742431124, er: 215.91257568876063
Energy after charge: 10712.957318065966
-----------------------
Node ~90 ~
Init energy: 10733.179, Charge rate: 0.1002315000009
Time arrive: 2480.7881493542495, time_travel to 90: 22.63183598385248
t_charge: 33.30753286010803
e_remain: 10484.525882605767, e_depot: 10144.229759162381, er: 588.9492408376191
Energy after charge: 10647.725082926409
-----------------------
Node ~100 ~
Init energy: 10698.50832, Charge rate: 0.1522375200015
Time arrive: 2548.8180093253104, time_travel to 100: 34.72232711095269
t_charge: 67.6873572276289
e_remain: 10310.482587325156, e_depot: 9889.466989669678, er: 809.041330330323
Energy after charge: 10638.61481806351
-----------------------
Node ~40 ~
Init energy: 10787.0, Charge rate: 0.019500000000600003
Time arrive: 2674.117865196897, time_travel to 40: 57.612498643957466
t_charge: 0.06187250997484022
e_remain: 10734.854701627057, e_depot: 10640.329674023662, er: 146.67032597633806
Energy after charge: 10735.162857662986
-----------------------
Node ~49 ~
Init energy: 10524.32944, Charge rate: 0.41350584001050006
Time arrive: 2717.5423944520485, time_travel to 49: 43.36265674517649
t_charge: 50.817912430798884
e_remain: 9400.60978941796, e_depot: 7661.651844890233, er: 2862.677595109766
Energy after charge: 9633.685848004678
-----------------------
Node ~46 ~
Init energy: 10466.392, Charge rate: 0.5004120000075001
Time arrive: 2793.3946832481574, time_travel to 46: 25.03437636531016
t_charge: 172.98997730590418
e_remain: 9068.543779745472, e_depot: 7559.526507369592, er: 2906.865492630408
Energy after charge: 9846.927405750093
-----------------------
Node ~5 ~
Init energy: 10336.4234, Charge rate: 0.6953649000075
Time arrive: 2978.492509248194, time_travel to 5: 12.107848694132247
t_charge: 24.43802575444555
e_remain: 8265.284254133541, e_depot: 5217.356276873822, er: 5119.067123126178
Energy after charge: 8370.481037570647
-----------------------
Node ~61 ~
Init energy: 10779.46848, Charge rate: 0.03079728000045
Time arrive: 3036.7825659609143, time_travel to 61: 33.85203095827487
t_charge: 1.1572995411589126
e_remain: 10685.943837015617, e_depot: 10553.122945819567, er: 226.34553418043288
Energy after charge: 10691.694693043399
-----------------------
Node ~38 ~
Init energy: 10782.45744, Charge rate: 0.026313840000750002
Time arrive: 3131.096507777329, time_travel to 38: 93.15664227525593
t_charge: 0.8831495087467454
e_remain: 10700.06626746744, e_depot: 10588.534725640151, er: 193.92271435984912
Energy after charge: 10704.458775956304
-----------------------
Node ~35 ~
Init energy: 10781.62, Charge rate: 0.02757000000075
Time arrive: 3152.3757353404467, time_travel to 35: 20.396078054371138
t_charge: 0.5614010476259049
e_remain: 10694.7090009743, e_depot: 10576.620337922579, er: 204.99966207742182
Energy after charge: 10697.500528385546
-----------------------
Node ~93 ~
Init energy: 10781.62, Charge rate: 0.02757000000075
Time arrive: 3208.5792068024634, time_travel to 93: 55.64207041439058
t_charge: 0.641425896237188
e_remain: 10693.15947126605, e_depot: 10577.020462165636, er: 204.59953783436504
Energy after charge: 10696.348916635276
-----------------------
Node ~13 ~
Init energy: 10585.28016, Charge rate: 0.32207976000599997
Time arrive: 3265.954749418713, time_travel to 13: 56.73411672001248
t_charge: 112.90391702804807
e_remain: 9533.382238116765, e_depot: 8722.14934489292, er: 1863.1308151070807
Energy after charge: 10061.537756756874
-----------------------
Node ~36 ~
Init energy: 10769.42104, Charge rate: 0.045868440001050004
Time arrive: 3401.8099191358847, time_travel to 36: 22.95125268912353
t_charge: 0.66387477017833
e_remain: 10613.385325829138, e_depot: 10427.010720295495, er: 342.4103197045042
Energy after charge: 10616.674248779966
-----------------------
Node ~2 ~
Init energy: 10273.7474, Charge rate: 0.789378900012
Time arrive: 3424.4601533136592, time_travel to 2: 21.98635940759634
t_charge: 166.73584689281805
e_remain: 7570.55081104234, e_depot: 5157.546385779037, er: 5116.201014220963
Energy after charge: 8272.612286093608
-----------------------
Node ~83 ~
Init energy: 10674.15544, Charge rate: 0.18876684
Time arrive: 3653.1411372230345, time_travel to 83: 61.94513701655684
t_charge: 71.00836246852192
e_remain: 9984.563531452402, e_depot: 9606.382311500363, er: 1067.773128499637
Energy after charge: 10326.201319598254
-----------------------
Node ~87 ~
Init energy: 10774.388, Charge rate: 0.038418
Time arrive: 3748.0308731863956, time_travel to 87: 23.88137349483903
t_charge: 1.796115611596837
e_remain: 10630.396149913926, e_depot: 10493.795979410483, er: 280.59202058951814
Energy after charge: 10639.307724802344
-----------------------
Node ~92 ~
Init energy: 10778.6744, Charge rate: 0.03198840000015
Time arrive: 3778.6054529682706, time_travel to 92: 28.778464170278443
t_charge: 0.03938397992250916
e_remain: 10657.802857327702, e_depot: 10537.761316395545, er: 240.9130836044551
Energy after charge: 10657.998517396813
-----------------------
Node ~91 ~
Init energy: 10698.50832, Charge rate: 0.1522375200015
Time arrive: 3791.8160176090146, time_travel to 91: 13.171180660821566
t_charge: 67.128570832945
e_remain: 10121.25165317724, e_depot: 9886.673057696258, er: 811.8352623037426
Energy after charge: 10446.675020197112
-----------------------
Node ~52 ~
Init energy: 10619.03172, Charge rate: 0.27145242000750003
Time arrive: 3895.389066761727, time_travel to 52: 36.444478319767455
t_charge: 122.18255462052942
e_remain: 9561.618930956773, e_depot: 9183.893614068726, er: 1435.1381059312753
Energy after charge: 10139.364953924978
-----------------------
Node ~23 ~
Init energy: 10787.08, Charge rate: 0.0193800000006
Time arrive: 4054.350963410085, time_travel to 23: 36.77934202782861
t_charge: 0.015348538910518784
e_remain: 10708.50667832668, e_depot: 10641.081544559243, er: 145.99845544075652
Energy after charge: 10708.583123566548
-----------------------
Node ~32 ~
Init energy: 10697.059, Charge rate: 0.1544115000045
Time arrive: 4086.7885265556506, time_travel to 32: 32.42221460665511
t_charge: 17.30985812999219
e_remain: 10066.011853413362, e_depot: 9619.74397399209, er: 1077.3150260079092
Energy after charge: 10149.888302904605
-----------------------
Node ~31 ~
Init energy: 10679.29872, Charge rate: 0.1810519200045
Time arrive: 4111.30116192779, time_travel to 31: 7.202777242147643
t_charge: 111.1692266986317
e_remain: 9934.939750916243, e_depot: 9870.48050433852, er: 808.8182156614803
Energy after charge: 10470.658482470199
-----------------------
Node ~74 ~
Init energy: 10765.11464, Charge rate: 0.05232804000090001
Time arrive: 4263.077777116696, time_travel to 74: 40.60738849027354
t_charge: 4.5763590788088955
e_remain: 10542.036135552089, e_depot: 10393.57802409749, er: 371.5366159025107
Energy after charge: 10564.678459045199
-----------------------
Node ~60 ~
Init energy: 10613.078, Charge rate: 0.2803830000015
Time arrive: 4291.454976516805, time_travel to 60: 23.80084032129958
t_charge: 181.02737370196328
e_remain: 9409.826979312851, e_depot: 9404.850457894552, er: 1208.2275421054474
Energy after charge: 10264.206849701719
-----------------------
Node ~62 ~
Init energy: 10787.4, Charge rate: 0.01890000000045
Time arrive: 4553.036927990612, time_travel to 62: 80.55457777184361
t_charge: 0.0
e_remain: 10701.347602058928, e_depot: 10644.942763429432, er: 142.45723657056806
Energy after charge: 10701.347602058928
-----------------------
Node ~1 ~
Init energy: 9965.76535999, Charge rate: 1.2513519600135001
Time arrive: 4589.813551000344, time_travel to 1: 36.77662300973269
t_charge: 0.0
e_remain: 4222.293176849197, e_depot: 533.8001644109572, er: 0
Energy after charge: 4222.293176849197
-----------------------
!!!!!!!!!!!! DEATH !!!!!!!!!!!!!!
Node ~81 ~
Init energy: 10781.14, Charge rate: 0.02829000000075
Time arrive: 4638.577882227174, time_travel to 81: 48.76433122683012
t_charge: 0.0
e_remain: 10649.914631708314, e_depot: 10567.906390339032, er: 213.23360966096698
Energy after charge: 10649.914631708314
-----------------------
Node ~43 ~
Init energy: 10755.27408, Charge rate: 0.0670888800018
Time arrive: 4674.378440882033, time_travel to 43: 35.800558654859
t_charge: 1.6244011516900174
e_remain: 10441.675265696664, e_depot: 10257.71902494134, er: 497.5550550586595
Energy after charge: 10449.688292201174
-----------------------
Node ~55 ~
Init energy: 10787.08, Charge rate: 0.0193800000006
Time arrive: 4728.012456529506, time_travel to 55: 52.009614495783374
t_charge: 0.0
e_remain: 10695.45111858962, e_depot: 10641.00480186469, er: 146.07519813530962
Energy after charge: 10695.45111858962
-----------------------
Node ~99 ~
Init energy: 10698.50832, Charge rate: 0.1522375200015
Time arrive: 4775.696835523051, time_travel to 99: 47.68437899354463
t_charge: 55.12292723179651
e_remain: 9971.46807748096, e_depot: 9826.644839690514, er: 871.8634803094865
Energy after charge: 10238.69093590295
-----------------------
Node ~17 ~
Init energy: 10629.8212, Charge rate: 0.255268200003
Time arrive: 4916.002390091647, time_travel to 17: 85.18262733679913
t_charge: 80.11499731226455
e_remain: 9374.92211867086, e_depot: 9106.332569846782, er: 1523.4886301532188
Energy after charge: 9755.046294075037
-----------------------
Node ~94 ~
Init energy: 10755.74608, Charge rate: 0.0663808800006
Time arrive: 5064.286882047777, time_travel to 94: 68.16949464386545
t_charge: 6.457820568678458
e_remain: 10419.574260194175, e_depot: 10287.694615341654, er: 468.05146465834696
Energy after charge: 10451.434687225332
-----------------------
Node ~39 ~
Init energy: 10765.85572, Charge rate: 0.051216420000299995
Time arrive: 5137.280106725847, time_travel to 39: 66.53540410939127
t_charge: 5.267359312606494
e_remain: 10502.742624394743, e_depot: 10406.152852007126, er: 359.7028679928735
Energy after charge: 10528.809645670928
-----------------------
Node ~66 ~
Init energy: 10707.3538, Charge rate: 0.1389693000015
Time arrive: 5216.918697035392, time_travel to 66: 74.37123099693859
t_charge: 60.588017467287216
e_remain: 9982.362260508255, e_depot: 9962.823916654495, er: 744.5298833455054
Energy after charge: 10276.882473468782
-----------------------
Node ~63 ~
Init energy: 10793.88, Charge rate: 0.009180000000255
Time arrive: 5303.182383919464, time_travel to 63: 25.675669416784444
t_charge: 2.251924475121229
e_remain: 10745.196785714266, e_depot: 10735.946107469626, er: 57.93389253037276
Energy after charge: 10756.43573542319
-----------------------
Node ~53 ~
Init energy: 10759.3752, Charge rate: 0.06093720000030001
Time arrive: 5368.110938808161, time_travel to 53: 62.67663041357601
t_charge: 14.672163665277658
e_remain: 10432.25755009805, e_depot: 10373.42675291982, er: 385.9484470801799
Energy after charge: 10504.724287852729
-----------------------
Node ~20 ~
Init energy: 10707.1592, Charge rate: 0.13926120000195
Time arrive: 5426.631933700736, time_travel to 20: 43.84883122729727
t_charge: 83.92014378166037
e_remain: 9951.439924943934, e_depot: 10077.089775347098, er: 630.069424652902
Energy after charge: 10359.353823924865
-----------------------
Node ~42 ~
Init energy: 10739.6122, Charge rate: 0.09058170000135
Time arrive: 5550.364135957185, time_travel to 42: 39.81205847478877
t_charge: 4.918059461748886
e_remain: 10236.850780938474, e_depot: 10081.450186951633, er: 658.1620130483661
Energy after charge: 10260.995592060464
-----------------------
Node ~51 ~
Init energy: 10351.636, Charge rate: 0.6725460000075
Time arrive: 5594.090441965254, time_travel to 51: 38.80824654632054
t_charge: 200.66112115809807
e_remain: 6589.352849576081, e_depot: 6285.679985400167, er: 4065.956014599833
Energy after charge: 7457.704620974672
-----------------------
Node ~6 ~
Init energy: 10385.4836, Charge rate: 0.621774600015
Time arrive: 5798.373717178608, time_travel to 6: 3.622154055254967
t_charge: 27.034358959543777
e_remain: 6780.2021012637815, e_depot: 5834.079136289847, er: 4551.404463710152
Energy after charge: 6898.564618332768
-----------------------
Node ~12 ~
Init energy: 10746.94432, Charge rate: 0.0795835200015
Time arrive: 5855.533812643672, time_travel to 12: 30.12573650551966
t_charge: 22.093871575402606
e_remain: 10280.940327702014, e_depot: 10257.559268580593, er: 489.3850514194073
Energy after charge: 10389.651377508595
-----------------------
Node ~68 ~
Init energy: 10650.039, Charge rate: 0.22494150000149998
Time arrive: 5918.051934366727, time_travel to 68: 40.42425014765271
t_charge: 235.59803041316658
e_remain: 9318.82352079677, e_depot: 10132.55060817751, er: 517.4883918224914
Energy after charge: 10443.817898504067
-----------------------
Node ~33 ~
Init energy: 10741.2756, Charge rate: 0.0880866
Time arrive: 6206.714830745992, time_travel to 33: 53.06486596609851
t_charge: 16.789097610133382
e_remain: 10194.547193390012, e_depot: 10161.275394156579, er: 580.000205843422
Energy after charge: 10277.013786915133
-----------------------
Node ~59 ~
Init energy: 10698.50832, Charge rate: 0.1522375200015
Time arrive: 6253.621033130656, time_travel to 59: 30.117104774529707
t_charge: 25.675648277719304
e_remain: 9746.472562886971, e_depot: 9679.40844492013, er: 1019.0998750798717
Energy after charge: 9870.942007257338
-----------------------
Node ~72 ~
Init energy: 10786.61, Charge rate: 0.02008500000015
Time arrive: 6330.995810994858, time_travel to 72: 51.699129586483366
t_charge: 0.009399157190749853
e_remain: 10659.451949135218, e_depot: 10635.267916607481, er: 151.34208339251927
Energy after charge: 10659.4987561391
-----------------------
Node ~79 ~
Init energy: 10665.352, Charge rate: 0.2019720000015
Time arrive: 6374.054019659398, time_travel to 79: 43.04880950734875
t_charge: 59.72946399719392
e_remain: 9377.971561531791, e_depot: 9441.651543046311, er: 1223.7004569536894
Energy after charge: 9664.55520221523
-----------------------
Node ~26 ~
Init energy: 10679.6894, Charge rate: 0.180465900003
Time arrive: 6505.517436565937, time_travel to 26: 71.73395290934413
t_charge: 153.92663537216538
e_remain: 9505.665340824919, e_depot: 10089.075306541466, er: 590.6140934585328
Energy after charge: 10247.520008898875
-----------------------
Node ~56 ~
Init energy: 10767.23, Charge rate: 0.04915499999985
Time arrive: 6705.630650075045, time_travel to 56: 46.18657813694364
t_charge: 32.068121835475075
e_remain: 10437.614725396566, e_depot: 10557.068732804983, er: 210.161267195017
Energy after charge: 10596.379026045124
-----------------------
Node ~27 ~
Init energy: 10661.16844, Charge rate: 0.20824734000450001
Time arrive: 6777.314930230074, time_travel to 27: 39.61615831955441
t_charge: 144.23579599719918
e_remain: 9249.810633406803, e_depot: 9812.699770276662, er: 848.4686697233374
Energy after charge: 9940.952892542951
-----------------------
Node ~29 ~
Init energy: 10667.38472, Charge rate: 0.19892292000300002
Time arrive: 6940.193687365462, time_travel to 29: 18.64296113818832
t_charge: 38.75998263433527
e_remain: 9286.821126322875, e_depot: 9361.819052563158, er: 1305.565667436842
Energy after charge: 9472.910790569664
-----------------------
Node ~95 ~
Init energy: 10745.1686, Charge rate: 0.0822471000009
Time arrive: 7037.964516460426, time_travel to 95: 59.010846460629594
t_charge: 37.60033108616333
e_remain: 10166.316428611894, e_depot: 10313.239325177246, er: 431.92927482275445
Energy after charge: 10351.225565851799
-----------------------
Node ~37 ~
Init energy: 10793.62, Charge rate: 0.009570000000270001
Time arrive: 7136.345436553278, time_travel to 37: 60.780589006688636
t_charge: 1.8067043786611185
e_remain: 10725.325174170259, e_depot: 10730.52041321678, er: 63.09958678322073
Energy after charge: 10734.34140590266
-----------------------
Node ~67 ~
Init energy: 10767.016, Charge rate: 0.04947600000075
Time arrive: 7214.392812492465, time_travel to 67: 76.24067156052601
t_charge: 12.492156388986372
e_remain: 10410.076701203712, e_depot: 10456.55539377009, er: 310.4606062299099
Energy after charge: 10471.919421219132
-----------------------
Node ~11 ~
Init energy: 10688.10072, Charge rate: 0.16784892000149998
Time arrive: 7271.599619724324, time_travel to 11: 44.714650842872516
t_charge: 8.362976622354154
e_remain: 9467.570577145954, e_depot: 9464.767809238814, er: 1223.3329107611862
Energy after charge: 9507.981743663666
-----------------------
Node ~84 ~
Init energy: 10698.50832, Charge rate: 0.1522375200015
Time arrive: 7339.962596346678, time_travel to 84: 60.0
t_charge: 56.893745241480346
e_remain: 9581.090617428412, e_depot: 9835.498929738935, er: 863.0093902610661
Energy after charge: 9856.897980956654
-----------------------
Node ~98 ~
Init energy: 10780.13736, Charge rate: 0.029793959999850003
Time arrive: 7479.163570918272, time_travel to 98: 82.30722933011414
t_charge: 0.2563532709898742
e_remain: 10557.303459735725, e_depot: 10556.849538631583, er: 223.287821368418
Energy after charge: 10558.577588311573
-----------------------
==============================================
Fitness: 0.10778688349173832, num_deaths: 1, max_er: 5119.067123126178
