routes: [ 74  93  98  97  78  57  59  35  90  96  73  13  18  46  67   7  29  21
  68  56  60   1  14  33  54  11  32  80  50  70  52  51  63  88  15  20
  40  79  84  55   6  71   9  92  26   5  64  45  27  47  22  36  34  62
  87  61  89  19  83  43  66   4  72  85  91  10  38  95  16  81  76  12
   3  53  17  44 100  69  28   2  65  49  99  75  77  42  94  41  58  25
  82  86  48  23  37   8  24  39  31  30]
t_charge: [  1.0361106    2.77078737   4.00797315   4.59385903  16.61852088
  10.6836782    2.6576194    3.38248106   8.75716193   4.12475302
   1.33911222  90.4962192    9.81080857   8.20474159  34.60502789
  24.31792872   2.71835492  11.89877826  34.70328576  64.47788048
  60.2262287   90.77818628   3.33042104   6.19273067  20.29885947
  72.5624262   17.709357     2.54724175 113.68691967  33.65994554
  61.50605717  40.5464885   16.52603307  70.13409147  10.668704
   8.13585933  27.7055504   57.34203575  78.294547   101.39237617
 125.57555815 113.42246409  91.89030535  44.94088596  48.40413943
  73.78514015  14.48206967 184.43536998  25.70370901 111.18160764
  10.33946973  33.04402276   6.58051105  31.72302745  52.77921968
  20.84620589  26.66431786 619.11177281  15.10336917 106.52704189
  54.8659053   96.23532483  52.49837308  28.97500524  10.69458501
 202.2511604   67.82222044  31.41676465  11.65761037  67.57366524
  21.7126957  201.12742154 241.22851706  81.17459848 196.98040204
  38.48325298 138.01974456  82.31580966 136.5269566  362.31955584
 131.69875424 468.51874032  14.32463723 114.26243634   6.52438758
  30.23262645  35.13066294  53.77384096 116.42707815 243.71364785
  30.24723693 144.51999969 314.8852643  298.03074188  42.34514084
 106.41190765 220.83166494  85.53872208  67.60012962 506.63173125]
T: 11818.614854297526, energy used: 44404.68793220312
=================================
Node ~74 ~
Init energy: 10793.92, Charge rate: 0.009120000000255
Time arrive: 36.047191291416866, time_travel to 74: 36.047191291416866
t_charge: 1.0361106021795494
e_remain: 10793.591249615412, e_depot: 10691.314785536691, er: 102.60521446330858
Energy after charge: 10798.762353297618
-----------------------
Node ~93 ~
Init energy: 10771.728, Charge rate: 0.042408000000300004
Time arrive: 44.36341178287693, time_travel to 93: 7.280109889280519
t_charge: 2.7707873714408193
e_remain: 10769.846636433098, e_depot: 10284.378118112607, er: 487.34988188739226
Energy after charge: 10783.583069739454
-----------------------
Node ~98 ~
Init energy: 10781.7, Charge rate: 0.02745000000075
Time arrive: 59.37511415279724, time_travel to 98: 12.240914998479486
t_charge: 4.007973149297973
e_remain: 10780.070153116461, e_depot: 10477.31888798716, er: 304.3811120128412
Energy after charge: 10800.0
-----------------------
Node ~97 ~
Init energy: 10771.2448, Charge rate: 0.0431328000009
Time arrive: 77.67294384441222, time_travel to 97: 14.289856542317
t_charge: 4.593859026282251
e_remain: 10767.894548447679, e_depot: 10284.44414433333, er: 486.8006556666696
Energy after charge: 10790.665697576478
-----------------------
Node ~78 ~
Init energy: 10710.80224, Charge rate: 0.13379664000105
Time arrive: 103.63313152116692, time_travel to 78: 21.366328650472454
t_charge: 16.618520881097467
e_remain: 10696.936475209683, e_depot: 9212.60388743398, er: 1498.1983525660216
Energy after charge: 10777.805577359492
-----------------------
Node ~57 ~
Init energy: 10756.485, Charge rate: 0.06527250000105
Time arrive: 141.04011073856245, time_travel to 57: 20.788458336298053
t_charge: 10.683678202766302
e_remain: 10747.27895937167, e_depot: 10038.472852924286, er: 718.0121470757149
Energy after charge: 10800.0
-----------------------
Node ~59 ~
Init energy: 10759.7936, Charge rate: 0.0603096000012
Time arrive: 158.59692505230456, time_travel to 59: 6.873136110975833
t_charge: 2.6576193983483862
e_remain: 10750.228682888675, e_depot: 10060.305762560818, er: 699.4878374391828
Energy after charge: 10763.356499917547
-----------------------
Node ~35 ~
Init energy: 10779.76692, Charge rate: 0.030349619999850003
Time arrive: 188.6260624940498, time_travel to 35: 27.37151804339686
t_charge: 3.382481062913907
e_remain: 10774.042190681237, e_depot: 10437.988855562056, er: 341.7780644379436
Energy after charge: 10790.85193898089
-----------------------
Node ~90 ~
Init energy: 10765.72576, Charge rate: 0.051411360000599995
Time arrive: 257.1167611642673, time_travel to 90: 65.1082176073036
t_charge: 8.757161926986255
e_remain: 10752.507037629595, e_depot: 10201.900506652202, er: 563.8252533477971
Energy after charge: 10795.842629660116
-----------------------
Node ~96 ~
Init energy: 10781.3, Charge rate: 0.028050000000750003
Time arrive: 282.90330945718, time_travel to 96: 17.029386365926403
t_charge: 4.124753022423937
e_remain: 10773.364562169514, e_depot: 10470.411618440208, er: 310.888381559791
Energy after charge: 10793.872627959352
-----------------------
Node ~73 ~
Init energy: 10778.27768, Charge rate: 0.0325834800006
Time arrive: 310.04892258516907, time_travel to 73: 23.020860105565127
t_charge: 1.3391122209814907
e_remain: 10768.175207131737, e_depot: 10399.881640365109, er: 378.39603963489026
Energy after charge: 10774.827135300373
-----------------------
Node ~13 ~
Init energy: 10527.145, Charge rate: 0.4092825000075
Time arrive: 348.38425082887375, time_travel to 13: 36.99621602272319
t_charge: 90.49621919518243
e_remain: 10384.557422857519, e_depot: 6142.473861783246, er: 4384.671138216754
Energy after charge: 10800.0
-----------------------
Node ~18 ~
Init energy: 10249.40768, Charge rate: 0.8258884800044999
Time arrive: 454.70071022450827, time_travel to 18: 15.82024020045208
t_charge: 9.81080857255654
e_remain: 9873.875601575715, e_depot: 537.6038650883946, er: 0
Energy after charge: 9914.827010658893
-----------------------
!!!!!!!!!!!! DEATH !!!!!!!!!!!!!!
Node ~46 ~
Init energy: 10776.22, Charge rate: 0.03567000000105
Time arrive: 475.21852584852417, time_travel to 46: 10.707007051459339
t_charge: 8.204741590008
e_remain: 10759.268955182484, e_depot: 10395.673716084837, er: 380.54628391516235
Energy after charge: 10800.0
-----------------------
Node ~67 ~
Init energy: 10689.10136, Charge rate: 0.166347960003
Time arrive: 507.0647563933336, time_travel to 67: 23.64148895480147
t_charge: 34.60502789381109
e_remain: 10604.752172184551, e_depot: 8896.124028395509, er: 1792.977331604492
Energy after charge: 10772.020835857624
-----------------------
Node ~7 ~
Init energy: 10735.8732, Charge rate: 0.09619020000195
Time arrive: 573.0697842871447, time_travel to 7: 31.4
t_charge: 24.317928718544895
e_remain: 10680.749502834346, e_depot: 9720.627917011829, er: 1015.2452829881713
Energy after charge: 10800.0
-----------------------
Node ~29 ~
Init energy: 10782.0, Charge rate: 0.02700000000075
Time arrive: 613.15096140188, time_travel to 29: 15.763248396190425
t_charge: 2.7183549165129106
e_remain: 10765.444924041689, e_depot: 10476.489173507667, er: 305.51082649233285
Energy after charge: 10778.963303041506
-----------------------
Node ~21 ~
Init energy: 10769.813, Charge rate: 0.04528050000105
Time arrive: 635.3310736902234, time_travel to 21: 19.46175737183053
t_charge: 11.898778262404226
e_remain: 10741.044891317102, e_depot: 10294.154101389591, er: 475.65889861040887
Energy after charge: 10800.0
-----------------------
Node ~68 ~
Init energy: 10695.8544, Charge rate: 0.156218400003
Time arrive: 673.2036849389237, time_travel to 68: 25.97383298629604
t_charge: 34.703285758033495
e_remain: 10590.687597462718, e_depot: 9023.08572600012, er: 1672.7686739998808
Energy after charge: 10758.78273447692
-----------------------
Node ~56 ~
Init energy: 10644.798, Charge rate: 0.2328030000045
Time arrive: 757.1979435013156, time_travel to 56: 49.290972804358404
t_charge: 64.4778804828147
e_remain: 10468.520047155656, e_depot: 8215.778408435863, er: 2429.019591564138
Energy after charge: 10775.898805559398
-----------------------
Node ~60 ~
Init energy: 10650.35824, Charge rate: 0.22446264000299998
Time arrive: 829.2758239841304, time_travel to 60: 7.6
t_charge: 60.226228697570086
e_remain: 10464.216799257858, e_depot: 8298.651892113556, er: 2351.706347886444
Energy after charge: 10751.829404454827
-----------------------
Node ~1 ~
Init energy: 10613.2224, Charge rate: 0.2801664000015
Time arrive: 936.1329437304462, time_travel to 1: 46.63089104874579
t_charge: 90.77818627890284
e_remain: 10350.949403232235, e_depot: 7755.934554661724, er: 2857.2878453382764
Energy after charge: 10779.407336978324
-----------------------
Node ~14 ~
Init energy: 10793.6, Charge rate: 0.00960000000027
Time arrive: 1064.5972017069935, time_travel to 14: 37.68607169764447
t_charge: 3.3304210357235204
e_remain: 10783.379866863326, e_depot: 10696.79340257417, er: 96.80659742582975
Energy after charge: 10800.0
-----------------------
Node ~33 ~
Init energy: 10787.76, Charge rate: 0.018360000000450002
Time arrive: 1092.9284227299174, time_travel to 33: 25.00079998720041
t_charge: 6.192730669676841
e_remain: 10767.693834158186, e_depot: 10601.733884618163, er: 186.02611538183737
Energy after charge: 10798.543788971472
-----------------------
Node ~54 ~
Init energy: 10762.34, Charge rate: 0.05649000000149999
Time arrive: 1109.7117152354933, time_travel to 54: 10.590561835898981
t_charge: 20.29885947339996
e_remain: 10699.652385204683, e_depot: 10196.200744230006, er: 566.1392557699946
Energy after charge: 10800.0
-----------------------
Node ~11 ~
Init energy: 10619.3792, Charge rate: 0.2709312000045
Time arrive: 1145.5964657645884, time_travel to 11: 15.58589105569521
t_charge: 72.56242620251466
e_remain: 10309.001374809486, e_depot: 7780.159826146735, er: 2839.219373853264
Energy after charge: 10652.154080615774
-----------------------
Node ~32 ~
Init energy: 10769.22, Charge rate: 0.04617000000135
Time arrive: 1233.466406461625, time_travel to 32: 15.307514494521962
t_charge: 17.709357000143935
e_remain: 10712.270856012, e_depot: 10312.101337161846, er: 457.1186628381529
Energy after charge: 10800.0
-----------------------
Node ~80 ~
Init energy: 10794.4, Charge rate: 0.00840000000024
Time arrive: 1307.3843037381362, time_travel to 80: 56.20854027636725
t_charge: 2.5472417539277616
e_remain: 10783.417971848285, e_depot: 10707.859843990702, er: 86.54015600929779
Energy after charge: 10796.13278378719
-----------------------
Node ~50 ~
Init energy: 10623.06336, Charge rate: 0.2654049600075
Time arrive: 1361.4096961969988, time_travel to 50: 51.478150704935004
t_charge: 113.68691966817909
e_remain: 10261.738474027014, e_depot: 8054.778955592015, er: 2568.2844044079848
Energy after charge: 10800.0
-----------------------
Node ~70 ~
Init energy: 10688.47332, Charge rate: 0.1672900200015
Time arrive: 1498.5657445239074, time_travel to 70: 23.469128658729538
t_charge: 33.65994554261763
e_remain: 10437.778226625032, e_depot: 8879.63673234763, er: 1808.8365876523694
Energy after charge: 10600.446981375047
-----------------------
Node ~52 ~
Init energy: 10643.06, Charge rate: 0.23541
Time arrive: 1544.1269505039745, time_travel to 52: 11.901260437449471
t_charge: 61.50605716914311
e_remain: 10279.557074581859, e_depot: 8168.370162995534, er: 2474.6898370044655
Energy after charge: 10572.608219509386
-----------------------
Node ~51 ~
Init energy: 10667.0132, Charge rate: 0.1994802000045
Time arrive: 1616.9502511537537, time_travel to 51: 11.317243480636087
t_charge: 40.546488498661624
e_remain: 10344.463640502521, e_depot: 8512.165987581882, er: 2154.847212418117
Energy after charge: 10539.107861360637
-----------------------
Node ~63 ~
Init energy: 10776.8714, Charge rate: 0.0346929000006
Time arrive: 1698.5674104528782, time_travel to 63: 41.07067080046295
t_charge: 16.526033065533653
e_remain: 10717.94317068488, e_depot: 10449.479542041918, er: 327.39185795808226
Energy after charge: 10800.0
-----------------------
Node ~88 ~
Init energy: 10698.50832, Charge rate: 0.1522375200015
Time arrive: 1739.3429795964487, time_travel to 88: 24.249536078036627
t_charge: 70.13409147167961
e_remain: 10433.715058354217, e_depot: 9249.942162087254, er: 1448.5661579127463
Energy after charge: 10773.708475559408
-----------------------
Node ~15 ~
Init energy: 10786.176, Charge rate: 0.020735999999999997
Time arrive: 1895.1723451501919, time_travel to 15: 85.69527408206359
t_charge: 10.66870399903173
e_remain: 10746.877706250965, e_depot: 10594.448722376444, er: 191.72727762355498
Energy after charge: 10800.0
-----------------------
Node ~20 ~
Init energy: 10786.176, Charge rate: 0.020735999999999997
Time arrive: 1920.9737950996453, time_travel to 20: 15.132745950421556
t_charge: 8.13585932635458
e_remain: 10746.342687384813, e_depot: 10581.78449901306, er: 204.39150098693972
Energy after charge: 10786.853278837594
-----------------------
Node ~40 ~
Init energy: 10763.0726, Charge rate: 0.0553911000006
Time arrive: 1947.977616690113, time_travel to 40: 18.86796226411321
t_charge: 27.70555040461655
e_remain: 10655.171977034986, e_depot: 10246.954274760112, er: 516.1183252398878
Energy after charge: 10792.165088145035
-----------------------
Node ~79 ~
Init energy: 10698.50832, Charge rate: 0.1522375200015
Time arrive: 2016.0940567162165, time_travel to 79: 40.41088962148693
t_charge: 57.342035751103595
e_remain: 10391.58316071576, e_depot: 9185.981883484375, er: 1512.5264365156254
Energy after charge: 10669.563730156693
-----------------------
Node ~84 ~
Init energy: 10698.50832, Charge rate: 0.1522375200015
Time arrive: 2156.6767075539474, time_travel to 84: 83.24061508662703
t_charge: 78.29454700396859
e_remain: 10370.181206596988, e_depot: 9290.7444397487, er: 1407.763880251301
Energy after charge: 10749.734573951306
-----------------------
Node ~55 ~
Init energy: 10689.76464, Charge rate: 0.16535304
Time arrive: 2297.8772161195993, time_travel to 55: 62.90596156168349
t_charge: 101.3923761730295
e_remain: 10309.803656767886, e_depot: 9242.482626117893, er: 1447.2820138821062
Energy after charge: 10800.0
-----------------------
Node ~6 ~
Init energy: 10653.94128, Charge rate: 0.21908808000449997
Time arrive: 2422.116036217231, time_travel to 6: 22.846443924602358
t_charge: 125.57555815216153
e_remain: 10123.284528077056, e_depot: 8692.501434020098, er: 1961.4398459799013
Energy after charge: 10723.650210906813
-----------------------
Node ~71 ~
Init energy: 10680.3664, Charge rate: 0.1794504000015
Time arrive: 2569.314730127187, time_travel to 71: 21.62313575779424
t_charge: 113.42246409339924
e_remain: 10219.301843948931, e_depot: 9126.623557399636, er: 1553.7428426003644
Energy after charge: 10766.060457865211
-----------------------
Node ~9 ~
Init energy: 10709.4816, Charge rate: 0.13577760000224998
Time arrive: 2692.213480412972, time_travel to 9: 9.476286192385707
t_charge: 91.89030535201084
e_remain: 10343.939314935822, e_depot: 9564.229966492594, er: 1145.2516335074051
Energy after charge: 10790.914196571706
-----------------------
Node ~92 ~
Init energy: 10750.16944, Charge rate: 0.07474584000090001
Time arrive: 2809.4186035601, time_travel to 92: 25.314817795117545
t_charge: 44.940885961456345
e_remain: 10540.177086562744, e_depot: 10091.481574875697, er: 658.6878651243023
Energy after charge: 10761.522372098452
-----------------------
Node ~26 ~
Init energy: 10754.32584, Charge rate: 0.06851124000135
Time arrive: 2916.1203185315367, time_travel to 26: 61.7608290099801
t_charge: 48.40413943006258
e_remain: 10554.538820984271, e_depot: 10186.638578384014, er: 567.6872616159853
Energy after charge: 10793.243290521032
-----------------------
Node ~5 ~
Init energy: 10731.51872, Charge rate: 0.10272192000225
Time arrive: 2980.5006903084322, time_travel to 5: 15.976232346833218
t_charge: 73.78514015144013
e_remain: 10425.355966523486, e_depot: 9886.413611156648, er: 845.1051088433524
Energy after charge: 10786.702316016695
-----------------------
Node ~64 ~
Init energy: 10781.68, Charge rate: 0.027480000000749998
Time arrive: 3098.844106907688, time_travel to 64: 44.55827644781606
t_charge: 14.482069668364424
e_remain: 10696.523763939853, e_depot: 10529.314812136863, er: 252.36518786313718
Energy after charge: 10768.536145007178
-----------------------
Node ~45 ~
Init energy: 10641.27304, Charge rate: 0.23809044000449997
Time arrive: 3135.2222949535185, time_travel to 45: 21.896118377465903
t_charge: 184.43536998252148
e_remain: 9894.806584282598, e_depot: 8749.55067900919, er: 1891.7223609908106
Energy after charge: 10773.071135803675
-----------------------
Node ~27 ~
Init energy: 10769.9642, Charge rate: 0.045053700000900004
Time arrive: 3339.6025891023537, time_travel to 27: 19.944924166313594
t_charge: 25.70370901353767
e_remain: 10619.502746828353, e_depot: 10366.010416995989, er: 403.9537830040117
Energy after charge: 10746.863244701235
-----------------------
Node ~47 ~
Init energy: 10710.80224, Charge rate: 0.13379664000105
Time arrive: 3377.024659776124, time_travel to 47: 11.718361660232201
t_charge: 111.18160764223595
e_remain: 10258.967687321267, e_depot: 9685.419321239671, er: 1025.3829187603296
Energy after charge: 10800.0
-----------------------
Node ~22 ~
Init energy: 10786.176, Charge rate: 0.020735999999999997
Time arrive: 3528.056486991155, time_travel to 22: 39.850219572795325
t_charge: 10.339469727519406
e_remain: 10713.018220685752, e_depot: 10592.802551018884, er: 193.37344898111587
Energy after charge: 10764.501170079078
-----------------------
Node ~36 ~
Init energy: 10753.48664, Charge rate: 0.06977003999985
Time arrive: 3563.596750356971, time_travel to 36: 25.200793638296396
t_charge: 33.044022756744745
e_remain: 10504.854352184258, e_depot: 10094.121522656564, er: 659.3651173434355
Energy after charge: 10667.768983178488
-----------------------
Node ~34 ~
Init energy: 10794.42, Charge rate: 0.008370000000240001
Time arrive: 3608.6407731137156, time_travel to 34: 12.0
t_charge: 6.5805110519347245
e_remain: 10764.215676728172, e_depot: 10728.400748926368, er: 66.0192510736324
Energy after charge: 10797.063153110339
-----------------------
Node ~62 ~
Init energy: 10775.7752, Charge rate: 0.03633720000075
Time arrive: 3689.5911705444796, time_travel to 62: 74.36988637882943
t_charge: 31.72302745432424
e_remain: 10641.705787714924, e_depot: 10504.934965579178, er: 270.8402344208225
Energy after charge: 10799.168198993308
-----------------------
Node ~87 ~
Init energy: 10753.7664, Charge rate: 0.06935040000075
Time arrive: 3749.6493351962836, time_travel to 87: 28.335137197479742
t_charge: 52.77921967877296
e_remain: 10493.726718741591, e_depot: 10198.036830793526, er: 555.7295692064745
Energy after charge: 10753.962557139006
-----------------------
Node ~61 ~
Init energy: 10783.19392, Charge rate: 0.025209120000450003
Time arrive: 3831.4781676091366, time_travel to 61: 29.04961273407961
t_charge: 20.84620589154267
e_remain: 10686.605727093636, e_depot: 10589.488069356625, er: 193.70585064337502
Energy after charge: 10790.311242045476
-----------------------
Node ~89 ~
Init energy: 10772.6104, Charge rate: 0.04108439999955
Time arrive: 3892.5129290855716, time_travel to 89: 40.18855558489257
t_charge: 26.664317863555752
e_remain: 10612.688841818028, e_depot: 10420.371289203194, er: 352.2391107968051
Energy after charge: 10744.914943634985
-----------------------
Node ~19 ~
Init energy: 10405.93936, Charge rate: 0.5910909600075
Time arrive: 3951.24779418487, time_travel to 19: 32.07054723574264
t_charge: 619.1117728064754
e_remain: 8070.392508107749, e_depot: 6515.621823846752, er: 3890.3175361532485
Energy after charge: 10800.0
-----------------------
Node ~83 ~
Init energy: 10787.72, Charge rate: 0.01842000000045
Time arrive: 4614.505687998746, time_travel to 83: 44.14612100739996
t_charge: 15.103369172103417
e_remain: 10702.720805224986, e_depot: 10645.537960239037, er: 142.18203976096265
Energy after charge: 10777.959447025347
-----------------------
Node ~43 ~
Init energy: 10710.80224, Charge rate: 0.13379664000105
Time arrive: 4662.499785347647, time_travel to 43: 32.89072817679779
t_charge: 106.52704189031822
e_remain: 10086.975434714868, e_depot: 9662.146492480084, er: 1048.655747519917
Energy after charge: 10605.357683892284
-----------------------
Node ~66 ~
Init energy: 10757.34008, Charge rate: 0.0639898800009
Time arrive: 4791.672798182043, time_travel to 66: 22.645970944077447
t_charge: 54.86590530334987
e_remain: 10450.721512640754, e_depot: 10275.397860213396, er: 481.94221978660426
Energy after charge: 10721.540176461001
-----------------------
Node ~4 ~
Init energy: 10559.8776, Charge rate: 0.3601836000045
Time arrive: 4860.877462148541, time_travel to 4: 14.338758663147937
t_charge: 96.23532483470011
e_remain: 8809.0692565026, e_depot: 6784.182978885958, er: 3775.694621114042
Energy after charge: 9255.583494929537
-----------------------
Node ~72 ~
Init energy: 10727.9336, Charge rate: 0.10809960000209999
Time arrive: 4969.561080038917, time_travel to 72: 12.448293055676348
t_charge: 52.49837308216758
e_remain: 10190.726035061789, e_depot: 9712.837927082399, er: 1015.0956729176014
Energy after charge: 10447.542847341683
-----------------------
Node ~85 ~
Init energy: 10781.68, Charge rate: 0.027480000000749998
Time arrive: 5040.219849592528, time_travel to 85: 18.160396471443015
t_charge: 28.975005237105126
e_remain: 10643.174758529418, e_depot: 10601.779489980567, er: 179.90051001943357
Energy after charge: 10787.253551571006
-----------------------
Node ~91 ~
Init energy: 10781.88, Charge rate: 0.02718000000075
Time arrive: 5079.0009753673385, time_travel to 91: 9.80612053770501
t_charge: 10.694585013524293
e_remain: 10643.832753485705, e_depot: 10514.12297331895, er: 267.75702668104896
Energy after charge: 10697.014999732652
-----------------------
Node ~10 ~
Init energy: 10655.45436, Charge rate: 0.216818460006
Time arrive: 5113.6037179844925, time_travel to 10: 23.908157603629768
t_charge: 202.25116040129996
e_remain: 9546.730676785646, e_depot: 9104.216289893673, er: 1551.2380701063266
Energy after charge: 10514.13469365951
-----------------------
Node ~38 ~
Init energy: 10762.4556, Charge rate: 0.05631660000045
Time arrive: 5380.102212960855, time_travel to 38: 64.24733457506234
t_charge: 67.82222044478904
e_remain: 10459.466535711146, e_depot: 10435.982496915094, er: 326.47310308490523
Energy after charge: 10794.75812107516
-----------------------
Node ~95 ~
Init energy: 10776.3752, Charge rate: 0.0354372000006
Time arrive: 5511.12981292353, time_travel to 95: 63.20537951788598
t_charge: 31.416764654730628
e_remain: 10581.07619059016, e_depot: 10514.64040495185, er: 261.7347950481508
Energy after charge: 10737.046691691372
-----------------------
Node ~16 ~
Init energy: 10793.6, Charge rate: 0.00960000000027
Time arrive: 5623.7990236952855, time_travel to 16: 81.25244611702468
t_charge: 11.657610374245845
e_remain: 10739.611529371006, e_depot: 10738.429349266784, er: 55.17065073321646
Energy after charge: 10797.78766818264
-----------------------
Node ~81 ~
Init energy: 10758.73008, Charge rate: 0.061904880001049996
Time arrive: 5730.871517604543, time_travel to 81: 95.4148835350125
t_charge: 67.57366524394729
e_remain: 10403.961166401255, e_depot: 10364.968471885819, er: 393.7616081141805
Energy after charge: 10737.646352982834
-----------------------
Node ~76 ~
Init energy: 10788.08, Charge rate: 0.01788000000045
Time arrive: 5858.462846914997, time_travel to 76: 60.01766406650629
t_charge: 21.712695703244904
e_remain: 10683.330684294524, e_depot: 10685.326644916066, er: 102.75335508393437
Energy after charge: 10791.505939811565
-----------------------
Node ~12 ~
Init energy: 10696.9184, Charge rate: 0.15462240000150002
Time arrive: 5938.80693352789, time_travel to 12: 58.631390909648395
t_charge: 201.1274215359906
e_remain: 9778.645818792369, e_depot: 9875.132914215092, er: 821.7854857849088
Energy after charge: 10753.184121848313
-----------------------
Node ~3 ~
Init energy: 10659.80576, Charge rate: 0.210291360006
Time arrive: 6178.139066815182, time_travel to 3: 38.20471175130105
t_charge: 241.22851706231245
e_remain: 9360.596493333234, e_depot: 9380.59575421422, er: 1279.2100057857788
Energy after charge: 10516.010805719532
-----------------------
Node ~53 ~
Init energy: 10762.34, Charge rate: 0.05649000000149999
Time arrive: 6437.023177891857, time_travel to 53: 17.6555940143627
t_charge: 81.17459847939773
e_remain: 10398.712560671234, e_depot: 10500.579439259995, er: 261.76056074000553
Energy after charge: 10800.0
-----------------------
Node ~17 ~
Init energy: 10710.828, Charge rate: 0.1337580000015
Time arrive: 6550.598393649325, time_travel to 17: 32.40061727807049
t_charge: 196.9804020421662
e_remain: 9834.633060052427, e_depot: 10114.895724511975, er: 595.932275488025
Energy after charge: 10793.187365646607
-----------------------
Node ~44 ~
Init energy: 10766.246, Charge rate: 0.0506310000003
Time arrive: 6794.339890631622, time_travel to 44: 46.76109494013159
t_charge: 38.48325297902283
e_remain: 10422.241776995392, e_depot: 10360.273976203629, er: 405.9720237963702
Energy after charge: 10612.709596308914
-----------------------
Node ~100 ~
Init energy: 10728.3896, Charge rate: 0.10741559999969999
Time arrive: 6923.5854705971215, time_travel to 100: 90.76232698647605
t_charge: 138.0197445550169
e_remain: 9984.688512526605, e_depot: 10148.98471703535, er: 579.4048829646508
Energy after charge: 10659.961761628507
-----------------------
Node ~69 ~
Init energy: 10762.5192, Charge rate: 0.056221200000749996
Time arrive: 7098.231981321157, time_travel to 69: 36.62676616901907
t_charge: 82.31580966160577
e_remain: 10363.448080126424, e_depot: 10509.641538852733, er: 252.87766114726764
Energy after charge: 10770.399234836244
-----------------------
Node ~28 ~
Init energy: 10730.01072, Charge rate: 0.10498392000165
Time arrive: 7228.771436635077, time_travel to 28: 48.223645652314595
t_charge: 136.52695660101574
e_remain: 9971.10595778609, e_depot: 10171.880986611195, er: 558.1297333888051
Energy after charge: 10639.407605701299
-----------------------
Node ~2 ~
Init energy: 10628.15324, Charge rate: 0.257770140003
Time arrive: 7382.374692601003, time_travel to 2: 17.07629936490925
t_charge: 362.3195558355071
e_remain: 8725.197481933636, e_depot: 9393.265013543725, er: 1234.8882264562744
Energy after charge: 10443.400098477628
-----------------------
Node ~65 ~
Init energy: 10743.65424, Charge rate: 0.0845186400015
Time arrive: 7786.231219919756, time_travel to 65: 41.536971483246106
t_charge: 131.6987542362689
e_remain: 10085.572566555162, e_depot: 10403.254756994593, er: 340.3994830054071
Energy after charge: 10732.935338138564
-----------------------
Node ~49 ~
Init energy: 10586.9872, Charge rate: 0.319519200009
Time arrive: 7948.09286526414, time_travel to 49: 30.162891108114952
t_charge: 468.518740322645
e_remain: 8047.418926093561, e_depot: 9153.306538153594, er: 1433.6806618464052
Energy after charge: 10240.31189460967
-----------------------
Node ~99 ~
Init energy: 10780.74312, Charge rate: 0.028885320000300002
Time arrive: 8470.670832366308, time_travel to 99: 54.059226779523954
t_charge: 14.32463722997739
e_remain: 10536.06508238989, e_depot: 10510.981834123204, er: 269.7612858767952
Energy after charge: 10607.274496809501
-----------------------
Node ~75 ~
Init energy: 10741.50672, Charge rate: 0.0877399200012
Time arrive: 8512.549053755158, time_travel to 75: 27.55358415887124
t_charge: 114.2624363440986
e_remain: 9994.61634701723, e_depot: 10275.854579879435, er: 465.6521401205646
Energy after charge: 10555.90315171375
-----------------------
Node ~77 ~
Init energy: 10794.1984, Charge rate: 0.008702400000075
Time arrive: 8648.77873844765, time_travel to 77: 21.96724834839357
t_charge: 6.524387581970951
e_remain: 10718.933267905884, e_depot: 10723.97002400093, er: 70.22837599906961
Energy after charge: 10751.498427985245
-----------------------
Node ~42 ~
Init energy: 10787.88, Charge rate: 0.01818000000045
Time arrive: 8748.847126371706, time_travel to 42: 93.54400034208501
t_charge: 30.232626454194765
e_remain: 10628.825959238624, e_depot: 10724.180714214526, er: 63.699285785472966
Energy after charge: 10779.439462360648
-----------------------
Node ~94 ~
Init energy: 10782.44884, Charge rate: 0.02632674
Time arrive: 8856.545874453359, time_travel to 94: 77.46612162745726
t_charge: 35.130662941471584
e_remain: 10549.284859465193, e_depot: 10646.95655427813, er: 135.49228572186985
Energy after charge: 10724.013298343263
-----------------------
Node ~41 ~
Init energy: 10770.52528, Charge rate: 0.04421208
Time arrive: 8965.016294689221, time_travel to 41: 73.33975729438978
t_charge: 53.77384095954137
e_remain: 10374.163262377897, e_depot: 10516.868939370317, er: 253.65634062968275
Energy after charge: 10640.655013817193
-----------------------
Node ~58 ~
Init energy: 10760.73584, Charge rate: 0.058896240001350006
Time arrive: 9100.990378957405, time_travel to 58: 82.20024330864234
t_charge: 116.42707814927796
e_remain: 10224.721726390946, e_depot: 10646.799253804162, er: 113.93658619583766
Energy after charge: 10800.0
-----------------------
Node ~25 ~
Init energy: 10710.80224, Charge rate: 0.13379664000105
Time arrive: 9278.240150240086, time_travel to 25: 60.822693133402105
t_charge: 243.7136478493061
e_remain: 9469.40488277504, e_depot: 10348.079522275024, er: 362.722717724977
Energy after charge: 10655.365054816933
-----------------------
Node ~82 ~
Init energy: 10775.7152, Charge rate: 0.036427200000750004
Time arrive: 9593.49231918118, time_travel to 82: 71.53852109178663
t_charge: 30.24723693300352
e_remain: 10426.251136583529, e_depot: 10496.432337635688, er: 279.2828623643127
Energy after charge: 10576.385499099319
-----------------------
Node ~86 ~
Init energy: 10753.95104, Charge rate: 0.0690734400012
Time arrive: 9650.142586243319, time_travel to 86: 26.403030129134798
t_charge: 144.51999969232497
e_remain: 10087.382495066096, e_depot: 10660.198654426013, er: 93.75238557398734
Energy after charge: 10800.0
-----------------------
Node ~48 ~
Init energy: 10696.7376, Charge rate: 0.15489360000449998
Time arrive: 9829.862585935645, time_travel to 48: 35.2
t_charge: 314.8852643046561
e_remain: 9174.154796514886, e_depot: 10440.536119674478, er: 256.2014803255224
Energy after charge: 10699.80740586165
-----------------------
Node ~23 ~
Init energy: 10710.80224, Charge rate: 0.13379664000105
Time arrive: 10172.754992186598, time_travel to 23: 28.007141946296485
t_charge: 298.03074187774706
e_remain: 9349.721802491527, e_depot: 10619.664992417227, er: 91.13724758277385
Energy after charge: 10800.0
-----------------------
Node ~37 ~
Init energy: 10782.32, Charge rate: 0.02652000000075
Time arrive: 10547.270765279609, time_travel to 37: 76.4850312152646
t_charge: 42.34514083668248
e_remain: 10502.606379296874, e_depot: 10680.616038238579, er: 101.70396176142094
Energy after charge: 10713.209090345266
-----------------------
Node ~8 ~
Init energy: 10768.94, Charge rate: 0.04659000000015
Time arrive: 10646.958734787364, time_travel to 8: 57.34282867107272
t_charge: 106.41190764652137
e_remain: 10272.89819254466, e_depot: 10750.370272169112, er: 18.56972783088895
Energy after charge: 10800.0
-----------------------
Node ~24 ~
Init energy: 10710.80224, Charge rate: 0.13379664000105
Time arrive: 10779.63468629617, time_travel to 24: 26.26404386228442
t_charge: 220.83166494447713
e_remain: 9268.5233385348, e_depot: 10233.669607750879, er: 477.13263224912225
Energy after charge: 10343.135128481777
-----------------------
Node ~39 ~
Init energy: 10761.15008, Charge rate: 0.058274880000300004
Time arrive: 11088.677461651976, time_travel to 39: 88.21111041133085
t_charge: 85.53872207873495
e_remain: 10114.958731560198, e_depot: 10500.115327989723, er: 261.03475201027686
Energy after charge: 10537.667583189355
-----------------------
Node ~31 ~
Init energy: 10778.69292, Charge rate: 0.03196061999985
Time arrive: 11208.74674990041, time_travel to 31: 34.53056616969956
t_charge: 67.60012962025519
e_remain: 10420.454424451878, e_depot: 10738.96330981849, er: 39.72961018151
Energy after charge: 10756.29453049842
-----------------------
Node ~30 ~
Init energy: 10651.078, Charge rate: 0.22338300000150002
Time arrive: 11288.162123910859, time_travel to 30: 11.815244390193545
t_charge: 506.6317312472572
e_remain: 8129.494480257488, e_depot: 10544.159014221013, er: 106.9189857789861
Energy after charge: 10549.480220471807
-----------------------
==============================================
Fitness: 0.09347117228492696, num_deaths: 1, max_er: 4384.671138216754
