routes: [ 9 41  7  6 31  2 23 22 36 50 45 44 13 20 33 29 40 32 24 43 27 39 37 35
  5 16 47 25 42  3 11 21 10 12 18 30 46 19 14  8 49 28 38 17 48 15  4 26
  1 34]
t_charge: [ 31.22889474   2.9376904   18.93201525  10.40486411  13.09368121
   6.78983257  12.09937982   0.22943939   1.06886657   1.41970073
   0.9567616   18.12849028   5.89307596   2.77177114   2.18156346
   0.8681746    1.17974477  17.44029683  10.59362296   8.65728165
  15.48113139   3.20177407   3.9664463    1.5077972  136.75191011
  29.75233727   3.39163733  14.05564142   9.03664382 174.12291369
  38.89377464  12.66498398  11.61688348  36.85222252  11.18307381
   4.38615617   3.98275788  14.27913647  18.93314677   8.4044841
   2.84013788  17.28651522   4.99660116  19.8148955    3.5711132
  26.00299915   7.38688493  21.06300141  10.95758126   2.36754682]
T: 2523.035456339825, energy used: 5865.544564372505
=================================
Node ~9 ~
Init energy: 10652.48904, Charge rate: 0.22126644
Time arrive: 7.789736837660179, time_travel to 9: 7.789736837660179
t_charge: 31.22889474059864
e_remain: 10650.765432661394, e_depot: 10250.370440284903, er: 402.11859971509693
Energy after charge: 10800.0
-----------------------
Node ~41 ~
Init energy: 10785.14236, Charge rate: 0.02228646
Time arrive: 74.10937109739692, time_travel to 41: 35.0907395191381
t_charge: 2.937690396145214
e_remain: 10783.490724465413, e_depot: 10743.601283204427, er: 41.541076795572735
Energy after charge: 10798.113705726633
-----------------------
Node ~7 ~
Init energy: 10672.31488, Charge rate: 0.1915276800045
Time arrive: 111.6678644882735, time_travel to 7: 34.62080299473136
t_charge: 18.932015253273217
e_remain: 10650.927392983504, e_depot: 10283.743828744504, er: 388.57105125549606
Energy after charge: 10741.9614642906
-----------------------
Node ~6 ~
Init energy: 10716.0184, Charge rate: 0.12597240000225
Time arrive: 139.28319707998367, time_travel to 6: 8.683317338436964
t_charge: 10.404864106741131
e_remain: 10698.47256138385, e_depot: 10450.209888807807, er: 265.8085111921937
Energy after charge: 10749.186156214331
-----------------------
Node ~31 ~
Init energy: 10693.234, Charge rate: 0.16014899999999999
Time arrive: 165.96688178282452, time_travel to 31: 16.278820596099706
t_charge: 13.093681208737094
e_remain: 10666.654569849363, e_depot: 10354.640800746318, er: 338.59319925368254
Energy after charge: 10730.02603594115
-----------------------
Node ~2 ~
Init energy: 10699.10232, Charge rate: 0.1513465200015
Time arrive: 199.49680530760395, time_travel to 2: 20.43624231604235
t_charge: 6.7898325678905325
e_remain: 10668.909172765278, e_depot: 10351.198846682024, er: 347.903473317976
Energy after charge: 10701.830718074187
-----------------------
Node ~23 ~
Init energy: 10748.70368, Charge rate: 0.07694448000135
Time arrive: 211.18969814434698, time_travel to 23: 4.903060268852505
t_charge: 12.099379821761898
e_remain: 10732.453798494642, e_depot: 10615.066927895774, er: 133.63675210422662
Energy after charge: 10792.019717114727
-----------------------
Node ~22 ~
Init energy: 10793.7, Charge rate: 0.009450000000255001
Time arrive: 230.3346439476323, time_travel to 22: 7.045565981523414
t_charge: 0.2294393908920092
e_remain: 10791.523337614637, e_depot: 10771.004511891406, er: 22.695488108594873
Energy after charge: 10792.668366366854
-----------------------
Node ~36 ~
Init energy: 10793.784, Charge rate: 0.009324000000225
Time arrive: 254.28411706531313, time_travel to 36: 23.720033726788838
t_charge: 1.068866569630697
e_remain: 10791.413054892426, e_depot: 10775.603550252674, er: 18.180449747325838
Energy after charge: 10796.747421628685
-----------------------
Node ~50 ~
Init energy: 10793.5, Charge rate: 0.00975000000027
Time arrive: 297.3548883536587, time_travel to 50: 42.00190471871484
t_charge: 1.4197007298569864
e_remain: 10790.600789838472, e_depot: 10775.998907949292, er: 17.501092050708394
Energy after charge: 10797.685451405641
-----------------------
Node ~45 ~
Init energy: 10792.86012, Charge rate: 0.01070982000021
Time arrive: 336.0519280443374, time_travel to 45: 37.27733896082176
t_charge: 0.9567616017539801
e_remain: 10789.26106433992, e_depot: 10770.622672417221, er: 22.23744758277826
Energy after charge: 10794.034625604152
-----------------------
Node ~44 ~
Init energy: 10707.80088, Charge rate: 0.13829868000360002
Time arrive: 362.98406259817807, time_travel to 44: 25.97537295208675
t_charge: 18.128490277626607
e_remain: 10657.60066328033, e_depot: 10449.510858174057, er: 258.29002182594377
Energy after charge: 10745.735968392608
-----------------------
Node ~13 ~
Init energy: 10756.9182, Charge rate: 0.06462270000105
Time arrive: 438.267080255532, time_travel to 13: 57.15452737972733
t_charge: 5.8930759551949885
e_remain: 10728.59619795231, e_depot: 10623.338216388915, er: 133.57998361108548
Energy after charge: 10757.68075124875
-----------------------
Node ~20 ~
Init energy: 10778.71408, Charge rate: 0.0319288800003
Time arrive: 505.16146767203907, time_travel to 20: 61.00131146131205
t_charge: 2.771771139846598
e_remain: 10762.584840117925, e_depot: 10712.015239377255, er: 66.69884062274468
Energy after charge: 10776.355196269045
-----------------------
Node ~33 ~
Init energy: 10792.66884, Charge rate: 0.010996740000405
Time arrive: 582.5407451366516, time_travel to 33: 74.607506324766
t_charge: 2.181563463879205
e_remain: 10786.26279088609, e_depot: 10775.831492394223, er: 16.837347605776813
Energy after charge: 10797.146618119279
-----------------------
Node ~29 ~
Init energy: 10794.48, Charge rate: 0.00828000000024
Time arrive: 645.7550866791994, time_travel to 29: 61.032778078668514
t_charge: 0.8681746038974262
e_remain: 10789.133147882141, e_depot: 10777.930139440388, er: 16.54986055961126
Energy after charge: 10793.466832415908
-----------------------
Node ~40 ~
Init energy: 10793.44, Charge rate: 0.00984000000027
Time arrive: 667.6575190546465, time_travel to 40: 21.034257771549726
t_charge: 1.179744771792735
e_remain: 10786.870250012322, e_depot: 10774.5120549679, er: 18.92794503210098
Energy after charge: 10792.757365182732
-----------------------
Node ~32 ~
Init energy: 10680.19808, Charge rate: 0.179702880003
Time arrive: 724.4365443973243, time_travel to 32: 55.599280570885085
t_charge: 17.4402968286369
e_remain: 10550.01474659238, e_depot: 10314.002826289236, er: 366.1952537107645
Energy after charge: 10634.082159167352
-----------------------
Node ~24 ~
Init energy: 10767.617, Charge rate: 0.04857450000075
Time arrive: 765.9782934643637, time_travel to 24: 24.101452238402565
t_charge: 10.593622963541673
e_remain: 10730.40998738354, e_depot: 10698.029929041837, er: 69.58707095816317
Energy after charge: 10782.863522262598
-----------------------
Node ~43 ~
Init energy: 10707.80088, Charge rate: 0.13829868000360002
Time arrive: 804.8561876753672, time_travel to 43: 28.284271247461902
t_charge: 8.657281649105128
e_remain: 10596.490331651768, e_depot: 10402.154815031448, er: 305.6460649685523
Energy after charge: 10638.579449272804
-----------------------
Node ~27 ~
Init energy: 10683.19424, Charge rate: 0.17520864000449998
Time arrive: 860.615486266425, time_travel to 27: 47.102016941952705
t_charge: 15.481131389056063
e_remain: 10532.406971084449, e_depot: 10318.542285956848, er: 364.6519540431527
Energy after charge: 10607.10020005332
-----------------------
Node ~39 ~
Init energy: 10791.83936, Charge rate: 0.01224096000042
Time arrive: 905.1462303895606, time_travel to 39: 29.04961273407961
t_charge: 3.201774068262736
e_remain: 10780.75950119927, e_depot: 10776.963854240616, er: 14.875505759384396
Energy after charge: 10796.729178752284
-----------------------
Node ~37 ~
Init energy: 10786.8, Charge rate: 0.019800000000599997
Time arrive: 927.0552223161795, time_travel to 37: 18.70721785835617
t_charge: 3.966446302678521
e_remain: 10768.444306597583, e_depot: 10756.67612947635, er: 30.123870523650112
Energy after charge: 10788.19800247418
-----------------------
Node ~35 ~
Init energy: 10794.08, Charge rate: 0.008880000000255
Time arrive: 953.7284957860339, time_travel to 35: 22.706827167175955
t_charge: 1.5077972004643727
e_remain: 10785.610890957178, e_depot: 10779.214431149381, er: 14.865568850618729
Energy after charge: 10793.13648772036
-----------------------
Node ~5 ~
Init energy: 10515.91112, Charge rate: 0.42613332
Time arrive: 982.8920338010199, time_travel to 5: 27.655740814521675
t_charge: 136.7519101107012
e_remain: 10097.06807443482, e_depot: 10124.521195065703, er: 391.3899249342976
Energy after charge: 10722.55307951651
-----------------------
Node ~16 ~
Init energy: 10698.1538, Charge rate: 0.15276930000299999
Time arrive: 1134.3965707964492, time_travel to 16: 14.752626884728022
t_charge: 29.752337269628903
e_remain: 10524.852829953623, e_depot: 10461.473125800361, er: 236.68067419963882
Energy after charge: 10669.069272563633
-----------------------
Node ~47 ~
Init energy: 10794.04, Charge rate: 0.008940000000255001
Time arrive: 1226.9100425363854, time_travel to 47: 62.76113447030734
t_charge: 3.391637326762069
e_remain: 10783.071424219414, e_depot: 10788.44224965349, er: 5.59775034651102
Energy after charge: 10799.999289615522
-----------------------
Node ~25 ~
Init energy: 10701.77308, Charge rate: 0.14734038000375
Time arrive: 1276.1278732464082, time_travel to 25: 45.82619338326062
t_charge: 14.055641420916283
e_remain: 10513.747914222498, e_depot: 10400.306284204538, er: 301.46679579546253
Energy after charge: 10581.955157778926
-----------------------
Node ~42 ~
Init energy: 10707.80088, Charge rate: 0.13829868000360002
Time arrive: 1291.2033185700432, time_travel to 42: 1.0198039027185568
t_charge: 9.036643821344684
e_remain: 10529.229165425495, e_depot: 10404.051625892647, er: 303.7492541073534
Energy after charge: 10573.162628620064
-----------------------
Node ~3 ~
Init energy: 10467.85824, Charge rate: 0.49821264000300003
Time arrive: 1314.4075309901277, time_travel to 3: 14.167568598739871
t_charge: 174.12291369443352
e_remain: 9813.003793945583, e_depot: 10081.464652947929, er: 386.39358705207087
Energy after charge: 10596.868125901032
-----------------------
Node ~11 ~
Init energy: 10652.96064, Charge rate: 0.22055904000299997
Time arrive: 1496.195951843256, time_travel to 11: 7.66550715869472
t_charge: 38.89377464328267
e_remain: 10322.961097205076, e_depot: 10290.95123507257, er: 362.0094049274285
Energy after charge: 10508.851596824074
-----------------------
Node ~21 ~
Init energy: 10778.71408, Charge rate: 0.0319288800003
Time arrive: 1580.2582996320343, time_travel to 21: 45.168573145495756
t_charge: 12.66498398293018
e_remain: 10728.25820238157, e_depot: 10761.481303592673, er: 17.232776407327037
Energy after charge: 10791.178743542425
-----------------------
Node ~10 ~
Init energy: 10711.87492, Charge rate: 0.132187620003
Time arrive: 1640.972008884216, time_travel to 10: 48.04872526925142
t_charge: 11.61688347570162
e_remain: 10494.958735654054, e_depot: 10436.445285221764, er: 275.4296347782365
Energy after charge: 10551.507544854057
-----------------------
Node ~12 ~
Init energy: 10652.96064, Charge rate: 0.22055904000299997
Time arrive: 1667.1491121384786, time_travel to 12: 14.560219778561038
t_charge: 36.852222524882926
e_remain: 10285.255832284884, e_depot: 10280.743474480572, er: 372.217165519427
Energy after charge: 10461.388854087234
-----------------------
Node ~18 ~
Init energy: 10778.71408, Charge rate: 0.0319288800003
Time arrive: 1717.0305326432835, time_travel to 18: 13.029197979921864
t_charge: 11.183073812620487
e_remain: 10723.891218166382, e_depot: 10754.071752741125, er: 24.642327258874502
Energy after charge: 10779.449524207686
-----------------------
Node ~30 ~
Init energy: 10792.7136, Charge rate: 0.010929600000345
Time arrive: 1755.9552718709435, time_travel to 30: 27.741665415039524
t_charge: 4.386156174792285
e_remain: 10773.521711259953, e_depot: 10787.068612549478, er: 5.644987450521512
Energy after charge: 10795.404553201384
-----------------------
Node ~46 ~
Init energy: 10794.06, Charge rate: 0.008910000000255
Time arrive: 1813.8353529344556, time_travel to 46: 53.493924888719846
t_charge: 3.9827578793849274
e_remain: 10777.898727004891, e_depot: 10791.493543480294, er: 2.5664565197057527
Energy after charge: 10797.777030029109
-----------------------
Node ~19 ~
Init energy: 10778.71408, Charge rate: 0.0319288800003
Time arrive: 1882.6159502839957, time_travel to 19: 64.79783947015518
t_charge: 14.27913646669972
e_remain: 10718.604261236731, e_depot: 10769.552066011522, er: 9.162013988478066
Energy after charge: 10789.544026735477
-----------------------
Node ~14 ~
Init energy: 10761.4964, Charge rate: 0.0577554000012
Time arrive: 1953.8982445579609, time_travel to 14: 57.00315780726538
t_charge: 18.933146767403976
e_remain: 10648.648225323912, e_depot: 10710.443211838903, er: 51.05318816109684
Energy after charge: 10742.2204676961
-----------------------
Node ~8 ~
Init energy: 10726.092, Charge rate: 0.11086200000195001
Time arrive: 2004.394027463685, time_travel to 8: 31.56263613832026
t_charge: 8.404484104342346
e_remain: 10503.880869323413, e_depot: 10488.405663756046, er: 237.68633624395443
Energy after charge: 10544.971551928333
-----------------------
Node ~49 ~
Init energy: 10793.162, Charge rate: 0.010256999999715001
Time arrive: 2065.940208944005, time_travel to 49: 53.14169737597774
t_charge: 2.840137878036948
e_remain: 10771.97165127745, e_depot: 10781.483914715227, er: 11.67808528477326
Energy after charge: 10786.14320937342
-----------------------
Node ~28 ~
Init energy: 10683.19424, Charge rate: 0.17520864000449998
Time arrive: 2112.875698050941, time_travel to 28: 44.0953512288994
t_charge: 17.286515219413005
e_remain: 10313.000162445936, e_depot: 10327.569205108632, er: 355.62503489136907
Energy after charge: 10396.40399172099
-----------------------
Node ~38 ~
Init energy: 10791.93684, Charge rate: 0.012094739999835
Time arrive: 2153.4860208497353, time_travel to 38: 23.323807579381203
t_charge: 4.996601162448831
e_remain: 10765.890986484543, e_depot: 10786.40438795745, er: 5.5324520425510855
Energy after charge: 10790.813559704844
-----------------------
Node ~17 ~
Init energy: 10703.7308, Charge rate: 0.14440380000075
Time arrive: 2198.54307632813, time_travel to 17: 40.060454315946046
t_charge: 19.81489549996509
e_remain: 10386.252825312878, e_depot: 10438.469370067727, er: 265.2614299322722
Energy after charge: 10482.46595660589
-----------------------
Node ~48 ~
Init energy: 10789.91568, Charge rate: 0.015126480000000001
Time arrive: 2279.1592876033314, time_travel to 48: 60.80131577523631
t_charge: 3.5711131975850003
e_remain: 10755.440022619254, e_depot: 10769.60660061831, er: 20.309079381690026
Energy after charge: 10773.241570234817
-----------------------
Node ~15 ~
Init energy: 10704.2136, Charge rate: 0.14367960000285002
Time arrive: 2349.080080528855, time_travel to 15: 66.34967972793841
t_charge: 26.002999153090883
e_remain: 10366.69871365495, e_depot: 10471.719870605539, er: 232.4937293944604
Energy after charge: 10492.977608903215
-----------------------
Node ~4 ~
Init energy: 10760.9864, Charge rate: 0.058520400000600006
Time arrive: 2378.5356149822724, time_travel to 4: 3.4525353003264136
t_charge: 7.386884928468162
e_remain: 10621.793544395565, e_depot: 10650.271780521638, er: 110.71461947836178
Energy after charge: 10658.295685577134
-----------------------
Node ~26 ~
Init energy: 10683.19424, Charge rate: 0.17520864000449998
Time arrive: 2406.7810712903915, time_travel to 26: 20.858571379651103
t_charge: 21.063001413733723
e_remain: 10261.505401710638, e_depot: 10346.451636080235, er: 336.7426039197653
Energy after charge: 10363.129988947194
-----------------------
Node ~1 ~
Init energy: 10770.7, Charge rate: 0.0439500000012
Time arrive: 2445.317481072271, time_travel to 1: 17.473408368146153
t_charge: 10.957581257576818
e_remain: 10663.22829670394, e_depot: 10714.600497978721, er: 56.09950202127948
Energy after charge: 10717.53461729554
-----------------------
Node ~34 ~
Init energy: 10793.86, Charge rate: 0.009210000000255
Time arrive: 2492.6536274472355, time_travel to 34: 36.37856511738747
t_charge: 2.3675468207596126
e_remain: 10770.902660090576, e_depot: 10782.460577550266, er: 11.39942244973463
Energy after charge: 10782.718589088154
-----------------------
==============================================
Fitness: 0.00783856919522606, num_deaths: 0, max_er: 402.11859971509693
