routes: [ 2  5 31 45 16 26  1 11 17 15 18 24 38 27 46 44 12 19 33  9 41 39 21 20
 30 42  3  7 25 36 37 22 23 14  6 50 40 49  8 28 32 35 43 34 47 29 10 48
  4 13]
t_charge: [2.92959677e-01 4.54470799e-02 5.66494541e-01 2.73210568e+00
 1.52715491e+00 3.29900703e+00 1.39723399e-01 1.70972814e+00
 8.85259463e-01 1.88587502e+00 1.87344800e+00 3.26395496e+00
 1.26368384e+00 2.62467745e+00 4.10160288e+01 1.79143409e+00
 1.57329710e+00 1.84429652e+00 8.61810353e-01 2.22968800e+01
 2.75139196e-01 2.57451073e-01 1.51576005e+00 4.25859226e+00
 1.24797213e-01 3.67466827e+00 4.30681064e+00 6.00383838e+00
 2.70999886e+00 1.61230027e+00 1.05697815e+01 2.30313133e+00
 2.67872768e+00 2.75864959e+00 4.70147873e+00 4.50023301e+01
 4.58223970e+01 4.33754492e+01 8.87040326e+00 1.23245424e+00
 7.48213831e+00 1.50582554e+01 2.76575598e+00 1.11559840e+01
 3.00087064e+00 4.38572241e+01 4.11802582e+01 3.41599464e+00
 4.51061871e+01 5.06206701e+00]
T: 2469.638673439214, energy used: 4316.167314600665
=================================
Node ~2 ~
Init energy: 10776.32, Charge rate: 0.035520000001049996
Time arrive: 25.400787389370432, time_travel to 2: 25.400787389370432
t_charge: 0.29295967745621243
e_remain: 10775.417764031903, e_depot: 10690.063232704128, er: 86.25676729587212
Energy after charge: 10776.872156491441
-----------------------
Node ~5 ~
Init energy: 10757.0108, Charge rate: 0.06448380000029999
Time arrive: 66.21534624553627, time_travel to 5: 40.52159917870962
t_charge: 0.045447079869441076
e_remain: 10752.740982855752, e_depot: 10597.986349108287, er: 159.02445089171306
Energy after charge: 10752.96528765469
-----------------------
Node ~31 ~
Init energy: 10793.76, Charge rate: 0.009360000000255001
Time arrive: 108.13871113419845, time_travel to 31: 41.87791780879274
t_charge: 0.5664945412099798
e_remain: 10792.747821663757, e_depot: 10773.47665472203, er: 20.28334527797051
Energy after charge: 10795.574991980902
-----------------------
Node ~45 ~
Init energy: 10787.84, Charge rate: 0.01824000000045
Time arrive: 145.57090789305238, time_travel to 45: 36.86570221764397
t_charge: 2.7321056849592273
e_remain: 10785.184786639966, e_depot: 10756.454319020153, er: 31.385680979847166
Energy after charge: 10798.795481457068
-----------------------
Node ~16 ~
Init energy: 10787.1, Charge rate: 0.0193500000006
Time arrive: 176.90581064403298, time_travel to 16: 28.602797066021356
t_charge: 1.5271549147522085
e_remain: 10783.676872563932, e_depot: 10746.94826624123, er: 40.151733758770206
Energy after charge: 10791.283096690091
-----------------------
Node ~26 ~
Init energy: 10779.5976, Charge rate: 0.03060360000075
Time arrive: 192.48430001498542, time_travel to 26: 14.051334456200237
t_charge: 3.2990070293543803
e_remain: 10773.706887475917, e_depot: 10720.512801038454, er: 59.08479896154495
Energy after charge: 10790.100961131164
-----------------------
Node ~1 ~
Init energy: 10774.78, Charge rate: 0.037830000001049996
Time arrive: 216.74517718991603, time_travel to 1: 20.961870145576228
t_charge: 0.13972339858044147
e_remain: 10766.58052994668, e_depot: 10682.052185974104, er: 92.7278140258968
Energy after charge: 10767.273861203414
-----------------------
Node ~11 ~
Init energy: 10790.816, Charge rate: 0.013776000000149998
Time arrive: 248.66539775263786, time_travel to 11: 31.780497164141405
t_charge: 1.7097281375267372
e_remain: 10787.390385480523, e_depot: 10765.342898321966, er: 25.473101678035164
Energy after charge: 10795.915472953335
-----------------------
Node ~17 ~
Init energy: 10793.86, Charge rate: 0.009210000000255
Time arrive: 308.97103018389487, time_travel to 17: 58.59590429373029
t_charge: 0.8852594632054492
e_remain: 10791.014376811929, e_depot: 10775.540925133024, er: 18.319074866976734
Energy after charge: 10795.4325208883
-----------------------
Node ~15 ~
Init energy: 10785.54636, Charge rate: 0.0216804600003
Time arrive: 330.0721250243485, time_travel to 15: 20.215835377248204
t_charge: 1.8858750241364333
e_remain: 10778.390244496195, e_depot: 10741.432832645989, er: 44.11352735401124
Energy after charge: 10787.778732978852
-----------------------
Node ~18 ~
Init energy: 10788.00244, Charge rate: 0.017996340000300003
Time arrive: 351.60488275287344, time_travel to 18: 19.6468827043885
t_charge: 1.873447995654461
e_remain: 10781.674838984214, e_depot: 10752.92522273317, er: 35.07721726682939
Energy after charge: 10791.008363755383
-----------------------
Node ~24 ~
Init energy: 10770.292, Charge rate: 0.0445620000012
Time arrive: 398.5631397200651, time_travel to 24: 45.084808971537186
t_charge: 3.263954958800408
e_remain: 10752.531229367316, e_depot: 10676.55973622524, er: 93.73226377476021
Energy after charge: 10768.70555580044
-----------------------
Node ~38 ~
Init energy: 10793.28, Charge rate: 0.010080000000270001
Time arrive: 442.43497568735944, time_travel to 38: 40.607881008493905
t_charge: 1.2636838351942734
e_remain: 10788.820255444953, e_depot: 10774.704461347039, er: 18.575538652961768
Energy after charge: 10795.125936687866
-----------------------
Node ~27 ~
Init energy: 10791.852, Charge rate: 0.012222000000135
Time arrive: 461.8986595225537, time_travel to 27: 18.2
t_charge: 2.624677454144324
e_remain: 10786.206674583254, e_depot: 10774.791463403615, er: 17.060536596385646
Energy after charge: 10799.297983046132
-----------------------
Node ~46 ~
Init energy: 10687.3888, Charge rate: 0.1689168000015
Time arrive: 506.406985337365, time_travel to 46: 41.88364836066695
t_charge: 41.01602875761998
e_remain: 10601.848152538407, e_depot: 10475.305481910798, er: 212.0833180892023
Energy after charge: 10800.0
-----------------------
Node ~44 ~
Init energy: 10793.7, Charge rate: 0.009450000000255001
Time arrive: 570.0265536408172, time_travel to 44: 22.6035395458322
t_charge: 1.7914340887302418
e_remain: 10788.313249067949, e_depot: 10779.31908497902, er: 14.380915020979955
Energy after charge: 10797.253490459461
-----------------------
Node ~12 ~
Init energy: 10793.44, Charge rate: 0.00984000000027
Time arrive: 633.8853704679874, time_travel to 12: 62.06738273844
t_charge: 1.573297104410987
e_remain: 10787.202567954424, e_depot: 10777.005240974746, er: 16.434759025254607
Energy after charge: 10795.053572232971
-----------------------
Node ~19 ~
Init energy: 10793.28, Charge rate: 0.010080000000270001
Time arrive: 657.0457007173213, time_travel to 19: 21.587033144922906
t_charge: 1.8442965201502945
e_remain: 10786.656979336592, e_depot: 10777.607524771818, er: 15.67247522818252
Energy after charge: 10795.85987142842
-----------------------
Node ~33 ~
Init energy: 10757.22, Charge rate: 0.06417000000119999
Time arrive: 725.7827472183179, time_travel to 33: 66.8927499808462
t_charge: 0.8618103525069013
e_remain: 10710.64652111013, e_depot: 10603.052338084977, er: 154.1676619150221
Energy after charge: 10714.900270502343
-----------------------
Node ~9 ~
Init energy: 10745.0764, Charge rate: 0.08238540000120001
Time arrive: 744.3035496145402, time_travel to 9: 17.658992043715294
t_charge: 22.296880040528997
e_remain: 10683.756654342693, e_depot: 10653.098630232924, er: 91.9777697670761
Energy after charge: 10793.40411716442
-----------------------
Node ~41 ~
Init energy: 10794.16, Charge rate: 0.00876000000024
Time arrive: 803.6350080919841, time_travel to 41: 37.03457843691487
t_charge: 0.2751391957380128
e_remain: 10787.120157328922, e_depot: 10773.90166119877, er: 20.25833880122991
Energy after charge: 10788.493443088257
-----------------------
Node ~39 ~
Init energy: 10770.5872, Charge rate: 0.044119200000749995
Time arrive: 840.6715400796172, time_travel to 39: 36.76139279189514
t_charge: 0.25745107335840745
e_remain: 10733.49744418829, e_depot: 10662.91597280374, er: 107.67122719626059
Energy after charge: 10734.773341019685
-----------------------
Node ~21 ~
Init energy: 10793.88, Charge rate: 0.009180000000255
Time arrive: 853.1142281223579, time_travel to 21: 12.185236969382254
t_charge: 1.5157600452138642
e_remain: 10786.048411385618, e_depot: 10778.787517203265, er: 15.092482796733748
Energy after charge: 10793.613296934473
-----------------------
Node ~20 ~
Init energy: 10762.88696, Charge rate: 0.05566956
Time arrive: 901.8744587435026, time_travel to 20: 47.24447057593089
t_charge: 4.25859226345095
e_remain: 10712.68000570651, e_depot: 10646.69622300791, er: 116.19073699209002
Energy after charge: 10733.73589306624
-----------------------
Node ~30 ~
Init energy: 10757.9384, Charge rate: 0.0630924000015
Time arrive: 945.7512286530796, time_travel to 30: 39.61817764612603
t_charge: 0.12479721265124617
e_remain: 10698.268685179908, e_depot: 10602.746955019455, er: 155.19144498054447
Energy after charge: 10698.884797487504
-----------------------
Node ~42 ~
Init energy: 10790.87792, Charge rate: 0.013683120000224999
Time arrive: 974.5960537208706, time_travel to 42: 28.720027855139694
t_charge: 3.6746682736398366
e_remain: 10777.542405245193, e_depot: 10775.458899042334, er: 15.419020957666362
Energy after charge: 10795.865465686442
-----------------------
Node ~3 ~
Init energy: 10781.44, Charge rate: 0.02784000000075
Time arrive: 1041.98068981745, time_travel to 3: 63.70996782293961
t_charge: 4.306810644944871
e_remain: 10752.4312575947, e_depot: 10734.219312554325, er: 47.22068744567514
Energy after charge: 10773.845409211066
-----------------------
Node ~7 ~
Init energy: 10786.46496, Charge rate: 0.02030256000015
Time arrive: 1063.0326490135424, time_travel to 7: 16.745148551147583
t_charge: 6.003838378080592
e_remain: 10764.882675861283, e_depot: 10766.344164544213, er: 20.12079545578672
Energy after charge: 10794.779974462785
-----------------------
Node ~25 ~
Init energy: 10782.29312, Charge rate: 0.026560320000000002
Time arrive: 1083.5099113127276, time_travel to 25: 14.473423921104501
t_charge: 2.7099988634274377
e_remain: 10753.514750032362, e_depot: 10730.248720866217, er: 52.04439913378337
Energy after charge: 10766.992765912486
-----------------------
Node ~36 ~
Init energy: 10771.542, Charge rate: 0.042687
Time arrive: 1107.7577837945046, time_travel to 36: 21.537873618349607
t_charge: 1.6123002694692865
e_remain: 10724.255143483164, e_depot: 10674.182035294247, er: 97.35996470575265
Energy after charge: 10732.247820568908
-----------------------
Node ~37 ~
Init energy: 10777.5552, Charge rate: 0.033667200000300004
Time arrive: 1129.5938324801305, time_travel to 37: 20.223748416156685
t_charge: 10.569781495251384
e_remain: 10739.524938522787, e_depot: 10747.258288329103, er: 30.296911670897316
Energy after charge: 10792.017991051483
-----------------------
Node ~22 ~
Init energy: 10792.05624, Charge rate: 0.011915640000419999
Time arrive: 1204.096078342087, time_travel to 22: 63.93246436670496
t_charge: 2.303131326281742
e_remain: 10777.708664604557, e_depot: 10774.144571267592, er: 17.911668732407634
Energy after charge: 10789.196877952209
-----------------------
Node ~23 ~
Init energy: 10786.09184, Charge rate: 0.020862240000450002
Time arrive: 1229.1060368355447, time_travel to 23: 22.706827167175955
t_charge: 2.678727678189434
e_remain: 10760.449934873533, e_depot: 10747.963283671264, er: 38.1285563287347
Energy after charge: 10773.787689004763
-----------------------
Node ~14 ~
Init energy: 10779.22456, Charge rate: 0.0311631600003
Time arrive: 1250.3858397514725, time_travel to 14: 18.601075237738275
t_charge: 2.7586495853315602
e_remain: 10740.258586013715, e_depot: 10716.056062803344, er: 63.16849719665697
Energy after charge: 10753.96586570196
-----------------------
Node ~6 ~
Init energy: 10791.1296, Charge rate: 0.013305600000405
Time arrive: 1280.8031227086828, time_travel to 6: 27.658633371878658
t_charge: 4.701478729258741
e_remain: 10774.08774596997, e_depot: 10781.77696931198, er: 9.352630688019417
Energy after charge: 10797.532583620881
-----------------------
Node ~50 ~
Init energy: 10687.3888, Charge rate: 0.1689168000015
Time arrive: 1395.9180064212135, time_travel to 50: 110.41340498327183
t_charge: 45.00233010901971
e_remain: 10451.594797290856, e_depot: 10495.236988667797, er: 192.15181133220358
Energy after charge: 10669.004798241327
-----------------------
Node ~40 ~
Init energy: 10687.3888, Charge rate: 0.1689168000015
Time arrive: 1462.7533390722567, time_travel to 40: 21.833002542023394
t_charge: 45.82239699938329
e_remain: 10440.305186772406, e_depot: 10499.337323119615, er: 188.05147688038596
Energy after charge: 10661.67699909979
-----------------------
Node ~49 ~
Init energy: 10687.3888, Charge rate: 0.1689168000015
Time arrive: 1530.6601196944628, time_travel to 49: 22.08438362282271
t_charge: 43.37544918416792
e_remain: 10428.834590691298, e_depot: 10487.102584043538, er: 200.2862159564629
Energy after charge: 10638.38499453732
-----------------------
Node ~8 ~
Init energy: 10756.6314, Charge rate: 0.06505290000135
Time arrive: 1644.1172355254794, time_travel to 8: 70.08166664684852
t_charge: 8.870403258955532
e_remain: 10649.676805886866, e_depot: 10640.326258632069, er: 116.30514136793136
Energy after charge: 10693.451776725467
-----------------------
Node ~28 ~
Init energy: 10794.18, Charge rate: 0.00873000000024
Time arrive: 1700.637192822222, time_travel to 28: 47.649554037787176
t_charge: 1.2324542431783148
e_remain: 10779.333437306253, e_depot: 10778.782325596174, er: 15.397674403826386
Energy after charge: 10785.484949196602
-----------------------
Node ~32 ~
Init energy: 10787.15808, Charge rate: 0.0192628800003
Time arrive: 1764.8680597438163, time_travel to 32: 62.99841267841596
t_charge: 7.4821383065668865
e_remain: 10753.161638348793, e_depot: 10776.996418122273, er: 10.161661877726146
Energy after charge: 10790.428202349281
-----------------------
Node ~35 ~
Init energy: 10773.3866, Charge rate: 0.0399201000006
Time arrive: 1811.22281051726, time_travel to 35: 38.87261246687699
t_charge: 15.05825543755699
e_remain: 10701.082404280784, e_depot: 10750.089654378742, er: 23.29694562125769
Energy after charge: 10775.772554405667
-----------------------
Node ~43 ~
Init energy: 10793.385, Charge rate: 0.009922500000255
Time arrive: 1856.7027687342475, time_travel to 43: 30.421702779430348
t_charge: 2.765755982572714
e_remain: 10774.96186677676, e_depot: 10782.708790175033, er: 10.676209824967373
Energy after charge: 10788.763203475886
-----------------------
Node ~34 ~
Init energy: 10733.64656, Charge rate: 0.0995301600006
Time arrive: 1881.5782510832862, time_travel to 34: 22.109726366465956
t_charge: 11.155983991376942
e_remain: 10546.372775616032, e_depot: 10543.62294764581, er: 190.02361235418903
Energy after charge: 10601.04233870129
-----------------------
Node ~47 ~
Init energy: 10794.04, Charge rate: 0.008940000000255001
Time arrive: 1938.8319573611275, time_travel to 47: 46.09772228646444
t_charge: 3.000870641510225
e_remain: 10776.706842300699, e_depot: 10786.965783466376, er: 7.074216533625076
Energy after charge: 10791.684367724714
-----------------------
Node ~29 ~
Init energy: 10687.3888, Charge rate: 0.1689168000015
Time arrive: 1988.5322926676636, time_travel to 29: 46.69946466502587
t_charge: 43.857224131247186
e_remain: 10351.492288422933, e_depot: 10489.511458778934, er: 197.87734122106667
Energy after charge: 10563.37018712197
-----------------------
Node ~10 ~
Init energy: 10687.3888, Charge rate: 0.1689168000015
Time arrive: 2126.165846434912, time_travel to 10: 93.77632963600144
t_charge: 41.1802581528797
e_remain: 10328.243668947734, e_depot: 10476.126628887097, er: 211.26217111290316
Energy after charge: 10527.188922281714
-----------------------
Node ~48 ~
Init energy: 10784.3848, Charge rate: 0.0234228000003
Time arrive: 2274.5037454726116, time_travel to 48: 107.15764088481978
t_charge: 3.4159946400724315
e_remain: 10731.109553669861, e_depot: 10743.618920479388, er: 40.765879520611634
Energy after charge: 10748.109514710966
-----------------------
Node ~4 ~
Init energy: 10687.3888, Charge rate: 0.1689168000015
Time arrive: 2371.766636704953, time_travel to 4: 93.84689659226883
t_charge: 45.106187105373245
e_remain: 10286.75756937748, e_depot: 10495.756273649564, er: 191.63252635043682
Energy after charge: 10504.669312118238
-----------------------
Node ~13 ~
Init energy: 10769.3664, Charge rate: 0.0459504000003
Time arrive: 2433.283795749855, time_travel to 13: 16.41097193952875
t_charge: 5.062067013422826
e_remain: 10657.556036271048, e_depot: 10681.195850166372, er: 88.17054983362868
Energy after charge: 10682.633767334066
-----------------------
==============================================
Fitness: 0.004134177740530258, num_deaths: 0, max_er: 212.0833180892023
