routes: [ 16  40  51   4  76  77  52  73   8  72  55  28  32  58  75  71   6  64
  21  98  54  53  38  83  86  45  65  88  78  14  95  94  87  68  42  25
  27  24  37  66  44  67  62   7  17  82  59  36   5  19  29  85  89  63
  23  99  39  34   9  92  74  10  81  50  93  90  96  97  80  79  49  70
 100  35   1  48  47  46  31  13  22  26  41  61   3  33  18   2  91  15
  84  20  11  56  57  60  12  30  43  69]
t_charge: [ 24.72005739   3.30758759   6.30150669   7.78707464  17.02207227
  12.1901908   10.79615323 144.79853025   7.35623516   0.37803946
   6.39622835   2.40208617   3.84267924  10.7332857   22.46901678
  16.75446457  32.76457529   8.14484638   8.15218944  12.19401604
   7.6237886   30.62690222   2.50953023   1.48309951   4.47860396
  58.13826709  13.74815431  15.08546541   5.91762859  43.26045878
  23.05563075   1.30143445   0.87424331  10.3467122   13.93133047
  22.90758974  49.46622058  39.51562317  24.24728511  34.49236171
   5.40120865  29.02880002  15.67895293  16.19990943  18.21393191
  27.32780186  18.16224147  27.62226081  36.49844707  26.95110422
  32.64917793   2.81452602  16.39898277  13.79773973   8.87768477
   4.0841582    9.85727413  50.74759133  38.06450649  14.67663975
  15.35582887  17.79671121   2.17209572  39.63990783  32.58065245
  37.9147186   20.83890416  16.92997595  25.26237479  16.59506797
  25.52666672   8.18639095   8.34106501  18.79945589  11.7945498
  47.1945224   26.13274342   9.29016203  37.69318197  47.84826683
  23.02827429  20.10277867  45.59386063  19.85357033  44.01980913
  19.70306621  39.83929384  29.2388338   16.10029276   0.79261351
  14.78972395  56.68290973  28.05188772  11.07706285   5.48881037
  20.95051038  10.3283469   55.08350514  29.83449103  35.54942633]
T: 5720.007785778931, energy used: 14386.31344666616
=================================
Node ~16 ~
Init energy: 10592.83848, Charge rate: 0.3107422800045
Time arrive: 12.631706139710502, time_travel to 16: 12.631706139710502
t_charge: 24.720057386484726
e_remain: 10588.9132748338, e_depot: 8938.990505935988, er: 1653.8479740640123
Energy after charge: 10704.831994772105
-----------------------
Node ~40 ~
Init energy: 10771.2762, Charge rate: 0.0430856999997
Time arrive: 78.75562808012305, time_travel to 40: 41.40386455392782
t_charge: 3.3075875905037755
e_remain: 10767.882958635251, e_depot: 10541.3635984985, er: 229.91260150150083
Energy after charge: 10784.278386861122
-----------------------
Node ~51 ~
Init energy: 10679.7044, Charge rate: 0.18044340000450002
Time arrive: 133.43246717383641, time_travel to 51: 51.36925150320958
t_charge: 6.301506689194772
e_remain: 10655.627391952165, e_depot: 9679.074280527813, er: 1000.6301194721873
Energy after charge: 10685.997860105988
-----------------------
Node ~4 ~
Init energy: 10762.7672, Charge rate: 0.05584920000060001
Time arrive: 161.34323113856013, time_travel to 4: 21.60925727552893
t_charge: 7.787074636056784
e_remain: 10753.756309615399, e_depot: 10482.244714347327, er: 280.5224856526729
Energy after charge: 10792.256780906915
-----------------------
Node ~76 ~
Init energy: 10732.1672, Charge rate: 0.1017492000021
Time arrive: 195.24084004720507, time_travel to 76: 26.110534272588144
t_charge: 17.022072274071927
e_remain: 10712.30160071746, e_depot: 10235.271345161571, er: 496.89585483842893
Energy after charge: 10795.679979851555
-----------------------
Node ~77 ~
Init energy: 10666.26952, Charge rate: 0.2005957200045
Time arrive: 226.73080781440245, time_travel to 77: 14.467895493125459
t_charge: 12.190190796771642
e_remain: 10620.788290359267, e_depot: 9579.811393764188, er: 1086.4581262358115
Energy after charge: 10679.293944243254
-----------------------
Node ~52 ~
Init energy: 10724.16952, Charge rate: 0.11374572000225
Time arrive: 284.38043107573526, time_travel to 52: 45.45943246456119
t_charge: 10.796153227630656
e_remain: 10691.82246311274, e_depot: 10127.523882126252, er: 596.6456378737475
Energy after charge: 10744.575213028762
-----------------------
Node ~73 ~
Init energy: 10374.0788, Charge rate: 0.6388818000045
Time arrive: 321.75326581178604, time_travel to 73: 26.57668150842012
t_charge: 144.7985302530466
e_remain: 10168.51649438084, e_depot: 7443.662581047034, er: 2930.416218952965
Energy after charge: 10800.0
-----------------------
Node ~8 ~
Init energy: 10719.936, Charge rate: 0.120096000003
Time arrive: 478.64476923109737, time_travel to 8: 12.09297316626478
t_charge: 7.3562351624017195
e_remain: 10662.452677792986, e_depot: 10069.76712075394, er: 650.1688792460591
Energy after charge: 10698.35039918691
-----------------------
Node ~72 ~
Init energy: 10777.295, Charge rate: 0.0340575000003
Time arrive: 487.2816292409857, time_travel to 72: 1.2806248474865698
t_charge: 0.37803946094862145
e_remain: 10760.699405911979, e_depot: 10584.376032138862, er: 192.9189678611383
Energy after charge: 10762.576728137781
-----------------------
Node ~55 ~
Init energy: 10745.05264, Charge rate: 0.08242104000075001
Time arrive: 521.0548779391887, time_travel to 55: 33.39520923725438
t_charge: 6.396228347760276
e_remain: 10702.106755062789, e_depot: 10305.584791222514, er: 439.4678487774854
Energy after charge: 10733.560713009085
-----------------------
Node ~28 ~
Init energy: 10787.4432, Charge rate: 0.01883520000015
Time arrive: 568.8665623390076, time_travel to 28: 41.41545605205863
t_charge: 2.402086171134004
e_remain: 10776.728484524947, e_depot: 10691.716140208107, er: 95.72705979189232
Energy after charge: 10788.693671607167
-----------------------
Node ~32 ~
Init energy: 10749.9598, Charge rate: 0.07506030000105
Time arrive: 589.7218325172446, time_travel to 32: 18.453184007102948
t_charge: 3.8426792421083755
e_remain: 10705.695102334088, e_depot: 10339.827695801634, er: 410.1321041983665
Energy after charge: 10724.62006588791
-----------------------
Node ~58 ~
Init energy: 10766.0888, Charge rate: 0.05086680000075
Time arrive: 641.8966956537313, time_travel to 58: 48.33218389437829
t_charge: 10.733285700996065
e_remain: 10733.437569161038, e_depot: 10528.796736463031, er: 237.29206353696827
Energy after charge: 10786.558029768916
-----------------------
Node ~75 ~
Init energy: 10482.9994, Charge rate: 0.4755009000045
Time arrive: 687.0189330689043, time_travel to 75: 34.38895171417704
t_charge: 22.46901677651308
e_remain: 10156.321279005606, e_depot: 7875.475633711937, er: 2607.5237662880636
Energy after charge: 10257.982325188723
-----------------------
Node ~71 ~
Init energy: 10727.28, Charge rate: 0.109080000003
Time arrive: 727.2564613193704, time_travel to 71: 17.76851147395302
t_charge: 16.754464565449915
e_remain: 10647.950865197103, e_depot: 10187.113873537324, er: 540.1661264626764
Energy after charge: 10729.895611029502
-----------------------
Node ~6 ~
Init energy: 10676.3704, Charge rate: 0.1854444
Time arrive: 761.4522561093186, time_travel to 6: 17.44133022449836
t_charge: 32.764575290922316
e_remain: 10535.16334323716, e_depot: 9779.449864625509, er: 896.920535374491
Energy after charge: 10692.910212685692
-----------------------
Node ~64 ~
Init energy: 10768.86, Charge rate: 0.04671000000135
Time arrive: 821.5730007227172, time_travel to 64: 27.356169322476422
t_charge: 8.144846378537181
e_remain: 10730.484325135134, e_depot: 10542.40266821123, er: 226.4573317887698
Energy after charge: 10770.828111253468
-----------------------
Node ~21 ~
Init energy: 10654.16104, Charge rate: 0.2187584400015
Time arrive: 876.4177400347505, time_travel to 21: 46.699892933496116
t_charge: 8.15218944401656
e_remain: 10462.437262400359, e_depot: 9443.62200720665, er: 1210.539032793351
Energy after charge: 10501.414849375073
-----------------------
Node ~98 ~
Init energy: 10754.9032, Charge rate: 0.06764520000045
Time arrive: 922.924068759945, time_travel to 98: 38.35413928117798
t_charge: 12.19401604034929
e_remain: 10692.471816783505, e_depot: 10428.9422095286, er: 325.9609904713998
Energy after charge: 10752.617030331394
-----------------------
Node ~54 ~
Init energy: 10712.6376, Charge rate: 0.1310436000024
Time arrive: 973.4784810443375, time_travel to 54: 38.36039624404315
t_charge: 7.62378860305723
e_remain: 10585.069475319082, e_depot: 10001.186130725058, er: 711.4514692749417
Energy after charge: 10622.189369630167
-----------------------
Node ~53 ~
Init energy: 10702.562, Charge rate: 0.14615700000255
Time arrive: 983.5188788421137, time_travel to 53: 2.4166091947189146
t_charge: 30.626902221355593
e_remain: 10558.813831222566, e_depot: 10019.6773331461, er: 682.884666853899
Energy after charge: 10707.472006181299
-----------------------
Node ~38 ~
Init energy: 10786.02368, Charge rate: 0.020964480000450002
Time arrive: 1043.8658079813576, time_travel to 38: 29.720026917888212
t_charge: 2.509530226626582
e_remain: 10764.139576145422, e_depot: 10678.654342305752, er: 107.36933769424832
Energy after charge: 10776.634616282308
-----------------------
Node ~83 ~
Init energy: 10786.88, Charge rate: 0.0196800000006
Time arrive: 1151.552141734237, time_travel to 83: 105.17680352625288
t_charge: 1.4830995110910332
e_remain: 10764.217453849978, e_depot: 10681.725744327894, er: 105.15425567210514
Energy after charge: 10771.603764007055
-----------------------
Node ~86 ~
Init energy: 10788.24, Charge rate: 0.017640000000449997
Time arrive: 1172.9088418249914, time_travel to 86: 19.873600579663467
t_charge: 4.478603960438204
e_remain: 10767.54988802968, e_depot: 10709.732082458477, er: 78.50791754152306
Energy after charge: 10789.863905258007
-----------------------
Node ~45 ~
Init energy: 10637.38, Charge rate: 0.243930000003
Time arrive: 1217.7240296764833, time_travel to 45: 40.336583891053536
t_charge: 58.13826708928798
e_remain: 10340.340577437362, e_depot: 9532.789836244225, er: 1104.5901637557745
Energy after charge: 10616.850245392538
-----------------------
Node ~65 ~
Init energy: 10761.46548, Charge rate: 0.057801780000000004
Time arrive: 1300.600930519477, time_travel to 65: 24.73863375370596
t_charge: 13.748154307780068
e_remain: 10686.288431146319, e_depot: 10499.57961990702, er: 261.8858600929816
Energy after charge: 10754.234534894515
-----------------------
Node ~88 ~
Init energy: 10771.48236, Charge rate: 0.0427764600003
Time arrive: 1338.535858072153, time_travel to 88: 24.18677324489565
t_charge: 15.085465407596779
e_remain: 10714.22453440821, e_depot: 10602.228002788206, er: 169.25435721179383
Energy after charge: 10789.006558638599
-----------------------
Node ~78 ~
Init energy: 10708.4176, Charge rate: 0.1373736000015
Time arrive: 1417.9097361215313, time_travel to 78: 64.28841264178172
t_charge: 5.9176285868590055
e_remain: 10513.63423507181, e_depot: 9952.227681365235, er: 756.1899186347655
Energy after charge: 10542.409452063655
-----------------------
Node ~14 ~
Init energy: 10639.25968, Charge rate: 0.24111048000149998
Time arrive: 1505.0051941940326, time_travel to 14: 81.1778294856422
t_charge: 43.26045877733863
e_remain: 10276.387155223125, e_depot: 9476.408151045216, er: 1162.8515289547831
Energy after charge: 10482.258899128929
-----------------------
Node ~95 ~
Init energy: 10734.3928, Charge rate: 0.09841080000105
Time arrive: 1630.976232705768, time_travel to 95: 82.71057973439673
t_charge: 23.05563074692911
e_remain: 10573.887124156727, e_depot: 10286.760411523906, er: 447.6323884760932
Energy after charge: 10686.896354825038
-----------------------
Node ~94 ~
Init energy: 10794.06, Charge rate: 0.008910000000255
Time arrive: 1660.0351958606188, time_travel to 94: 6.003332407921453
t_charge: 1.3014344486761908
e_remain: 10779.269086404458, e_depot: 10749.60190287063, er: 44.45809712936898
Energy after charge: 10785.7646628669
-----------------------
Node ~87 ~
Init energy: 10794.66, Charge rate: 0.008010000000225
Time arrive: 1697.5565143510753, time_travel to 87: 36.21988404178014
t_charge: 0.8742433098736103
e_remain: 10781.062572319666, e_depot: 10753.213954183993, er: 41.44604581600652
Energy after charge: 10785.426786180122
-----------------------
Node ~68 ~
Init energy: 10745.8048, Charge rate: 0.08129280000135
Time arrive: 1713.736965551867, time_travel to 68: 15.306207890917985
t_charge: 10.346712195816707
e_remain: 10606.490323604472, e_depot: 10332.542912043593, er: 413.261887956407
Energy after charge: 10657.38277137835
-----------------------
Node ~42 ~
Init energy: 10773.1646, Charge rate: 0.040253100000299996
Time arrive: 1756.0561659211116, time_travel to 42: 31.972488173428104
t_charge: 13.931330465508704
e_remain: 10702.477895547034, e_depot: 10612.57320692409, er: 160.59139307591067
Energy after charge: 10771.573768636212
-----------------------
Node ~25 ~
Init energy: 10741.43744, Charge rate: 0.0878438400024
Time arrive: 1794.7826572048123, time_travel to 25: 24.795160818191924
t_charge: 22.907589736412724
e_remain: 10583.776839421418, e_depot: 10353.507939935616, er: 387.9295000643833
Energy after charge: 10696.302497455836
-----------------------
Node ~27 ~
Init energy: 10639.25968, Charge rate: 0.24111048000149998
Time arrive: 1825.5004966171316, time_travel to 27: 7.810249675906654
t_charge: 49.466220582993266
e_remain: 10199.112379017666, e_depot: 9507.43696007349, er: 1131.8227199265093
Energy after charge: 10434.516657744007
-----------------------
Node ~24 ~
Init energy: 10641.07716, Charge rate: 0.238384260003
Time arrive: 1887.1421022043044, time_travel to 24: 12.175385004179539
t_charge: 39.5156231713954
e_remain: 10191.212186445522, e_depot: 9475.09545263267, er: 1165.9817073673312
Energy after charge: 10379.37039971423
-----------------------
Node ~37 ~
Init energy: 10721.85704, Charge rate: 0.1172144400024
Time arrive: 1956.2820397137566, time_travel to 37: 29.624314338056838
t_charge: 24.24728511019411
e_remain: 10492.5525362282, e_depot: 10172.625956131527, er: 549.2310838684734
Energy after charge: 10610.946829833401
-----------------------
Node ~66 ~
Init energy: 10697.22464, Charge rate: 0.154163040003
Time arrive: 2023.1330805269401, time_travel to 66: 42.603755702989375
t_charge: 34.49236171480163
e_remain: 10385.332293975333, e_depot: 9987.8726594775, er: 709.3519805225005
Energy after charge: 10552.476655210503
-----------------------
Node ~44 ~
Init energy: 10787.5, Charge rate: 0.01875000000045
Time arrive: 2079.7532527976914, time_travel to 44: 22.127810555949722
t_charge: 5.401208646605308
e_remain: 10748.504626509108, e_depot: 10707.255897247098, er: 80.24410275290211
Energy after charge: 10775.409397080008
-----------------------
Node ~67 ~
Init energy: 10673.5752, Charge rate: 0.189637200003
Time arrive: 2107.4371901820437, time_travel to 67: 22.28272873774664
t_charge: 29.028800023393003
e_remain: 10273.926712071687, e_depot: 9733.992939626489, er: 939.5822603735105
Energy after charge: 10413.56577183277
-----------------------
Node ~62 ~
Init energy: 10768.56, Charge rate: 0.047160000001200006
Time arrive: 2157.1831328655626, time_travel to 62: 20.717142660125695
t_charge: 15.678952925755008
e_remain: 10666.827243451471, e_depot: 10577.199197444575, er: 191.36080255542402
Energy after charge: 10744.482588660248
-----------------------
Node ~7 ~
Init energy: 10753.32672, Charge rate: 0.07000992000135
Time arrive: 2200.664963340233, time_travel to 7: 27.80287754891569
t_charge: 16.199909429380554
e_remain: 10599.258341966775, e_depot: 10433.86897965742, er: 319.4577403425792
Energy after charge: 10679.123734750498
-----------------------
Node ~17 ~
Init energy: 10751.28976, Charge rate: 0.07306536000120001
Time arrive: 2240.391028426669, time_travel to 17: 23.526155657055405
t_charge: 18.213931905337624
e_remain: 10587.594782964547, e_depot: 10424.424991449083, er: 326.8647685509168
Energy after charge: 10677.333634999533
-----------------------
Node ~82 ~
Init energy: 10758.89632, Charge rate: 0.06165552000105
Time arrive: 2289.9131062368665, time_travel to 82: 31.30814590485997
t_charge: 27.32780185522245
e_remain: 10617.710536677747, e_depot: 10542.865274833857, er: 216.03104516614258
Energy after charge: 10752.66463611999
-----------------------
Node ~59 ~
Init energy: 10777.5732, Charge rate: 0.033640199999850004
Time arrive: 2406.988108605531, time_travel to 59: 89.74720051344221
t_charge: 18.162241469787652
e_remain: 10696.60163862925, e_depot: 10675.962201434635, er: 101.61099856536566
Energy after charge: 10786.8018645427
-----------------------
Node ~36 ~
Init energy: 10740.73088, Charge rate: 0.08890368000150001
Time arrive: 2455.4792142149468, time_travel to 36: 30.32886413962778
t_charge: 27.622260810787882
e_remain: 10522.429741689099, e_depot: 10370.312442260958, er: 370.4184377390411
Energy after charge: 10658.085325106998
-----------------------
Node ~5 ~
Init energy: 10725.78584, Charge rate: 0.11132124000225
Time arrive: 2515.4656527535867, time_travel to 5: 32.36417772785213
t_charge: 36.498447072812134
e_remain: 10445.761084352402, e_depot: 10271.519715828626, er: 454.26612417137403
Energy after charge: 10624.190267330161
-----------------------
Node ~19 ~
Init energy: 10757.16, Charge rate: 0.0642600000018
Time arrive: 2587.1663724803057, time_travel to 19: 35.20227265390688
t_charge: 26.95110421731685
e_remain: 10590.908688899759, e_depot: 10524.347820762134, er: 232.81217923786608
Energy after charge: 10723.93233202929
-----------------------
Node ~29 ~
Init energy: 10718.49776, Charge rate: 0.1222533600024
Time arrive: 2670.5529265496434, time_travel to 29: 56.4354498520212
t_charge: 32.6491779299596
e_remain: 10392.013691665064, e_depot: 10182.453478598434, er: 536.044281401566
Energy after charge: 10551.268109611608
-----------------------
Node ~85 ~
Init energy: 10782.82656, Charge rate: 0.02576015999985
Time arrive: 2769.9104248002345, time_travel to 85: 66.70832032063167
t_charge: 2.814526022728599
e_remain: 10711.473224271893, e_depot: 10649.550874351591, er: 133.2756856484084
Energy after charge: 10725.473351744866
-----------------------
Node ~89 ~
Init energy: 10736.52736, Charge rate: 0.09520896000105
Time arrive: 2790.934838247107, time_travel to 89: 18.20988742414406
t_charge: 16.398982768292324
e_remain: 10470.805356619794, e_depot: 10273.92628135954, er: 462.6010786404604
Energy after charge: 10551.238940366811
-----------------------
Node ~63 ~
Init energy: 10737.837, Charge rate: 0.09324450000165
Time arrive: 2853.313381691856, time_travel to 63: 45.9795606764571
t_charge: 13.797739733871397
e_remain: 10471.781220376126, e_depot: 10273.466432678855, er: 464.37056732114434
Energy after charge: 10539.483355702845
-----------------------
Node ~23 ~
Init energy: 10715.5564, Charge rate: 0.12666540000120002
Time arrive: 2911.73981174933, time_travel to 23: 44.62869032360237
t_charge: 8.877684770855279
e_remain: 10346.739712045352, e_depot: 10035.417749658609, er: 680.1386503413905
Energy after charge: 10390.003640407043
-----------------------
Node ~99 ~
Init energy: 10793.28, Charge rate: 0.010080000000270001
Time arrive: 3020.5144434204785, time_travel to 99: 99.8969469002932
t_charge: 4.08415819512494
e_remain: 10762.833214409507, e_depot: 10756.04311249343, er: 37.23688750657129
Energy after charge: 10783.212837070525
-----------------------
Node ~39 ~
Init energy: 10786.78, Charge rate: 0.0198300000006
Time arrive: 3087.2445911121386, time_travel to 39: 62.64598949653521
t_charge: 9.857274132970723
e_remain: 10725.559939756395, e_depot: 10722.638616269425, er: 64.1413837305754
Energy after charge: 10774.650840675185
-----------------------
Node ~34 ~
Init energy: 10701.3232, Charge rate: 0.1480152000012
Time arrive: 3116.9512984863886, time_travel to 34: 19.849433241279208
t_charge: 50.74759133111999
e_remain: 10239.967030160538, e_depot: 10108.41306023511, er: 592.9101397648901
Energy after charge: 10486.193571935684
-----------------------
Node ~9 ~
Init energy: 10726.375, Charge rate: 0.11043750000225
Time arrive: 3195.9052720740124, time_travel to 9: 28.20638225650358
t_charge: 38.06450648963008
e_remain: 10373.427211508135, e_depot: 10284.994172593319, er: 441.3808274066814
Energy after charge: 10559.545995020751
-----------------------
Node ~92 ~
Init energy: 10741.51472, Charge rate: 0.08772792000105001
Time arrive: 3277.7738879599083, time_travel to 92: 43.80410939626555
t_charge: 14.676639745983278
e_remain: 10453.962434575522, e_depot: 10313.093533293719, er: 428.4211867062804
Energy after charge: 10526.058082227919
-----------------------
Node ~74 ~
Init energy: 10622.05324, Charge rate: 0.2669201400045
Time arrive: 3328.3492742021135, time_travel to 74: 35.89874649622185
t_charge: 15.355828868688121
e_remain: 9733.649785746094, e_depot: 9172.047105336496, er: 1450.006134663503
Energy after charge: 9806.33015009802
-----------------------
Node ~10 ~
Init energy: 10639.25968, Charge rate: 0.24111048000149998
Time arrive: 3374.4875656103713, time_travel to 10: 30.782462539569508
t_charge: 17.79671120953386
e_remain: 9825.63536329659, e_depot: 9349.089413206193, er: 1290.1702667938061
Energy after charge: 9910.32794576208
-----------------------
Node ~81 ~
Init energy: 10793.44, Charge rate: 0.00984000000027
Time arrive: 3451.257151940591, time_travel to 81: 58.972875120685785
t_charge: 2.172095722113003
e_remain: 10759.479629623973, e_depot: 10748.015601996956, er: 45.42439800304419
Energy after charge: 10770.318734812632
-----------------------
Node ~50 ~
Init energy: 10725.4, Charge rate: 0.11190000000315001
Time arrive: 3514.526219764438, time_travel to 50: 61.09697210173349
t_charge: 39.63990783296483
e_remain: 10332.124515997288, e_depot: 10283.530667918143, er: 441.86933208185656
Energy after charge: 10525.88834947548
-----------------------
Node ~93 ~
Init energy: 10639.25968, Charge rate: 0.24111048000149998
Time arrive: 3604.2444662279927, time_travel to 93: 50.07833863058958
t_charge: 32.58065245479459
e_remain: 9770.238566705018, e_depot: 9423.009119432496, er: 1216.2505605675033
Energy after charge: 9925.286292226854
-----------------------
Node ~90 ~
Init energy: 10727.9112, Charge rate: 0.10813320000165
Time arrive: 3660.2601352178785, time_travel to 90: 23.435016535091243
t_charge: 37.91471860434616
e_remain: 10332.11555874042, e_depot: 10298.962047111103, er: 428.9491528888975
Energy after charge: 10517.5893119123
-----------------------
Node ~96 ~
Init energy: 10741.06332, Charge rate: 0.08840502000105
Time arrive: 3704.168183447733, time_travel to 96: 5.993329625508679
t_charge: 20.838904162074037
e_remain: 10413.59625765505, e_depot: 10339.58043810242, er: 401.4828818975784
Energy after charge: 10515.948514726173
-----------------------
Node ~97 ~
Init energy: 10770.52608, Charge rate: 0.0442108799997
Time arrive: 3759.0916882382435, time_travel to 97: 34.08460062843629
t_charge: 16.929975949566884
e_remain: 10604.333328463428, e_depot: 10602.289381933411, er: 168.23669806658836
Energy after charge: 10688.23471907616
-----------------------
Node ~80 ~
Init energy: 10734.5016, Charge rate: 0.0982476000018
Time arrive: 3801.7105723000677, time_travel to 80: 25.68890811225732
t_charge: 25.26237479217501
e_remain: 10360.992660370048, e_depot: 10298.836437016484, er: 435.665162983516
Energy after charge: 10484.822566637245
-----------------------
Node ~79 ~
Init energy: 10739.869, Charge rate: 0.0901965000021
Time arrive: 3828.7618014742425, time_travel to 79: 1.788854381999832
t_charge: 16.59506797010439
e_remain: 10394.528086165288, e_depot: 10306.919657588502, er: 432.94934241149895
Energy after charge: 10476.00660896761
-----------------------
Node ~49 ~
Init energy: 10555.2096, Charge rate: 0.3671856
Time arrive: 3893.467575113668, time_travel to 49: 48.11070566932063
t_charge: 25.52666672130299
e_remain: 9125.584372351343, e_depot: 8582.538442780606, er: 1972.6711572193944
Energy after charge: 9243.844681521796
-----------------------
Node ~70 ~
Init energy: 10667.57732, Charge rate: 0.198634020006
Time arrive: 3941.3406061925125, time_travel to 70: 22.346364357541475
t_charge: 8.186390945945345
e_remain: 9884.692991179098, e_depot: 9572.32113377484, er: 1095.2561862251605
Energy after charge: 9923.99885016589
-----------------------
Node ~100 ~
Init energy: 10793.28, Charge rate: 0.010080000000270001
Time arrive: 3987.582220170257, time_travel to 100: 38.05522303179946
t_charge: 8.341065006148122
e_remain: 10753.085171219607, e_depot: 10777.327646548545, er: 15.952353451455565
Energy after charge: 10794.706418315083
-----------------------
Node ~35 ~
Init energy: 10671.99688, Charge rate: 0.1920046800015
Time arrive: 4052.809135789717, time_travel to 35: 56.885850613311575
t_charge: 18.799455885108944
e_remain: 9893.83855877554, e_depot: 9667.725894910973, er: 1004.2709850890278
Energy after charge: 9984.226254689662
-----------------------
Node ~1 ~
Init energy: 10787.76, Charge rate: 0.018360000000450002
Time arrive: 4103.458238454657, time_travel to 1: 31.849646779831012
t_charge: 11.794549795668278
e_remain: 10712.420506740125, e_depot: 10741.713406028866, er: 46.046593971133916
Energy after charge: 10771.176707784212
-----------------------
Node ~48 ~
Init energy: 10727.82184, Charge rate: 0.10826724000195001
Time arrive: 4123.683683813668, time_travel to 48: 8.430895563343196
t_charge: 47.19452239542088
e_remain: 10281.36198891242, e_depot: 10344.504996221154, er: 383.3168437788463
Energy after charge: 10512.224980206562
-----------------------
Node ~47 ~
Init energy: 10757.07212, Charge rate: 0.06439182000165
Time arrive: 4173.76264722946, time_travel to 47: 2.884441020371191
t_charge: 26.132743417479922
e_remain: 10488.31594688999, e_depot: 10519.414125337487, er: 237.65799466251337
Energy after charge: 10617.296929067103
-----------------------
Node ~46 ~
Init energy: 10708.43108, Charge rate: 0.13735338000359998
Time arrive: 4211.4556674602345, time_travel to 46: 11.56027681329474
t_charge: 9.29016203239461
e_remain: 10129.97340933902, e_depot: 9969.219487138329, er: 739.2115928616713
Energy after charge: 10175.148184345062
-----------------------
Node ~31 ~
Init energy: 10652.1088, Charge rate: 0.2218368
Time arrive: 4248.663565790545, time_travel to 31: 27.917736297916417
t_charge: 37.69318196870159
e_remain: 9709.598870288435, e_depot: 9571.666486671224, er: 1080.4423133287764
Energy after charge: 9889.70304526219
-----------------------
Node ~13 ~
Init energy: 10670.5016, Charge rate: 0.194247600003
Time arrive: 4326.300708504271, time_travel to 13: 39.94396074502377
t_charge: 47.848266829259416
e_remain: 9830.128070481767, e_depot: 9798.645149760267, er: 871.856450239733
Energy after charge: 10060.074993632177
-----------------------
Node ~22 ~
Init energy: 10781.40016, Charge rate: 0.027899760000449997
Time arrive: 4411.991279703111, time_travel to 22: 37.84230436958087
t_charge: 23.028274287293563
e_remain: 10658.306662172205, e_depot: 10736.95468701253, er: 44.44547298746875
Energy after charge: 10772.805550282832
-----------------------
Node ~26 ~
Init energy: 10762.5, Charge rate: 0.056250000001499996
Time arrive: 4458.020423539185, time_travel to 26: 23.00086954878011
t_charge: 20.102778668979276
e_remain: 10511.736351169235, e_depot: 10541.263455386252, er: 221.23654461374826
Energy after charge: 10611.11946321397
-----------------------
Node ~41 ~
Init energy: 10744.792, Charge rate: 0.0828120000009
Time arrive: 4526.573176408364, time_travel to 41: 48.44997420019953
t_charge: 45.59386063112136
e_remain: 10369.937422111196, e_depot: 10499.076018394533, er: 245.71598160546637
Energy after charge: 10594.131006480176
-----------------------
Node ~61 ~
Init energy: 10760.1504, Charge rate: 0.05977440000105
Time arrive: 4654.6604307143725, time_travel to 61: 82.4933936748877
t_charge: 19.85357033212185
e_remain: 10481.92086554542, e_depot: 10517.508218264338, er: 242.64218173566223
Energy after charge: 10580.00198195155
-----------------------
Node ~3 ~
Init energy: 10725.092, Charge rate: 0.1123620000018
Time arrive: 4720.376840034067, time_travel to 3: 45.862838987572495
t_charge: 44.0198091318401
e_remain: 10194.701017491596, e_depot: 10302.479530823213, er: 422.6124691767873
Energy after charge: 10409.853909357045
-----------------------
Node ~33 ~
Init energy: 10721.64076, Charge rate: 0.11753886000225
Time arrive: 4796.055455207828, time_travel to 33: 31.658806041921416
t_charge: 19.703066211740012
e_remain: 10157.9178692873, e_depot: 10147.83289671425, er: 573.8078632857505
Energy after charge: 10254.117324404922
-----------------------
Node ~18 ~
Init energy: 10656.01176, Charge rate: 0.215982360003
Time arrive: 4825.704374826893, time_travel to 18: 9.945853407325085
t_charge: 39.83929383604603
e_remain: 9613.744740448084, e_depot: 9619.78744837216, er: 1036.2243116278387
Energy after charge: 9804.336624924752
-----------------------
Node ~2 ~
Init energy: 10710.30796, Charge rate: 0.13453806000270002
Time arrive: 4894.322132833217, time_travel to 2: 28.778464170278443
t_charge: 29.23883380484272
e_remain: 10051.835355220343, e_depot: 10086.943378325175, er: 623.3645816748249
Energy after charge: 10194.095788267712
-----------------------
Node ~91 ~
Init energy: 10764.33424, Charge rate: 0.053498640000899995
Time arrive: 4959.217102154967, time_travel to 91: 35.65613551690648
t_charge: 16.100292759177332
e_remain: 10499.022869565506, e_depot: 10538.823066462155, er: 225.51117353784502
Energy after charge: 10578.662989595161
-----------------------
Node ~15 ~
Init energy: 10620.773, Charge rate: 0.2688404999985
Time arrive: 5042.36036620868, time_travel to 15: 67.04297129453616
t_charge: 0.792613512117421
e_remain: 9265.182317975838, e_depot: 9086.966314436466, er: 1533.8066855635334
Energy after charge: 9268.93229892352
-----------------------
Node ~84 ~
Init energy: 10753.848, Charge rate: 0.0692280000012
Time arrive: 5096.222368260707, time_travel to 84: 53.069388539910655
t_charge: 14.789723946976208
e_remain: 10401.046717883932, e_depot: 10431.811920734113, er: 322.03607926588666
Energy after charge: 10473.971474609394
-----------------------
Node ~20 ~
Init energy: 10684.49, Charge rate: 0.1732650000015
Time arrive: 5186.6068010172285, time_travel to 20: 75.59470880954566
t_charge: 56.68290973463478
e_remain: 9785.83257261397, e_depot: 9976.827399661608, er: 707.6626003383917
Energy after charge: 10059.425956931887
-----------------------
Node ~11 ~
Init energy: 10751.844, Charge rate: 0.0722340000009
Time arrive: 5270.645880074339, time_travel to 11: 27.356169322476422
t_charge: 28.051887721014463
e_remain: 10371.124165493966, e_depot: 10478.924396201968, er: 272.91960379803095
Energy after charge: 10509.357304041374
-----------------------
Node ~56 ~
Init energy: 10686.71536, Charge rate: 0.169926960003
Time arrive: 5332.622390121917, time_travel to 56: 33.924622326563934
t_charge: 11.077062851356509
e_remain: 9780.55904840265, e_depot: 9770.117140025877, er: 916.5982199741229
Energy after charge: 9834.06207104334
-----------------------
Node ~57 ~
Init energy: 10787.18, Charge rate: 0.0192300000006
Time arrive: 5368.1101063852575, time_travel to 57: 24.410653411983876
t_charge: 5.488810366584171
e_remain: 10683.95124265099, e_depot: 10704.62830210896, er: 82.55169789104002
Energy after charge: 10711.289744660558
-----------------------
Node ~60 ~
Init energy: 10787.18, Charge rate: 0.0192300000006
Time arrive: 5374.231372283875, time_travel to 60: 0.6324555320336759
t_charge: 20.95051038173335
e_remain: 10683.833530707758, e_depot: 10781.936802184706, er: 5.243197815294479
Energy after charge: 10788.183204301771
-----------------------
Node ~12 ~
Init energy: 10750.9608, Charge rate: 0.07355880000119999
Time arrive: 5453.629123832323, time_travel to 12: 58.447241166713766
t_charge: 10.328346895520523
e_remain: 10349.7983859993, e_depot: 10381.845625758184, er: 369.11517424181693
Energy after charge: 10400.680379673273
-----------------------
Node ~30 ~
Init energy: 10726.5, Charge rate: 0.11025000000299999
Time arrive: 5490.203232290427, time_travel to 30: 26.245761562583777
t_charge: 55.0835051382577
e_remain: 10121.20509362351, e_depot: 10371.286667292, er: 355.21333270799914
Energy after charge: 10390.54966287314
-----------------------
Node ~43 ~
Init energy: 10772.61136, Charge rate: 0.04108296
Time arrive: 5595.783469996248, time_travel to 43: 50.49673256756322
t_charge: 29.834491034477285
e_remain: 10542.720011533484, e_depot: 10686.788964109543, er: 85.82239589045821
Energy after charge: 10690.66677750408
-----------------------
Node ~69 ~
Init energy: 10756.14, Charge rate: 0.0657900000018
Time arrive: 5665.442576534205, time_travel to 69: 39.824615503479755
t_charge: 35.549426326316045
e_remain: 10383.410532879616, e_depot: 10557.567819394888, er: 198.5721806051115
Energy after charge: 10558.818867753123
-----------------------
==============================================
Fitness: 0.05712312317647104, num_deaths: 0, max_er: 2930.416218952965
