routes: [42 13 10  1  3 36 48 17 12  4 24 14 11 32 20 47 18 25 26 34 43 46 31 44
 41 39  6 15  2 49  9  5 30 29 28 16 21  8 50 45 33 23 35 38 27 19 22 37
 40  7]
t_charge: [1.21060358e+02 9.35690679e-01 1.38618479e+01 3.72151783e+01
 1.44720152e+00 1.11518162e+00 1.58867179e+00 1.07875956e+01
 9.71845714e+00 2.40741049e+01 3.69780018e-01 1.68448235e+00
 5.84178713e+00 5.22125274e+00 1.50044612e+01 1.44538882e+00
 1.50837803e+01 1.51493006e+00 2.70161820e+00 3.53634375e+00
 9.58850340e+00 1.79524248e+00 8.94067242e-01 1.58403755e+01
 2.21430303e+01 2.22580380e+00 2.34289003e+00 2.74944208e+00
 3.28092592e+00 1.27307693e+01 2.19480512e+00 1.41434399e+01
 1.39858869e+00 6.41393093e+00 1.88869372e+01 2.74862826e-01
 2.56460466e+01 1.33360540e+01 3.76739295e+00 4.22646708e+00
 8.74264815e+00 5.70289837e-02 3.56118211e+00 2.88700416e+00
 5.83537671e+00 3.11448279e+00 3.25627448e+00 2.94492145e+00
 2.39776743e+00 1.72068567e+00]
T: 2344.7506693919186, energy used: 4235.170905710048
=================================
Node ~42 ~
Init energy: 10219.755, Charge rate: 0.8703675000015
Time arrive: 9.219544457292887, time_travel to 42: 9.219544457292887
t_charge: 121.06035792948848
e_remain: 10211.730608139553, e_depot: 8784.262011401954, er: 1435.4929885980455
Energy after charge: 10711.66539670662
-----------------------
Node ~13 ~
Init energy: 10793.66, Charge rate: 0.009510000000254999
Time arrive: 150.41742954380837, time_travel to 13: 20.137527157027
t_charge: 0.9356906790424364
e_remain: 10792.229530245, e_depot: 10776.039874528697, er: 17.620125471303254
Energy after charge: 10796.899085221854
-----------------------
Node ~10 ~
Init energy: 10704.492, Charge rate: 0.14326200000375
Time arrive: 168.74852191410244, time_travel to 10: 17.395401691251628
t_charge: 13.86184786290207
e_remain: 10680.31674925291, e_depot: 10437.887568907294, er: 266.60443109270636
Energy after charge: 10747.640112518833
-----------------------
Node ~1 ~
Init energy: 10340.57364, Charge rate: 0.689139540009
Time arrive: 185.5633343890512, time_travel to 1: 2.95296461204668
t_charge: 37.21517825299021
e_remain: 10212.694609096594, e_depot: 8910.78913352441, er: 1429.7845064755911
Energy after charge: 10373.124049538927
-----------------------
Node ~3 ~
Init energy: 10775.8, Charge rate: 0.03630000000105
Time arrive: 237.60011849296052, time_travel to 3: 14.821605850919124
t_charge: 1.4472015201626822
e_remain: 10767.175115698456, e_depot: 10697.921558299424, er: 77.87844170057542
Energy after charge: 10774.358589884085
-----------------------
Node ~36 ~
Init energy: 10794.06, Charge rate: 0.008910000000255
Time arrive: 253.2021778364996, time_travel to 36: 14.154857823376398
t_charge: 1.1151816165764994
e_remain: 10791.803968595412, e_depot: 10778.744179618003, er: 15.315820381996673
Energy after charge: 10797.36994041009
-----------------------
Node ~48 ~
Init energy: 10793.62, Charge rate: 0.009570000000270001
Time arrive: 286.98844758922485, time_travel to 48: 32.671088136148754
t_charge: 1.5886717899137133
e_remain: 10790.873520556494, e_depot: 10779.124095042856, er: 14.495904957144376
Energy after charge: 10798.801675917031
-----------------------
Node ~17 ~
Init energy: 10687.3888, Charge rate: 0.1689168000015
Time arrive: 350.2238548969257, time_travel to 17: 61.64673551778715
t_charge: 10.787595614686799
e_remain: 10628.230107146623, e_depot: 10345.258998198377, er: 342.1298018016241
Energy after charge: 10680.345879089113
-----------------------
Node ~12 ~
Init energy: 10752.49968, Charge rate: 0.0712504800009
Time arrive: 421.57150335174794, time_travel to 12: 60.56005284013547
t_charge: 9.718457139375575
e_remain: 10722.462508031487, e_depot: 10634.027355020273, er: 118.472324979728
Energy after charge: 10770.362348992316
-----------------------
Node ~4 ~
Init energy: 10591.68108, Charge rate: 0.3124783800045
Time arrive: 452.0899604911235, time_travel to 4: 20.8
t_charge: 24.074104852112967
e_remain: 10450.412741529435, e_depot: 9979.367713574511, er: 612.3133664254892
Energy after charge: 10563.260628505754
-----------------------
Node ~24 ~
Init energy: 10610.99452, Charge rate: 0.283508220006
Time arrive: 485.7494709162939, time_travel to 24: 9.585405573057407
t_charge: 0.3697800177088879
e_remain: 10473.280552131666, e_depot: 9948.087331451365, er: 662.9071885486355
Energy after charge: 10475.024616545596
-----------------------
Node ~14 ~
Init energy: 10767.7294, Charge rate: 0.0484059
Time arrive: 505.93540595963776, time_travel to 14: 19.81615502563502
t_charge: 1.6844823460447014
e_remain: 10743.239141332659, e_depot: 10662.652045302706, er: 105.07735469729414
Energy after charge: 10751.580014178888
-----------------------
Node ~11 ~
Init energy: 10750.378, Charge rate: 0.07443300000135
Time arrive: 525.3252547238055, time_travel to 11: 17.705366418123067
t_charge: 5.841787130436186
e_remain: 10711.276465314435, e_depot: 10605.060109074167, er: 145.31789092583313
Energy after charge: 10740.050579225128
-----------------------
Node ~32 ~
Init energy: 10777.25744, Charge rate: 0.03411384
Time arrive: 568.3670418542417, time_travel to 32: 37.2
t_charge: 5.221252738436523
e_remain: 10757.86825767291, e_depot: 10723.375254516654, er: 53.88218548334589
Energy after charge: 10783.796404384573
-----------------------
Node ~20 ~
Init energy: 10687.3888, Charge rate: 0.1689168000015
Time arrive: 664.911457043395, time_travel to 20: 91.32316245071675
t_charge: 15.00446116247137
e_remain: 10575.074084391896, e_depot: 10366.3433259373, er: 321.04547406270103
Energy after charge: 10647.56188463894
-----------------------
Node ~47 ~
Init energy: 10793.09684, Charge rate: 0.010354740000315
Time arrive: 746.0727016826951, time_travel to 47: 66.15678347682874
t_charge: 1.4453888173433986
e_remain: 10785.371451152743, e_depot: 10776.0445005396, er: 17.052339460400617
Energy after charge: 10792.583428614058
-----------------------
Node ~18 ~
Init energy: 10687.3888, Charge rate: 0.1689168000015
Time arrive: 809.7193766603745, time_travel to 18: 62.20128616033594
t_charge: 15.08378029222188
e_remain: 10550.61359399532, e_depot: 10366.739921586051, er: 320.6488784139492
Energy after charge: 10623.484591557542
-----------------------
Node ~25 ~
Init energy: 10790.13024, Charge rate: 0.014804640000134999
Time arrive: 851.1455182742394, time_travel to 25: 26.342361321643132
t_charge: 1.5149300613618812
e_remain: 10777.529337014223, e_depot: 10762.991700756387, er: 27.138539243613195
Energy after charge: 10785.081559326849
-----------------------
Node ~26 ~
Init energy: 10700.14128, Charge rate: 0.1497880800036
Time arrive: 857.8758102597634, time_travel to 26: 5.215361924162119
t_charge: 2.701618195835927
e_remain: 10571.641709499658, e_depot: 10362.433670123808, er: 337.7076098761918
Energy after charge: 10584.74513027638
-----------------------
Node ~34 ~
Init energy: 10768.07208, Charge rate: 0.04789188000135
Time arrive: 886.6611398479607, time_travel to 34: 26.083711392361323
t_charge: 3.5363437484980045
e_remain: 10725.608211088542, e_depot: 10673.459281050886, er: 94.61279894911422
Energy after charge: 10743.120567680586
-----------------------
Node ~43 ~
Init energy: 10687.3888, Charge rate: 0.1689168000015
Time arrive: 914.1340664770622, time_travel to 43: 23.93658288060349
t_charge: 9.588503401628351
e_remain: 10532.976198718337, e_depot: 10339.263537133083, er: 348.1252628669172
Energy after charge: 10579.299056415073
-----------------------
Node ~46 ~
Init energy: 10793.18736, Charge rate: 0.010218959999985
Time arrive: 937.9225698786906, time_travel to 46: 14.2
t_charge: 1.7952424792797663
e_remain: 10783.602766775326, e_depot: 10778.202659095945, er: 14.98470090405499
Energy after charge: 10792.56063366064
-----------------------
Node ~31 ~
Init energy: 10793.86, Charge rate: 0.009210000000255
Time arrive: 981.5221183562763, time_travel to 31: 41.80430599830596
t_charge: 0.8940672419594188
e_remain: 10784.82018128969, e_depot: 10776.7351825441, er: 17.124817455900484
Energy after charge: 10789.282283140188
-----------------------
Node ~44 ~
Init energy: 10687.3888, Charge rate: 0.1689168000015
Time arrive: 1008.1564264673497, time_travel to 44: 25.74024086911387
t_charge: 15.840375541342421
e_remain: 10517.094242540188, e_depot: 10370.522897831654, er: 316.865902168347
Energy after charge: 10593.620414699635
-----------------------
Node ~41 ~
Init energy: 10687.3888, Charge rate: 0.1689168000015
Time arrive: 1036.7090008743487, time_travel to 41: 12.712198865656564
t_charge: 22.143030303749807
e_remain: 10512.271233039553, e_depot: 10402.036171643691, er: 285.35262835630965
Energy after charge: 10619.246054737057
-----------------------
Node ~39 ~
Init energy: 10793.54, Charge rate: 0.00969000000027
Time arrive: 1136.228254916402, time_travel to 39: 77.37622373830348
t_charge: 2.2258038041477692
e_remain: 10782.529948209554, e_depot: 10781.948385033698, er: 11.591614966302586
Energy after charge: 10793.63739919143
-----------------------
Node ~6 ~
Init energy: 10793.86, Charge rate: 0.009210000000255
Time arrive: 1213.7800170616156, time_travel to 6: 75.32595834106593
t_charge: 2.3428900292514245
e_remain: 10782.681086042554, e_depot: 10783.97929648056, er: 9.88070351944043
Energy after charge: 10794.373958171642
-----------------------
Node ~15 ~
Init energy: 10787.8356, Charge rate: 0.01824660000015
Time arrive: 1269.4055496679766, time_travel to 15: 53.282642577109485
t_charge: 2.7494420786852847
e_remain: 10764.673264697238, e_depot: 10758.79908282895, er: 29.036517171050946
Energy after charge: 10778.370307120831
-----------------------
Node ~2 ~
Init energy: 10706.943, Charge rate: 0.139585500003
Time arrive: 1307.9823555905173, time_travel to 2: 35.82736384385544
t_charge: 3.280925916196957
e_remain: 10524.367628899796, e_depot: 10396.054435011543, er: 310.888564988456
Energy after charge: 10540.314288796295
-----------------------
Node ~49 ~
Init energy: 10687.3888, Charge rate: 0.1689168000015
Time arrive: 1376.4773904096196, time_travel to 49: 65.21410890290535
t_charge: 12.730769278073424
e_remain: 10454.878643937593, e_depot: 10354.97486651531, er: 332.41393348469137
Energy after charge: 10516.38204951995
-----------------------
Node ~9 ~
Init energy: 10691.285, Charge rate: 0.1630725000045
Time arrive: 1468.3662293963462, time_travel to 9: 79.1580697086532
t_charge: 2.194805123203812
e_remain: 10451.834848050157, e_depot: 10319.894672071054, er: 371.39032792894614
Energy after charge: 10462.450961307713
-----------------------
Node ~5 ~
Init energy: 10718.09784, Charge rate: 0.1228532400024
Time arrive: 1482.897970930183, time_travel to 5: 12.336936410632909
t_charge: 14.143439893150031
e_remain: 10535.919019678242, e_depot: 10500.754822733157, er: 217.34301726684316
Energy after charge: 10604.89865172834
-----------------------
Node ~30 ~
Init energy: 10687.3888, Charge rate: 0.1689168000015
Time arrive: 1575.3602463611523, time_travel to 30: 78.31883553781938
t_charge: 1.3985886915441492
e_remain: 10421.2839883351, e_depot: 10298.313963582663, er: 389.0748364173378
Energy after charge: 10428.040686666527
-----------------------
Node ~29 ~
Init energy: 10751.6512, Charge rate: 0.07252320000120001
Time arrive: 1635.6366746869764, time_travel to 29: 58.877839634280065
t_charge: 6.413930929654575
e_remain: 10633.029594312378, e_depot: 10613.672032899014, er: 137.97916710098616
Energy after charge: 10664.634090165046
-----------------------
Node ~28 ~
Init energy: 10687.3888, Charge rate: 0.1689168000015
Time arrive: 1681.6652493737065, time_travel to 28: 39.614643757075484
t_charge: 18.88693718920052
e_remain: 10403.32728740207, e_depot: 10385.755706070944, er: 301.6330939290565
Energy after charge: 10494.571652356242
-----------------------
Node ~16 ~
Init energy: 10793.8, Charge rate: 0.009300000000255
Time arrive: 1725.1741279973269, time_travel to 16: 24.62194143441983
t_charge: 0.2748628255661831
e_remain: 10777.755880609184, e_depot: 10773.368132901887, er: 20.43186709811198
Energy after charge: 10779.127638512737
-----------------------
Node ~21 ~
Init energy: 10746.5978, Charge rate: 0.08010330000105
Time arrive: 1768.515915486723, time_travel to 21: 43.0669246638299
t_charge: 25.64604664467648
e_remain: 10604.933839065136, e_depot: 10687.005766925418, er: 59.592033074581195
Energy after charge: 10731.109739320298
-----------------------
Node ~8 ~
Init energy: 10625.269, Charge rate: 0.26209650000449997
Time arrive: 1803.8283989102752, time_travel to 8: 9.666436778875658
t_charge: 13.336053981621227
e_remain: 10152.491890036896, e_depot: 10077.398326077275, er: 547.8706739227255
Energy after charge: 10215.676826872548
-----------------------
Node ~50 ~
Init energy: 10793.62, Charge rate: 0.009570000000270001
Time arrive: 1903.199329540846, time_travel to 50: 86.03487664894975
t_charge: 3.767392946519579
e_remain: 10775.40638241578, e_depot: 10790.017700825885, er: 3.6022991741156147
Energy after charge: 10794.207293197878
-----------------------
Node ~45 ~
Init energy: 10793.36, Charge rate: 0.00996000000027
Time arrive: 1946.367230098309, time_travel to 45: 39.400507610943286
t_charge: 4.226467076501826
e_remain: 10773.974182387696, e_depot: 10791.138618714733, er: 2.221381285267853
Energy after charge: 10795.064422158122
-----------------------
Node ~33 ~
Init energy: 10730.7374, Charge rate: 0.1038939000009
Time arrive: 1979.0049625461384, time_travel to 33: 28.41126537132762
t_charge: 8.742648150745232
e_remain: 10525.130856319947, e_depot: 10530.84534918088, er: 199.8920508191204
Energy after charge: 10567.935789260957
-----------------------
Node ~23 ~
Init energy: 10390.36032, Charge rate: 0.614459520009
Time arrive: 2005.5476106968836, time_travel to 23: 17.8
t_charge: 0.05702898366807757
e_remain: 9158.032497775996, e_depot: 8949.891094063, er: 1440.4692259370004
Energy after charge: 9158.282600692404
-----------------------
Node ~35 ~
Init energy: 10783.962, Charge rate: 0.024057000000000002
Time arrive: 2032.3964294677232, time_travel to 35: 26.79178978717174
t_charge: 3.561182109371577
e_remain: 10735.068639096295, e_depot: 10745.360243693296, er: 38.601756306703464
Energy after charge: 10752.788878285148
-----------------------
Node ~38 ~
Init energy: 10785.81744, Charge rate: 0.021273840000000002
Time arrive: 2055.270819492923, time_travel to 38: 19.313207915827967
t_charge: 2.8870041580759853
e_remain: 10742.09393742944, e_depot: 10750.370610209846, er: 35.44682979015488
Energy after charge: 10756.46754055528
-----------------------
Node ~27 ~
Init energy: 10687.3888, Charge rate: 0.1689168000015
Time arrive: 2082.1644893919965, time_travel to 27: 24.006665740997853
t_charge: 5.835376708121071
e_remain: 10335.676237375148, e_depot: 10320.497903665548, er: 366.8908963344529
Energy after charge: 10363.867427755415
-----------------------
Node ~19 ~
Init energy: 10519.1426, Charge rate: 0.421286100006
Time arrive: 2124.9998661001177, time_travel to 19: 37.0
t_charge: 3.1144827920259
e_remain: 9623.909693897409, e_depot: 9546.90414896555, er: 972.2384510344491
Energy after charge: 9638.17001954855
-----------------------
Node ~22 ~
Init energy: 10714.92288, Charge rate: 0.1276156800021
Time arrive: 2146.124346115908, time_travel to 22: 18.009997223764362
t_charge: 3.256274484738677
e_remain: 10441.043762201356, e_depot: 10431.977301313864, er: 282.9455786861363
Energy after charge: 10456.909582942406
-----------------------
Node ~37 ~
Init energy: 10794.12, Charge rate: 0.00882000000024
Time arrive: 2210.0963516758793, time_travel to 37: 60.71573107523288
t_charge: 2.9449214519978724
e_remain: 10774.62695017769, e_depot: 10788.163906355392, er: 5.9560936446087
Energy after charge: 10789.325583230471
-----------------------
Node ~40 ~
Init energy: 10784.52184, Charge rate: 0.0232172400003
Time arrive: 2237.108678472035, time_travel to 40: 24.067405344157898
t_charge: 2.3977674296536646
e_remain: 10732.58235090516, e_depot: 10742.072038116132, er: 42.44980188386762
Energy after charge: 10744.515518511549
-----------------------
Node ~7 ~
Init energy: 10512.65668, Charge rate: 0.43101498000750005
Time arrive: 2313.5477857058822, time_travel to 7: 74.04133980419317
t_charge: 1.7206856675712365
e_remain: 9515.482927397583, e_depot: 9510.637445447326, er: 1002.0192345526739
Energy after charge: 9523.344714436831
-----------------------
==============================================
Fitness: 0.028079322143021442, num_deaths: 0, max_er: 1440.4692259370004
