routes: [31 12  2  5 72 46 13  6 56 35 52 75 55 57  7 41  8 49 71 66 44 23 70 73
 42 11 45 29 28 20 48 51 14  3  4 22 25 62 39 50 37 63 36 17 24  1 38 61
 33 40 32 54 64 53 69 60 19 27 10 21 30 58 43 74 47 67  9 68 15 26 16 18
 65 34 59]
t_charge: [  1.77845062  23.81462144 103.72946572  41.4071968    0.76447145
   2.0417632   39.34640144  10.81083444   4.72984372   2.27536182
   4.5823624    3.22677595  48.41996381   2.50684958   8.33084781
  12.53350985   8.10180261   1.03337425   0.72386459   3.45742357
  40.47254895   8.48522837   2.49068449   0.59781255  54.88177672
  14.57848554  17.49145232   4.95446458  10.91138003   3.86590873
   8.20910173   5.27627755   6.65077182 490.22246549   2.87582504
   2.00104985  35.32049082   3.58844387  12.44738839  14.65444201
 108.40510493   3.71157216   4.16200255  11.24897357   9.34074899
  38.66795313  44.9015021   17.75271597  19.15475839  28.46704048
   7.0863418   10.57047046   8.46014422  22.04409107  12.61703244
  13.62196681   6.48938972  12.39989127 286.55592061   3.24936825
  18.51221126  51.80641078  17.97013866   2.49377313  15.36125213
  16.25104156   6.7932028    9.41364134  27.38291337  35.28966585
  14.31719456  10.2608829   23.66963764   9.26438859  49.49655144]
T: 4615.718771666112, energy used: 12778.843087033372
=================================
Node ~31 ~
Init energy: 10781.44, Charge rate: 0.02784000000075
Time arrive: 30.961266123981424, time_travel to 31: 30.961266123981424
t_charge: 1.778450615016073
e_remain: 10780.578038351086, e_depot: 10661.830642468434, er: 119.60935753156627
Energy after charge: 10789.420779361044
-----------------------
Node ~12 ~
Init energy: 10661.17584, Charge rate: 0.208236240006
Time arrive: 50.578999235779705, time_travel to 12: 17.839282496782207
t_charge: 23.81462143647989
e_remain: 10650.643459375875, e_depot: 9819.089025245536, er: 842.0868147544643
Energy after charge: 10764.757499333176
-----------------------
Node ~2 ~
Init energy: 10392.7856, Charge rate: 0.610821600009
Time arrive: 78.70175251796721, time_travel to 2: 4.308131845707603
t_charge: 103.72946572357873
e_remain: 10344.712869603462, e_depot: 8092.052203317222, er: 2300.7333966827773
Energy after charge: 10800.0
-----------------------
Node ~5 ~
Init energy: 10437.26548, Charge rate: 0.544101780012
Time arrive: 194.43121824154593, time_travel to 5: 12.0
t_charge: 41.40719679505788
e_remain: 10331.475108064873, e_depot: 8132.880664276955, er: 2304.384815723045
Energy after charge: 10515.981362558665
-----------------------
Node ~72 ~
Init energy: 10785.30272, Charge rate: 0.02204592
Time arrive: 276.79497739234847, time_travel to 72: 40.95656235574465
t_charge: 0.7644714457471443
e_remain: 10779.200520072007, e_depot: 10687.367310446085, er: 97.93540955391472
Energy after charge: 10783.006023824408
-----------------------
Node ~46 ~
Init energy: 10788.14, Charge rate: 0.01779000000045
Time arrive: 311.5270804894192, time_travel to 46: 33.967631651323586
t_charge: 2.041763204244178
e_remain: 10782.597933237952, e_depot: 10716.235179071204, er: 71.90482092879574
Energy after charge: 10792.770426291769
-----------------------
Node ~13 ~
Init energy: 10603.12592, Charge rate: 0.2953111200045
Time arrive: 325.03182759838904, time_travel to 13: 11.462983904725679
t_charge: 39.34640144371342
e_remain: 10507.14040695481, e_depot: 9436.784847132052, er: 1166.3410728679482
Energy after charge: 10692.252984294888
-----------------------
Node ~6 ~
Init energy: 10726.50096, Charge rate: 0.11024856000225
Time arrive: 393.0229493235086, time_travel to 6: 28.644720281406137
t_charge: 10.81083443527625
e_remain: 10683.170745789244, e_depot: 10271.678784224838, er: 454.82217577516167
Energy after charge: 10736.033039036714
-----------------------
Node ~56 ~
Init energy: 10772.9438, Charge rate: 0.0405843000003
Time arrive: 431.157765899022, time_travel to 56: 27.32398214023717
t_charge: 4.729843718777304
e_remain: 10755.445563881294, e_depot: 10609.26730324757, er: 163.67649675242865
Energy after charge: 10778.902825078743
-----------------------
Node ~35 ~
Init energy: 10787.36, Charge rate: 0.01896000000045
Time arrive: 483.38708329909394, time_travel to 35: 47.49947368129462
t_charge: 2.2753618187311098
e_remain: 10778.194980900433, e_depot: 10711.22278118079, er: 76.13721881921083
Energy after charge: 10789.528649134005
-----------------------
Node ~52 ~
Init energy: 10773.79536, Charge rate: 0.0393069600006
Time arrive: 519.0288953335731, time_travel to 52: 33.36645021574815
t_charge: 4.582362400914409
e_remain: 10753.393911971967, e_depot: 10615.277298872674, er: 158.5180611273263
Energy after charge: 10776.125605240939
-----------------------
Node ~75 ~
Init energy: 10785.4424, Charge rate: 0.02183639999985
Time arrive: 565.8297371007557, time_travel to 75: 42.218479366268035
t_charge: 3.226775950283132
e_remain: 10773.086715528858, e_depot: 10700.7855983665, er: 84.65680163350044
Energy after charge: 10789.150134109914
-----------------------
Node ~55 ~
Init energy: 10666.4472, Charge rate: 0.2003292000045
Time arrive: 603.792085595622, time_travel to 55: 34.73557254458317
t_charge: 48.419963806417016
e_remain: 10545.49001452358, e_depot: 9983.883770058459, er: 682.5634299415415
Energy after charge: 10777.88990094208
-----------------------
Node ~57 ~
Init energy: 10706.45816, Charge rate: 0.14031276000210002
Time arrive: 658.0669618693609, time_travel to 57: 5.854912467321779
t_charge: 2.5068495814437175
e_remain: 10614.122968313914, e_depot: 10071.348167661245, er: 635.1099923387555
Energy after charge: 10626.30547323745
-----------------------
Node ~7 ~
Init energy: 10666.1156, Charge rate: 0.200826600003
Time arrive: 680.5467932011592, time_travel to 7: 19.972981750354652
t_charge: 8.330847811195802
e_remain: 10529.443701378466, e_depot: 9780.81073157225, er: 885.3048684277492
Energy after charge: 10569.42488459338
-----------------------
Node ~41 ~
Init energy: 10457.04848, Charge rate: 0.5144272800045
Time arrive: 698.2797684311895, time_travel to 41: 9.402127418834528
t_charge: 12.533509847736275
e_remain: 10097.83431804377, e_depot: 8145.26437626477, er: 2311.784103735229
Energy after charge: 10154.05428790257
-----------------------
Node ~8 ~
Init energy: 10703.948, Charge rate: 0.1440780000033
Time arrive: 725.739764804562, time_travel to 8: 14.926486525636232
t_charge: 8.101802606427947
e_remain: 10599.384866164093, e_depot: 10079.4334838328, er: 624.5145161672008
Energy after charge: 10638.726587680278
-----------------------
Node ~49 ~
Init energy: 10785.3872, Charge rate: 0.0219192
Time arrive: 781.0661372872736, time_travel to 49: 47.22456987628368
t_charge: 1.0333742527960126
e_remain: 10768.266855123573, e_depot: 10689.381208364075, er: 96.00599163592415
Energy after charge: 10773.41107565063
-----------------------
Node ~71 ~
Init energy: 10788.26, Charge rate: 0.017610000000450002
Time arrive: 823.1584935050428, time_travel to 71: 41.05898196497326
t_charge: 0.7238645885728199
e_remain: 10773.764178929006, e_depot: 10710.596515371748, er: 77.66348462825226
Energy after charge: 10777.370754616466
-----------------------
Node ~66 ~
Init energy: 10787.3544, Charge rate: 0.0189684000003
Time arrive: 856.3323195727916, time_travel to 66: 32.449961479175904
t_charge: 3.457423568843968
e_remain: 10771.11114602916, e_depot: 10717.088717894365, er: 70.26568210563528
Energy after charge: 10788.332682080156
-----------------------
Node ~44 ~
Init energy: 10688.90392, Charge rate: 0.166644120003
Time arrive: 924.5505337482981, time_travel to 44: 64.76079060666261
t_charge: 40.47254895060615
e_remain: 10534.833009905211, e_depot: 10122.084271867405, er: 566.8196481325958
Energy after charge: 10730.45124235409
-----------------------
Node ~23 ~
Init energy: 10781.08, Charge rate: 0.02838000000075
Time arrive: 1004.9154378562524, time_travel to 23: 39.89235515734813
t_charge: 8.48522836971703
e_remain: 10752.560499872885, e_depot: 10692.51204310524, er: 88.56795689475985
Energy after charge: 10794.745830940332
-----------------------
Node ~70 ~
Init energy: 10780.60336, Charge rate: 0.02909496000015
Time arrive: 1075.0658914343476, time_travel to 70: 61.66522520837818
t_charge: 2.4906844894379123
e_remain: 10749.32436089119, e_depot: 10658.762629413623, er: 121.8407305863766
Energy after charge: 10761.705316972788
-----------------------
Node ~73 ~
Init energy: 10793.8, Charge rate: 0.009300000000255
Time arrive: 1091.381191650814, time_travel to 73: 13.824615727028364
t_charge: 0.5978125488311173
e_remain: 10783.650154917368, e_depot: 10753.862878166485, er: 39.93712183351454
Energy after charge: 10786.63365800482
-----------------------
Node ~42 ~
Init energy: 10580.7782, Charge rate: 0.3288327000075
Time arrive: 1142.2283823052494, time_travel to 42: 50.24937810560445
t_charge: 54.881776719606606
e_remain: 10205.176157021366, e_depot: 9337.387817435765, er: 1243.3903825642356
Energy after charge: 10461.538117799482
-----------------------
Node ~11 ~
Init energy: 10755.09528, Charge rate: 0.06735708000195
Time arrive: 1212.143455403229, time_travel to 11: 15.033296378372906
t_charge: 14.578485535288191
e_remain: 10673.448836300564, e_depot: 10517.086369106824, er: 238.0089108931752
Energy after charge: 10745.359299760497
-----------------------
Node ~45 ~
Init energy: 10736.407, Charge rate: 0.0953895000012
Time arrive: 1235.5785768687108, time_travel to 45: 8.856635930193812
t_charge: 17.491452322679333
e_remain: 10618.5457773403, e_depot: 10383.573155838014, er: 352.8338441619853
Energy after charge: 10704.334538062341
-----------------------
Node ~29 ~
Init energy: 10781.78, Charge rate: 0.027330000000749997
Time arrive: 1270.9585730113886, time_travel to 29: 17.88854381999832
t_charge: 4.954464575385068
e_remain: 10747.044702198646, e_depot: 10680.404728843829, er: 101.37527115617195
Energy after charge: 10771.681619558722
-----------------------
Node ~28 ~
Init energy: 10772.964, Charge rate: 0.0405540000009
Time arrive: 1281.2982023939082, time_travel to 28: 5.385164807134504
t_charge: 10.91138003394238
e_remain: 10721.002232698964, e_depot: 10640.33504109941, er: 132.62895890059008
Energy after charge: 10775.116632762769
-----------------------
Node ~20 ~
Init energy: 10793.64, Charge rate: 0.009540000000270001
Time arrive: 1355.6250379572402, time_travel to 20: 63.41545552938968
t_charge: 3.865908726345901
e_remain: 10780.70733713752, e_depot: 10768.935586548789, er: 24.704413451210712
Energy after charge: 10800.0
-----------------------
Node ~48 ~
Init energy: 10754.34664, Charge rate: 0.0684800400015
Time arrive: 1417.390860327736, time_travel to 48: 57.89991364414976
t_charge: 8.2091017303231
e_remain: 10657.283657186996, e_depot: 10479.307542532246, er: 275.0390974677539
Energy after charge: 10697.767006223743
-----------------------
Node ~51 ~
Init energy: 10787.8, Charge rate: 0.01830000000045
Time arrive: 1485.1062642453064, time_travel to 51: 59.506302187247364
t_charge: 5.276277551670922
e_remain: 10760.622555363641, e_depot: 10729.713734234787, er: 58.086265765212374
Energy after charge: 10786.907387242798
-----------------------
Node ~14 ~
Init energy: 10743.99384, Charge rate: 0.08400924000105
Time arrive: 1519.793424136683, time_travel to 14: 29.410882339705484
t_charge: 6.650771824374776
e_remain: 10616.317149479682, e_depot: 10389.484673055624, er: 354.50916694437547
Energy after charge: 10649.01228231517
-----------------------
Node ~3 ~
Init energy: 10112.953, Charge rate: 1.030570500009
Time arrive: 1537.029090858977, time_travel to 3: 10.584894897919394
t_charge: 490.22246549216055
e_remain: 8528.936161305084, e_depot: 7807.24172504393, er: 2305.7112749560692
Energy after charge: 10474.839677387987
-----------------------
Node ~4 ~
Init energy: 10545.5426, Charge rate: 0.3816861000045
Time arrive: 2042.531608707069, time_travel to 4: 15.280052355931247
t_charge: 2.87582504414189
e_remain: 9765.936676136682, e_depot: 8798.166028545911, er: 1747.3765714540896
Energy after charge: 9779.218138911998
-----------------------
Node ~22 ~
Init energy: 10777.0084, Charge rate: 0.03448740000045
Time arrive: 2086.8228898032694, time_travel to 22: 41.41545605205863
t_charge: 2.0010498515482045
e_remain: 10705.03930426926, e_depot: 10627.829509689707, er: 149.17889031029335
Energy after charge: 10714.97554252035
-----------------------
Node ~25 ~
Init energy: 10678.87496, Charge rate: 0.18168756
Time arrive: 2103.9315536292343, time_travel to 25: 15.107613974417006
t_charge: 35.32049081781136
e_remain: 10296.616769614095, e_depot: 10016.858732818844, er: 662.016227181155
Energy after charge: 10466.80192990846
-----------------------
Node ~62 ~
Init energy: 10757.071, Charge rate: 0.06439350000045
Time arrive: 2179.532064308014, time_travel to 62: 40.280019860968295
t_charge: 3.5884438676629133
e_remain: 10616.723302016, e_depot: 10477.790932612956, er: 279.28006738704426
Energy after charge: 10634.43444889412
-----------------------
Node ~39 ~
Init energy: 10622.87544, Charge rate: 0.2656868400075
Time arrive: 2189.5017306290947, time_travel to 39: 6.381222453417527
t_charge: 12.447388394416889
e_remain: 10041.153643998203, e_depot: 9458.776647164817, er: 1164.0987928351824
Energy after charge: 10100.083478681428
-----------------------
Node ~50 ~
Init energy: 10778.264, Charge rate: 0.03260400000045
Time arrive: 2230.8025416974338, time_travel to 50: 28.85342267392207
t_charge: 14.654442013131145
e_remain: 10705.530913929491, e_depot: 10701.045315232175, er: 77.21868476782402
Energy after charge: 10778.325330567744
-----------------------
Node ~37 ~
Init energy: 10617.897, Charge rate: 0.27315450000749997
Time arrive: 2278.488483827877, time_travel to 37: 33.03150011731226
t_charge: 108.40510493068844
e_remain: 9995.517617427151, e_depot: 9899.118171403754, er: 718.778828596247
Energy after charge: 10507.93179984499
-----------------------
Node ~63 ~
Init energy: 10793.64, Charge rate: 0.009540000000270001
Time arrive: 2444.5276064911513, time_travel to 63: 57.634017732585676
t_charge: 3.7115721632528014
e_remain: 10770.319206633414, e_depot: 10768.163903733323, er: 25.476096266676905
Energy after charge: 10788.841659051239
-----------------------
Node ~36 ~
Init energy: 10791.232, Charge rate: 0.013152000000375
Time arrive: 2524.8979028806784, time_travel to 36: 76.65872422627447
t_charge: 4.162002553798564
e_remain: 10758.024542780366, e_depot: 10751.33607948231, er: 39.89592051769068
Energy after charge: 10778.779816891769
-----------------------
Node ~17 ~
Init energy: 10632.36, Charge rate: 0.251460000006
Time arrive: 2550.333363075397, time_travel to 17: 21.273457640919588
t_charge: 11.24897357053183
e_remain: 9991.053172505759, e_depot: 9527.936225501806, er: 1104.4237744981947
Energy after charge: 10044.469373464304
-----------------------
Node ~24 ~
Init energy: 10778.0516, Charge rate: 0.0329226000003
Time arrive: 2578.129239679427, time_travel to 24: 16.546903033498445
t_charge: 9.340748988786693
e_remain: 10693.172882292958, e_depot: 10672.793882110494, er: 105.25771788950624
Energy after charge: 10739.56910549423
-----------------------
Node ~1 ~
Init energy: 10685.3336, Charge rate: 0.1719996000015
Time arrive: 2619.0927652698974, time_travel to 1: 31.622776601683796
t_charge: 38.667953125172936
e_remain: 10234.850692006756, e_depot: 10084.771583179878, er: 600.5620168201222
Energy after charge: 10421.539585162214
-----------------------
Node ~38 ~
Init energy: 10597.9332, Charge rate: 0.3031002000075
Time arrive: 2667.162845813905, time_travel to 38: 9.402127418834528
t_charge: 44.901502103058995
e_remain: 9789.515607981231, e_depot: 9423.415427644924, er: 1174.517772355075
Energy after charge: 10000.413464228452
-----------------------
Node ~61 ~
Init energy: 10680.06436, Charge rate: 0.1799034600015
Time arrive: 2749.126457948639, time_travel to 61: 37.0621100316752
t_charge: 17.752715969773195
e_remain: 10185.486998233371, e_depot: 9938.444162432259, er: 741.6201975677413
Energy after charge: 10271.056803054851
-----------------------
Node ~33 ~
Init energy: 10771.57292, Charge rate: 0.042640620000599996
Time arrive: 2797.5679340758384, time_travel to 33: 30.688760157425712
t_charge: 19.15475839391122
e_remain: 10652.282888797208, e_depot: 10670.529601797305, er: 101.04331820269545
Energy after charge: 10747.239909992886
-----------------------
Node ~40 ~
Init energy: 10702.11496, Charge rate: 0.1468275600033
Time arrive: 2849.043583546575, time_travel to 40: 32.32089107682522
t_charge: 28.46704047514643
e_remain: 10283.796842284799, e_depot: 10166.735437470568, er: 535.3795225294325
Energy after charge: 10421.95229856705
-----------------------
Node ~32 ~
Init energy: 10765.9536, Charge rate: 0.051069600000750004
Time arrive: 2906.6454828681276, time_travel to 32: 29.13485884640597
t_charge: 7.086341796056164
e_remain: 10617.512377845938, e_depot: 10565.66239759534, er: 200.29120240466
Energy after charge: 10652.582190185225
-----------------------
Node ~54 ~
Init energy: 10786.98, Charge rate: 0.019530000000599998
Time arrive: 2972.542708010721, time_travel to 54: 58.81088334653714
t_charge: 10.570470457328751
e_remain: 10728.926240910767, e_depot: 10749.687364673235, er: 37.29263532676487
Energy after charge: 10781.572151909373
-----------------------
Node ~64 ~
Init energy: 10787.38, Charge rate: 0.01893000000045
Time arrive: 3006.459270218062, time_travel to 64: 23.346091750012462
t_charge: 8.460144216906384
e_remain: 10730.467726013418, e_depot: 10742.305164734815, er: 45.07483526518445
Energy after charge: 10772.60829656792
-----------------------
Node ~53 ~
Init energy: 10755.0012, Charge rate: 0.06749820000105
Time arrive: 3036.7441710200947, time_travel to 53: 21.824756585125986
t_charge: 22.044091065581974
e_remain: 10550.026434592464, e_depot: 10553.668946529391, er: 201.33225347060943
Energy after charge: 10658.758953452789
-----------------------
Node ~69 ~
Init energy: 10787.34, Charge rate: 0.01899000000045
Time arrive: 3071.110599526276, time_travel to 69: 12.32233744059949
t_charge: 12.617032437456174
e_remain: 10729.019609713614, e_depot: 10762.772662711264, er: 24.56733728873587
Energy after charge: 10791.865174454902
-----------------------
Node ~60 ~
Init energy: 10778.6214, Charge rate: 0.0320679000003
Time arrive: 3120.623702215183, time_travel to 60: 36.896070251450894
t_charge: 13.621966806777705
e_remain: 10678.549551178798, e_depot: 10698.714826034593, er: 79.906573965407
Energy after charge: 10746.222557343319
-----------------------
Node ~19 ~
Init energy: 10793.64, Charge rate: 0.009540000000270001
Time arrive: 3196.4485628453194, time_travel to 19: 62.20289382335841
t_charge: 6.489389723693783
e_remain: 10763.145880709591, e_depot: 10782.052991535527, er: 11.587008464472092
Energy after charge: 10795.530920550094
-----------------------
Node ~27 ~
Init energy: 10763.56, Charge rate: 0.054660000001499995
Time arrive: 3237.2826755989054, time_travel to 27: 34.34472302989209
t_charge: 12.399891267461342
e_remain: 10586.610128946908, e_depot: 10573.264268271114, er: 190.29573172888558
Energy after charge: 10647.931807227516
-----------------------
Node ~10 ~
Init energy: 10263.3888, Charge rate: 0.8049168000015001
Time arrive: 3275.642536049708, time_travel to 10: 25.959969183340725
t_charge: 286.55592061418616
e_remain: 7626.769091934071, e_depot: 7980.8988196745895, er: 2282.489980325411
Energy after charge: 8828.895020362746
-----------------------
Node ~21 ~
Init energy: 10793.27112, Charge rate: 0.01009332000006
Time arrive: 3597.532859163441, time_travel to 21: 35.334402499547096
t_charge: 3.2493682532898656
e_remain: 10756.960069641733, e_depot: 10762.930034673738, er: 30.341085326261236
Energy after charge: 10773.174113994604
-----------------------
Node ~30 ~
Init energy: 10778.48336, Charge rate: 0.0322749600006
Time arrive: 3663.1835094548433, time_travel to 30: 62.401282038112
t_charge: 18.51221126273577
e_remain: 10660.254258757488, e_depot: 10722.072277584137, er: 56.41108241586335
Energy after charge: 10752.21783419314
-----------------------
Node ~58 ~
Init energy: 10743.50808, Charge rate: 0.08473788000135
Time arrive: 3721.5037601066274, time_travel to 58: 39.808039389048034
t_charge: 51.80641078282273
e_remain: 10428.155740951512, e_depot: 10611.413910520692, er: 132.0941694793073
Energy after charge: 10682.79782944541
-----------------------
Node ~43 ~
Init energy: 10710.14404, Charge rate: 0.1347839400021
Time arrive: 3790.3677205376266, time_travel to 43: 17.057549648176316
t_charge: 17.970138663795744
e_remain: 10199.263344569159, e_depot: 10177.869971332166, er: 532.2740686678335
Energy after charge: 10286.691951796647
-----------------------
Node ~74 ~
Init energy: 10793.8, Charge rate: 0.009300000000255
Time arrive: 3847.538369402184, time_travel to 74: 39.20051020076142
t_charge: 2.4937731325065298
e_remain: 10758.017893163578, e_depot: 10763.342681084861, er: 30.457318915137876
Energy after charge: 10770.463566735978
-----------------------
Node ~47 ~
Init energy: 10742.71264, Charge rate: 0.08593104000150001
Time arrive: 3915.9199259243296, time_travel to 47: 65.88778338963908
t_charge: 15.361252127395517
e_remain: 10406.213568202726, e_depot: 10422.885386233262, er: 319.82725376673807
Energy after charge: 10481.699820468672
-----------------------
Node ~67 ~
Init energy: 10779.0104, Charge rate: 0.0314844000009
Time arrive: 4005.8843951405343, time_travel to 67: 74.60321708880925
t_charge: 16.251041564109954
e_remain: 10652.887533346031, e_depot: 10714.94247172175, er: 64.06792827824938
Energy after charge: 10733.631086873545
-----------------------
Node ~9 ~
Init energy: 10793.34, Charge rate: 0.00999000000027
Time arrive: 4057.957217788225, time_travel to 9: 35.82178108358097
t_charge: 6.793202796037715
e_remain: 10752.8010073932, e_depot: 10781.19498345, er: 12.145016550000946
Energy after charge: 10786.699157277455
-----------------------
Node ~68 ~
Init energy: 10761.3838, Charge rate: 0.05792430000030001
Time arrive: 4100.362216382846, time_travel to 68: 35.61179579858337
t_charge: 9.413641340108144
e_remain: 10523.873188868345, e_depot: 10541.089727853536, er: 220.2940721464638
Energy after charge: 10570.396116983806
-----------------------
Node ~15 ~
Init energy: 10657.872, Charge rate: 0.21319200000150001
Time arrive: 4151.43831084324, time_travel to 15: 41.66245312028566
t_charge: 27.382913372346696
e_remain: 9772.81856362848, e_depot: 9810.752250485766, er: 847.1197495142333
Energy after charge: 9903.895312422495
-----------------------
Node ~26 ~
Init energy: 10769.76, Charge rate: 0.045360000001199996
Time arrive: 4212.78885586691, time_travel to 26: 33.967631651323586
t_charge: 35.289665849199004
e_remain: 10578.667897492822, e_depot: 10736.839325757683, er: 32.920674242317546
Energy after charge: 10753.515487495855
-----------------------
Node ~16 ~
Init energy: 10747.41308, Charge rate: 0.0788803800015
Time arrive: 4279.064970367092, time_travel to 16: 30.9864486509829
t_charge: 14.317194555935842
e_remain: 10409.878809086336, e_depot: 10454.9094020906, er: 292.5036779094007
Energy after charge: 10480.335436118889
-----------------------
Node ~18 ~
Init energy: 10505.35696, Charge rate: 0.4419645600105
Time arrive: 4325.761170466744, time_travel to 18: 32.37900554371613
t_charge: 10.260882902790772
e_remain: 8593.523827584158, e_depot: 8516.677258462334, er: 1988.679701537665
Energy after charge: 8640.293295500662
-----------------------
Node ~65 ~
Init energy: 10782.093, Charge rate: 0.0268605000003
Time arrive: 4382.594577458315, time_travel to 65: 46.57252408878007
t_charge: 23.66963763713738
e_remain: 10664.374318350867, e_depot: 10776.460674117965, er: 5.63232588203573
Energy after charge: 10782.086728234794
-----------------------
Node ~34 ~
Init energy: 10782.87744, Charge rate: 0.02568384
Time arrive: 4444.89321974222, time_travel to 34: 38.62900464676769
t_charge: 9.264388592246538
e_remain: 10668.715513727057, e_depot: 10710.650000544763, er: 72.22743945523689
Energy after charge: 10714.799511613988
-----------------------
Node ~59 ~
Init energy: 10739.7768, Charge rate: 0.09033480000075
Time arrive: 4521.053647081167, time_travel to 59: 66.8960387467001
t_charge: 49.49655143945282
e_remain: 10331.368322998262, e_depot: 10570.299525099097, er: 169.47727490090256
Energy after charge: 10574.379819120515
-----------------------
==============================================
Fitness: 0.04506401761667112, num_deaths: 0, max_er: 2311.784103735229
