routes: [17 12 13  1 11 19  5 23  3 18  4  9 22  8  7 15  6 14 21 10 16 25 24  2
 20]
t_charge: [14.16624883 13.47714322 10.40312425  2.75605739  2.27712107 14.34043013
 19.83810783 13.60297822 17.45620927 55.97443136 57.72495679  2.44000756
 19.37468879  4.88370335 55.81966226 13.95704122  0.27033227  0.20190788
 57.30311756  2.61302367 17.96706142 58.55866538  6.1993099   6.54851498
 14.90110912]
T: 1238.9917238037383, energy used: 3171.211538599682
=================================
Node ~17 ~
Init energy: 10730.89164, Charge rate: 0.1036625400018
Time arrive: 26.163333120992057, time_travel to 17: 26.163333120992057
t_charge: 14.166248825653826
e_remain: 10728.179482433765, e_depot: 10673.285854997564, er: 57.60578500243537
Energy after charge: 10797.54221722647
-----------------------
Node ~12 ~
Init energy: 10730.89164, Charge rate: 0.1036625400018
Time arrive: 59.167840889552465, time_travel to 12: 18.838258942906585
t_charge: 13.477143218711596
e_remain: 10724.758151326967, e_depot: 10669.840326962854, er: 61.05131303714552
Energy after charge: 10790.746792522505
-----------------------
Node ~13 ~
Init energy: 10738.40592, Charge rate: 0.0923911200027
Time arrive: 93.06066435654381, time_travel to 13: 20.415680248279752
t_charge: 10.40312425199107
e_remain: 10729.807940991903, e_depot: 10675.949708223652, er: 62.45621177634712
Energy after charge: 10780.86240595069
-----------------------
Node ~1 ~
Init energy: 10787.68, Charge rate: 0.01848000000045
Time arrive: 121.236801858966, time_travel to 1: 17.773013250431113
t_charge: 2.756057387811033
e_remain: 10785.439543901592, e_depot: 10778.563719882604, er: 9.116280117395945
Energy after charge: 10799.16889890012
-----------------------
Node ~11 ~
Init energy: 10786.68, Charge rate: 0.01998000000045
Time arrive: 128.93249486086842, time_travel to 11: 4.9396356140913875
t_charge: 2.277121071067692
e_remain: 10784.103928752622, e_depot: 10773.310550713182, er: 13.369449286818053
Energy after charge: 10795.44403722896
-----------------------
Node ~19 ~
Init energy: 10741.012, Charge rate: 0.0884820000018
Time arrive: 146.9385701247615, time_travel to 19: 15.728954192825409
t_charge: 14.34043012686331
e_remain: 10728.010581437957, e_depot: 10703.085684926486, er: 37.92631507351507
Energy after charge: 10798.443862133763
-----------------------
Node ~5 ~
Init energy: 10723.53512, Charge rate: 0.11469731999985
Time arrive: 178.29781337122864, time_travel to 5: 17.018813119603845
t_charge: 19.838107831531577
e_remain: 10703.084838644487, e_depot: 10680.616628935375, er: 42.918491064625414
Energy after charge: 10800.0
-----------------------
Node ~23 ~
Init energy: 10728.03632, Charge rate: 0.10794552000044999
Time arrive: 213.3003532725741, time_travel to 23: 15.16443206981389
t_charge: 13.602978221692434
e_remain: 10705.011502449712, e_depot: 10662.307605206212, er: 65.72871479378773
Energy after charge: 10771.558013000478
-----------------------
Node ~3 ~
Init energy: 10730.89164, Charge rate: 0.1036625400018
Time arrive: 241.65460262593518, time_travel to 3: 14.75127113166862
t_charge: 17.456209272297755
e_remain: 10705.84111008867, e_depot: 10689.735657230785, er: 41.15598276921446
Energy after charge: 10791.312601458189
-----------------------
Node ~18 ~
Init energy: 10614.552, Charge rate: 0.2781708000045
Time arrive: 283.4722568471681, time_travel to 18: 24.361444948935194
t_charge: 55.97443136369891
e_remain: 10535.698295533743, e_depot: 10549.772837809052, er: 64.77916219094732
Energy after charge: 10800.0
-----------------------
Node ~4 ~
Init energy: 10614.5528, Charge rate: 0.2781708000045
Time arrive: 367.72318021394267, time_travel to 4: 28.276492003075628
t_charge: 57.72495678663186
e_remain: 10512.262948779688, e_depot: 10558.526264923717, er: 56.026535076282016
Energy after charge: 10784.830335303284
-----------------------
Node ~9 ~
Init energy: 10787.54, Charge rate: 0.01869000000045
Time arrive: 442.84353869182615, time_travel to 9: 17.395401691251628
t_charge: 2.4400075562345704
e_remain: 10779.263254261652, e_depot: 10776.583282462725, er: 10.956717537275836
Energy after charge: 10791.417688301597
-----------------------
Node ~22 ~
Init energy: 10728.03632, Charge rate: 0.10794552000044999
Time arrive: 478.1085367278765, time_travel to 22: 32.82499047981583
t_charge: 19.374688788573323
e_remain: 10676.426645386255, e_depot: 10691.166158040616, er: 36.87016195938304
Energy after charge: 10771.208678472993
-----------------------
Node ~8 ~
Init energy: 10778.91648, Charge rate: 0.0316252800003
Time arrive: 513.9234201624995, time_travel to 8: 16.44019464604966
t_charge: 4.883703345861475
e_remain: 10762.663507938649, e_depot: 10764.15153654596, er: 14.764943454039894
Energy after charge: 10786.927576182205
-----------------------
Node ~7 ~
Init energy: 10614.552, Charge rate: 0.2781708000045
Time arrive: 540.8153038056959, time_travel to 7: 22.008180297334896
t_charge: 55.819662261583765
e_remain: 10464.112974285692, e_depot: 10548.998992298477, er: 65.5530077015228
Energy after charge: 10727.683885486325
-----------------------
Node ~15 ~
Init energy: 10730.89164, Charge rate: 0.1036625400018
Time arrive: 660.4725725387005, time_travel to 15: 63.837606471420905
t_charge: 13.95704121822381
e_remain: 10662.425375529116, e_depot: 10672.239816960415, er: 58.651823039585
Energy after charge: 10730.763759276644
-----------------------
Node ~6 ~
Init energy: 10793.68, Charge rate: 0.009480000000255
Time arrive: 708.2225124192173, time_travel to 6: 33.79289866229294
t_charge: 0.27033227249173947
e_remain: 10786.966050582085, e_depot: 10783.286019820483, er: 10.393980179516802
Energy after charge: 10788.315149194601
-----------------------
Node ~14 ~
Init energy: 10775.66876, Charge rate: 0.0364968600006
Time arrive: 728.7994938490664, time_travel to 14: 20.306649157357302
t_charge: 0.20190787694246076
e_remain: 10749.069866904483, e_depot: 10731.458991899146, er: 44.20976810085449
Energy after charge: 10750.072037285678
-----------------------
Node ~21 ~
Init energy: 10614.552, Charge rate: 0.2781708000045
Time arrive: 767.6019198572463, time_travel to 21: 38.600518131237564
t_charge: 57.30311755552707
e_remain: 10401.02755986832, e_depot: 10556.416268768195, er: 58.13573123180504
Energy after charge: 10671.603093592783
-----------------------
Node ~10 ~
Init energy: 10793.7, Charge rate: 0.009450000000255001
Time arrive: 835.3453439216839, time_travel to 10: 10.440306508910549
t_charge: 2.613023670950853
e_remain: 10785.805986499729, e_depot: 10795.056646564493, er: 0
Energy after charge: 10798.846411780793
-----------------------
Node ~16 ~
Init energy: 10757.09532, Charge rate: 0.06435702000075
Time arrive: 851.4787226175592, time_travel to 16: 13.520355024924456
t_charge: 17.967061416513623
e_remain: 10702.296686818288, e_depot: 10767.192811932968, er: 0
Energy after charge: 10790.975687369919
-----------------------
Node ~25 ~
Init energy: 10614.552, Charge rate: 0.2781708000045
Time arrive: 917.8705710754218, time_travel to 25: 48.42478704134898
t_charge: 58.55866538412972
e_remain: 10359.227208943363, e_depot: 10562.694007911206, er: 51.85799208879325
Energy after charge: 10635.731225066913
-----------------------
Node ~24 ~
Init energy: 10776.249, Charge rate: 0.035626500000000005
Time arrive: 1029.9788396326844, time_travel to 24: 53.54960317313286
t_charge: 6.199309895648549
e_remain: 10739.554458869827, e_depot: 10763.104610830149, er: 13.14438916985091
Energy after charge: 10770.330148634072
-----------------------
Node ~2 ~
Init energy: 10787.68, Charge rate: 0.01848000000045
Time arrive: 1098.5691745239203, time_travel to 2: 62.3910249955873
t_charge: 6.548514980507751
e_remain: 10767.378441654304, e_depot: 10797.526007846089, er: 0
Energy after charge: 10800.0
-----------------------
Node ~20 ~
Init energy: 10730.89164, Charge rate: 0.1036625400018
Time arrive: 1179.6361435946733, time_travel to 20: 74.51845409024533
t_charge: 14.901109117846218
e_remain: 10608.607561077048, e_depot: 10676.960156458526, er: 53.931483541473426
Energy after charge: 10681.568419846279
-----------------------
==============================================
Fitness: 0.0012812614969549261, num_deaths: 0, max_er: 65.72871479378773
