routes: [ 50  64  12  95  89  85  87   4  67  68  97  82  58  69  13  90  76  62
  71  92  66  48   2  11  14  16   7  15  56  70 100  73  52  25   9  42
  23   8  55  40  63  31  45  83  94  91  84  49   1  26  32  61  44  75
  17  43   6  65  18  27  41  57  47  93  36  51  10  78  81  33  37  38
  19  54  24  30  35  53  74  46  77  98   5  60  88  20  96  72  28  34
  21  86  99  80   3  29  39  79  59  22]
t_charge: [7.30719479e+01 0.00000000e+00 2.23612430e+00 0.00000000e+00
 7.93838114e-03 9.70876727e-01 0.00000000e+00 1.09976173e+00
 1.98176927e+00 3.14749496e-01 1.06430962e+00 0.00000000e+00
 0.00000000e+00 0.00000000e+00 0.00000000e+00 0.00000000e+00
 6.39199183e+00 2.41912419e-01 0.00000000e+00 8.54357363e-03
 1.78996392e-01 2.54328419e-03 5.70513965e+00 1.20050572e+00
 8.94076440e+00 8.48698757e+01 0.00000000e+00 0.00000000e+00
 1.32310863e+01 1.41511089e+00 2.40819990e-01 0.00000000e+00
 3.90011718e+02 5.73768289e-02 2.75180301e+01 1.96374247e-01
 4.34372886e+00 0.00000000e+00 3.21826141e+00 0.00000000e+00
 3.14841205e+02 1.78947441e+02 3.11416158e+00 1.92598236e-02
 0.00000000e+00 7.17948047e+01 1.69939091e-01 2.34232977e+02
 4.84311146e+02 3.94171044e+02 8.28915238e+02 2.61969959e+01
 6.86328892e-02 0.00000000e+00 1.03379653e+03 0.00000000e+00
 1.22858893e+02 7.69394095e-01 4.17591497e+02 2.90834634e-01
 0.00000000e+00 3.38700741e-02 6.66848421e+02 0.00000000e+00
 6.13995409e-01 1.88769519e+00 0.00000000e+00 0.00000000e+00
 1.02765247e+01 4.61415231e+01 2.03550127e-01 0.00000000e+00
 8.37632713e+02 0.00000000e+00 9.48201910e+01 3.52399302e+01
 1.57941386e+01 1.06180465e+01 7.17431365e+00 1.68484091e+00
 5.63043046e-01 0.00000000e+00 0.00000000e+00 0.00000000e+00
 0.00000000e+00 1.15437586e+00 1.07421462e+00 0.00000000e+00
 7.25809890e-03 0.00000000e+00 0.00000000e+00 0.00000000e+00
 9.73056716e-02 0.00000000e+00 0.00000000e+00 1.41311970e+02
 1.35034403e-01 7.01570790e-01 3.50432292e-01 2.00663988e+01]
T: 10054.780372027999, energy used: 36594.94679659441
=================================
Node ~50 ~
Init energy: 10472.16, Charge rate: 0.49176000000599995
Time arrive: 3.2249030993194197, time_travel to 50: 3.2249030993194197
t_charge: 73.07194788843948
e_remain: 10470.57412165186, e_depot: 5892.980943633381, er: 4579.179056366619
Energy after charge: 10800.0
-----------------------
Node ~64 ~
Init energy: 10551.28452, Charge rate: 0.3730732200075
Time arrive: 91.66695183323158, time_travel to 64: 15.370100845472681
t_charge: 0.0
e_remain: 10517.086035111302, e_depot: 6800.115230139305, er: 3751.1692898606943
Energy after charge: 10517.086035111302
-----------------------
Node ~12 ~
Init energy: 10728.61408, Charge rate: 0.10707888000194998
Time arrive: 117.41418469425957, time_travel to 12: 25.747232861028
t_charge: 2.236124299554115
e_remain: 10716.041500606596, e_depot: 9663.140080595424, er: 1065.4739994045758
Energy after charge: 10726.982680418825
-----------------------
Node ~95 ~
Init energy: 10791.068, Charge rate: 0.013398000000150002
Time arrive: 147.89495450406926, time_travel to 95: 28.244645510255566
t_charge: 0.0
e_remain: 10789.086503399532, e_depot: 10656.35405257406, er: 134.7139474259402
Energy after charge: 10789.086503399532
-----------------------
Node ~89 ~
Init energy: 10720.43424, Charge rate: 0.11934864000255
Time arrive: 173.52618545383052, time_travel to 89: 25.63123094976127
t_charge: 0.007938381140294026
e_remain: 10699.724125761255, e_depot: 9520.449568979828, er: 1199.9846710201728
Energy after charge: 10699.762870231963
-----------------------
Node ~85 ~
Init energy: 10757.76924, Charge rate: 0.0633461400009
Time arrive: 198.7372982382082, time_travel to 85: 25.203174403237384
t_charge: 0.9708767270197952
e_remain: 10745.179999282402, e_depot: 10125.692098510312, er: 632.0771414896881
Energy after charge: 10749.972881624428
-----------------------
Node ~87 ~
Init energy: 10750.82, Charge rate: 0.0737700000021
Time arrive: 212.5891687157117, time_travel to 87: 12.880993750483693
t_charge: 0.0
e_remain: 10735.137297023395, e_depot: 10009.078851934379, er: 741.741148065621
Energy after charge: 10735.137297023395
-----------------------
Node ~4 ~
Init energy: 10641.51392, Charge rate: 0.237729120006
Time arrive: 254.0837466747656, time_travel to 4: 41.49457795905388
t_charge: 1.0997617307916532
e_remain: 10581.11081449518, e_depot: 8256.69863895814, er: 2384.8152810418596
Energy after charge: 10586.348177760661
-----------------------
Node ~67 ~
Init energy: 10661.885, Charge rate: 0.2071725000015
Time arrive: 273.62910408582735, time_travel to 67: 18.445595680270127
t_charge: 1.9817692675725276
e_remain: 10605.196574433368, e_depot: 8588.719859698811, er: 2073.1651403011892
Energy after charge: 10614.694852677641
-----------------------
Node ~68 ~
Init energy: 10711.61968, Charge rate: 0.13257048000255
Time arrive: 278.81087335339987, time_travel to 68: 3.2
t_charge: 0.31474949554873705
e_remain: 10674.65758868961, e_depot: 9380.226367237772, er: 1331.3933127622277
Energy after charge: 10676.189609675648
-----------------------
Node ~97 ~
Init energy: 10784.27712, Charge rate: 0.023584319999699996
Time arrive: 339.559057303727, time_travel to 97: 60.43343445477842
t_charge: 1.0643096171913529
e_remain: 10776.268850533754, e_depot: 10552.463510265346, er: 231.81360973465416
Energy after charge: 10781.56529760112
-----------------------
Node ~82 ~
Init energy: 10749.85056, Charge rate: 0.07522416000105
Time arrive: 382.72799849512876, time_travel to 82: 42.10463157421045
t_charge: 0.0
e_remain: 10721.060167804322, e_depot: 9993.488152519149, er: 756.3624074808522
Energy after charge: 10721.060167804322
-----------------------
Node ~58 ~
Init energy: 10764.8816, Charge rate: 0.0526776000015
Time arrive: 387.28870019552534, time_travel to 58: 4.560701700396551
t_charge: 0.0
e_remain: 10744.480160766, e_depot: 10235.219901459377, er: 529.6616985406235
Energy after charge: 10744.480160766
-----------------------
Node ~69 ~
Init energy: 10757.26192, Charge rate: 0.06410712000135
Time arrive: 439.79279527390946, time_travel to 69: 52.504095078384125
t_charge: 0.0
e_remain: 10729.068070497648, e_depot: 10112.678908103184, er: 644.583011896817
Energy after charge: 10729.068070497648
-----------------------
Node ~13 ~
Init energy: 10689.02, Charge rate: 0.1664700000015
Time arrive: 444.1791377138017, time_travel to 13: 4.386342439892262
t_charge: 0.0
e_remain: 10615.077498944118, e_depot: 9015.200711453417, er: 1673.8192885465833
Energy after charge: 10615.077498944118
-----------------------
Node ~90 ~
Init energy: 10723.35856, Charge rate: 0.11496216000255001
Time arrive: 462.70911342884244, time_travel to 90: 18.529975715040752
t_charge: 0.0
e_remain: 10670.164520867356, e_depot: 9567.439290080418, er: 1155.9192699195828
Energy after charge: 10670.164520867356
-----------------------
Node ~76 ~
Init energy: 10673.49, Charge rate: 0.18976500000149998
Time arrive: 488.85485878062, time_travel to 76: 26.1457453517776
t_charge: 6.391991828919754
e_remain: 10580.722457722763, e_depot: 8797.404561831623, er: 1876.0854381683766
Energy after charge: 10611.469440537936
-----------------------
Node ~62 ~
Init energy: 10726.232, Charge rate: 0.11065200000195
Time arrive: 504.24907255748127, time_travel to 62: 9.00222194794152
t_charge: 0.24191241917694611
e_remain: 10670.435831622386, e_depot: 9614.860004350636, er: 1111.3719956493642
Energy after charge: 10671.618625625264
-----------------------
Node ~71 ~
Init energy: 10759.88368, Charge rate: 0.060174480001049996
Time arrive: 525.0822452586323, time_travel to 71: 20.591260281974
t_charge: 0.0
e_remain: 10728.287128933778, e_depot: 10154.842499588452, er: 605.0411804115483
Energy after charge: 10728.287128933778
-----------------------
Node ~92 ~
Init energy: 10683.6924, Charge rate: 0.17446140000299998
Time arrive: 543.7637869509017, time_travel to 92: 18.681541692269406
t_charge: 0.008543573626711556
e_remain: 10588.826608457613, e_depot: 8929.564057441443, er: 1754.128342558557
Energy after charge: 10588.867835801932
-----------------------
Node ~66 ~
Init energy: 10713.6384, Charge rate: 0.12954240000195
Time arrive: 580.891058951025, time_travel to 66: 37.11872842649651
t_charge: 0.17899639184797023
e_remain: 10638.38837808381, e_depot: 9412.013001074232, er: 1301.6253989257675
Energy after charge: 10639.260172420858
-----------------------
Node ~48 ~
Init energy: 10752.05692, Charge rate: 0.0719146200006
Time arrive: 607.0769774983299, time_travel to 48: 26.006922155456998
t_charge: 0.0025432841873117584
e_remain: 10708.399209852096, e_depot: 10028.983926777053, er: 723.0729932229478
Energy after charge: 10708.411743373716
-----------------------
Node ~2 ~
Init energy: 10645.07344, Charge rate: 0.232389840003
Time arrive: 619.960514533001, time_travel to 2: 12.880993750483693
t_charge: 5.705139647526968
e_remain: 10501.000915219498, e_depot: 8336.970336316743, er: 2308.1031036832574
Energy after charge: 10528.200796967249
-----------------------
Node ~11 ~
Init energy: 10747.68564, Charge rate: 0.0784715400006
Time arrive: 673.0702953035234, time_travel to 11: 47.40464112299554
t_charge: 1.200505715459624
e_remain: 10694.868777398873, e_depot: 9964.674068416456, er: 783.0115715835436
Energy after charge: 10700.7771004439
-----------------------
Node ~14 ~
Init energy: 10739.74136, Charge rate: 0.0903879600018
Time arrive: 713.7169668656151, time_travel to 14: 39.44616584663204
t_charge: 8.940764396612751
e_remain: 10675.229939346345, e_depot: 9875.614095889312, er: 864.127264110688
Energy after charge: 10719.125623874743
-----------------------
Node ~16 ~
Init energy: 10509.47, Charge rate: 0.43579500000599997
Time arrive: 726.4577312622278, time_travel to 16: 3.8
t_charge: 84.86987568784956
e_remain: 10192.883353000218, e_depot: 6551.996366150976, er: 3957.473633849023
Energy after charge: 10580.24686396357
-----------------------
Node ~7 ~
Init energy: 10764.904, Charge rate: 0.0526440000006
Time arrive: 822.4433615353495, time_travel to 7: 11.115754585272203
t_charge: 0.0
e_remain: 10721.60729167484, e_depot: 10235.580142088926, er: 529.3238579110748
Energy after charge: 10721.60729167484
-----------------------
Node ~15 ~
Init energy: 10708.98276, Charge rate: 0.13652586000255001
Time arrive: 846.0713110866753, time_travel to 15: 23.627949551325862
t_charge: 0.0
e_remain: 10593.472146630407, e_depot: 9336.245222572119, er: 1372.7375374278818
Energy after charge: 10593.472146630407
-----------------------
Node ~56 ~
Init energy: 10677.35136, Charge rate: 0.183972960003
Time arrive: 887.2586877936228, time_travel to 56: 41.18737670694748
t_charge: 13.23108634847909
e_remain: 10514.11975291823, e_depot: 8893.69908452034, er: 1783.6522754796606
Energy after charge: 10577.84102254104
-----------------------
Node ~70 ~
Init energy: 10781.44, Charge rate: 0.02784000000075
Time arrive: 937.4075205521957, time_travel to 70: 36.91774641009388
t_charge: 1.4151108949819802
e_remain: 10755.342574627124, e_depot: 10508.59046891011, er: 272.84953108989066
Energy after charge: 10762.378732414716
-----------------------
Node ~100 ~
Init energy: 10793.74, Charge rate: 0.009390000000255
Time arrive: 993.009345686002, time_travel to 100: 54.186714238824266
t_charge: 0.24081999026485354
e_remain: 10784.415642243755, e_depot: 10700.529712255418, er: 93.21028774458136
Energy after charge: 10785.617480895371
-----------------------
Node ~73 ~
Init energy: 10755.864, Charge rate: 0.06620400000150001
Time arrive: 1021.2187194465282, time_travel to 73: 27.968553770261344
t_charge: 0.0
e_remain: 10688.25523589623, e_depot: 10090.197320235176, er: 665.6666797648231
Energy after charge: 10688.25523589623
-----------------------
Node ~52 ~
Init energy: 9865.67479999, Charge rate: 1.4014878000105
Time arrive: 1055.123291409613, time_travel to 52: 33.90457196308486
t_charge: 390.01171847945125
e_remain: 8386.932379572503, e_depot: -2275.9186307950217, er: 0
Energy after charge: 9790.394306659678
-----------------------
!!!!!!!!!!!! DEATH !!!!!!!!!!!!!!
Node ~25 ~
Init energy: 10793.52, Charge rate: 0.009720000000269999
Time arrive: 1474.3931711436612, time_travel to 25: 29.258161254596978
t_charge: 0.05737682888493861
e_remain: 10779.188898376085, e_depot: 10696.074418925598, er: 97.44558107440207
Energy after charge: 10779.475224817734
-----------------------
Node ~9 ~
Init energy: 10570.82, Charge rate: 0.34377000000450003
Time arrive: 1484.9157283341071, time_travel to 9: 10.465180361560904
t_charge: 27.5180301111339
e_remain: 10060.350520063901, e_depot: 7251.878302018357, er: 3318.9416979816424
Energy after charge: 10188.480797408141
-----------------------
Node ~42 ~
Init energy: 10794.28, Charge rate: 0.00858000000024
Time arrive: 1535.3457640318325, time_travel to 42: 22.912005586591498
t_charge: 0.19637424680595766
e_remain: 10781.106733344239, e_depot: 10708.991855639617, er: 85.28814436038374
Energy after charge: 10782.086919687232
-----------------------
Node ~23 ~
Init energy: 10682.9794, Charge rate: 0.17553090000149998
Time arrive: 1560.1356333535562, time_travel to 23: 24.593495074917676
t_charge: 4.343728863100497
e_remain: 10409.12738815304, e_depot: 8939.77339629601, er: 1743.20600370399
Energy after charge: 10430.08357383184
-----------------------
Node ~8 ~
Init energy: 10709.6436, Charge rate: 0.135534600003
Time arrive: 1618.0592091742583, time_travel to 8: 53.57984695760151
t_charge: 0.0
e_remain: 10490.340592303395, e_depot: 9346.872964159169, er: 1362.7706358408304
Energy after charge: 10490.340592303395
-----------------------
Node ~55 ~
Init energy: 10670.35, Charge rate: 0.19447500000450002
Time arrive: 1621.9062859865926, time_travel to 55: 3.8470768123342687
t_charge: 3.218261407635067
e_remain: 10354.92977502546, e_depot: 8731.037894142784, er: 1939.312105857216
Energy after charge: 10370.39521067637
-----------------------
Node ~40 ~
Init energy: 10778.2248, Charge rate: 0.0326628000009
Time arrive: 1655.813959249133, time_travel to 40: 30.689411854905266
t_charge: 0.0
e_remain: 10724.141279810347, e_depot: 10449.807519655475, er: 328.41728034452535
Energy after charge: 10724.141279810347
-----------------------
Node ~63 ~
Init energy: 10404.2628, Charge rate: 0.593605800003
Time arrive: 1707.5687657892022, time_travel to 63: 51.754806540069296
t_charge: 314.8412045826464
e_remain: 9390.640076723566, e_depot: 6009.892876321091, er: 4394.36992367891
Energy after charge: 10777.954534516608
-----------------------
Node ~31 ~
Init energy: 10544.17556, Charge rate: 0.38373666000749995
Time arrive: 2032.2912658334772, time_travel to 31: 9.8812954616285
t_charge: 178.94744107663917
e_remain: 9764.310897486646, e_depot: 7580.524928312204, er: 2963.650631687796
Energy after charge: 10590.379409514204
-----------------------
Node ~45 ~
Init energy: 10703.6594, Charge rate: 0.14451090000375
Time arrive: 2237.420379889512, time_travel to 45: 26.18167297939534
t_charge: 3.114161579442333
e_remain: 10380.327767215435, e_depot: 9266.204846995404, er: 1437.4545530045962
Energy after charge: 10395.448544820043
-----------------------
Node ~83 ~
Init energy: 10793.62, Charge rate: 0.009570000000270001
Time arrive: 2286.9556573538616, time_travel to 83: 46.42111588490738
t_charge: 0.019259823599973927
e_remain: 10771.733834358507, e_depot: 10697.49205095498, er: 96.12794904502152
Energy after charge: 10771.829949159996
-----------------------
Node ~94 ~
Init energy: 10793.62, Charge rate: 0.009570000000270001
Time arrive: 2347.919810318725, time_travel to 94: 60.94489314126328
t_charge: 0.0
e_remain: 10771.150407414616, e_depot: 10697.395751836979, er: 96.22424816302191
Energy after charge: 10771.150407414616
-----------------------
Node ~91 ~
Init energy: 10641.274, Charge rate: 0.23808900000150002
Time arrive: 2371.3753000812517, time_travel to 91: 23.45548976252681
t_charge: 71.79480472779166
e_remain: 10076.675626175398, e_depot: 8606.315419628101, er: 2034.9585803718983
Energy after charge: 10418.556096551414
-----------------------
Node ~84 ~
Init energy: 10792.22916, Charge rate: 0.011656259999835
Time arrive: 2482.9826656410223, time_travel to 84: 39.812560831978644
t_charge: 0.16993909129587
e_remain: 10763.286868474206, e_depot: 10675.877721198885, er: 116.35143880111536
Energy after charge: 10764.134583076453
-----------------------
Node ~49 ~
Init energy: 10571.93552, Charge rate: 0.342096720009
Time arrive: 2543.155604657322, time_travel to 49: 60.00299992500375
t_charge: 234.2329767023183
e_remain: 9701.930329174225, e_depot: 8303.393017829942, er: 2268.5425021700594
Energy after charge: 10792.96487963801
-----------------------
Node ~1 ~
Init energy: 10340.7052, Charge rate: 0.6889422000045
Time arrive: 2789.4484321049854, time_travel to 1: 12.059850745345068
t_charge: 484.3111463555254
e_remain: 8418.936460386489, e_depot: 5835.098421710592, er: 4505.606778289408
Energy after charge: 10506.82980550724
-----------------------
Node ~26 ~
Init energy: 10469.9194, Charge rate: 0.49512090000600006
Time arrive: 3295.677607568987, time_travel to 26: 21.91802910847597
t_charge: 394.1710444939344
e_remain: 8838.160536810823, e_depot: 7462.442715308506, er: 3007.4766846914945
Energy after charge: 10613.853436974354
-----------------------
Node ~32 ~
Init energy: 10269.06, Charge rate: 0.7964100000059999
Time arrive: 3708.4916132011094, time_travel to 32: 18.64296113818832
t_charge: 828.915238093325
e_remain: 7315.580194308253, e_depot: 6405.908554319478, er: 3863.1514456805216
Energy after charge: 10800.0
-----------------------
Node ~61 ~
Init energy: 10659.18828, Charge rate: 0.21121758000449997
Time arrive: 4562.240699163824, time_travel to 61: 24.833847869389874
t_charge: 26.196995903267815
e_remain: 9695.56284012458, e_depot: 8666.42688185984, er: 1992.761398140161
Energy after charge: 9821.014553562842
-----------------------
Node ~44 ~
Init energy: 10784.16704, Charge rate: 0.02374944000015
Time arrive: 4644.538318949541, time_travel to 44: 56.10062388244894
t_charge: 0.06863288923407017
e_remain: 10673.86185586571, e_depot: 10545.714801286005, er: 238.45223871399503
Energy after charge: 10674.203390319197
-----------------------
Node ~75 ~
Init energy: 10771.3024, Charge rate: 0.0430464000009
Time arrive: 4710.659052486672, time_travel to 75: 66.05210064789765
t_charge: 0.0
e_remain: 10568.525486158798, e_depot: 10338.480302184485, er: 432.822097815515
Energy after charge: 10568.525486158798
-----------------------
Node ~17 ~
Init energy: 10233.51432, Charge rate: 0.8497285200135001
Time arrive: 4742.66530187644, time_travel to 17: 32.00624938976762
t_charge: 1033.796528577691
e_remain: 6203.536352117153, e_depot: 6858.663318304314, er: 3374.851001695686
Energy after charge: 10494.072600782194
-----------------------
Node ~43 ~
Init energy: 10794.28, Charge rate: 0.00858000000024
Time arrive: 5820.477282286413, time_travel to 43: 44.01545183228272
t_charge: 0.0
e_remain: 10744.340304916586, e_depot: 10708.009984405588, er: 86.27001559441305
Energy after charge: 10744.340304916586
-----------------------
Node ~6 ~
Init energy: 10517.98684, Charge rate: 0.42301974000449993
Time arrive: 5844.144981794392, time_travel to 6: 23.667699507979226
t_charge: 122.85889277868459
e_remain: 8045.798149252732, e_depot: 6878.910725115789, er: 3639.0761148842103
Energy after charge: 8608.120876265675
-----------------------
Node ~65 ~
Init energy: 10713.6384, Charge rate: 0.12954240000195
Time arrive: 5981.609352997285, time_travel to 65: 14.605478424207814
t_charge: 0.7693940951287537
e_remain: 9938.76636853862, e_depot: 9414.964989590637, er: 1298.673410409363
Energy after charge: 9942.513669856633
-----------------------
Node ~18 ~
Init energy: 10432.50488, Charge rate: 0.551242680009
Time arrive: 6021.021728343864, time_travel to 18: 38.64298125145108
t_charge: 417.5914966970852
e_remain: 7113.460726075307, e_depot: 6977.838284306822, er: 3454.6665956931784
Energy after charge: 8971.223953772462
-----------------------
Node ~27 ~
Init energy: 10793.52, Charge rate: 0.009720000000269999
Time arrive: 6475.526637237602, time_travel to 27: 36.91341219665286
t_charge: 0.29083463361568634
e_remain: 10730.577881084302, e_depot: 10697.241707949252, er: 96.27829205074886
Energy after charge: 10732.029227339743
-----------------------
Node ~41 ~
Init energy: 10778.2248, Charge rate: 0.0326628000009
Time arrive: 6549.518760869443, time_travel to 41: 73.7012889982258
t_charge: 0.0
e_remain: 10564.299178611578, e_depot: 10449.807519655475, er: 328.41728034452535
Energy after charge: 10564.299178611578
-----------------------
Node ~57 ~
Init energy: 10775.76, Charge rate: 0.03636000000105
Time arrive: 6571.259965987835, time_travel to 57: 21.741205118392127
t_charge: 0.033870074088699305
e_remain: 10536.828987629782, e_depot: 10410.337536032948, er: 365.42246396705195
Energy after charge: 10536.997106484332
-----------------------
Node ~47 ~
Init energy: 10390.266, Charge rate: 0.6146010000044999
Time arrive: 6626.295290588145, time_travel to 47: 55.001454526221394
t_charge: 666.8484211285696
e_remain: 6317.7382880794175, e_depot: 7544.830034168821, er: 2845.4359658311787
Energy after charge: 9242.134687245225
-----------------------
Node ~93 ~
Init energy: 10767.5896, Charge rate: 0.048615600000750006
Time arrive: 7352.583765552491, time_travel to 93: 59.440053835776425
t_charge: 0.0
e_remain: 10410.139328681891, e_depot: 10278.770419338094, er: 488.8191806619052
Energy after charge: 10410.139328681891
-----------------------
Node ~36 ~
Init energy: 10748.4842, Charge rate: 0.0772737000015
Time arrive: 7420.5849420129025, time_travel to 36: 68.00117646041133
t_charge: 0.6139954091609326
e_remain: 10175.068145355248, e_depot: 9974.584094996744, er: 773.9001050032566
Energy after charge: 10178.090676704003
-----------------------
Node ~51 ~
Init energy: 10712.10192, Charge rate: 0.13184712000345
Time arrive: 7451.810046516639, time_travel to 51: 30.611109094575454
t_charge: 1.8876951949516958
e_remain: 9729.602226554005, e_depot: 9395.84656165565, er: 1316.2553583443496
Energy after charge: 9738.791815353865
-----------------------
Node ~10 ~
Init energy: 10756.78, Charge rate: 0.0648300000018
Time arrive: 7473.1101089036665, time_travel to 10: 19.412367192076292
t_charge: 0.0
e_remain: 10272.298271626325, e_depot: 10104.928588463326, er: 651.8514115366743
Energy after charge: 10272.298271626325
-----------------------
Node ~78 ~
Init energy: 10793.84, Charge rate: 0.009240000000254999
Time arrive: 7504.310108903666, time_travel to 78: 31.2
t_charge: 0.0
e_remain: 10724.500174591816, e_depot: 10700.933829359898, er: 92.90617064010257
Energy after charge: 10724.500174591816
-----------------------
Node ~81 ~
Init energy: 10777.2636, Charge rate: 0.034104600000150004
Time arrive: 7557.975740363661, time_travel to 81: 53.66563145999495
t_charge: 10.276524666062267
e_remain: 10519.50186056406, e_depot: 10485.731960652938, er: 291.5316393470621
Energy after charge: 10570.534007131244
-----------------------
Node ~33 ~
Init energy: 10642.2082, Charge rate: 0.23668770000149997
Time arrive: 7635.745079462076, time_travel to 33: 67.49281443235273
t_charge: 46.14152309066136
e_remain: 8834.92125934435, e_depot: 8493.072975177773, er: 2149.1352248222265
Energy after charge: 9054.707743822762
-----------------------
Node ~37 ~
Init energy: 10774.06368, Charge rate: 0.0389044800006
Time arrive: 7707.28896464763, time_travel to 37: 25.402362094891885
t_charge: 0.2035501271794946
e_remain: 10474.21561061602, e_depot: 10383.905428741908, er: 390.1582512580917
Energy after charge: 10475.225442240066
-----------------------
Node ~38 ~
Init energy: 10780.26, Charge rate: 0.02961000000075
Time arrive: 7711.8191763053655, time_travel to 38: 4.3266615305567875
t_charge: 0.0
e_remain: 10551.913034183814, e_depot: 10482.53795317671, er: 297.72204682328993
Energy after charge: 10551.913034183814
-----------------------
Node ~19 ~
Init energy: 10389.522, Charge rate: 0.6157170000134999
Time arrive: 7741.071868489163, time_travel to 19: 29.252692183797375
t_charge: 837.6327128472408
e_remain: 5623.212452244955, e_depot: 8386.786357776502, er: 2002.7356422234989
Energy after charge: 9295.631315413686
-----------------------
Node ~54 ~
Init energy: 10764.1828, Charge rate: 0.0537258000012
Time arrive: 8593.264801114965, time_travel to 54: 14.560219778561038
t_charge: 0.0
e_remain: 10302.502773937946, e_depot: 10223.981680676432, er: 540.2011193235685
Energy after charge: 10302.502773937946
-----------------------
Node ~24 ~
Init energy: 10651.68628, Charge rate: 0.2224705800015
Time arrive: 8660.817447251145, time_travel to 24: 67.55264613618034
t_charge: 94.82019095151301
e_remain: 8724.909199222926, e_depot: 8888.894413604798, er: 1762.7918663952023
Energy after charge: 9177.915451103654
-----------------------
Node ~30 ~
Init energy: 10759.3764, Charge rate: 0.0609354000009
Time arrive: 8800.70514312583, time_travel to 30: 45.06750492317053
t_charge: 35.23993018336048
e_remain: 10223.101911813648, e_depot: 10322.883987026076, er: 436.4924129739229
Energy after charge: 10397.154203488724
-----------------------
Node ~35 ~
Init energy: 10685.02988, Charge rate: 0.172455180003
Time arrive: 8851.869896699107, time_travel to 35: 15.924823389915506
t_charge: 15.794138621710937
e_remain: 9158.479063601619, e_depot: 9030.001614159835, er: 1655.0282658401647
Energy after charge: 9234.725975691174
-----------------------
Node ~53 ~
Init energy: 10687.844, Charge rate: 0.168234000003
Time arrive: 8881.977665188884, time_travel to 53: 14.313629868066311
t_charge: 10.618046486867746
e_remain: 9193.593369447966, e_depot: 9049.378311296416, er: 1638.4656887035835
Energy after charge: 9244.897285449602
-----------------------
Node ~74 ~
Init energy: 10739.36056, Charge rate: 0.09095916000135
Time arrive: 8920.20585473949, time_travel to 74: 27.610143063736558
t_charge: 7.17431365429467
e_remain: 9927.986128413771, e_depot: 9860.657751633744, er: 878.7028083662553
Energy after charge: 9963.205127141664
-----------------------
Node ~46 ~
Init energy: 10703.5158, Charge rate: 0.1447263000033
Time arrive: 8982.808680912163, time_travel to 46: 55.42851251837813
t_charge: 1.6848409126161816
e_remain: 9403.467135974059, e_depot: 9256.748843973664, er: 1446.7669560263348
Energy after charge: 9411.647499745763
-----------------------
Node ~77 ~
Init energy: 10793.84, Charge rate: 0.009240000000254999
Time arrive: 9052.380781306952, time_travel to 77: 67.88725948217383
t_charge: 0.5630430463154688
e_remain: 10710.196001578415, e_depot: 10703.749044591475, er: 90.09095540852468
Energy after charge: 10713.006014292245
-----------------------
Node ~98 ~
Init energy: 10777.68936, Charge rate: 0.03346596
Time arrive: 9074.019877114637, time_travel to 98: 21.076052761368764
t_charge: 0.0
e_remain: 10474.018573753277, e_depot: 10441.196482260926, er: 336.4928777390742
Energy after charge: 10474.018573753277
-----------------------
Node ~5 ~
Init energy: 10728.22896, Charge rate: 0.10765656000165
Time arrive: 9131.744741774504, time_travel to 5: 57.72486465986733
t_charge: 0.0
e_remain: 9745.136734287402, e_depot: 9645.765893575355, er: 1082.4630664246451
Energy after charge: 9745.136734287402
-----------------------
Node ~60 ~
Init energy: 10753.76156, Charge rate: 0.06935766000135
Time arrive: 9152.04843601964, time_travel to 60: 20.30369424513677
t_charge: 0.0
e_remain: 10118.996896258664, e_depot: 10056.385521568634, er: 697.3760384313664
Energy after charge: 10118.996896258664
-----------------------
Node ~88 ~
Init energy: 10770.38, Charge rate: 0.04443000000075
Time arrive: 9226.932880332195, time_travel to 88: 74.884444312554
t_charge: 0.0
e_remain: 10360.427372119919, e_depot: 10323.646108063254, er: 446.73389193674484
Energy after charge: 10360.427372119919
-----------------------
Node ~20 ~
Init energy: 10777.58412, Charge rate: 0.033623820001050006
Time arrive: 9246.414153391213, time_travel to 20: 19.481273059017475
t_charge: 1.1543758560916844
e_remain: 10466.684354851212, e_depot: 10445.275873901299, er: 332.3082460987007
Energy after charge: 10472.417419605672
-----------------------
Node ~96 ~
Init energy: 10716.2674, Charge rate: 0.1255989000009
Time arrive: 9276.985531133969, time_travel to 96: 29.417001886664117
t_charge: 1.074214624113529
e_remain: 9551.088221965309, e_depot: 9458.769118643213, er: 1257.4982813567876
Energy after charge: 9556.324374910722
-----------------------
Node ~72 ~
Init energy: 10752.998, Charge rate: 0.0705030000015
Time arrive: 9301.795794291906, time_travel to 72: 23.736048533822977
t_charge: 0.0
e_remain: 10097.193491101085, e_depot: 10044.105819415827, er: 708.8921805841728
Energy after charge: 10097.193491101085
-----------------------
Node ~28 ~
Init energy: 10736.1304, Charge rate: 0.09580440000195001
Time arrive: 9354.635173546398, time_travel to 28: 52.83937925449162
t_charge: 0.007258098901665153
e_remain: 9839.91518996125, e_depot: 9772.874489800983, er: 963.2559101990173
Energy after charge: 9839.950785097948
-----------------------
Node ~34 ~
Init energy: 10741.2564, Charge rate: 0.08811540000195
Time arrive: 9397.239145133548, time_travel to 34: 42.59671348824931
t_charge: 0.0
e_remain: 9913.214913812575, e_depot: 9855.275405586997, er: 885.9809944130029
Energy after charge: 9913.214913812575
-----------------------
Node ~21 ~
Init energy: 10762.3016, Charge rate: 0.056547600000599996
Time arrive: 9461.15221109036, time_travel to 21: 63.913065956813554
t_charge: 0.0
e_remain: 10227.296149222471, e_depot: 10193.727901428678, er: 568.5736985713229
Energy after charge: 10227.296149222471
-----------------------
Node ~86 ~
Init energy: 10793.7, Charge rate: 0.009450000000255001
Time arrive: 9522.648877666688, time_travel to 86: 61.49666657632754
t_charge: 0.0
e_remain: 10703.710968103622, e_depot: 10698.682325481772, er: 95.01767451822889
Energy after charge: 10703.710968103622
-----------------------
Node ~99 ~
Init energy: 10793.92, Charge rate: 0.009120000000255
Time arrive: 9577.854674463764, time_travel to 99: 55.20579679707557
t_charge: 0.09730567162654828
e_remain: 10706.569965366449, e_depot: 10702.706931362674, er: 91.2130686373257
Energy after charge: 10707.055606296855
-----------------------
Node ~80 ~
Init energy: 10793.84, Charge rate: 0.009240000000254999
Time arrive: 9589.985267300584, time_travel to 80: 12.033287165193059
t_charge: 0.0
e_remain: 10705.228536127697, e_depot: 10700.933829359898, er: 92.90617064010257
Energy after charge: 10705.228536127697
-----------------------
Node ~3 ~
Init energy: 10161.91824, Charge rate: 0.957122640012
Time arrive: 9634.682470792526, time_travel to 3: 44.697203491941195
t_charge: 0.0
e_remain: 940.3455178777185, e_depot: 538.2603055837226, er: 0
Energy after charge: 940.3455178777185
-----------------------
!!!!!!!!!!!! DEATH !!!!!!!!!!!!!!
Node ~29 ~
Init energy: 10693.39816, Charge rate: 0.159902760003
Time arrive: 9651.602281666173, time_travel to 29: 16.919810873647496
t_charge: 141.3119695424903
e_remain: 9150.080316710328, e_depot: 9792.170875001184, er: 901.2272849988167
Energy after charge: 9834.043990471475
-----------------------
Node ~39 ~
Init energy: 10778.85392, Charge rate: 0.0317191200009
Time arrive: 9837.061278288638, time_travel to 39: 44.14702707997448
t_charge: 0.13503440253872992
e_remain: 10466.830992857755, e_depot: 10460.600306809643, er: 318.2536131903562
Energy after charge: 10467.50188169803
-----------------------
Node ~79 ~
Init energy: 10782.8752, Charge rate: 0.02568719999985
Time arrive: 9880.003788673768, time_travel to 79: 42.807475982589764
t_charge: 0.7015707896059499
e_remain: 10529.085566681062, e_depot: 10528.10389957718, er: 254.7713004228208
Energy after charge: 10532.575399239906
-----------------------
Node ~59 ~
Init energy: 10766.3736, Charge rate: 0.0504396000003
Time arrive: 9903.21313589731, time_travel to 59: 22.507776433935007
t_charge: 0.3504322918365553
e_remain: 10266.859490707624, e_depot: 10260.966661403223, er: 505.40693859677776
Energy after charge: 10268.59397650218
-----------------------
Node ~22 ~
Init energy: 10766.657, Charge rate: 0.05001450000075
Time arrive: 9988.730932830773, time_travel to 22: 85.16736464162784
t_charge: 20.06639884537721
e_remain: 10267.075616752443, e_depot: 10364.10418130255, er: 402.55281869744977
Energy after charge: 10366.404000074263
-----------------------
==============================================
Fitness: 0.10526274963677619, num_deaths: 2, max_er: 4579.179056366619
